22:06:57.680 [main                     ] DEBUG Logger               - Configured Logger
22:06:57.696 [main                     ] DEBUG GameApplication      - Logging settings
Title: Office Pets
Version: 0.0
Width: 512
Height: 592
Fullscreen: false
Intro: false
Profiling: false
Single step:false
App Mode: DEVELOPER
Menu Key: ESCAPE
Stage Style: DECORATED
Scene Factory: class com.almasb.fxgl.app.scene.SceneFactory

22:06:58.323 [JavaFX Application Thread] DEBUG FXGLApplication      - Initializing FXGL
22:06:58.327 [JavaFX Application Thread] INFO  Engine               - FXGL-11.17 (16.07.2021 15.46) on WINDOWS (J:11.0.18 FX:19)
22:06:58.327 [JavaFX Application Thread] DEBUG Engine               - JRE Vendor Name: Eclipse Adoptium
22:06:58.328 [JavaFX Application Thread] DEBUG Engine               - Running on OS: Windows 10 version 10.0
22:06:58.328 [JavaFX Application Thread] DEBUG Engine               - Architecture: amd64
22:06:58.328 [JavaFX Application Thread] INFO  Engine               - Source code and latest versions at: https://github.com/AlmasB/FXGL
22:06:58.328 [JavaFX Application Thread] INFO  Engine               -              Join the FXGL chat at: https://gitter.im/AlmasB/FXGL
22:06:58.464 [JavaFX Application Thread] DEBUG PrimaryStageWindow   - Creating a JavaFX scene
22:06:58.525 [JavaFX Application Thread] DEBUG PrimaryStageWindow   - Target settings size: 512.0 x 592.0
22:06:58.525 [JavaFX Application Thread] DEBUG PrimaryStageWindow   - Scaled scene size:    512.0 x 592.0
22:06:58.525 [JavaFX Application Thread] DEBUG PrimaryStageWindow   - Scaled ratio: (1.0, 1.0)
22:06:58.526 [JavaFX Application Thread] DEBUG PrimaryStageWindow   - Set initial scene to FXGLStartupScene
22:06:58.529 [JavaFX Application Thread] DEBUG PrimaryStageWindow   - Opening main window
22:06:58.630 [JavaFX Application Thread] DEBUG PrimaryStageWindow   - Window border size: (16.0, 39.0)
22:06:58.630 [JavaFX Application Thread] DEBUG PrimaryStageWindow   - Scaled size: 512.0 x 592.0
22:06:58.630 [JavaFX Application Thread] DEBUG PrimaryStageWindow   - Scaled ratio: (1.0, 1.0)
22:06:58.630 [JavaFX Application Thread] DEBUG PrimaryStageWindow   - Scene size: 512.0 x 592.0
22:06:58.630 [JavaFX Application Thread] DEBUG PrimaryStageWindow   - Stage size: 528.0 x 631.0
22:06:58.639 [FXGL Background Thread 1 ] DEBUG Engine               - Initializing environment variables
22:06:58.724 [FXGL Background Thread 1 ] DEBUG FXGLAssetLoaderServi - User app class for loading assets: class softwaredesign.Main
22:06:58.724 [FXGL Background Thread 1 ] DEBUG GameApplicationServi - Applying CSS: fxgl_dark.css
22:06:58.726 [FXGL Background Thread 1 ] DEBUG FXGLAssetLoaderServi - Loading from file system: jar:file:/C:/Users/lotca/.gradle/caches/modules-2/files-2.1/com.github.almasb/fxgl/11.17/206906ee5d1b948952e85fe43e36ee9a9a6dea00/fxgl-11.17.jar!/fxglassets/ui/css/fxgl_dark.css
22:06:58.772 [FXGL Background Thread 1 ] DEBUG GameApplicationServi - Initializing application scenes
22:06:58.828 [FXGL Background Thread 1 ] DEBUG GameWorld            - Game world initialized
22:06:58.901 [FXGL Background Thread 1 ] DEBUG PhysicsWorld         - Physics world initialized: appHeight=592, physics.ppm=50.0
22:06:58.901 [FXGL Background Thread 1 ] DEBUG PhysicsWorld         - Using strategy: BRUTE_FORCE
22:06:58.903 [FXGL Background Thread 1 ] DEBUG GameScene            - Game scene initialized: 512x592
22:06:58.920 [FXGL Background Thread 1 ] WARN  FXGL.DefaultMenu     - FXGLDefaultMenu is not designed for resolutions < 800x600
22:06:58.921 [FXGL Background Thread 1 ] DEBUG FXGL.DefaultMenu     - createMenuBodyGameMenu()
22:06:58.942 [FXGL Background Thread 1 ] DEBUG FXGL.DefaultMenu     - createOptionsMenu()
22:06:58.955 [FXGL Background Thread 1 ] DEBUG FXGLAssetLoaderServi - Loading from file system: jar:file:/C:/Users/lotca/.gradle/caches/modules-2/files-2.1/com.github.almasb/fxgl/11.17/206906ee5d1b948952e85fe43e36ee9a9a6dea00/fxgl-11.17.jar!/fxglassets/textures/particles/smoke.png
22:06:59.059 [FXGL Background Thread 1 ] DEBUG FXGLAssetLoaderServi - Loading from file system: jar:file:/C:/Users/lotca/.gradle/caches/modules-2/files-2.1/com.github.almasb/fxgl/11.17/206906ee5d1b948952e85fe43e36ee9a9a6dea00/fxgl-11.17.jar!/fxglassets/textures/particles/trace_horizontal.png
22:06:59.080 [FXGL Background Thread 1 ] DEBUG GameApplicationServi - Application scenes initialized
22:06:59.095 [FXGL Background Thread 1 ] DEBUG SystemBundleService  - Loading FXGL system data
22:06:59.099 [FXGL Background Thread 1 ] DEBUG FileSystemAccess     - Reading from: C:\Users\lotca\Desktop\software-design-vu\system\fxgl.bundle
22:06:59.109 [FXGL Background Thread 1 ] DEBUG SystemBundleService  - Bundle FXGL: {}
22:06:59.110 [FXGL Background Thread 1 ] DEBUG UpdaterService       - Checking for updates
22:06:59.114 [FXGL Background Thread 4 ] DEBUG FXGLApplication      - Loading fonts
22:06:59.115 [FXGL Background Thread 4 ] DEBUG FXGLAssetLoaderServi - Loading from file system: jar:file:/C:/Users/lotca/.gradle/caches/modules-2/files-2.1/com.github.almasb/fxgl/11.17/206906ee5d1b948952e85fe43e36ee9a9a6dea00/fxgl-11.17.jar!/fxglassets/ui/fonts/VarelaRound-Regular.ttf
22:06:59.116 [FXGL Background Thread 1 ] DEBUG FXGLApplication      - Loading default localization
22:06:59.116 [FXGL Background Thread 1 ] DEBUG FXGLAssetLoaderServi - Loading from file system: jar:file:/C:/Users/lotca/.gradle/caches/modules-2/files-2.1/com.github.almasb/fxgl/11.17/206906ee5d1b948952e85fe43e36ee9a9a6dea00/fxgl-11.17.jar!/fxglassets/languages/english.lang
22:06:59.148 [FXGL Background Thread 1 ] INFO  FXGLApplication      - FXGL initialization took: 0.509 sec
22:06:59.150 [JavaFX Application Thread] DEBUG FXGLAssetLoaderServi - Loading from file system: jar:file:/C:/Users/lotca/.gradle/caches/modules-2/files-2.1/com.github.almasb/fxgl/11.17/206906ee5d1b948952e85fe43e36ee9a9a6dea00/fxgl-11.17.jar!/fxglassets/textures/fxgl_icon.png
22:06:59.183 [JavaFX Application Thread] DEBUG FXGLAssetLoaderServi - Loading from file system: jar:file:/C:/Users/lotca/.gradle/caches/modules-2/files-2.1/com.github.almasb/fxgl/11.17/206906ee5d1b948952e85fe43e36ee9a9a6dea00/fxgl-11.17.jar!/fxglassets/textures/fxgl_default_cursor.png
22:06:59.209 [JavaFX Application Thread] DEBUG Input                - Registered new binding: Screenshot - CTRL+8
22:06:59.210 [JavaFX Application Thread] DEBUG Input                - Registered new binding: System info dump - CTRL+9
22:06:59.210 [JavaFX Application Thread] DEBUG Input                - Registered new binding: Restart - CTRL+R
22:06:59.212 [JavaFX Application Thread] DEBUG Input                - Registered new binding: Toggle Debug Camera - CTRL+C
22:06:59.216 [JavaFX Application Thread] DEBUG LoopRunner           - Starting loop
22:06:59.216 [JavaFX Application Thread] DEBUG LoopRunner           - Initializing JavaFX AnimationTimerLoop
22:06:59.219 [JavaFX Application Thread] DEBUG GameApplicationServi - Starting new game
22:06:59.220 [JavaFX Application Thread] DEBUG Input                - Clearing active input actions
22:06:59.235 [JavaFX Application Thread] DEBUG GameApplicationServi - Removing overlay from FXGLStartupScene and adding to FXGLLoadingScene
22:06:59.235 [JavaFX Application Thread] DEBUG PrimaryStageWindow   - FXGLStartupScene -> FXGLLoadingScene
22:06:59.235 [JavaFX Application Thread] DEBUG GameApplicationServi - Clearing previous game
22:06:59.236 [JavaFX Application Thread] DEBUG GameScene            - Clearing game scene
22:06:59.236 [JavaFX Application Thread] DEBUG GameWorld            - Clearing game world
22:06:59.236 [JavaFX Application Thread] DEBUG PhysicsWorld         - Clearing physics world
22:06:59.237 [FXGL Background Thread 1 ] DEBUG FXGLApplication      - Initializing game
22:06:59.244 [FXGL Background Thread 1 ] DEBUG FXGLAssetLoaderServi - Loading from file system: file:/C:/Users/lotca/Desktop/software-design-vu/build/resources/main/assets/textures/kipIdle.png
22:06:59.295 [FXGL Background Thread 1 ] INFO  FXGLApplication      - Game initialization took: 0.058 sec
22:06:59.302 [JavaFX Application Thread] DEBUG Input                - Clearing active input actions
22:06:59.322 [JavaFX Application Thread] DEBUG GameApplicationServi - Removing overlay from FXGLLoadingScene and adding to GameScene
22:06:59.322 [JavaFX Application Thread] DEBUG PrimaryStageWindow   - FXGLLoadingScene -> GameScene
22:06:59.540 [FXGL Background Thread 4 ] DEBUG FXGLAssetLoaderServi - Loading from file system: jar:file:/C:/Users/lotca/.gradle/caches/modules-2/files-2.1/com.github.almasb/fxgl/11.17/206906ee5d1b948952e85fe43e36ee9a9a6dea00/fxgl-11.17.jar!/fxglassets/ui/fonts/Abel-Regular.ttf
22:06:59.545 [FXGL Background Thread 4 ] DEBUG FXGLAssetLoaderServi - Loading from file system: jar:file:/C:/Users/lotca/.gradle/caches/modules-2/files-2.1/com.github.almasb/fxgl/11.17/206906ee5d1b948952e85fe43e36ee9a9a6dea00/fxgl-11.17.jar!/fxglassets/ui/fonts/lucida_console.ttf
22:06:59.551 [FXGL Background Thread 4 ] DEBUG FXGLAssetLoaderServi - Loading from file system: jar:file:/C:/Users/lotca/.gradle/caches/modules-2/files-2.1/com.github.almasb/fxgl/11.17/206906ee5d1b948952e85fe43e36ee9a9a6dea00/fxgl-11.17.jar!/fxglassets/ui/fonts/Courier-Prime.ttf
22:06:59.557 [JavaFX Application Thread] DEBUG FXGLApplication      - Registering font factories with UI factory
22:06:59.982 [FXGL Background Thread 2 ] INFO  UpdaterService       - Your current version:  11.17
22:06:59.982 [FXGL Background Thread 2 ] INFO  UpdaterService       - Latest stable version: 17.2
22:07:02.114 [FXGL Background Thread 3 ] DEBUG Engine               - Logging environment variables
22:07:02.114 [FXGL Background Thread 3 ] DEBUG Engine               - achievements: []
22:07:02.114 [FXGL Background Thread 3 ] DEBUG Engine               - actualHeight: 592.0
22:07:02.114 [FXGL Background Thread 3 ] DEBUG Engine               - actualHeightProperty: ReadOnlyDoubleProperty [value: 592.0]
22:07:02.114 [FXGL Background Thread 3 ] DEBUG Engine               - actualWidth: 512.0
22:07:02.114 [FXGL Background Thread 3 ] DEBUG Engine               - actualWidthProperty: ReadOnlyDoubleProperty [value: 512.0]
22:07:02.114 [FXGL Background Thread 3 ] DEBUG Engine               - appIcon: fxgl_icon.png
22:07:02.114 [FXGL Background Thread 3 ] DEBUG Engine               - applicationMode: DEVELOPER
22:07:02.114 [FXGL Background Thread 3 ] DEBUG Engine               - cSSList: [fxgl_dark.css]
22:07:02.114 [FXGL Background Thread 3 ] DEBUG Engine               - collisionDetectionStrategy: BRUTE_FORCE
22:07:02.114 [FXGL Background Thread 3 ] DEBUG Engine               - configClass: Optional.empty
22:07:02.114 [FXGL Background Thread 3 ] DEBUG Engine               - credits: []
22:07:02.114 [FXGL Background Thread 3 ] DEBUG Engine               - defaultCursor: CursorInfo(imageName=fxgl_default_cursor.png, hotspotX=7.0, hotspotY=6.0)
22:07:02.114 [FXGL Background Thread 3 ] DEBUG Engine               - devBBoxColorProperty: ObjectProperty [value: 0xff0000ff]
22:07:02.115 [FXGL Background Thread 3 ] DEBUG Engine               - devEnableDebugCameraProperty: BooleanProperty [value: false]
22:07:02.115 [FXGL Background Thread 3 ] DEBUG Engine               - devSensorColorProperty: ObjectProperty [value: 0xffff00ff]
22:07:02.115 [FXGL Background Thread 3 ] DEBUG Engine               - devShowBBoxProperty: BooleanProperty [value: false]
22:07:02.115 [FXGL Background Thread 3 ] DEBUG Engine               - devShowPositionProperty: BooleanProperty [value: false]
22:07:02.115 [FXGL Background Thread 3 ] DEBUG Engine               - enabledMenuItems: []
22:07:02.115 [FXGL Background Thread 3 ] DEBUG Engine               - engineServices: [class com.almasb.fxgl.app.services.FXGLAssetLoaderService, class com.almasb.fxgl.app.FXGLApplication$GameApplicationService, class com.almasb.fxgl.app.services.FXGLDialogService, class com.almasb.fxgl.app.services.IOTaskExecutorService, class com.almasb.fxgl.io.FileSystemService, class com.almasb.fxgl.localization.LocalizationService, class com.almasb.fxgl.app.services.SystemBundleService, class com.almasb.fxgl.profile.SaveLoadService, class com.almasb.fxgl.ui.FXGLUIFactoryServiceProvider, class com.almasb.fxgl.ui.FXGLDialogFactoryServiceProvider, class com.almasb.fxgl.audio.AudioPlayer, class com.almasb.fxgl.notification.impl.NotificationServiceProvider, class com.almasb.fxgl.achievement.AchievementService, class com.almasb.fxgl.cutscene.CutsceneService, class com.almasb.fxgl.minigames.MiniGameService, class com.almasb.fxgl.net.NetService, class com.almasb.fxgl.app.services.UpdaterService, class com.almasb.fxgl.dev.DevService]
22:07:02.115 [FXGL Background Thread 3 ] DEBUG Engine               - fontGame: Abel-Regular.ttf
22:07:02.115 [FXGL Background Thread 3 ] DEBUG Engine               - fontMono: lucida_console.ttf
22:07:02.115 [FXGL Background Thread 3 ] DEBUG Engine               - fontText: Courier-Prime.ttf
22:07:02.115 [FXGL Background Thread 3 ] DEBUG Engine               - fontUI: VarelaRound-Regular.ttf
22:07:02.115 [FXGL Background Thread 3 ] DEBUG Engine               - fullScreen: BooleanProperty [value: false]
22:07:02.115 [FXGL Background Thread 3 ] DEBUG Engine               - gameDifficulty: MEDIUM
22:07:02.115 [FXGL Background Thread 3 ] DEBUG Engine               - gameDifficultyProperty: ObjectProperty [value: MEDIUM]
22:07:02.115 [FXGL Background Thread 3 ] DEBUG Engine               - globalMusicVolume: 0.5
22:07:02.115 [FXGL Background Thread 3 ] DEBUG Engine               - globalMusicVolumeProperty: DoubleProperty [value: 0.5]
22:07:02.115 [FXGL Background Thread 3 ] DEBUG Engine               - globalSoundVolume: 0.5
22:07:02.116 [FXGL Background Thread 3 ] DEBUG Engine               - globalSoundVolumeProperty: DoubleProperty [value: 0.5]
22:07:02.116 [FXGL Background Thread 3 ] DEBUG Engine               - height: 592
22:07:02.116 [FXGL Background Thread 3 ] DEBUG Engine               - is3D: false
22:07:02.116 [FXGL Background Thread 3 ] DEBUG Engine               - isAndroid: false
22:07:02.116 [FXGL Background Thread 3 ] DEBUG Engine               - isBrowser: false
22:07:02.116 [FXGL Background Thread 3 ] DEBUG Engine               - isClickFeedbackEnabled: false
22:07:02.116 [FXGL Background Thread 3 ] DEBUG Engine               - isCloseConfirmation: false
22:07:02.116 [FXGL Background Thread 3 ] DEBUG Engine               - isDesktop: true
22:07:02.116 [FXGL Background Thread 3 ] DEBUG Engine               - isDeveloperMenuEnabled: false
22:07:02.116 [FXGL Background Thread 3 ] DEBUG Engine               - isEntityPreloadEnabled: true
22:07:02.116 [FXGL Background Thread 3 ] DEBUG Engine               - isExperimentalTiledLargeMap: false
22:07:02.116 [FXGL Background Thread 3 ] DEBUG Engine               - isFileSystemWriteAllowed: true
22:07:02.116 [FXGL Background Thread 3 ] DEBUG Engine               - isFullScreenAllowed: false
22:07:02.116 [FXGL Background Thread 3 ] DEBUG Engine               - isFullScreenFromStart: false
22:07:02.116 [FXGL Background Thread 3 ] DEBUG Engine               - isGameMenuEnabled: true
22:07:02.116 [FXGL Background Thread 3 ] DEBUG Engine               - isIOS: false
22:07:02.116 [FXGL Background Thread 3 ] DEBUG Engine               - isIntroEnabled: false
22:07:02.116 [FXGL Background Thread 3 ] DEBUG Engine               - isLinux: false
22:07:02.116 [FXGL Background Thread 3 ] DEBUG Engine               - isMac: false
22:07:02.116 [FXGL Background Thread 3 ] DEBUG Engine               - isMainMenuEnabled: false
22:07:02.116 [FXGL Background Thread 3 ] DEBUG Engine               - isManualResizeEnabled: false
22:07:02.117 [FXGL Background Thread 3 ] DEBUG Engine               - isMobile: false
22:07:02.117 [FXGL Background Thread 3 ] DEBUG Engine               - isNative: false
22:07:02.117 [FXGL Background Thread 3 ] DEBUG Engine               - isPauseMusicWhenMinimized: true
22:07:02.117 [FXGL Background Thread 3 ] DEBUG Engine               - isPreserveResizeRatio: false
22:07:02.117 [FXGL Background Thread 3 ] DEBUG Engine               - isProfilingEnabled: false
22:07:02.117 [FXGL Background Thread 3 ] DEBUG Engine               - isScaleAffectedOnResize: true
22:07:02.117 [FXGL Background Thread 3 ] DEBUG Engine               - isSingleStep: false
22:07:02.117 [FXGL Background Thread 3 ] DEBUG Engine               - isUserProfileEnabled: false
22:07:02.117 [FXGL Background Thread 3 ] DEBUG Engine               - isWindows: true
22:07:02.117 [FXGL Background Thread 3 ] DEBUG Engine               - language: ObjectProperty [value: ENGLISH]
22:07:02.117 [FXGL Background Thread 3 ] DEBUG Engine               - menuKey: ESCAPE
22:07:02.117 [FXGL Background Thread 3 ] DEBUG Engine               - mouseSensitivity: 0.2
22:07:02.117 [FXGL Background Thread 3 ] DEBUG Engine               - notificationViewClass: class com.almasb.fxgl.notification.view.XboxNotificationView
22:07:02.117 [FXGL Background Thread 3 ] DEBUG Engine               - pixelsPerMeter: 50.0
22:07:02.118 [FXGL Background Thread 3 ] DEBUG Engine               - platform: WINDOWS
22:07:02.118 [FXGL Background Thread 3 ] DEBUG Engine               - prefHeightProperty: ReadOnlyDoubleProperty [value: 592.0]
22:07:02.118 [FXGL Background Thread 3 ] DEBUG Engine               - prefWidthProperty: ReadOnlyDoubleProperty [value: 512.0]
22:07:02.118 [FXGL Background Thread 3 ] DEBUG Engine               - profileDir: profiles/
22:07:02.118 [FXGL Background Thread 3 ] DEBUG Engine               - profileName: StringProperty [value: DEFAULT]
22:07:02.118 [FXGL Background Thread 3 ] DEBUG Engine               - randomSeed: -1
22:07:02.118 [FXGL Background Thread 3 ] DEBUG Engine               - runtimeInfo: RuntimeInfo(platform=WINDOWS, version=11.17, build=16.07.2021 15.46)
22:07:02.118 [FXGL Background Thread 3 ] DEBUG Engine               - saveFileExt: sav
22:07:02.118 [FXGL Background Thread 3 ] DEBUG Engine               - scaledHeightProp$fxgl: DoubleProperty [bound, value: 592.0]
22:07:02.118 [FXGL Background Thread 3 ] DEBUG Engine               - scaledWidthProp$fxgl: DoubleProperty [bound, value: 512.0]
22:07:02.118 [FXGL Background Thread 3 ] DEBUG Engine               - sceneFactory: com.almasb.fxgl.app.scene.SceneFactory@58928e5c
22:07:02.118 [FXGL Background Thread 3 ] DEBUG Engine               - secondsIn24h: 60
22:07:02.118 [FXGL Background Thread 3 ] DEBUG Engine               - soundMenuBack: menu/back.wav
22:07:02.118 [FXGL Background Thread 3 ] DEBUG Engine               - soundMenuPress: menu/press.wav
22:07:02.118 [FXGL Background Thread 3 ] DEBUG Engine               - soundMenuSelect: menu/select.wav
22:07:02.118 [FXGL Background Thread 3 ] DEBUG Engine               - soundNotification: core/notification.wav
22:07:02.118 [FXGL Background Thread 3 ] DEBUG Engine               - stageStyle: DECORATED
22:07:02.118 [FXGL Background Thread 3 ] DEBUG Engine               - supportedLanguages: [ENGLISH, FRENCH, GERMAN, HUNGARIAN, RUSSIAN]
22:07:02.118 [FXGL Background Thread 3 ] DEBUG Engine               - ticksPerSecond: -1
22:07:02.118 [FXGL Background Thread 3 ] DEBUG Engine               - title: Office Pets
22:07:02.118 [FXGL Background Thread 3 ] DEBUG Engine               - urlGithub: https://github.com/AlmasB/FXGL
22:07:02.118 [FXGL Background Thread 3 ] DEBUG Engine               - urlLeaderboard: http://fxgl-top.herokuapp.com/
22:07:02.119 [FXGL Background Thread 3 ] DEBUG Engine               - urlPOM: https://raw.githubusercontent.com/AlmasB/FXGL/release/README.md
22:07:02.119 [FXGL Background Thread 3 ] DEBUG Engine               - userAppClass: class softwaredesign.Main
22:07:02.119 [FXGL Background Thread 3 ] DEBUG Engine               - version: 0.0
22:07:02.119 [FXGL Background Thread 3 ] DEBUG Engine               - versionCheckDays: 7
22:07:02.119 [FXGL Background Thread 3 ] DEBUG Engine               - width: 512
22:07:02.119 [FXGL Background Thread 3 ] DEBUG Engine               - Logging services
22:07:02.119 [FXGL Background Thread 3 ] DEBUG Engine               - class com.almasb.fxgl.app.services.FXGLAssetLoaderService
22:07:02.119 [FXGL Background Thread 3 ] DEBUG Engine               - class com.almasb.fxgl.app.FXGLApplication$GameApplicationService
22:07:02.119 [FXGL Background Thread 3 ] DEBUG Engine               - class com.almasb.fxgl.app.services.FXGLDialogService
22:07:02.119 [FXGL Background Thread 3 ] DEBUG Engine               - class com.almasb.fxgl.app.services.IOTaskExecutorService
22:07:02.119 [FXGL Background Thread 3 ] DEBUG Engine               - class com.almasb.fxgl.io.FileSystemService
22:07:02.119 [FXGL Background Thread 3 ] DEBUG Engine               - class com.almasb.fxgl.localization.LocalizationService
22:07:02.119 [FXGL Background Thread 3 ] DEBUG Engine               - class com.almasb.fxgl.app.services.SystemBundleService
22:07:02.119 [FXGL Background Thread 3 ] DEBUG Engine               - class com.almasb.fxgl.profile.SaveLoadService
22:07:02.119 [FXGL Background Thread 3 ] DEBUG Engine               - class com.almasb.fxgl.ui.FXGLUIFactoryServiceProvider
22:07:02.119 [FXGL Background Thread 3 ] DEBUG Engine               - class com.almasb.fxgl.ui.FXGLDialogFactoryServiceProvider
22:07:02.119 [FXGL Background Thread 3 ] DEBUG Engine               - class com.almasb.fxgl.audio.AudioPlayer
22:07:02.119 [FXGL Background Thread 3 ] DEBUG Engine               - class com.almasb.fxgl.notification.impl.NotificationServiceProvider
22:07:02.119 [FXGL Background Thread 3 ] DEBUG Engine               - class com.almasb.fxgl.achievement.AchievementService
22:07:02.119 [FXGL Background Thread 3 ] DEBUG Engine               - class com.almasb.fxgl.cutscene.CutsceneService
22:07:02.120 [FXGL Background Thread 3 ] DEBUG Engine               - class com.almasb.fxgl.minigames.MiniGameService
22:07:02.120 [FXGL Background Thread 3 ] DEBUG Engine               - class com.almasb.fxgl.net.NetService
22:07:02.120 [FXGL Background Thread 3 ] DEBUG Engine               - class com.almasb.fxgl.app.services.UpdaterService
22:07:02.120 [FXGL Background Thread 3 ] DEBUG Engine               - class com.almasb.fxgl.dev.DevService
22:07:06.429 [JavaFX Application Thread] DEBUG FXGLApplication      - Exiting FXGL
22:07:06.429 [JavaFX Application Thread] DEBUG LoopRunner           - Stopping loop
22:07:06.429 [JavaFX Application Thread] DEBUG SystemBundleService  - Saving FXGL system data
22:07:06.431 [JavaFX Application Thread] DEBUG FileSystemAccess     - Writing to: C:\Users\lotca\Desktop\software-design-vu\system\fxgl.bundle
22:07:06.433 [JavaFX Application Thread] DEBUG Async                - Shutting down background threads
22:07:06.433 [JavaFX Application Thread] DEBUG PrimaryStageWindow   - Closing main window
22:07:06.448 [JavaFX Application Thread] DEBUG Logger               - Closing Logger
