09:56:10.679 [main                     ] DEBUG Logger               - Configured Logger
09:56:10.694 [main                     ] DEBUG GameApplication      - Logging settings
Title: Untitled
Version: 0.0
Width: 800
Height: 600
Fullscreen: false
Intro: false
Profiling: false
Single step:false
App Mode: DEVELOPER
Menu Key: ESCAPE
Stage Style: DECORATED
Scene Factory: class com.almasb.fxgl.app.scene.SceneFactory

09:56:11.343 [JavaFX Application Thread] DEBUG FXGLApplication      - Initializing FXGL
09:56:11.347 [JavaFX Application Thread] INFO  Engine               - FXGL-11.17 (16.07.2021 15.46) on WINDOWS (J:11.0.18 FX:19)
09:56:11.347 [JavaFX Application Thread] DEBUG Engine               - JRE Vendor Name: Eclipse Adoptium
09:56:11.347 [JavaFX Application Thread] DEBUG Engine               - Running on OS: Windows 10 version 10.0
09:56:11.347 [JavaFX Application Thread] DEBUG Engine               - Architecture: amd64
09:56:11.347 [JavaFX Application Thread] INFO  Engine               - Source code and latest versions at: https://github.com/AlmasB/FXGL
09:56:11.347 [JavaFX Application Thread] INFO  Engine               -              Join the FXGL chat at: https://gitter.im/AlmasB/FXGL
09:56:11.488 [JavaFX Application Thread] DEBUG PrimaryStageWindow   - Creating a JavaFX scene
09:56:11.545 [JavaFX Application Thread] DEBUG PrimaryStageWindow   - Target settings size: 800.0 x 600.0
09:56:11.545 [JavaFX Application Thread] DEBUG PrimaryStageWindow   - Scaled scene size:    800.0 x 600.0
09:56:11.545 [JavaFX Application Thread] DEBUG PrimaryStageWindow   - Scaled ratio: (1.0, 1.0)
09:56:11.546 [JavaFX Application Thread] DEBUG PrimaryStageWindow   - Set initial scene to FXGLStartupScene
09:56:11.550 [JavaFX Application Thread] DEBUG PrimaryStageWindow   - Opening main window
09:56:11.645 [JavaFX Application Thread] DEBUG PrimaryStageWindow   - Window border size: (16.0, 39.0)
09:56:11.645 [JavaFX Application Thread] DEBUG PrimaryStageWindow   - Scaled size: 800.0 x 600.0
09:56:11.645 [JavaFX Application Thread] DEBUG PrimaryStageWindow   - Scaled ratio: (1.0, 1.0)
09:56:11.645 [JavaFX Application Thread] DEBUG PrimaryStageWindow   - Scene size: 800.0 x 600.0
09:56:11.645 [JavaFX Application Thread] DEBUG PrimaryStageWindow   - Stage size: 816.0 x 639.0
09:56:11.654 [FXGL Background Thread 1 ] DEBUG Engine               - Initializing environment variables
09:56:11.726 [FXGL Background Thread 1 ] DEBUG FXGLAssetLoaderServi - User app class for loading assets: class softwaredesign.Main
09:56:11.727 [FXGL Background Thread 1 ] DEBUG GameApplicationServi - Applying CSS: fxgl_dark.css
09:56:11.727 [FXGL Background Thread 1 ] DEBUG FXGLAssetLoaderServi - Loading from file system: jar:file:/C:/Users/lotca/.gradle/caches/modules-2/files-2.1/com.github.almasb/fxgl/11.17/206906ee5d1b948952e85fe43e36ee9a9a6dea00/fxgl-11.17.jar!/fxglassets/ui/css/fxgl_dark.css
09:56:11.770 [FXGL Background Thread 1 ] DEBUG GameApplicationServi - Initializing application scenes
09:56:11.829 [FXGL Background Thread 1 ] DEBUG GameWorld            - Game world initialized
09:56:11.909 [FXGL Background Thread 1 ] DEBUG PhysicsWorld         - Physics world initialized: appHeight=600, physics.ppm=50.0
09:56:11.909 [FXGL Background Thread 1 ] DEBUG PhysicsWorld         - Using strategy: BRUTE_FORCE
09:56:11.911 [FXGL Background Thread 1 ] DEBUG GameScene            - Game scene initialized: 800x600
09:56:11.924 [FXGL Background Thread 1 ] DEBUG FXGL.DefaultMenu     - createMenuBodyGameMenu()
09:56:11.957 [FXGL Background Thread 1 ] DEBUG FXGL.DefaultMenu     - createOptionsMenu()
09:56:11.972 [FXGL Background Thread 1 ] DEBUG FXGLAssetLoaderServi - Loading from file system: jar:file:/C:/Users/lotca/.gradle/caches/modules-2/files-2.1/com.github.almasb/fxgl/11.17/206906ee5d1b948952e85fe43e36ee9a9a6dea00/fxgl-11.17.jar!/fxglassets/textures/particles/smoke.png
09:56:12.088 [FXGL Background Thread 1 ] DEBUG FXGLAssetLoaderServi - Loading from file system: jar:file:/C:/Users/lotca/.gradle/caches/modules-2/files-2.1/com.github.almasb/fxgl/11.17/206906ee5d1b948952e85fe43e36ee9a9a6dea00/fxgl-11.17.jar!/fxglassets/textures/particles/trace_horizontal.png
09:56:12.122 [FXGL Background Thread 1 ] DEBUG GameApplicationServi - Application scenes initialized
09:56:12.139 [FXGL Background Thread 1 ] DEBUG SystemBundleService  - Loading FXGL system data
09:56:12.144 [FXGL Background Thread 1 ] DEBUG FileSystemAccess     - Reading from: C:\Users\lotca\Desktop\software-design-vu\system\fxgl.bundle
09:56:12.150 [FXGL Background Thread 1 ] DEBUG SystemBundleService  - Bundle FXGL: {}
09:56:12.150 [FXGL Background Thread 1 ] DEBUG UpdaterService       - Checking for updates
09:56:12.156 [FXGL Background Thread 4 ] DEBUG FXGLApplication      - Loading fonts
09:56:12.156 [FXGL Background Thread 1 ] DEBUG FXGLApplication      - Loading default localization
09:56:12.156 [FXGL Background Thread 4 ] DEBUG FXGLAssetLoaderServi - Loading from file system: jar:file:/C:/Users/lotca/.gradle/caches/modules-2/files-2.1/com.github.almasb/fxgl/11.17/206906ee5d1b948952e85fe43e36ee9a9a6dea00/fxgl-11.17.jar!/fxglassets/ui/fonts/VarelaRound-Regular.ttf
09:56:12.157 [FXGL Background Thread 1 ] DEBUG FXGLAssetLoaderServi - Loading from file system: jar:file:/C:/Users/lotca/.gradle/caches/modules-2/files-2.1/com.github.almasb/fxgl/11.17/206906ee5d1b948952e85fe43e36ee9a9a6dea00/fxgl-11.17.jar!/fxglassets/languages/english.lang
09:56:12.186 [FXGL Background Thread 1 ] INFO  FXGLApplication      - FXGL initialization took: 0.532 sec
09:56:12.188 [JavaFX Application Thread] DEBUG FXGLAssetLoaderServi - Loading from file system: jar:file:/C:/Users/lotca/.gradle/caches/modules-2/files-2.1/com.github.almasb/fxgl/11.17/206906ee5d1b948952e85fe43e36ee9a9a6dea00/fxgl-11.17.jar!/fxglassets/textures/fxgl_icon.png
09:56:12.218 [JavaFX Application Thread] DEBUG FXGLAssetLoaderServi - Loading from file system: jar:file:/C:/Users/lotca/.gradle/caches/modules-2/files-2.1/com.github.almasb/fxgl/11.17/206906ee5d1b948952e85fe43e36ee9a9a6dea00/fxgl-11.17.jar!/fxglassets/textures/fxgl_default_cursor.png
09:56:12.241 [JavaFX Application Thread] DEBUG Input                - Registered new binding: Screenshot - CTRL+8
09:56:12.242 [JavaFX Application Thread] DEBUG Input                - Registered new binding: System info dump - CTRL+9
09:56:12.243 [JavaFX Application Thread] DEBUG Input                - Registered new binding: Restart - CTRL+R
09:56:12.244 [JavaFX Application Thread] DEBUG Input                - Registered new binding: Toggle Debug Camera - CTRL+C
09:56:12.250 [JavaFX Application Thread] DEBUG LoopRunner           - Starting loop
09:56:12.251 [JavaFX Application Thread] DEBUG LoopRunner           - Initializing JavaFX AnimationTimerLoop
09:56:12.259 [JavaFX Application Thread] DEBUG GameApplicationServi - Starting new game
09:56:12.260 [JavaFX Application Thread] DEBUG Input                - Clearing active input actions
09:56:12.276 [JavaFX Application Thread] DEBUG GameApplicationServi - Removing overlay from FXGLStartupScene and adding to FXGLLoadingScene
09:56:12.276 [JavaFX Application Thread] DEBUG PrimaryStageWindow   - FXGLStartupScene -> FXGLLoadingScene
09:56:12.276 [JavaFX Application Thread] DEBUG GameApplicationServi - Clearing previous game
09:56:12.276 [JavaFX Application Thread] DEBUG GameScene            - Clearing game scene
09:56:12.277 [JavaFX Application Thread] DEBUG GameWorld            - Clearing game world
09:56:12.277 [JavaFX Application Thread] DEBUG PhysicsWorld         - Clearing physics world
09:56:12.278 [FXGL Background Thread 1 ] DEBUG FXGLApplication      - Initializing game
09:56:12.289 [FXGL Background Thread 1 ] DEBUG FXGLAssetLoaderServi - Loading from file system: file:/C:/Users/lotca/Desktop/software-design-vu/build/resources/main/assets/textures/testotchi.png
09:56:12.308 [FXGL Background Thread 1 ] INFO  FXGLApplication      - Game initialization took: 0.029 sec
09:56:12.342 [JavaFX Application Thread] DEBUG Input                - Clearing active input actions
09:56:12.351 [JavaFX Application Thread] DEBUG GameApplicationServi - Removing overlay from FXGLLoadingScene and adding to GameScene
09:56:12.352 [JavaFX Application Thread] DEBUG PrimaryStageWindow   - FXGLLoadingScene -> GameScene
09:56:12.584 [FXGL Background Thread 4 ] DEBUG FXGLAssetLoaderServi - Loading from file system: jar:file:/C:/Users/lotca/.gradle/caches/modules-2/files-2.1/com.github.almasb/fxgl/11.17/206906ee5d1b948952e85fe43e36ee9a9a6dea00/fxgl-11.17.jar!/fxglassets/ui/fonts/Abel-Regular.ttf
09:56:12.588 [FXGL Background Thread 4 ] DEBUG FXGLAssetLoaderServi - Loading from file system: jar:file:/C:/Users/lotca/.gradle/caches/modules-2/files-2.1/com.github.almasb/fxgl/11.17/206906ee5d1b948952e85fe43e36ee9a9a6dea00/fxgl-11.17.jar!/fxglassets/ui/fonts/lucida_console.ttf
09:56:12.593 [FXGL Background Thread 4 ] DEBUG FXGLAssetLoaderServi - Loading from file system: jar:file:/C:/Users/lotca/.gradle/caches/modules-2/files-2.1/com.github.almasb/fxgl/11.17/206906ee5d1b948952e85fe43e36ee9a9a6dea00/fxgl-11.17.jar!/fxglassets/ui/fonts/Courier-Prime.ttf
09:56:12.601 [JavaFX Application Thread] DEBUG FXGLApplication      - Registering font factories with UI factory
09:56:12.785 [FXGL Background Thread 2 ] INFO  UpdaterService       - Your current version:  11.17
09:56:12.785 [FXGL Background Thread 2 ] INFO  UpdaterService       - Latest stable version: 17.2
09:56:15.154 [FXGL Background Thread 3 ] DEBUG Engine               - Logging environment variables
09:56:15.154 [FXGL Background Thread 3 ] DEBUG Engine               - achievements: []
09:56:15.154 [FXGL Background Thread 3 ] DEBUG Engine               - actualHeight: 600.0
09:56:15.155 [FXGL Background Thread 3 ] DEBUG Engine               - actualHeightProperty: ReadOnlyDoubleProperty [value: 600.0]
09:56:15.155 [FXGL Background Thread 3 ] DEBUG Engine               - actualWidth: 800.0
09:56:15.155 [FXGL Background Thread 3 ] DEBUG Engine               - actualWidthProperty: ReadOnlyDoubleProperty [value: 800.0]
09:56:15.155 [FXGL Background Thread 3 ] DEBUG Engine               - appIcon: fxgl_icon.png
09:56:15.155 [FXGL Background Thread 3 ] DEBUG Engine               - applicationMode: DEVELOPER
09:56:15.155 [FXGL Background Thread 3 ] DEBUG Engine               - cSSList: [fxgl_dark.css]
09:56:15.155 [FXGL Background Thread 3 ] DEBUG Engine               - collisionDetectionStrategy: BRUTE_FORCE
09:56:15.155 [FXGL Background Thread 3 ] DEBUG Engine               - configClass: Optional.empty
09:56:15.155 [FXGL Background Thread 3 ] DEBUG Engine               - credits: []
09:56:15.155 [FXGL Background Thread 3 ] DEBUG Engine               - defaultCursor: CursorInfo(imageName=fxgl_default_cursor.png, hotspotX=7.0, hotspotY=6.0)
09:56:15.155 [FXGL Background Thread 3 ] DEBUG Engine               - devBBoxColorProperty: ObjectProperty [value: 0xff0000ff]
09:56:15.155 [FXGL Background Thread 3 ] DEBUG Engine               - devEnableDebugCameraProperty: BooleanProperty [value: false]
09:56:15.155 [FXGL Background Thread 3 ] DEBUG Engine               - devSensorColorProperty: ObjectProperty [value: 0xffff00ff]
09:56:15.155 [FXGL Background Thread 3 ] DEBUG Engine               - devShowBBoxProperty: BooleanProperty [value: false]
09:56:15.156 [FXGL Background Thread 3 ] DEBUG Engine               - devShowPositionProperty: BooleanProperty [value: false]
09:56:15.156 [FXGL Background Thread 3 ] DEBUG Engine               - enabledMenuItems: []
09:56:15.156 [FXGL Background Thread 3 ] DEBUG Engine               - engineServices: [class com.almasb.fxgl.app.services.FXGLAssetLoaderService, class com.almasb.fxgl.app.FXGLApplication$GameApplicationService, class com.almasb.fxgl.app.services.FXGLDialogService, class com.almasb.fxgl.app.services.IOTaskExecutorService, class com.almasb.fxgl.io.FileSystemService, class com.almasb.fxgl.localization.LocalizationService, class com.almasb.fxgl.app.services.SystemBundleService, class com.almasb.fxgl.profile.SaveLoadService, class com.almasb.fxgl.ui.FXGLUIFactoryServiceProvider, class com.almasb.fxgl.ui.FXGLDialogFactoryServiceProvider, class com.almasb.fxgl.audio.AudioPlayer, class com.almasb.fxgl.notification.impl.NotificationServiceProvider, class com.almasb.fxgl.achievement.AchievementService, class com.almasb.fxgl.cutscene.CutsceneService, class com.almasb.fxgl.minigames.MiniGameService, class com.almasb.fxgl.net.NetService, class com.almasb.fxgl.app.services.UpdaterService, class com.almasb.fxgl.dev.DevService]
09:56:15.156 [FXGL Background Thread 3 ] DEBUG Engine               - fontGame: Abel-Regular.ttf
09:56:15.156 [FXGL Background Thread 3 ] DEBUG Engine               - fontMono: lucida_console.ttf
09:56:15.156 [FXGL Background Thread 3 ] DEBUG Engine               - fontText: Courier-Prime.ttf
09:56:15.156 [FXGL Background Thread 3 ] DEBUG Engine               - fontUI: VarelaRound-Regular.ttf
09:56:15.156 [FXGL Background Thread 3 ] DEBUG Engine               - fullScreen: BooleanProperty [value: false]
09:56:15.156 [FXGL Background Thread 3 ] DEBUG Engine               - gameDifficulty: MEDIUM
09:56:15.156 [FXGL Background Thread 3 ] DEBUG Engine               - gameDifficultyProperty: ObjectProperty [value: MEDIUM]
09:56:15.156 [FXGL Background Thread 3 ] DEBUG Engine               - globalMusicVolume: 0.5
09:56:15.156 [FXGL Background Thread 3 ] DEBUG Engine               - globalMusicVolumeProperty: DoubleProperty [value: 0.5]
09:56:15.156 [FXGL Background Thread 3 ] DEBUG Engine               - globalSoundVolume: 0.5
09:56:15.156 [FXGL Background Thread 3 ] DEBUG Engine               - globalSoundVolumeProperty: DoubleProperty [value: 0.5]
09:56:15.156 [FXGL Background Thread 3 ] DEBUG Engine               - height: 600
09:56:15.156 [FXGL Background Thread 3 ] DEBUG Engine               - is3D: false
09:56:15.156 [FXGL Background Thread 3 ] DEBUG Engine               - isAndroid: false
09:56:15.157 [FXGL Background Thread 3 ] DEBUG Engine               - isBrowser: false
09:56:15.157 [FXGL Background Thread 3 ] DEBUG Engine               - isClickFeedbackEnabled: false
09:56:15.157 [FXGL Background Thread 3 ] DEBUG Engine               - isCloseConfirmation: false
09:56:15.157 [FXGL Background Thread 3 ] DEBUG Engine               - isDesktop: true
09:56:15.157 [FXGL Background Thread 3 ] DEBUG Engine               - isDeveloperMenuEnabled: false
09:56:15.157 [FXGL Background Thread 3 ] DEBUG Engine               - isEntityPreloadEnabled: true
09:56:15.157 [FXGL Background Thread 3 ] DEBUG Engine               - isExperimentalTiledLargeMap: false
09:56:15.157 [FXGL Background Thread 3 ] DEBUG Engine               - isFileSystemWriteAllowed: true
09:56:15.157 [FXGL Background Thread 3 ] DEBUG Engine               - isFullScreenAllowed: false
09:56:15.157 [FXGL Background Thread 3 ] DEBUG Engine               - isFullScreenFromStart: false
09:56:15.157 [FXGL Background Thread 3 ] DEBUG Engine               - isGameMenuEnabled: true
09:56:15.157 [FXGL Background Thread 3 ] DEBUG Engine               - isIOS: false
09:56:15.157 [FXGL Background Thread 3 ] DEBUG Engine               - isIntroEnabled: false
09:56:15.157 [FXGL Background Thread 3 ] DEBUG Engine               - isLinux: false
09:56:15.157 [FXGL Background Thread 3 ] DEBUG Engine               - isMac: false
09:56:15.157 [FXGL Background Thread 3 ] DEBUG Engine               - isMainMenuEnabled: false
09:56:15.157 [FXGL Background Thread 3 ] DEBUG Engine               - isManualResizeEnabled: false
09:56:15.157 [FXGL Background Thread 3 ] DEBUG Engine               - isMobile: false
09:56:15.157 [FXGL Background Thread 3 ] DEBUG Engine               - isNative: false
09:56:15.157 [FXGL Background Thread 3 ] DEBUG Engine               - isPauseMusicWhenMinimized: true
09:56:15.157 [FXGL Background Thread 3 ] DEBUG Engine               - isPreserveResizeRatio: false
09:56:15.158 [FXGL Background Thread 3 ] DEBUG Engine               - isProfilingEnabled: false
09:56:15.158 [FXGL Background Thread 3 ] DEBUG Engine               - isScaleAffectedOnResize: true
09:56:15.158 [FXGL Background Thread 3 ] DEBUG Engine               - isSingleStep: false
09:56:15.158 [FXGL Background Thread 3 ] DEBUG Engine               - isUserProfileEnabled: false
09:56:15.158 [FXGL Background Thread 3 ] DEBUG Engine               - isWindows: true
09:56:15.158 [FXGL Background Thread 3 ] DEBUG Engine               - language: ObjectProperty [value: ENGLISH]
09:56:15.158 [FXGL Background Thread 3 ] DEBUG Engine               - menuKey: ESCAPE
09:56:15.158 [FXGL Background Thread 3 ] DEBUG Engine               - mouseSensitivity: 0.2
09:56:15.158 [FXGL Background Thread 3 ] DEBUG Engine               - notificationViewClass: class com.almasb.fxgl.notification.view.XboxNotificationView
09:56:15.158 [FXGL Background Thread 3 ] DEBUG Engine               - pixelsPerMeter: 50.0
09:56:15.158 [FXGL Background Thread 3 ] DEBUG Engine               - platform: WINDOWS
09:56:15.158 [FXGL Background Thread 3 ] DEBUG Engine               - prefHeightProperty: ReadOnlyDoubleProperty [value: 600.0]
09:56:15.158 [FXGL Background Thread 3 ] DEBUG Engine               - prefWidthProperty: ReadOnlyDoubleProperty [value: 800.0]
09:56:15.158 [FXGL Background Thread 3 ] DEBUG Engine               - profileDir: profiles/
09:56:15.158 [FXGL Background Thread 3 ] DEBUG Engine               - profileName: StringProperty [value: DEFAULT]
09:56:15.158 [FXGL Background Thread 3 ] DEBUG Engine               - randomSeed: -1
09:56:15.158 [FXGL Background Thread 3 ] DEBUG Engine               - runtimeInfo: RuntimeInfo(platform=WINDOWS, version=11.17, build=16.07.2021 15.46)
09:56:15.158 [FXGL Background Thread 3 ] DEBUG Engine               - saveFileExt: sav
09:56:15.158 [FXGL Background Thread 3 ] DEBUG Engine               - scaledHeightProp$fxgl: DoubleProperty [bound, value: 600.0]
09:56:15.159 [FXGL Background Thread 3 ] DEBUG Engine               - scaledWidthProp$fxgl: DoubleProperty [bound, value: 800.0]
09:56:15.159 [FXGL Background Thread 3 ] DEBUG Engine               - sceneFactory: com.almasb.fxgl.app.scene.SceneFactory@510471d8
09:56:15.159 [FXGL Background Thread 3 ] DEBUG Engine               - secondsIn24h: 60
09:56:15.159 [FXGL Background Thread 3 ] DEBUG Engine               - soundMenuBack: menu/back.wav
09:56:15.159 [FXGL Background Thread 3 ] DEBUG Engine               - soundMenuPress: menu/press.wav
09:56:15.159 [FXGL Background Thread 3 ] DEBUG Engine               - soundMenuSelect: menu/select.wav
09:56:15.159 [FXGL Background Thread 3 ] DEBUG Engine               - soundNotification: core/notification.wav
09:56:15.159 [FXGL Background Thread 3 ] DEBUG Engine               - stageStyle: DECORATED
09:56:15.159 [FXGL Background Thread 3 ] DEBUG Engine               - supportedLanguages: [ENGLISH, FRENCH, GERMAN, HUNGARIAN, RUSSIAN]
09:56:15.159 [FXGL Background Thread 3 ] DEBUG Engine               - ticksPerSecond: -1
09:56:15.159 [FXGL Background Thread 3 ] DEBUG Engine               - title: Untitled
09:56:15.159 [FXGL Background Thread 3 ] DEBUG Engine               - urlGithub: https://github.com/AlmasB/FXGL
09:56:15.159 [FXGL Background Thread 3 ] DEBUG Engine               - urlLeaderboard: http://fxgl-top.herokuapp.com/
09:56:15.159 [FXGL Background Thread 3 ] DEBUG Engine               - urlPOM: https://raw.githubusercontent.com/AlmasB/FXGL/release/README.md
09:56:15.159 [FXGL Background Thread 3 ] DEBUG Engine               - userAppClass: class softwaredesign.Main
09:56:15.159 [FXGL Background Thread 3 ] DEBUG Engine               - version: 0.0
09:56:15.159 [FXGL Background Thread 3 ] DEBUG Engine               - versionCheckDays: 7
09:56:15.159 [FXGL Background Thread 3 ] DEBUG Engine               - width: 800
09:56:15.159 [FXGL Background Thread 3 ] DEBUG Engine               - Logging services
09:56:15.159 [FXGL Background Thread 3 ] DEBUG Engine               - class com.almasb.fxgl.app.services.FXGLAssetLoaderService
09:56:15.159 [FXGL Background Thread 3 ] DEBUG Engine               - class com.almasb.fxgl.app.FXGLApplication$GameApplicationService
09:56:15.160 [FXGL Background Thread 3 ] DEBUG Engine               - class com.almasb.fxgl.app.services.FXGLDialogService
09:56:15.160 [FXGL Background Thread 3 ] DEBUG Engine               - class com.almasb.fxgl.app.services.IOTaskExecutorService
09:56:15.160 [FXGL Background Thread 3 ] DEBUG Engine               - class com.almasb.fxgl.io.FileSystemService
09:56:15.160 [FXGL Background Thread 3 ] DEBUG Engine               - class com.almasb.fxgl.localization.LocalizationService
09:56:15.160 [FXGL Background Thread 3 ] DEBUG Engine               - class com.almasb.fxgl.app.services.SystemBundleService
09:56:15.160 [FXGL Background Thread 3 ] DEBUG Engine               - class com.almasb.fxgl.profile.SaveLoadService
09:56:15.160 [FXGL Background Thread 3 ] DEBUG Engine               - class com.almasb.fxgl.ui.FXGLUIFactoryServiceProvider
09:56:15.160 [FXGL Background Thread 3 ] DEBUG Engine               - class com.almasb.fxgl.ui.FXGLDialogFactoryServiceProvider
09:56:15.161 [FXGL Background Thread 3 ] DEBUG Engine               - class com.almasb.fxgl.audio.AudioPlayer
09:56:15.161 [FXGL Background Thread 3 ] DEBUG Engine               - class com.almasb.fxgl.notification.impl.NotificationServiceProvider
09:56:15.161 [FXGL Background Thread 3 ] DEBUG Engine               - class com.almasb.fxgl.achievement.AchievementService
09:56:15.161 [FXGL Background Thread 3 ] DEBUG Engine               - class com.almasb.fxgl.cutscene.CutsceneService
09:56:15.161 [FXGL Background Thread 3 ] DEBUG Engine               - class com.almasb.fxgl.minigames.MiniGameService
09:56:15.161 [FXGL Background Thread 3 ] DEBUG Engine               - class com.almasb.fxgl.net.NetService
09:56:15.161 [FXGL Background Thread 3 ] DEBUG Engine               - class com.almasb.fxgl.app.services.UpdaterService
09:56:15.161 [FXGL Background Thread 3 ] DEBUG Engine               - class com.almasb.fxgl.dev.DevService
09:56:20.499 [JavaFX Application Thread] DEBUG FXGLApplication      - Exiting FXGL
09:56:20.500 [JavaFX Application Thread] DEBUG LoopRunner           - Stopping loop
09:56:20.500 [JavaFX Application Thread] DEBUG SystemBundleService  - Saving FXGL system data
09:56:20.501 [JavaFX Application Thread] DEBUG FileSystemAccess     - Writing to: C:\Users\lotca\Desktop\software-design-vu\system\fxgl.bundle
09:56:20.502 [JavaFX Application Thread] DEBUG Async                - Shutting down background threads
09:56:20.503 [JavaFX Application Thread] DEBUG PrimaryStageWindow   - Closing main window
09:56:20.515 [JavaFX Application Thread] DEBUG Logger               - Closing Logger
