16:03:30.339 [main                     ] DEBUG Logger               - Configured Logger
16:03:30.357 [main                     ] DEBUG GameApplication      - Logging settings
Title: Office Pets
Version: 0.0
Width: 512
Height: 592
Fullscreen: false
Intro: false
Profiling: false
Single step:false
App Mode: DEVELOPER
Menu Key: ESCAPE
Stage Style: DECORATED
Scene Factory: class com.almasb.fxgl.app.scene.SceneFactory

16:03:31.007 [JavaFX Application Thread] DEBUG FXGLApplication      - Initializing FXGL
16:03:31.010 [JavaFX Application Thread] INFO  Engine               - FXGL-11.17 (16.07.2021 15.46) on WINDOWS (J:11.0.18 FX:19)
16:03:31.011 [JavaFX Application Thread] DEBUG Engine               - JRE Vendor Name: Eclipse Adoptium
16:03:31.011 [JavaFX Application Thread] DEBUG Engine               - Running on OS: Windows 10 version 10.0
16:03:31.011 [JavaFX Application Thread] DEBUG Engine               - Architecture: amd64
16:03:31.011 [JavaFX Application Thread] INFO  Engine               - Source code and latest versions at: https://github.com/AlmasB/FXGL
16:03:31.011 [JavaFX Application Thread] INFO  Engine               -              Join the FXGL chat at: https://gitter.im/AlmasB/FXGL
16:03:31.152 [JavaFX Application Thread] DEBUG PrimaryStageWindow   - Creating a JavaFX scene
16:03:31.212 [JavaFX Application Thread] DEBUG PrimaryStageWindow   - Target settings size: 512.0 x 592.0
16:03:31.212 [JavaFX Application Thread] DEBUG PrimaryStageWindow   - Scaled scene size:    512.0 x 592.0
16:03:31.212 [JavaFX Application Thread] DEBUG PrimaryStageWindow   - Scaled ratio: (1.0, 1.0)
16:03:31.213 [JavaFX Application Thread] DEBUG PrimaryStageWindow   - Set initial scene to FXGLStartupScene
16:03:31.216 [JavaFX Application Thread] DEBUG PrimaryStageWindow   - Opening main window
16:03:31.317 [JavaFX Application Thread] DEBUG PrimaryStageWindow   - Window border size: (16.0, 39.0)
16:03:31.318 [JavaFX Application Thread] DEBUG PrimaryStageWindow   - Scaled size: 512.0 x 592.0
16:03:31.318 [JavaFX Application Thread] DEBUG PrimaryStageWindow   - Scaled ratio: (1.0, 1.0)
16:03:31.318 [JavaFX Application Thread] DEBUG PrimaryStageWindow   - Scene size: 512.0 x 592.0
16:03:31.318 [JavaFX Application Thread] DEBUG PrimaryStageWindow   - Stage size: 528.0 x 631.0
16:03:31.326 [FXGL Background Thread 1 ] DEBUG Engine               - Initializing environment variables
16:03:31.399 [FXGL Background Thread 1 ] DEBUG FXGLAssetLoaderServi - User app class for loading assets: class softwaredesign.Main
16:03:31.399 [FXGL Background Thread 1 ] DEBUG GameApplicationServi - Applying CSS: fxgl_dark.css
16:03:31.400 [FXGL Background Thread 1 ] DEBUG FXGLAssetLoaderServi - Loading from file system: jar:file:/C:/Users/lotca/.gradle/caches/modules-2/files-2.1/com.github.almasb/fxgl/11.17/206906ee5d1b948952e85fe43e36ee9a9a6dea00/fxgl-11.17.jar!/fxglassets/ui/css/fxgl_dark.css
16:03:31.448 [FXGL Background Thread 1 ] DEBUG GameApplicationServi - Initializing application scenes
16:03:31.507 [FXGL Background Thread 1 ] DEBUG GameWorld            - Game world initialized
16:03:31.586 [FXGL Background Thread 1 ] DEBUG PhysicsWorld         - Physics world initialized: appHeight=592, physics.ppm=50.0
16:03:31.587 [FXGL Background Thread 1 ] DEBUG PhysicsWorld         - Using strategy: BRUTE_FORCE
16:03:31.590 [FXGL Background Thread 1 ] DEBUG GameScene            - Game scene initialized: 512x592
16:03:31.610 [FXGL Background Thread 1 ] WARN  FXGL.DefaultMenu     - FXGLDefaultMenu is not designed for resolutions < 800x600
16:03:31.610 [FXGL Background Thread 1 ] DEBUG FXGL.DefaultMenu     - createMenuBodyGameMenu()
16:03:31.638 [FXGL Background Thread 1 ] DEBUG FXGL.DefaultMenu     - createOptionsMenu()
16:03:31.654 [FXGL Background Thread 1 ] DEBUG FXGLAssetLoaderServi - Loading from file system: jar:file:/C:/Users/lotca/.gradle/caches/modules-2/files-2.1/com.github.almasb/fxgl/11.17/206906ee5d1b948952e85fe43e36ee9a9a6dea00/fxgl-11.17.jar!/fxglassets/textures/particles/smoke.png
16:03:31.760 [FXGL Background Thread 1 ] DEBUG FXGLAssetLoaderServi - Loading from file system: jar:file:/C:/Users/lotca/.gradle/caches/modules-2/files-2.1/com.github.almasb/fxgl/11.17/206906ee5d1b948952e85fe43e36ee9a9a6dea00/fxgl-11.17.jar!/fxglassets/textures/particles/trace_horizontal.png
16:03:31.800 [FXGL Background Thread 1 ] DEBUG GameApplicationServi - Application scenes initialized
16:03:31.812 [FXGL Background Thread 1 ] DEBUG SystemBundleService  - Loading FXGL system data
16:03:31.816 [FXGL Background Thread 1 ] DEBUG FileSystemAccess     - Reading from: C:\Users\lotca\Desktop\software-design-vu\system\fxgl.bundle
16:03:31.820 [FXGL Background Thread 1 ] DEBUG SystemBundleService  - Bundle FXGL: {}
16:03:31.821 [FXGL Background Thread 1 ] DEBUG UpdaterService       - Checking for updates
16:03:31.824 [FXGL Background Thread 4 ] DEBUG FXGLApplication      - Loading fonts
16:03:31.825 [FXGL Background Thread 4 ] DEBUG FXGLAssetLoaderServi - Loading from file system: jar:file:/C:/Users/lotca/.gradle/caches/modules-2/files-2.1/com.github.almasb/fxgl/11.17/206906ee5d1b948952e85fe43e36ee9a9a6dea00/fxgl-11.17.jar!/fxglassets/ui/fonts/VarelaRound-Regular.ttf
16:03:31.825 [FXGL Background Thread 1 ] DEBUG FXGLApplication      - Loading default localization
16:03:31.826 [FXGL Background Thread 1 ] DEBUG FXGLAssetLoaderServi - Loading from file system: jar:file:/C:/Users/lotca/.gradle/caches/modules-2/files-2.1/com.github.almasb/fxgl/11.17/206906ee5d1b948952e85fe43e36ee9a9a6dea00/fxgl-11.17.jar!/fxglassets/languages/english.lang
16:03:31.852 [FXGL Background Thread 1 ] INFO  FXGLApplication      - FXGL initialization took: 0.526 sec
16:03:31.853 [JavaFX Application Thread] DEBUG FXGLAssetLoaderServi - Loading from file system: jar:file:/C:/Users/lotca/.gradle/caches/modules-2/files-2.1/com.github.almasb/fxgl/11.17/206906ee5d1b948952e85fe43e36ee9a9a6dea00/fxgl-11.17.jar!/fxglassets/textures/fxgl_icon.png
16:03:31.898 [JavaFX Application Thread] DEBUG FXGLAssetLoaderServi - Loading from file system: jar:file:/C:/Users/lotca/.gradle/caches/modules-2/files-2.1/com.github.almasb/fxgl/11.17/206906ee5d1b948952e85fe43e36ee9a9a6dea00/fxgl-11.17.jar!/fxglassets/textures/fxgl_default_cursor.png
16:03:31.926 [JavaFX Application Thread] DEBUG Input                - Registered new binding: Screenshot - CTRL+8
16:03:31.927 [JavaFX Application Thread] DEBUG Input                - Registered new binding: System info dump - CTRL+9
16:03:31.928 [JavaFX Application Thread] DEBUG Input                - Registered new binding: Restart - CTRL+R
16:03:31.930 [JavaFX Application Thread] DEBUG Input                - Registered new binding: Toggle Debug Camera - CTRL+C
16:03:31.932 [JavaFX Application Thread] DEBUG LoopRunner           - Starting loop
16:03:31.934 [JavaFX Application Thread] DEBUG LoopRunner           - Initializing JavaFX AnimationTimerLoop
16:03:31.936 [JavaFX Application Thread] DEBUG GameApplicationServi - Starting new game
16:03:31.937 [JavaFX Application Thread] DEBUG Input                - Clearing active input actions
16:03:31.955 [JavaFX Application Thread] DEBUG GameApplicationServi - Removing overlay from FXGLStartupScene and adding to FXGLLoadingScene
16:03:31.955 [JavaFX Application Thread] DEBUG PrimaryStageWindow   - FXGLStartupScene -> FXGLLoadingScene
16:03:31.955 [JavaFX Application Thread] DEBUG GameApplicationServi - Clearing previous game
16:03:31.955 [JavaFX Application Thread] DEBUG GameScene            - Clearing game scene
16:03:31.955 [JavaFX Application Thread] DEBUG GameWorld            - Clearing game world
16:03:31.956 [JavaFX Application Thread] DEBUG PhysicsWorld         - Clearing physics world
16:03:31.957 [FXGL Background Thread 1 ] DEBUG FXGLApplication      - Initializing game
16:03:31.966 [FXGL Background Thread 1 ] DEBUG FXGLAssetLoaderServi - Loading from file system: file:/C:/Users/lotca/Desktop/software-design-vu/build/resources/main/assets/textures/kipIdle.png
16:03:32.002 [FXGL Background Thread 1 ] INFO  FXGLApplication      - Game initialization took: 0.044 sec
16:03:32.035 [JavaFX Application Thread] DEBUG Input                - Clearing active input actions
16:03:32.058 [JavaFX Application Thread] DEBUG GameApplicationServi - Removing overlay from FXGLLoadingScene and adding to GameScene
16:03:32.058 [JavaFX Application Thread] DEBUG PrimaryStageWindow   - FXGLLoadingScene -> GameScene
16:03:32.308 [FXGL Background Thread 4 ] DEBUG FXGLAssetLoaderServi - Loading from file system: jar:file:/C:/Users/lotca/.gradle/caches/modules-2/files-2.1/com.github.almasb/fxgl/11.17/206906ee5d1b948952e85fe43e36ee9a9a6dea00/fxgl-11.17.jar!/fxglassets/ui/fonts/Abel-Regular.ttf
16:03:32.312 [FXGL Background Thread 4 ] DEBUG FXGLAssetLoaderServi - Loading from file system: jar:file:/C:/Users/lotca/.gradle/caches/modules-2/files-2.1/com.github.almasb/fxgl/11.17/206906ee5d1b948952e85fe43e36ee9a9a6dea00/fxgl-11.17.jar!/fxglassets/ui/fonts/lucida_console.ttf
16:03:32.318 [FXGL Background Thread 4 ] DEBUG FXGLAssetLoaderServi - Loading from file system: jar:file:/C:/Users/lotca/.gradle/caches/modules-2/files-2.1/com.github.almasb/fxgl/11.17/206906ee5d1b948952e85fe43e36ee9a9a6dea00/fxgl-11.17.jar!/fxglassets/ui/fonts/Courier-Prime.ttf
16:03:32.323 [JavaFX Application Thread] DEBUG FXGLApplication      - Registering font factories with UI factory
16:03:32.496 [FXGL Background Thread 2 ] INFO  UpdaterService       - Your current version:  11.17
16:03:32.496 [FXGL Background Thread 2 ] INFO  UpdaterService       - Latest stable version: 17.2
16:03:34.761 [JavaFX Application Thread] DEBUG FXGLApplication      - Exiting FXGL
16:03:34.761 [JavaFX Application Thread] DEBUG LoopRunner           - Stopping loop
16:03:34.761 [JavaFX Application Thread] DEBUG SystemBundleService  - Saving FXGL system data
16:03:34.764 [JavaFX Application Thread] DEBUG FileSystemAccess     - Writing to: C:\Users\lotca\Desktop\software-design-vu\system\fxgl.bundle
16:03:34.767 [JavaFX Application Thread] DEBUG Async                - Shutting down background threads
16:03:34.767 [JavaFX Application Thread] DEBUG PrimaryStageWindow   - Closing main window
16:03:34.783 [JavaFX Application Thread] DEBUG Logger               - Closing Logger
