16:03:02.147 [main                     ] DEBUG Logger               - Configured Logger
16:03:02.165 [main                     ] DEBUG GameApplication      - Logging settings
Title: Office Pets
Version: 0.0
Width: 512
Height: 592
Fullscreen: false
Intro: false
Profiling: false
Single step:false
App Mode: DEVELOPER
Menu Key: ESCAPE
Stage Style: DECORATED
Scene Factory: class com.almasb.fxgl.app.scene.SceneFactory

16:03:02.822 [JavaFX Application Thread] DEBUG FXGLApplication      - Initializing FXGL
16:03:02.825 [JavaFX Application Thread] INFO  Engine               - FXGL-11.17 (16.07.2021 15.46) on WINDOWS (J:11.0.18 FX:19)
16:03:02.826 [JavaFX Application Thread] DEBUG Engine               - JRE Vendor Name: Eclipse Adoptium
16:03:02.826 [JavaFX Application Thread] DEBUG Engine               - Running on OS: Windows 10 version 10.0
16:03:02.826 [JavaFX Application Thread] DEBUG Engine               - Architecture: amd64
16:03:02.826 [JavaFX Application Thread] INFO  Engine               - Source code and latest versions at: https://github.com/AlmasB/FXGL
16:03:02.826 [JavaFX Application Thread] INFO  Engine               -              Join the FXGL chat at: https://gitter.im/AlmasB/FXGL
16:03:02.970 [JavaFX Application Thread] DEBUG PrimaryStageWindow   - Creating a JavaFX scene
16:03:03.032 [JavaFX Application Thread] DEBUG PrimaryStageWindow   - Target settings size: 512.0 x 592.0
16:03:03.032 [JavaFX Application Thread] DEBUG PrimaryStageWindow   - Scaled scene size:    512.0 x 592.0
16:03:03.032 [JavaFX Application Thread] DEBUG PrimaryStageWindow   - Scaled ratio: (1.0, 1.0)
16:03:03.033 [JavaFX Application Thread] DEBUG PrimaryStageWindow   - Set initial scene to FXGLStartupScene
16:03:03.036 [JavaFX Application Thread] DEBUG PrimaryStageWindow   - Opening main window
16:03:03.145 [JavaFX Application Thread] DEBUG PrimaryStageWindow   - Window border size: (16.0, 39.0)
16:03:03.145 [JavaFX Application Thread] DEBUG PrimaryStageWindow   - Scaled size: 512.0 x 592.0
16:03:03.145 [JavaFX Application Thread] DEBUG PrimaryStageWindow   - Scaled ratio: (1.0, 1.0)
16:03:03.145 [JavaFX Application Thread] DEBUG PrimaryStageWindow   - Scene size: 512.0 x 592.0
16:03:03.146 [JavaFX Application Thread] DEBUG PrimaryStageWindow   - Stage size: 528.0 x 631.0
16:03:03.153 [FXGL Background Thread 1 ] DEBUG Engine               - Initializing environment variables
16:03:03.218 [FXGL Background Thread 1 ] DEBUG FXGLAssetLoaderServi - User app class for loading assets: class softwaredesign.Main
16:03:03.218 [FXGL Background Thread 1 ] DEBUG GameApplicationServi - Applying CSS: fxgl_dark.css
16:03:03.219 [FXGL Background Thread 1 ] DEBUG FXGLAssetLoaderServi - Loading from file system: jar:file:/C:/Users/lotca/.gradle/caches/modules-2/files-2.1/com.github.almasb/fxgl/11.17/206906ee5d1b948952e85fe43e36ee9a9a6dea00/fxgl-11.17.jar!/fxglassets/ui/css/fxgl_dark.css
16:03:03.264 [FXGL Background Thread 1 ] DEBUG GameApplicationServi - Initializing application scenes
16:03:03.326 [FXGL Background Thread 1 ] DEBUG GameWorld            - Game world initialized
16:03:03.401 [FXGL Background Thread 1 ] DEBUG PhysicsWorld         - Physics world initialized: appHeight=592, physics.ppm=50.0
16:03:03.402 [FXGL Background Thread 1 ] DEBUG PhysicsWorld         - Using strategy: BRUTE_FORCE
16:03:03.405 [FXGL Background Thread 1 ] DEBUG GameScene            - Game scene initialized: 512x592
16:03:03.417 [FXGL Background Thread 1 ] WARN  FXGL.DefaultMenu     - FXGLDefaultMenu is not designed for resolutions < 800x600
16:03:03.417 [FXGL Background Thread 1 ] DEBUG FXGL.DefaultMenu     - createMenuBodyGameMenu()
16:03:03.445 [FXGL Background Thread 1 ] DEBUG FXGL.DefaultMenu     - createOptionsMenu()
16:03:03.457 [FXGL Background Thread 1 ] DEBUG FXGLAssetLoaderServi - Loading from file system: jar:file:/C:/Users/lotca/.gradle/caches/modules-2/files-2.1/com.github.almasb/fxgl/11.17/206906ee5d1b948952e85fe43e36ee9a9a6dea00/fxgl-11.17.jar!/fxglassets/textures/particles/smoke.png
16:03:03.561 [FXGL Background Thread 1 ] DEBUG FXGLAssetLoaderServi - Loading from file system: jar:file:/C:/Users/lotca/.gradle/caches/modules-2/files-2.1/com.github.almasb/fxgl/11.17/206906ee5d1b948952e85fe43e36ee9a9a6dea00/fxgl-11.17.jar!/fxglassets/textures/particles/trace_horizontal.png
16:03:03.583 [FXGL Background Thread 1 ] DEBUG GameApplicationServi - Application scenes initialized
16:03:03.594 [FXGL Background Thread 1 ] DEBUG SystemBundleService  - Loading FXGL system data
16:03:03.597 [FXGL Background Thread 1 ] DEBUG FileSystemAccess     - Reading from: C:\Users\lotca\Desktop\software-design-vu\system\fxgl.bundle
16:03:03.602 [FXGL Background Thread 1 ] DEBUG SystemBundleService  - Bundle FXGL: {}
16:03:03.602 [FXGL Background Thread 1 ] DEBUG UpdaterService       - Checking for updates
16:03:03.606 [FXGL Background Thread 4 ] DEBUG FXGLApplication      - Loading fonts
16:03:03.606 [FXGL Background Thread 4 ] DEBUG FXGLAssetLoaderServi - Loading from file system: jar:file:/C:/Users/lotca/.gradle/caches/modules-2/files-2.1/com.github.almasb/fxgl/11.17/206906ee5d1b948952e85fe43e36ee9a9a6dea00/fxgl-11.17.jar!/fxglassets/ui/fonts/VarelaRound-Regular.ttf
16:03:03.606 [FXGL Background Thread 1 ] DEBUG FXGLApplication      - Loading default localization
16:03:03.607 [FXGL Background Thread 1 ] DEBUG FXGLAssetLoaderServi - Loading from file system: jar:file:/C:/Users/lotca/.gradle/caches/modules-2/files-2.1/com.github.almasb/fxgl/11.17/206906ee5d1b948952e85fe43e36ee9a9a6dea00/fxgl-11.17.jar!/fxglassets/languages/english.lang
16:03:03.636 [FXGL Background Thread 1 ] INFO  FXGLApplication      - FXGL initialization took: 0.482 sec
16:03:03.637 [JavaFX Application Thread] DEBUG FXGLAssetLoaderServi - Loading from file system: jar:file:/C:/Users/lotca/.gradle/caches/modules-2/files-2.1/com.github.almasb/fxgl/11.17/206906ee5d1b948952e85fe43e36ee9a9a6dea00/fxgl-11.17.jar!/fxglassets/textures/fxgl_icon.png
16:03:03.665 [JavaFX Application Thread] DEBUG FXGLAssetLoaderServi - Loading from file system: jar:file:/C:/Users/lotca/.gradle/caches/modules-2/files-2.1/com.github.almasb/fxgl/11.17/206906ee5d1b948952e85fe43e36ee9a9a6dea00/fxgl-11.17.jar!/fxglassets/textures/fxgl_default_cursor.png
16:03:03.688 [JavaFX Application Thread] DEBUG Input                - Registered new binding: Screenshot - CTRL+8
16:03:03.689 [JavaFX Application Thread] DEBUG Input                - Registered new binding: System info dump - CTRL+9
16:03:03.690 [JavaFX Application Thread] DEBUG Input                - Registered new binding: Restart - CTRL+R
16:03:03.690 [JavaFX Application Thread] DEBUG Input                - Registered new binding: Toggle Debug Camera - CTRL+C
16:03:03.696 [JavaFX Application Thread] DEBUG LoopRunner           - Starting loop
16:03:03.696 [JavaFX Application Thread] DEBUG LoopRunner           - Initializing JavaFX AnimationTimerLoop
16:03:03.699 [JavaFX Application Thread] DEBUG GameApplicationServi - Starting new game
16:03:03.700 [JavaFX Application Thread] DEBUG Input                - Clearing active input actions
16:03:03.712 [JavaFX Application Thread] DEBUG GameApplicationServi - Removing overlay from FXGLStartupScene and adding to FXGLLoadingScene
16:03:03.712 [JavaFX Application Thread] DEBUG PrimaryStageWindow   - FXGLStartupScene -> FXGLLoadingScene
16:03:03.712 [JavaFX Application Thread] DEBUG GameApplicationServi - Clearing previous game
16:03:03.712 [JavaFX Application Thread] DEBUG GameScene            - Clearing game scene
16:03:03.712 [JavaFX Application Thread] DEBUG GameWorld            - Clearing game world
16:03:03.712 [JavaFX Application Thread] DEBUG PhysicsWorld         - Clearing physics world
16:03:03.713 [FXGL Background Thread 1 ] DEBUG FXGLApplication      - Initializing game
16:03:03.720 [FXGL Background Thread 1 ] DEBUG FXGLAssetLoaderServi - Loading from file system: file:/C:/Users/lotca/Desktop/software-design-vu/build/resources/main/assets/textures/kipIdle.png
16:03:03.745 [FXGL Background Thread 1 ] INFO  FXGLApplication      - Game initialization took: 0.032 sec
16:03:03.790 [JavaFX Application Thread] DEBUG Input                - Clearing active input actions
16:03:03.817 [JavaFX Application Thread] DEBUG GameApplicationServi - Removing overlay from FXGLLoadingScene and adding to GameScene
16:03:03.817 [JavaFX Application Thread] DEBUG PrimaryStageWindow   - FXGLLoadingScene -> GameScene
16:03:04.020 [FXGL Background Thread 4 ] DEBUG FXGLAssetLoaderServi - Loading from file system: jar:file:/C:/Users/lotca/.gradle/caches/modules-2/files-2.1/com.github.almasb/fxgl/11.17/206906ee5d1b948952e85fe43e36ee9a9a6dea00/fxgl-11.17.jar!/fxglassets/ui/fonts/Abel-Regular.ttf
16:03:04.024 [FXGL Background Thread 4 ] DEBUG FXGLAssetLoaderServi - Loading from file system: jar:file:/C:/Users/lotca/.gradle/caches/modules-2/files-2.1/com.github.almasb/fxgl/11.17/206906ee5d1b948952e85fe43e36ee9a9a6dea00/fxgl-11.17.jar!/fxglassets/ui/fonts/lucida_console.ttf
16:03:04.029 [FXGL Background Thread 4 ] DEBUG FXGLAssetLoaderServi - Loading from file system: jar:file:/C:/Users/lotca/.gradle/caches/modules-2/files-2.1/com.github.almasb/fxgl/11.17/206906ee5d1b948952e85fe43e36ee9a9a6dea00/fxgl-11.17.jar!/fxglassets/ui/fonts/Courier-Prime.ttf
16:03:04.037 [JavaFX Application Thread] DEBUG FXGLApplication      - Registering font factories with UI factory
16:03:04.200 [FXGL Background Thread 2 ] INFO  UpdaterService       - Your current version:  11.17
16:03:04.200 [FXGL Background Thread 2 ] INFO  UpdaterService       - Latest stable version: 17.2
16:03:06.605 [FXGL Background Thread 3 ] DEBUG Engine               - Logging environment variables
16:03:06.605 [FXGL Background Thread 3 ] DEBUG Engine               - achievements: []
16:03:06.605 [FXGL Background Thread 3 ] DEBUG Engine               - actualHeight: 592.0
16:03:06.606 [FXGL Background Thread 3 ] DEBUG Engine               - actualHeightProperty: ReadOnlyDoubleProperty [value: 592.0]
16:03:06.606 [FXGL Background Thread 3 ] DEBUG Engine               - actualWidth: 512.0
16:03:06.606 [FXGL Background Thread 3 ] DEBUG Engine               - actualWidthProperty: ReadOnlyDoubleProperty [value: 512.0]
16:03:06.606 [FXGL Background Thread 3 ] DEBUG Engine               - appIcon: fxgl_icon.png
16:03:06.606 [FXGL Background Thread 3 ] DEBUG Engine               - applicationMode: DEVELOPER
16:03:06.606 [FXGL Background Thread 3 ] DEBUG Engine               - cSSList: [fxgl_dark.css]
16:03:06.606 [FXGL Background Thread 3 ] DEBUG Engine               - collisionDetectionStrategy: BRUTE_FORCE
16:03:06.606 [FXGL Background Thread 3 ] DEBUG Engine               - configClass: Optional.empty
16:03:06.606 [FXGL Background Thread 3 ] DEBUG Engine               - credits: []
16:03:06.606 [FXGL Background Thread 3 ] DEBUG Engine               - defaultCursor: CursorInfo(imageName=fxgl_default_cursor.png, hotspotX=7.0, hotspotY=6.0)
16:03:06.606 [FXGL Background Thread 3 ] DEBUG Engine               - devBBoxColorProperty: ObjectProperty [value: 0xff0000ff]
16:03:06.606 [FXGL Background Thread 3 ] DEBUG Engine               - devEnableDebugCameraProperty: BooleanProperty [value: false]
16:03:06.606 [FXGL Background Thread 3 ] DEBUG Engine               - devSensorColorProperty: ObjectProperty [value: 0xffff00ff]
16:03:06.607 [FXGL Background Thread 3 ] DEBUG Engine               - devShowBBoxProperty: BooleanProperty [value: false]
16:03:06.607 [FXGL Background Thread 3 ] DEBUG Engine               - devShowPositionProperty: BooleanProperty [value: false]
16:03:06.607 [FXGL Background Thread 3 ] DEBUG Engine               - enabledMenuItems: []
16:03:06.607 [FXGL Background Thread 3 ] DEBUG Engine               - engineServices: [class com.almasb.fxgl.app.services.FXGLAssetLoaderService, class com.almasb.fxgl.app.FXGLApplication$GameApplicationService, class com.almasb.fxgl.app.services.FXGLDialogService, class com.almasb.fxgl.app.services.IOTaskExecutorService, class com.almasb.fxgl.io.FileSystemService, class com.almasb.fxgl.localization.LocalizationService, class com.almasb.fxgl.app.services.SystemBundleService, class com.almasb.fxgl.profile.SaveLoadService, class com.almasb.fxgl.ui.FXGLUIFactoryServiceProvider, class com.almasb.fxgl.ui.FXGLDialogFactoryServiceProvider, class com.almasb.fxgl.audio.AudioPlayer, class com.almasb.fxgl.notification.impl.NotificationServiceProvider, class com.almasb.fxgl.achievement.AchievementService, class com.almasb.fxgl.cutscene.CutsceneService, class com.almasb.fxgl.minigames.MiniGameService, class com.almasb.fxgl.net.NetService, class com.almasb.fxgl.app.services.UpdaterService, class com.almasb.fxgl.dev.DevService]
16:03:06.607 [FXGL Background Thread 3 ] DEBUG Engine               - fontGame: Abel-Regular.ttf
16:03:06.607 [FXGL Background Thread 3 ] DEBUG Engine               - fontMono: lucida_console.ttf
16:03:06.607 [FXGL Background Thread 3 ] DEBUG Engine               - fontText: Courier-Prime.ttf
16:03:06.607 [FXGL Background Thread 3 ] DEBUG Engine               - fontUI: VarelaRound-Regular.ttf
16:03:06.607 [FXGL Background Thread 3 ] DEBUG Engine               - fullScreen: BooleanProperty [value: false]
16:03:06.607 [FXGL Background Thread 3 ] DEBUG Engine               - gameDifficulty: MEDIUM
16:03:06.607 [FXGL Background Thread 3 ] DEBUG Engine               - gameDifficultyProperty: ObjectProperty [value: MEDIUM]
16:03:06.607 [FXGL Background Thread 3 ] DEBUG Engine               - globalMusicVolume: 0.5
16:03:06.607 [FXGL Background Thread 3 ] DEBUG Engine               - globalMusicVolumeProperty: DoubleProperty [value: 0.5]
16:03:06.607 [FXGL Background Thread 3 ] DEBUG Engine               - globalSoundVolume: 0.5
16:03:06.607 [FXGL Background Thread 3 ] DEBUG Engine               - globalSoundVolumeProperty: DoubleProperty [value: 0.5]
16:03:06.607 [FXGL Background Thread 3 ] DEBUG Engine               - height: 592
16:03:06.607 [FXGL Background Thread 3 ] DEBUG Engine               - is3D: false
16:03:06.608 [FXGL Background Thread 3 ] DEBUG Engine               - isAndroid: false
16:03:06.608 [FXGL Background Thread 3 ] DEBUG Engine               - isBrowser: false
16:03:06.608 [FXGL Background Thread 3 ] DEBUG Engine               - isClickFeedbackEnabled: false
16:03:06.608 [FXGL Background Thread 3 ] DEBUG Engine               - isCloseConfirmation: false
16:03:06.608 [FXGL Background Thread 3 ] DEBUG Engine               - isDesktop: true
16:03:06.608 [FXGL Background Thread 3 ] DEBUG Engine               - isDeveloperMenuEnabled: false
16:03:06.608 [FXGL Background Thread 3 ] DEBUG Engine               - isEntityPreloadEnabled: true
16:03:06.608 [FXGL Background Thread 3 ] DEBUG Engine               - isExperimentalTiledLargeMap: false
16:03:06.608 [FXGL Background Thread 3 ] DEBUG Engine               - isFileSystemWriteAllowed: true
16:03:06.608 [FXGL Background Thread 3 ] DEBUG Engine               - isFullScreenAllowed: false
16:03:06.608 [FXGL Background Thread 3 ] DEBUG Engine               - isFullScreenFromStart: false
16:03:06.608 [FXGL Background Thread 3 ] DEBUG Engine               - isGameMenuEnabled: true
16:03:06.608 [FXGL Background Thread 3 ] DEBUG Engine               - isIOS: false
16:03:06.608 [FXGL Background Thread 3 ] DEBUG Engine               - isIntroEnabled: false
16:03:06.608 [FXGL Background Thread 3 ] DEBUG Engine               - isLinux: false
16:03:06.608 [FXGL Background Thread 3 ] DEBUG Engine               - isMac: false
16:03:06.608 [FXGL Background Thread 3 ] DEBUG Engine               - isMainMenuEnabled: false
16:03:06.608 [FXGL Background Thread 3 ] DEBUG Engine               - isManualResizeEnabled: false
16:03:06.608 [FXGL Background Thread 3 ] DEBUG Engine               - isMobile: false
16:03:06.608 [FXGL Background Thread 3 ] DEBUG Engine               - isNative: false
16:03:06.608 [FXGL Background Thread 3 ] DEBUG Engine               - isPauseMusicWhenMinimized: true
16:03:06.609 [FXGL Background Thread 3 ] DEBUG Engine               - isPreserveResizeRatio: false
16:03:06.609 [FXGL Background Thread 3 ] DEBUG Engine               - isProfilingEnabled: false
16:03:06.609 [FXGL Background Thread 3 ] DEBUG Engine               - isScaleAffectedOnResize: true
16:03:06.609 [FXGL Background Thread 3 ] DEBUG Engine               - isSingleStep: false
16:03:06.609 [FXGL Background Thread 3 ] DEBUG Engine               - isUserProfileEnabled: false
16:03:06.609 [FXGL Background Thread 3 ] DEBUG Engine               - isWindows: true
16:03:06.609 [FXGL Background Thread 3 ] DEBUG Engine               - language: ObjectProperty [value: ENGLISH]
16:03:06.609 [FXGL Background Thread 3 ] DEBUG Engine               - menuKey: ESCAPE
16:03:06.609 [FXGL Background Thread 3 ] DEBUG Engine               - mouseSensitivity: 0.2
16:03:06.609 [FXGL Background Thread 3 ] DEBUG Engine               - notificationViewClass: class com.almasb.fxgl.notification.view.XboxNotificationView
16:03:06.609 [FXGL Background Thread 3 ] DEBUG Engine               - pixelsPerMeter: 50.0
16:03:06.609 [FXGL Background Thread 3 ] DEBUG Engine               - platform: WINDOWS
16:03:06.609 [FXGL Background Thread 3 ] DEBUG Engine               - prefHeightProperty: ReadOnlyDoubleProperty [value: 592.0]
16:03:06.609 [FXGL Background Thread 3 ] DEBUG Engine               - prefWidthProperty: ReadOnlyDoubleProperty [value: 512.0]
16:03:06.609 [FXGL Background Thread 3 ] DEBUG Engine               - profileDir: profiles/
16:03:06.609 [FXGL Background Thread 3 ] DEBUG Engine               - profileName: StringProperty [value: DEFAULT]
16:03:06.609 [FXGL Background Thread 3 ] DEBUG Engine               - randomSeed: -1
16:03:06.609 [FXGL Background Thread 3 ] DEBUG Engine               - runtimeInfo: RuntimeInfo(platform=WINDOWS, version=11.17, build=16.07.2021 15.46)
16:03:06.609 [FXGL Background Thread 3 ] DEBUG Engine               - saveFileExt: sav
16:03:06.610 [FXGL Background Thread 3 ] DEBUG Engine               - scaledHeightProp$fxgl: DoubleProperty [bound, value: 592.0]
16:03:06.610 [FXGL Background Thread 3 ] DEBUG Engine               - scaledWidthProp$fxgl: DoubleProperty [bound, value: 512.0]
16:03:06.610 [FXGL Background Thread 3 ] DEBUG Engine               - sceneFactory: com.almasb.fxgl.app.scene.SceneFactory@1113f786
16:03:06.610 [FXGL Background Thread 3 ] DEBUG Engine               - secondsIn24h: 60
16:03:06.610 [FXGL Background Thread 3 ] DEBUG Engine               - soundMenuBack: menu/back.wav
16:03:06.610 [FXGL Background Thread 3 ] DEBUG Engine               - soundMenuPress: menu/press.wav
16:03:06.610 [FXGL Background Thread 3 ] DEBUG Engine               - soundMenuSelect: menu/select.wav
16:03:06.610 [FXGL Background Thread 3 ] DEBUG Engine               - soundNotification: core/notification.wav
16:03:06.610 [FXGL Background Thread 3 ] DEBUG Engine               - stageStyle: DECORATED
16:03:06.610 [FXGL Background Thread 3 ] DEBUG Engine               - supportedLanguages: [ENGLISH, FRENCH, GERMAN, HUNGARIAN, RUSSIAN]
16:03:06.610 [FXGL Background Thread 3 ] DEBUG Engine               - ticksPerSecond: -1
16:03:06.610 [FXGL Background Thread 3 ] DEBUG Engine               - title: Office Pets
16:03:06.610 [FXGL Background Thread 3 ] DEBUG Engine               - urlGithub: https://github.com/AlmasB/FXGL
16:03:06.610 [FXGL Background Thread 3 ] DEBUG Engine               - urlLeaderboard: http://fxgl-top.herokuapp.com/
16:03:06.610 [FXGL Background Thread 3 ] DEBUG Engine               - urlPOM: https://raw.githubusercontent.com/AlmasB/FXGL/release/README.md
16:03:06.610 [FXGL Background Thread 3 ] DEBUG Engine               - userAppClass: class softwaredesign.Main
16:03:06.610 [FXGL Background Thread 3 ] DEBUG Engine               - version: 0.0
16:03:06.610 [FXGL Background Thread 3 ] DEBUG Engine               - versionCheckDays: 7
16:03:06.610 [FXGL Background Thread 3 ] DEBUG Engine               - width: 512
16:03:06.610 [FXGL Background Thread 3 ] DEBUG Engine               - Logging services
16:03:06.610 [FXGL Background Thread 3 ] DEBUG Engine               - class com.almasb.fxgl.app.services.FXGLAssetLoaderService
16:03:06.611 [FXGL Background Thread 3 ] DEBUG Engine               - class com.almasb.fxgl.app.FXGLApplication$GameApplicationService
16:03:06.611 [FXGL Background Thread 3 ] DEBUG Engine               - class com.almasb.fxgl.app.services.FXGLDialogService
16:03:06.611 [FXGL Background Thread 3 ] DEBUG Engine               - class com.almasb.fxgl.app.services.IOTaskExecutorService
16:03:06.611 [FXGL Background Thread 3 ] DEBUG Engine               - class com.almasb.fxgl.io.FileSystemService
16:03:06.611 [FXGL Background Thread 3 ] DEBUG Engine               - class com.almasb.fxgl.localization.LocalizationService
16:03:06.611 [FXGL Background Thread 3 ] DEBUG Engine               - class com.almasb.fxgl.app.services.SystemBundleService
16:03:06.611 [FXGL Background Thread 3 ] DEBUG Engine               - class com.almasb.fxgl.profile.SaveLoadService
16:03:06.611 [FXGL Background Thread 3 ] DEBUG Engine               - class com.almasb.fxgl.ui.FXGLUIFactoryServiceProvider
16:03:06.611 [FXGL Background Thread 3 ] DEBUG Engine               - class com.almasb.fxgl.ui.FXGLDialogFactoryServiceProvider
16:03:06.611 [FXGL Background Thread 3 ] DEBUG Engine               - class com.almasb.fxgl.audio.AudioPlayer
16:03:06.611 [FXGL Background Thread 3 ] DEBUG Engine               - class com.almasb.fxgl.notification.impl.NotificationServiceProvider
16:03:06.611 [FXGL Background Thread 3 ] DEBUG Engine               - class com.almasb.fxgl.achievement.AchievementService
16:03:06.611 [FXGL Background Thread 3 ] DEBUG Engine               - class com.almasb.fxgl.cutscene.CutsceneService
16:03:06.611 [FXGL Background Thread 3 ] DEBUG Engine               - class com.almasb.fxgl.minigames.MiniGameService
16:03:06.611 [FXGL Background Thread 3 ] DEBUG Engine               - class com.almasb.fxgl.net.NetService
16:03:06.611 [FXGL Background Thread 3 ] DEBUG Engine               - class com.almasb.fxgl.app.services.UpdaterService
16:03:06.611 [FXGL Background Thread 3 ] DEBUG Engine               - class com.almasb.fxgl.dev.DevService
16:03:13.863 [JavaFX Application Thread] DEBUG FXGLApplication      - Exiting FXGL
16:03:13.863 [JavaFX Application Thread] DEBUG LoopRunner           - Stopping loop
16:03:13.863 [JavaFX Application Thread] DEBUG SystemBundleService  - Saving FXGL system data
16:03:13.864 [JavaFX Application Thread] DEBUG FileSystemAccess     - Writing to: C:\Users\lotca\Desktop\software-design-vu\system\fxgl.bundle
16:03:13.866 [JavaFX Application Thread] DEBUG Async                - Shutting down background threads
16:03:13.867 [JavaFX Application Thread] DEBUG PrimaryStageWindow   - Closing main window
16:03:13.881 [JavaFX Application Thread] DEBUG Logger               - Closing Logger
