11:56:46.921 [main                     ] DEBUG Logger               - Configured Logger
11:56:46.937 [main                     ] DEBUG GameApplication      - Logging settings
Title: Untitled
Version: 0.0
Width: 800
Height: 600
Fullscreen: false
Intro: false
Profiling: false
Single step:false
App Mode: DEVELOPER
Menu Key: ESCAPE
Stage Style: DECORATED
Scene Factory: class com.almasb.fxgl.app.scene.SceneFactory

11:56:47.592 [JavaFX Application Thread] DEBUG FXGLApplication      - Initializing FXGL
11:56:47.596 [JavaFX Application Thread] INFO  Engine               - FXGL-11.17 (16.07.2021 15.46) on WINDOWS (J:11.0.18 FX:19)
11:56:47.597 [JavaFX Application Thread] DEBUG Engine               - JRE Vendor Name: Eclipse Adoptium
11:56:47.597 [JavaFX Application Thread] DEBUG Engine               - Running on OS: Windows 10 version 10.0
11:56:47.597 [JavaFX Application Thread] DEBUG Engine               - Architecture: amd64
11:56:47.597 [JavaFX Application Thread] INFO  Engine               - Source code and latest versions at: https://github.com/AlmasB/FXGL
11:56:47.597 [JavaFX Application Thread] INFO  Engine               -              Join the FXGL chat at: https://gitter.im/AlmasB/FXGL
11:56:47.732 [JavaFX Application Thread] DEBUG PrimaryStageWindow   - Creating a JavaFX scene
11:56:47.794 [JavaFX Application Thread] DEBUG PrimaryStageWindow   - Target settings size: 800.0 x 600.0
11:56:47.794 [JavaFX Application Thread] DEBUG PrimaryStageWindow   - Scaled scene size:    800.0 x 600.0
11:56:47.794 [JavaFX Application Thread] DEBUG PrimaryStageWindow   - Scaled ratio: (1.0, 1.0)
11:56:47.795 [JavaFX Application Thread] DEBUG PrimaryStageWindow   - Set initial scene to FXGLStartupScene
11:56:47.801 [JavaFX Application Thread] DEBUG PrimaryStageWindow   - Opening main window
11:56:47.908 [JavaFX Application Thread] DEBUG PrimaryStageWindow   - Window border size: (16.0, 39.0)
11:56:47.908 [JavaFX Application Thread] DEBUG PrimaryStageWindow   - Scaled size: 800.0 x 600.0
11:56:47.908 [JavaFX Application Thread] DEBUG PrimaryStageWindow   - Scaled ratio: (1.0, 1.0)
11:56:47.908 [JavaFX Application Thread] DEBUG PrimaryStageWindow   - Scene size: 800.0 x 600.0
11:56:47.908 [JavaFX Application Thread] DEBUG PrimaryStageWindow   - Stage size: 816.0 x 639.0
11:56:47.920 [FXGL Background Thread 1 ] DEBUG Engine               - Initializing environment variables
11:56:48.006 [FXGL Background Thread 1 ] DEBUG FXGLAssetLoaderServi - User app class for loading assets: class softwaredesign.Main
11:56:48.006 [FXGL Background Thread 1 ] DEBUG GameApplicationServi - Applying CSS: fxgl_dark.css
11:56:48.007 [FXGL Background Thread 1 ] DEBUG FXGLAssetLoaderServi - Loading from file system: jar:file:/C:/Users/lotca/.gradle/caches/modules-2/files-2.1/com.github.almasb/fxgl/11.17/206906ee5d1b948952e85fe43e36ee9a9a6dea00/fxgl-11.17.jar!/fxglassets/ui/css/fxgl_dark.css
11:56:48.065 [FXGL Background Thread 1 ] DEBUG GameApplicationServi - Initializing application scenes
11:56:48.106 [FXGL Background Thread 1 ] DEBUG GameWorld            - Game world initialized
11:56:48.174 [FXGL Background Thread 1 ] DEBUG PhysicsWorld         - Physics world initialized: appHeight=600, physics.ppm=50.0
11:56:48.175 [FXGL Background Thread 1 ] DEBUG PhysicsWorld         - Using strategy: BRUTE_FORCE
11:56:48.177 [FXGL Background Thread 1 ] DEBUG GameScene            - Game scene initialized: 800x600
11:56:48.194 [FXGL Background Thread 1 ] DEBUG FXGL.DefaultMenu     - createMenuBodyGameMenu()
11:56:48.216 [FXGL Background Thread 1 ] DEBUG FXGL.DefaultMenu     - createOptionsMenu()
11:56:48.226 [FXGL Background Thread 1 ] DEBUG FXGLAssetLoaderServi - Loading from file system: jar:file:/C:/Users/lotca/.gradle/caches/modules-2/files-2.1/com.github.almasb/fxgl/11.17/206906ee5d1b948952e85fe43e36ee9a9a6dea00/fxgl-11.17.jar!/fxglassets/textures/particles/smoke.png
11:56:48.323 [FXGL Background Thread 1 ] DEBUG FXGLAssetLoaderServi - Loading from file system: jar:file:/C:/Users/lotca/.gradle/caches/modules-2/files-2.1/com.github.almasb/fxgl/11.17/206906ee5d1b948952e85fe43e36ee9a9a6dea00/fxgl-11.17.jar!/fxglassets/textures/particles/trace_horizontal.png
11:56:48.343 [FXGL Background Thread 1 ] DEBUG GameApplicationServi - Application scenes initialized
11:56:48.353 [FXGL Background Thread 1 ] DEBUG SystemBundleService  - Loading FXGL system data
11:56:48.356 [FXGL Background Thread 1 ] DEBUG FileSystemAccess     - Reading from: C:\Users\lotca\Desktop\software-design-vu\system\fxgl.bundle
11:56:48.360 [FXGL Background Thread 1 ] DEBUG SystemBundleService  - Bundle FXGL: {}
11:56:48.360 [FXGL Background Thread 1 ] DEBUG UpdaterService       - Checking for updates
11:56:48.364 [FXGL Background Thread 4 ] DEBUG FXGLApplication      - Loading fonts
11:56:48.364 [FXGL Background Thread 1 ] DEBUG FXGLApplication      - Loading default localization
11:56:48.364 [FXGL Background Thread 4 ] DEBUG FXGLAssetLoaderServi - Loading from file system: jar:file:/C:/Users/lotca/.gradle/caches/modules-2/files-2.1/com.github.almasb/fxgl/11.17/206906ee5d1b948952e85fe43e36ee9a9a6dea00/fxgl-11.17.jar!/fxglassets/ui/fonts/VarelaRound-Regular.ttf
11:56:48.366 [FXGL Background Thread 1 ] DEBUG FXGLAssetLoaderServi - Loading from file system: jar:file:/C:/Users/lotca/.gradle/caches/modules-2/files-2.1/com.github.almasb/fxgl/11.17/206906ee5d1b948952e85fe43e36ee9a9a6dea00/fxgl-11.17.jar!/fxglassets/languages/english.lang
11:56:48.394 [FXGL Background Thread 1 ] INFO  FXGLApplication      - FXGL initialization took: 0.474 sec
11:56:48.396 [JavaFX Application Thread] DEBUG FXGLAssetLoaderServi - Loading from file system: jar:file:/C:/Users/lotca/.gradle/caches/modules-2/files-2.1/com.github.almasb/fxgl/11.17/206906ee5d1b948952e85fe43e36ee9a9a6dea00/fxgl-11.17.jar!/fxglassets/textures/fxgl_icon.png
11:56:48.427 [JavaFX Application Thread] DEBUG FXGLAssetLoaderServi - Loading from file system: jar:file:/C:/Users/lotca/.gradle/caches/modules-2/files-2.1/com.github.almasb/fxgl/11.17/206906ee5d1b948952e85fe43e36ee9a9a6dea00/fxgl-11.17.jar!/fxglassets/textures/fxgl_default_cursor.png
11:56:48.449 [JavaFX Application Thread] DEBUG Input                - Registered new binding: Screenshot - CTRL+8
11:56:48.449 [JavaFX Application Thread] DEBUG Input                - Registered new binding: System info dump - CTRL+9
11:56:48.450 [JavaFX Application Thread] DEBUG Input                - Registered new binding: Restart - CTRL+R
11:56:48.451 [JavaFX Application Thread] DEBUG Input                - Registered new binding: Toggle Debug Camera - CTRL+C
11:56:48.454 [JavaFX Application Thread] DEBUG LoopRunner           - Starting loop
11:56:48.454 [JavaFX Application Thread] DEBUG LoopRunner           - Initializing JavaFX AnimationTimerLoop
11:56:48.457 [JavaFX Application Thread] DEBUG GameApplicationServi - Starting new game
11:56:48.457 [JavaFX Application Thread] DEBUG Input                - Clearing active input actions
11:56:48.469 [JavaFX Application Thread] DEBUG GameApplicationServi - Removing overlay from FXGLStartupScene and adding to FXGLLoadingScene
11:56:48.469 [JavaFX Application Thread] DEBUG PrimaryStageWindow   - FXGLStartupScene -> FXGLLoadingScene
11:56:48.470 [JavaFX Application Thread] DEBUG GameApplicationServi - Clearing previous game
11:56:48.470 [JavaFX Application Thread] DEBUG GameScene            - Clearing game scene
11:56:48.470 [JavaFX Application Thread] DEBUG GameWorld            - Clearing game world
11:56:48.470 [JavaFX Application Thread] DEBUG PhysicsWorld         - Clearing physics world
11:56:48.471 [FXGL Background Thread 1 ] DEBUG FXGLApplication      - Initializing game
11:56:48.479 [FXGL Background Thread 1 ] DEBUG FXGLAssetLoaderServi - Loading from file system: file:/C:/Users/lotca/Desktop/software-design-vu/build/resources/main/assets/textures/kipIdle.png
11:56:48.499 [FXGL Background Thread 1 ] INFO  FXGLApplication      - Game initialization took: 0.028 sec
11:56:48.536 [JavaFX Application Thread] DEBUG Input                - Clearing active input actions
11:56:48.543 [JavaFX Application Thread] DEBUG GameApplicationServi - Removing overlay from FXGLLoadingScene and adding to GameScene
11:56:48.544 [JavaFX Application Thread] DEBUG PrimaryStageWindow   - FXGLLoadingScene -> GameScene
11:56:48.754 [FXGL Background Thread 4 ] DEBUG FXGLAssetLoaderServi - Loading from file system: jar:file:/C:/Users/lotca/.gradle/caches/modules-2/files-2.1/com.github.almasb/fxgl/11.17/206906ee5d1b948952e85fe43e36ee9a9a6dea00/fxgl-11.17.jar!/fxglassets/ui/fonts/Abel-Regular.ttf
11:56:48.758 [FXGL Background Thread 4 ] DEBUG FXGLAssetLoaderServi - Loading from file system: jar:file:/C:/Users/lotca/.gradle/caches/modules-2/files-2.1/com.github.almasb/fxgl/11.17/206906ee5d1b948952e85fe43e36ee9a9a6dea00/fxgl-11.17.jar!/fxglassets/ui/fonts/lucida_console.ttf
11:56:48.762 [FXGL Background Thread 4 ] DEBUG FXGLAssetLoaderServi - Loading from file system: jar:file:/C:/Users/lotca/.gradle/caches/modules-2/files-2.1/com.github.almasb/fxgl/11.17/206906ee5d1b948952e85fe43e36ee9a9a6dea00/fxgl-11.17.jar!/fxglassets/ui/fonts/Courier-Prime.ttf
11:56:48.770 [JavaFX Application Thread] DEBUG FXGLApplication      - Registering font factories with UI factory
11:56:48.961 [FXGL Background Thread 2 ] INFO  UpdaterService       - Your current version:  11.17
11:56:48.963 [FXGL Background Thread 2 ] INFO  UpdaterService       - Latest stable version: 17.2
11:56:51.356 [JavaFX Application Thread] DEBUG FXGLApplication      - Exiting FXGL
11:56:51.356 [JavaFX Application Thread] DEBUG LoopRunner           - Stopping loop
11:56:51.356 [JavaFX Application Thread] DEBUG SystemBundleService  - Saving FXGL system data
11:56:51.358 [JavaFX Application Thread] DEBUG FileSystemAccess     - Writing to: C:\Users\lotca\Desktop\software-design-vu\system\fxgl.bundle
11:56:51.360 [JavaFX Application Thread] DEBUG Async                - Shutting down background threads
11:56:51.360 [JavaFX Application Thread] DEBUG PrimaryStageWindow   - Closing main window
11:56:51.380 [JavaFX Application Thread] DEBUG Logger               - Closing Logger
