13:15:00.222 [main                     ] DEBUG Logger               - Configured Logger
13:15:00.243 [main                     ] DEBUG GameApplication      - Logging settings
Title: Office Pets
Version: 0.0
Width: 512
Height: 592
Fullscreen: false
Intro: false
Profiling: false
Single step:false
App Mode: DEVELOPER
Menu Key: ESCAPE
Stage Style: DECORATED
Scene Factory: class com.almasb.fxgl.app.scene.SceneFactory

13:15:01.138 [JavaFX Application Thread] DEBUG FXGLApplication      - Initializing FXGL
13:15:01.145 [JavaFX Application Thread] INFO  Engine               - FXGL-11.17 (16.07.2021 15.46) on WINDOWS (J:11.0.18 FX:19)
13:15:01.146 [JavaFX Application Thread] DEBUG Engine               - JRE Vendor Name: Eclipse Adoptium
13:15:01.146 [JavaFX Application Thread] DEBUG Engine               - Running on OS: Windows 10 version 10.0
13:15:01.146 [JavaFX Application Thread] DEBUG Engine               - Architecture: amd64
13:15:01.147 [JavaFX Application Thread] INFO  Engine               - Source code and latest versions at: https://github.com/AlmasB/FXGL
13:15:01.147 [JavaFX Application Thread] INFO  Engine               -              Join the FXGL chat at: https://gitter.im/AlmasB/FXGL
13:15:01.376 [JavaFX Application Thread] DEBUG PrimaryStageWindow   - Creating a JavaFX scene
13:15:01.462 [JavaFX Application Thread] DEBUG PrimaryStageWindow   - Target settings size: 512.0 x 592.0
13:15:01.462 [JavaFX Application Thread] DEBUG PrimaryStageWindow   - Scaled scene size:    512.0 x 592.0
13:15:01.463 [JavaFX Application Thread] DEBUG PrimaryStageWindow   - Scaled ratio: (1.0, 1.0)
13:15:01.464 [JavaFX Application Thread] DEBUG PrimaryStageWindow   - Set initial scene to FXGLStartupScene
13:15:01.473 [JavaFX Application Thread] DEBUG PrimaryStageWindow   - Opening main window
13:15:01.692 [JavaFX Application Thread] DEBUG PrimaryStageWindow   - Window border size: (16.0, 39.0)
13:15:01.692 [JavaFX Application Thread] DEBUG PrimaryStageWindow   - Scaled size: 512.0 x 592.0
13:15:01.692 [JavaFX Application Thread] DEBUG PrimaryStageWindow   - Scaled ratio: (1.0, 1.0)
13:15:01.693 [JavaFX Application Thread] DEBUG PrimaryStageWindow   - Scene size: 512.0 x 592.0
13:15:01.694 [JavaFX Application Thread] DEBUG PrimaryStageWindow   - Stage size: 528.0 x 631.0
13:15:01.718 [FXGL Background Thread 1 ] DEBUG Engine               - Initializing environment variables
13:15:01.905 [FXGL Background Thread 1 ] DEBUG FXGLAssetLoaderServi - User app class for loading assets: class softwaredesign.Main
13:15:01.906 [FXGL Background Thread 1 ] DEBUG GameApplicationServi - Applying CSS: fxgl_dark.css
13:15:01.908 [FXGL Background Thread 1 ] DEBUG FXGLAssetLoaderServi - Loading from file system: jar:file:/C:/Users/lotca/.gradle/caches/modules-2/files-2.1/com.github.almasb/fxgl/11.17/206906ee5d1b948952e85fe43e36ee9a9a6dea00/fxgl-11.17.jar!/fxglassets/ui/css/fxgl_dark.css
13:15:02.037 [FXGL Background Thread 1 ] DEBUG GameApplicationServi - Initializing application scenes
13:15:02.145 [FXGL Background Thread 1 ] DEBUG GameWorld            - Game world initialized
13:15:02.286 [FXGL Background Thread 1 ] DEBUG PhysicsWorld         - Physics world initialized: appHeight=592, physics.ppm=50.0
13:15:02.286 [FXGL Background Thread 1 ] DEBUG PhysicsWorld         - Using strategy: BRUTE_FORCE
13:15:02.290 [FXGL Background Thread 1 ] DEBUG GameScene            - Game scene initialized: 512x592
13:15:02.310 [FXGL Background Thread 1 ] WARN  FXGL.DefaultMenu     - FXGLDefaultMenu is not designed for resolutions < 800x600
13:15:02.310 [FXGL Background Thread 1 ] DEBUG FXGL.DefaultMenu     - createMenuBodyGameMenu()
13:15:02.339 [FXGL Background Thread 1 ] DEBUG FXGL.DefaultMenu     - createOptionsMenu()
13:15:02.356 [FXGL Background Thread 1 ] DEBUG FXGLAssetLoaderServi - Loading from file system: jar:file:/C:/Users/lotca/.gradle/caches/modules-2/files-2.1/com.github.almasb/fxgl/11.17/206906ee5d1b948952e85fe43e36ee9a9a6dea00/fxgl-11.17.jar!/fxglassets/textures/particles/smoke.png
13:15:02.502 [FXGL Background Thread 1 ] DEBUG FXGLAssetLoaderServi - Loading from file system: jar:file:/C:/Users/lotca/.gradle/caches/modules-2/files-2.1/com.github.almasb/fxgl/11.17/206906ee5d1b948952e85fe43e36ee9a9a6dea00/fxgl-11.17.jar!/fxglassets/textures/particles/trace_horizontal.png
13:15:02.528 [FXGL Background Thread 1 ] DEBUG GameApplicationServi - Application scenes initialized
13:15:02.544 [FXGL Background Thread 1 ] DEBUG SystemBundleService  - Loading FXGL system data
13:15:02.548 [FXGL Background Thread 1 ] DEBUG FileSystemAccess     - Reading from: C:\Users\lotca\Desktop\software-design-vu\system\fxgl.bundle
13:15:02.556 [FXGL Background Thread 1 ] DEBUG SystemBundleService  - Bundle FXGL: {}
13:15:02.556 [FXGL Background Thread 1 ] DEBUG UpdaterService       - Checking for updates
13:15:02.564 [FXGL Background Thread 4 ] DEBUG FXGLApplication      - Loading fonts
13:15:02.565 [FXGL Background Thread 1 ] DEBUG FXGLApplication      - Loading default localization
13:15:02.565 [FXGL Background Thread 4 ] DEBUG FXGLAssetLoaderServi - Loading from file system: jar:file:/C:/Users/lotca/.gradle/caches/modules-2/files-2.1/com.github.almasb/fxgl/11.17/206906ee5d1b948952e85fe43e36ee9a9a6dea00/fxgl-11.17.jar!/fxglassets/ui/fonts/VarelaRound-Regular.ttf
13:15:02.567 [FXGL Background Thread 1 ] DEBUG FXGLAssetLoaderServi - Loading from file system: jar:file:/C:/Users/lotca/.gradle/caches/modules-2/files-2.1/com.github.almasb/fxgl/11.17/206906ee5d1b948952e85fe43e36ee9a9a6dea00/fxgl-11.17.jar!/fxglassets/languages/english.lang
13:15:02.661 [FXGL Background Thread 1 ] INFO  FXGLApplication      - FXGL initialization took: 0.943 sec
13:15:02.663 [JavaFX Application Thread] DEBUG FXGLAssetLoaderServi - Loading from file system: jar:file:/C:/Users/lotca/.gradle/caches/modules-2/files-2.1/com.github.almasb/fxgl/11.17/206906ee5d1b948952e85fe43e36ee9a9a6dea00/fxgl-11.17.jar!/fxglassets/textures/fxgl_icon.png
13:15:02.718 [JavaFX Application Thread] DEBUG FXGLAssetLoaderServi - Loading from file system: jar:file:/C:/Users/lotca/.gradle/caches/modules-2/files-2.1/com.github.almasb/fxgl/11.17/206906ee5d1b948952e85fe43e36ee9a9a6dea00/fxgl-11.17.jar!/fxglassets/textures/fxgl_default_cursor.png
13:15:02.761 [JavaFX Application Thread] DEBUG Input                - Registered new binding: Screenshot - CTRL+8
13:15:02.762 [JavaFX Application Thread] DEBUG Input                - Registered new binding: System info dump - CTRL+9
13:15:02.762 [JavaFX Application Thread] DEBUG Input                - Registered new binding: Restart - CTRL+R
13:15:02.764 [JavaFX Application Thread] DEBUG Input                - Registered new binding: Toggle Debug Camera - CTRL+C
13:15:02.775 [JavaFX Application Thread] DEBUG LoopRunner           - Starting loop
13:15:02.775 [JavaFX Application Thread] DEBUG LoopRunner           - Initializing JavaFX AnimationTimerLoop
13:15:02.779 [JavaFX Application Thread] DEBUG GameApplicationServi - Starting new game
13:15:02.780 [JavaFX Application Thread] DEBUG Input                - Clearing active input actions
13:15:02.800 [JavaFX Application Thread] DEBUG GameApplicationServi - Removing overlay from FXGLStartupScene and adding to FXGLLoadingScene
13:15:02.800 [JavaFX Application Thread] DEBUG PrimaryStageWindow   - FXGLStartupScene -> FXGLLoadingScene
13:15:02.800 [JavaFX Application Thread] DEBUG GameApplicationServi - Clearing previous game
13:15:02.800 [JavaFX Application Thread] DEBUG GameScene            - Clearing game scene
13:15:02.800 [JavaFX Application Thread] DEBUG GameWorld            - Clearing game world
13:15:02.800 [JavaFX Application Thread] DEBUG PhysicsWorld         - Clearing physics world
13:15:02.803 [FXGL Background Thread 1 ] DEBUG FXGLApplication      - Initializing game
13:15:02.824 [FXGL Background Thread 1 ] DEBUG FXGLAssetLoaderServi - Loading from file system: file:/C:/Users/lotca/Desktop/software-design-vu/build/resources/main/assets/textures/kipIdle.png
13:15:02.874 [FXGL Background Thread 1 ] INFO  FXGLApplication      - Game initialization took: 0.071 sec
13:15:02.913 [JavaFX Application Thread] DEBUG Input                - Clearing active input actions
13:15:02.948 [JavaFX Application Thread] DEBUG GameApplicationServi - Removing overlay from FXGLLoadingScene and adding to GameScene
13:15:02.948 [JavaFX Application Thread] DEBUG PrimaryStageWindow   - FXGLLoadingScene -> GameScene
13:15:03.094 [FXGL Background Thread 4 ] DEBUG FXGLAssetLoaderServi - Loading from file system: jar:file:/C:/Users/lotca/.gradle/caches/modules-2/files-2.1/com.github.almasb/fxgl/11.17/206906ee5d1b948952e85fe43e36ee9a9a6dea00/fxgl-11.17.jar!/fxglassets/ui/fonts/Abel-Regular.ttf
13:15:03.098 [FXGL Background Thread 4 ] DEBUG FXGLAssetLoaderServi - Loading from file system: jar:file:/C:/Users/lotca/.gradle/caches/modules-2/files-2.1/com.github.almasb/fxgl/11.17/206906ee5d1b948952e85fe43e36ee9a9a6dea00/fxgl-11.17.jar!/fxglassets/ui/fonts/lucida_console.ttf
13:15:03.103 [FXGL Background Thread 4 ] DEBUG FXGLAssetLoaderServi - Loading from file system: jar:file:/C:/Users/lotca/.gradle/caches/modules-2/files-2.1/com.github.almasb/fxgl/11.17/206906ee5d1b948952e85fe43e36ee9a9a6dea00/fxgl-11.17.jar!/fxglassets/ui/fonts/Courier-Prime.ttf
13:15:03.110 [JavaFX Application Thread] DEBUG FXGLApplication      - Registering font factories with UI factory
13:15:03.705 [FXGL Background Thread 2 ] INFO  UpdaterService       - Your current version:  11.17
13:15:03.707 [FXGL Background Thread 2 ] INFO  UpdaterService       - Latest stable version: 17.2
13:15:05.563 [FXGL Background Thread 3 ] DEBUG Engine               - Logging environment variables
13:15:05.565 [FXGL Background Thread 3 ] DEBUG Engine               - achievements: []
13:15:05.566 [FXGL Background Thread 3 ] DEBUG Engine               - actualHeight: 592.0
13:15:05.566 [FXGL Background Thread 3 ] DEBUG Engine               - actualHeightProperty: ReadOnlyDoubleProperty [value: 592.0]
13:15:05.567 [FXGL Background Thread 3 ] DEBUG Engine               - actualWidth: 512.0
13:15:05.567 [FXGL Background Thread 3 ] DEBUG Engine               - actualWidthProperty: ReadOnlyDoubleProperty [value: 512.0]
13:15:05.567 [FXGL Background Thread 3 ] DEBUG Engine               - appIcon: fxgl_icon.png
13:15:05.568 [FXGL Background Thread 3 ] DEBUG Engine               - applicationMode: DEVELOPER
13:15:05.568 [FXGL Background Thread 3 ] DEBUG Engine               - cSSList: [fxgl_dark.css]
13:15:05.569 [FXGL Background Thread 3 ] DEBUG Engine               - collisionDetectionStrategy: BRUTE_FORCE
13:15:05.569 [FXGL Background Thread 3 ] DEBUG Engine               - configClass: Optional.empty
13:15:05.570 [FXGL Background Thread 3 ] DEBUG Engine               - credits: []
13:15:05.570 [FXGL Background Thread 3 ] DEBUG Engine               - defaultCursor: CursorInfo(imageName=fxgl_default_cursor.png, hotspotX=7.0, hotspotY=6.0)
13:15:05.571 [FXGL Background Thread 3 ] DEBUG Engine               - devBBoxColorProperty: ObjectProperty [value: 0xff0000ff]
13:15:05.572 [FXGL Background Thread 3 ] DEBUG Engine               - devEnableDebugCameraProperty: BooleanProperty [value: false]
13:15:05.572 [FXGL Background Thread 3 ] DEBUG Engine               - devSensorColorProperty: ObjectProperty [value: 0xffff00ff]
13:15:05.573 [FXGL Background Thread 3 ] DEBUG Engine               - devShowBBoxProperty: BooleanProperty [value: false]
13:15:05.573 [FXGL Background Thread 3 ] DEBUG Engine               - devShowPositionProperty: BooleanProperty [value: false]
13:15:05.574 [FXGL Background Thread 3 ] DEBUG Engine               - enabledMenuItems: []
13:15:05.574 [FXGL Background Thread 3 ] DEBUG Engine               - engineServices: [class com.almasb.fxgl.app.services.FXGLAssetLoaderService, class com.almasb.fxgl.app.FXGLApplication$GameApplicationService, class com.almasb.fxgl.app.services.FXGLDialogService, class com.almasb.fxgl.app.services.IOTaskExecutorService, class com.almasb.fxgl.io.FileSystemService, class com.almasb.fxgl.localization.LocalizationService, class com.almasb.fxgl.app.services.SystemBundleService, class com.almasb.fxgl.profile.SaveLoadService, class com.almasb.fxgl.ui.FXGLUIFactoryServiceProvider, class com.almasb.fxgl.ui.FXGLDialogFactoryServiceProvider, class com.almasb.fxgl.audio.AudioPlayer, class com.almasb.fxgl.notification.impl.NotificationServiceProvider, class com.almasb.fxgl.achievement.AchievementService, class com.almasb.fxgl.cutscene.CutsceneService, class com.almasb.fxgl.minigames.MiniGameService, class com.almasb.fxgl.net.NetService, class com.almasb.fxgl.app.services.UpdaterService, class com.almasb.fxgl.dev.DevService]
13:15:05.574 [FXGL Background Thread 3 ] DEBUG Engine               - fontGame: Abel-Regular.ttf
13:15:05.575 [FXGL Background Thread 3 ] DEBUG Engine               - fontMono: lucida_console.ttf
13:15:05.575 [FXGL Background Thread 3 ] DEBUG Engine               - fontText: Courier-Prime.ttf
13:15:05.575 [FXGL Background Thread 3 ] DEBUG Engine               - fontUI: VarelaRound-Regular.ttf
13:15:05.576 [FXGL Background Thread 3 ] DEBUG Engine               - fullScreen: BooleanProperty [value: false]
13:15:05.576 [FXGL Background Thread 3 ] DEBUG Engine               - gameDifficulty: MEDIUM
13:15:05.577 [FXGL Background Thread 3 ] DEBUG Engine               - gameDifficultyProperty: ObjectProperty [value: MEDIUM]
13:15:05.577 [FXGL Background Thread 3 ] DEBUG Engine               - globalMusicVolume: 0.5
13:15:05.577 [FXGL Background Thread 3 ] DEBUG Engine               - globalMusicVolumeProperty: DoubleProperty [value: 0.5]
13:15:05.578 [FXGL Background Thread 3 ] DEBUG Engine               - globalSoundVolume: 0.5
13:15:05.578 [FXGL Background Thread 3 ] DEBUG Engine               - globalSoundVolumeProperty: DoubleProperty [value: 0.5]
13:15:05.578 [FXGL Background Thread 3 ] DEBUG Engine               - height: 592
13:15:05.579 [FXGL Background Thread 3 ] DEBUG Engine               - is3D: false
13:15:05.579 [FXGL Background Thread 3 ] DEBUG Engine               - isAndroid: false
13:15:05.579 [FXGL Background Thread 3 ] DEBUG Engine               - isBrowser: false
13:15:05.580 [FXGL Background Thread 3 ] DEBUG Engine               - isClickFeedbackEnabled: false
13:15:05.580 [FXGL Background Thread 3 ] DEBUG Engine               - isCloseConfirmation: false
13:15:05.580 [FXGL Background Thread 3 ] DEBUG Engine               - isDesktop: true
13:15:05.581 [FXGL Background Thread 3 ] DEBUG Engine               - isDeveloperMenuEnabled: false
13:15:05.581 [FXGL Background Thread 3 ] DEBUG Engine               - isEntityPreloadEnabled: true
13:15:05.581 [FXGL Background Thread 3 ] DEBUG Engine               - isExperimentalTiledLargeMap: false
13:15:05.581 [FXGL Background Thread 3 ] DEBUG Engine               - isFileSystemWriteAllowed: true
13:15:05.582 [FXGL Background Thread 3 ] DEBUG Engine               - isFullScreenAllowed: false
13:15:05.582 [FXGL Background Thread 3 ] DEBUG Engine               - isFullScreenFromStart: false
13:15:05.582 [FXGL Background Thread 3 ] DEBUG Engine               - isGameMenuEnabled: true
13:15:05.582 [FXGL Background Thread 3 ] DEBUG Engine               - isIOS: false
13:15:05.583 [FXGL Background Thread 3 ] DEBUG Engine               - isIntroEnabled: false
13:15:05.583 [FXGL Background Thread 3 ] DEBUG Engine               - isLinux: false
13:15:05.584 [FXGL Background Thread 3 ] DEBUG Engine               - isMac: false
13:15:05.584 [FXGL Background Thread 3 ] DEBUG Engine               - isMainMenuEnabled: false
13:15:05.584 [FXGL Background Thread 3 ] DEBUG Engine               - isManualResizeEnabled: false
13:15:05.584 [FXGL Background Thread 3 ] DEBUG Engine               - isMobile: false
13:15:05.585 [FXGL Background Thread 3 ] DEBUG Engine               - isNative: false
13:15:05.585 [FXGL Background Thread 3 ] DEBUG Engine               - isPauseMusicWhenMinimized: true
13:15:05.586 [FXGL Background Thread 3 ] DEBUG Engine               - isPreserveResizeRatio: false
13:15:05.586 [FXGL Background Thread 3 ] DEBUG Engine               - isProfilingEnabled: false
13:15:05.586 [FXGL Background Thread 3 ] DEBUG Engine               - isScaleAffectedOnResize: true
13:15:05.587 [FXGL Background Thread 3 ] DEBUG Engine               - isSingleStep: false
13:15:05.587 [FXGL Background Thread 3 ] DEBUG Engine               - isUserProfileEnabled: false
13:15:05.587 [FXGL Background Thread 3 ] DEBUG Engine               - isWindows: true
13:15:05.587 [FXGL Background Thread 3 ] DEBUG Engine               - language: ObjectProperty [value: ENGLISH]
13:15:05.588 [FXGL Background Thread 3 ] DEBUG Engine               - menuKey: ESCAPE
13:15:05.588 [FXGL Background Thread 3 ] DEBUG Engine               - mouseSensitivity: 0.2
13:15:05.588 [FXGL Background Thread 3 ] DEBUG Engine               - notificationViewClass: class com.almasb.fxgl.notification.view.XboxNotificationView
13:15:05.589 [FXGL Background Thread 3 ] DEBUG Engine               - pixelsPerMeter: 50.0
13:15:05.589 [FXGL Background Thread 3 ] DEBUG Engine               - platform: WINDOWS
13:15:05.589 [FXGL Background Thread 3 ] DEBUG Engine               - prefHeightProperty: ReadOnlyDoubleProperty [value: 592.0]
13:15:05.590 [FXGL Background Thread 3 ] DEBUG Engine               - prefWidthProperty: ReadOnlyDoubleProperty [value: 512.0]
13:15:05.590 [FXGL Background Thread 3 ] DEBUG Engine               - profileDir: profiles/
13:15:05.590 [FXGL Background Thread 3 ] DEBUG Engine               - profileName: StringProperty [value: DEFAULT]
13:15:05.591 [FXGL Background Thread 3 ] DEBUG Engine               - randomSeed: -1
13:15:05.591 [FXGL Background Thread 3 ] DEBUG Engine               - runtimeInfo: RuntimeInfo(platform=WINDOWS, version=11.17, build=16.07.2021 15.46)
13:15:05.591 [FXGL Background Thread 3 ] DEBUG Engine               - saveFileExt: sav
13:15:05.591 [FXGL Background Thread 3 ] DEBUG Engine               - scaledHeightProp$fxgl: DoubleProperty [bound, value: 592.0]
13:15:05.592 [FXGL Background Thread 3 ] DEBUG Engine               - scaledWidthProp$fxgl: DoubleProperty [bound, value: 512.0]
13:15:05.592 [FXGL Background Thread 3 ] DEBUG Engine               - sceneFactory: com.almasb.fxgl.app.scene.SceneFactory@2cf530dc
13:15:05.592 [FXGL Background Thread 3 ] DEBUG Engine               - secondsIn24h: 60
13:15:05.592 [FXGL Background Thread 3 ] DEBUG Engine               - soundMenuBack: menu/back.wav
13:15:05.593 [FXGL Background Thread 3 ] DEBUG Engine               - soundMenuPress: menu/press.wav
13:15:05.593 [FXGL Background Thread 3 ] DEBUG Engine               - soundMenuSelect: menu/select.wav
13:15:05.594 [FXGL Background Thread 3 ] DEBUG Engine               - soundNotification: core/notification.wav
13:15:05.594 [FXGL Background Thread 3 ] DEBUG Engine               - stageStyle: DECORATED
13:15:05.594 [FXGL Background Thread 3 ] DEBUG Engine               - supportedLanguages: [ENGLISH, FRENCH, GERMAN, HUNGARIAN, RUSSIAN]
13:15:05.594 [FXGL Background Thread 3 ] DEBUG Engine               - ticksPerSecond: -1
13:15:05.595 [FXGL Background Thread 3 ] DEBUG Engine               - title: Office Pets
13:15:05.595 [FXGL Background Thread 3 ] DEBUG Engine               - urlGithub: https://github.com/AlmasB/FXGL
13:15:05.595 [FXGL Background Thread 3 ] DEBUG Engine               - urlLeaderboard: http://fxgl-top.herokuapp.com/
13:15:05.595 [FXGL Background Thread 3 ] DEBUG Engine               - urlPOM: https://raw.githubusercontent.com/AlmasB/FXGL/release/README.md
13:15:05.596 [FXGL Background Thread 3 ] DEBUG Engine               - userAppClass: class softwaredesign.Main
13:15:05.596 [FXGL Background Thread 3 ] DEBUG Engine               - version: 0.0
13:15:05.596 [FXGL Background Thread 3 ] DEBUG Engine               - versionCheckDays: 7
13:15:05.596 [FXGL Background Thread 3 ] DEBUG Engine               - width: 512
13:15:05.597 [FXGL Background Thread 3 ] DEBUG Engine               - Logging services
13:15:05.597 [FXGL Background Thread 3 ] DEBUG Engine               - class com.almasb.fxgl.app.services.FXGLAssetLoaderService
13:15:05.597 [FXGL Background Thread 3 ] DEBUG Engine               - class com.almasb.fxgl.app.FXGLApplication$GameApplicationService
13:15:05.598 [FXGL Background Thread 3 ] DEBUG Engine               - class com.almasb.fxgl.app.services.FXGLDialogService
13:15:05.598 [FXGL Background Thread 3 ] DEBUG Engine               - class com.almasb.fxgl.app.services.IOTaskExecutorService
13:15:05.598 [FXGL Background Thread 3 ] DEBUG Engine               - class com.almasb.fxgl.io.FileSystemService
13:15:05.598 [FXGL Background Thread 3 ] DEBUG Engine               - class com.almasb.fxgl.localization.LocalizationService
13:15:05.599 [FXGL Background Thread 3 ] DEBUG Engine               - class com.almasb.fxgl.app.services.SystemBundleService
13:15:05.599 [FXGL Background Thread 3 ] DEBUG Engine               - class com.almasb.fxgl.profile.SaveLoadService
13:15:05.599 [FXGL Background Thread 3 ] DEBUG Engine               - class com.almasb.fxgl.ui.FXGLUIFactoryServiceProvider
13:15:05.600 [FXGL Background Thread 3 ] DEBUG Engine               - class com.almasb.fxgl.ui.FXGLDialogFactoryServiceProvider
13:15:05.600 [FXGL Background Thread 3 ] DEBUG Engine               - class com.almasb.fxgl.audio.AudioPlayer
13:15:05.600 [FXGL Background Thread 3 ] DEBUG Engine               - class com.almasb.fxgl.notification.impl.NotificationServiceProvider
13:15:05.600 [FXGL Background Thread 3 ] DEBUG Engine               - class com.almasb.fxgl.achievement.AchievementService
13:15:05.600 [FXGL Background Thread 3 ] DEBUG Engine               - class com.almasb.fxgl.cutscene.CutsceneService
13:15:05.601 [FXGL Background Thread 3 ] DEBUG Engine               - class com.almasb.fxgl.minigames.MiniGameService
13:15:05.601 [FXGL Background Thread 3 ] DEBUG Engine               - class com.almasb.fxgl.net.NetService
13:15:05.601 [FXGL Background Thread 3 ] DEBUG Engine               - class com.almasb.fxgl.app.services.UpdaterService
13:15:05.602 [FXGL Background Thread 3 ] DEBUG Engine               - class com.almasb.fxgl.dev.DevService
13:15:15.098 [JavaFX Application Thread] DEBUG FXGLApplication      - Exiting FXGL
13:15:15.099 [JavaFX Application Thread] DEBUG LoopRunner           - Stopping loop
13:15:15.099 [JavaFX Application Thread] DEBUG SystemBundleService  - Saving FXGL system data
13:15:15.104 [JavaFX Application Thread] DEBUG FileSystemAccess     - Writing to: C:\Users\lotca\Desktop\software-design-vu\system\fxgl.bundle
13:15:15.110 [JavaFX Application Thread] DEBUG Async                - Shutting down background threads
13:15:15.111 [JavaFX Application Thread] DEBUG PrimaryStageWindow   - Closing main window
13:15:15.181 [JavaFX Application Thread] DEBUG Logger               - Closing Logger
