11:58:48.704 [main                     ] DEBUG Logger               - Configured Logger
11:58:48.719 [main                     ] DEBUG GameApplication      - Logging settings
Title: Untitled
Version: 0.0
Width: 800
Height: 600
Fullscreen: false
Intro: false
Profiling: false
Single step:false
App Mode: DEVELOPER
Menu Key: ESCAPE
Stage Style: DECORATED
Scene Factory: class com.almasb.fxgl.app.scene.SceneFactory

11:58:49.366 [JavaFX Application Thread] DEBUG FXGLApplication      - Initializing FXGL
11:58:49.370 [JavaFX Application Thread] INFO  Engine               - FXGL-11.17 (16.07.2021 15.46) on WINDOWS (J:11.0.18 FX:19)
11:58:49.370 [JavaFX Application Thread] DEBUG Engine               - JRE Vendor Name: Eclipse Adoptium
11:58:49.370 [JavaFX Application Thread] DEBUG Engine               - Running on OS: Windows 10 version 10.0
11:58:49.370 [JavaFX Application Thread] DEBUG Engine               - Architecture: amd64
11:58:49.370 [JavaFX Application Thread] INFO  Engine               - Source code and latest versions at: https://github.com/AlmasB/FXGL
11:58:49.371 [JavaFX Application Thread] INFO  Engine               -              Join the FXGL chat at: https://gitter.im/AlmasB/FXGL
11:58:49.511 [JavaFX Application Thread] DEBUG PrimaryStageWindow   - Creating a JavaFX scene
11:58:49.572 [JavaFX Application Thread] DEBUG PrimaryStageWindow   - Target settings size: 800.0 x 600.0
11:58:49.572 [JavaFX Application Thread] DEBUG PrimaryStageWindow   - Scaled scene size:    800.0 x 600.0
11:58:49.572 [JavaFX Application Thread] DEBUG PrimaryStageWindow   - Scaled ratio: (1.0, 1.0)
11:58:49.573 [JavaFX Application Thread] DEBUG PrimaryStageWindow   - Set initial scene to FXGLStartupScene
11:58:49.576 [JavaFX Application Thread] DEBUG PrimaryStageWindow   - Opening main window
11:58:49.674 [JavaFX Application Thread] DEBUG PrimaryStageWindow   - Window border size: (16.0, 39.0)
11:58:49.674 [JavaFX Application Thread] DEBUG PrimaryStageWindow   - Scaled size: 800.0 x 600.0
11:58:49.674 [JavaFX Application Thread] DEBUG PrimaryStageWindow   - Scaled ratio: (1.0, 1.0)
11:58:49.674 [JavaFX Application Thread] DEBUG PrimaryStageWindow   - Scene size: 800.0 x 600.0
11:58:49.674 [JavaFX Application Thread] DEBUG PrimaryStageWindow   - Stage size: 816.0 x 639.0
11:58:49.683 [FXGL Background Thread 1 ] DEBUG Engine               - Initializing environment variables
11:58:49.750 [FXGL Background Thread 1 ] DEBUG FXGLAssetLoaderServi - User app class for loading assets: class softwaredesign.Main
11:58:49.750 [FXGL Background Thread 1 ] DEBUG GameApplicationServi - Applying CSS: fxgl_dark.css
11:58:49.750 [FXGL Background Thread 1 ] DEBUG FXGLAssetLoaderServi - Loading from file system: jar:file:/C:/Users/lotca/.gradle/caches/modules-2/files-2.1/com.github.almasb/fxgl/11.17/206906ee5d1b948952e85fe43e36ee9a9a6dea00/fxgl-11.17.jar!/fxglassets/ui/css/fxgl_dark.css
11:58:49.800 [FXGL Background Thread 1 ] DEBUG GameApplicationServi - Initializing application scenes
11:58:49.853 [FXGL Background Thread 1 ] DEBUG GameWorld            - Game world initialized
11:58:49.918 [FXGL Background Thread 1 ] DEBUG PhysicsWorld         - Physics world initialized: appHeight=600, physics.ppm=50.0
11:58:49.918 [FXGL Background Thread 1 ] DEBUG PhysicsWorld         - Using strategy: BRUTE_FORCE
11:58:49.921 [FXGL Background Thread 1 ] DEBUG GameScene            - Game scene initialized: 800x600
11:58:49.936 [FXGL Background Thread 1 ] DEBUG FXGL.DefaultMenu     - createMenuBodyGameMenu()
11:58:49.958 [FXGL Background Thread 1 ] DEBUG FXGL.DefaultMenu     - createOptionsMenu()
11:58:49.975 [FXGL Background Thread 1 ] DEBUG FXGLAssetLoaderServi - Loading from file system: jar:file:/C:/Users/lotca/.gradle/caches/modules-2/files-2.1/com.github.almasb/fxgl/11.17/206906ee5d1b948952e85fe43e36ee9a9a6dea00/fxgl-11.17.jar!/fxglassets/textures/particles/smoke.png
11:58:50.080 [FXGL Background Thread 1 ] DEBUG FXGLAssetLoaderServi - Loading from file system: jar:file:/C:/Users/lotca/.gradle/caches/modules-2/files-2.1/com.github.almasb/fxgl/11.17/206906ee5d1b948952e85fe43e36ee9a9a6dea00/fxgl-11.17.jar!/fxglassets/textures/particles/trace_horizontal.png
11:58:50.098 [FXGL Background Thread 1 ] DEBUG GameApplicationServi - Application scenes initialized
11:58:50.109 [FXGL Background Thread 1 ] DEBUG SystemBundleService  - Loading FXGL system data
11:58:50.113 [FXGL Background Thread 1 ] DEBUG FileSystemAccess     - Reading from: C:\Users\lotca\Desktop\software-design-vu\system\fxgl.bundle
11:58:50.119 [FXGL Background Thread 1 ] DEBUG SystemBundleService  - Bundle FXGL: {}
11:58:50.119 [FXGL Background Thread 1 ] DEBUG UpdaterService       - Checking for updates
11:58:50.126 [FXGL Background Thread 4 ] DEBUG FXGLApplication      - Loading fonts
11:58:50.126 [FXGL Background Thread 4 ] DEBUG FXGLAssetLoaderServi - Loading from file system: jar:file:/C:/Users/lotca/.gradle/caches/modules-2/files-2.1/com.github.almasb/fxgl/11.17/206906ee5d1b948952e85fe43e36ee9a9a6dea00/fxgl-11.17.jar!/fxglassets/ui/fonts/VarelaRound-Regular.ttf
11:58:50.127 [FXGL Background Thread 1 ] DEBUG FXGLApplication      - Loading default localization
11:58:50.128 [FXGL Background Thread 1 ] DEBUG FXGLAssetLoaderServi - Loading from file system: jar:file:/C:/Users/lotca/.gradle/caches/modules-2/files-2.1/com.github.almasb/fxgl/11.17/206906ee5d1b948952e85fe43e36ee9a9a6dea00/fxgl-11.17.jar!/fxglassets/languages/english.lang
11:58:50.156 [FXGL Background Thread 1 ] INFO  FXGLApplication      - FXGL initialization took: 0.473 sec
11:58:50.158 [JavaFX Application Thread] DEBUG FXGLAssetLoaderServi - Loading from file system: jar:file:/C:/Users/lotca/.gradle/caches/modules-2/files-2.1/com.github.almasb/fxgl/11.17/206906ee5d1b948952e85fe43e36ee9a9a6dea00/fxgl-11.17.jar!/fxglassets/textures/fxgl_icon.png
11:58:50.186 [JavaFX Application Thread] DEBUG FXGLAssetLoaderServi - Loading from file system: jar:file:/C:/Users/lotca/.gradle/caches/modules-2/files-2.1/com.github.almasb/fxgl/11.17/206906ee5d1b948952e85fe43e36ee9a9a6dea00/fxgl-11.17.jar!/fxglassets/textures/fxgl_default_cursor.png
11:58:50.211 [JavaFX Application Thread] DEBUG Input                - Registered new binding: Screenshot - CTRL+8
11:58:50.212 [JavaFX Application Thread] DEBUG Input                - Registered new binding: System info dump - CTRL+9
11:58:50.213 [JavaFX Application Thread] DEBUG Input                - Registered new binding: Restart - CTRL+R
11:58:50.214 [JavaFX Application Thread] DEBUG Input                - Registered new binding: Toggle Debug Camera - CTRL+C
11:58:50.220 [JavaFX Application Thread] DEBUG LoopRunner           - Starting loop
11:58:50.220 [JavaFX Application Thread] DEBUG LoopRunner           - Initializing JavaFX AnimationTimerLoop
11:58:50.224 [JavaFX Application Thread] DEBUG GameApplicationServi - Starting new game
11:58:50.224 [JavaFX Application Thread] DEBUG Input                - Clearing active input actions
11:58:50.236 [JavaFX Application Thread] DEBUG GameApplicationServi - Removing overlay from FXGLStartupScene and adding to FXGLLoadingScene
11:58:50.236 [JavaFX Application Thread] DEBUG PrimaryStageWindow   - FXGLStartupScene -> FXGLLoadingScene
11:58:50.237 [JavaFX Application Thread] DEBUG GameApplicationServi - Clearing previous game
11:58:50.237 [JavaFX Application Thread] DEBUG GameScene            - Clearing game scene
11:58:50.237 [JavaFX Application Thread] DEBUG GameWorld            - Clearing game world
11:58:50.237 [JavaFX Application Thread] DEBUG PhysicsWorld         - Clearing physics world
11:58:50.238 [FXGL Background Thread 1 ] DEBUG FXGLApplication      - Initializing game
11:58:50.249 [FXGL Background Thread 1 ] DEBUG FXGLAssetLoaderServi - Loading from file system: file:/C:/Users/lotca/Desktop/software-design-vu/build/resources/main/assets/textures/kipIdle.png
11:58:50.275 [FXGL Background Thread 1 ] INFO  FXGLApplication      - Game initialization took: 0.037 sec
11:58:50.306 [JavaFX Application Thread] DEBUG Input                - Clearing active input actions
11:58:50.313 [JavaFX Application Thread] DEBUG GameApplicationServi - Removing overlay from FXGLLoadingScene and adding to GameScene
11:58:50.313 [JavaFX Application Thread] DEBUG PrimaryStageWindow   - FXGLLoadingScene -> GameScene
11:58:50.505 [FXGL Background Thread 4 ] DEBUG FXGLAssetLoaderServi - Loading from file system: jar:file:/C:/Users/lotca/.gradle/caches/modules-2/files-2.1/com.github.almasb/fxgl/11.17/206906ee5d1b948952e85fe43e36ee9a9a6dea00/fxgl-11.17.jar!/fxglassets/ui/fonts/Abel-Regular.ttf
11:58:50.508 [FXGL Background Thread 4 ] DEBUG FXGLAssetLoaderServi - Loading from file system: jar:file:/C:/Users/lotca/.gradle/caches/modules-2/files-2.1/com.github.almasb/fxgl/11.17/206906ee5d1b948952e85fe43e36ee9a9a6dea00/fxgl-11.17.jar!/fxglassets/ui/fonts/lucida_console.ttf
11:58:50.513 [FXGL Background Thread 4 ] DEBUG FXGLAssetLoaderServi - Loading from file system: jar:file:/C:/Users/lotca/.gradle/caches/modules-2/files-2.1/com.github.almasb/fxgl/11.17/206906ee5d1b948952e85fe43e36ee9a9a6dea00/fxgl-11.17.jar!/fxglassets/ui/fonts/Courier-Prime.ttf
11:58:50.518 [JavaFX Application Thread] DEBUG FXGLApplication      - Registering font factories with UI factory
11:58:50.729 [FXGL Background Thread 2 ] INFO  UpdaterService       - Your current version:  11.17
11:58:50.730 [FXGL Background Thread 2 ] INFO  UpdaterService       - Latest stable version: 17.2
11:58:53.125 [FXGL Background Thread 3 ] DEBUG Engine               - Logging environment variables
11:58:53.126 [FXGL Background Thread 3 ] DEBUG Engine               - achievements: []
11:58:53.126 [FXGL Background Thread 3 ] DEBUG Engine               - actualHeight: 600.0
11:58:53.126 [FXGL Background Thread 3 ] DEBUG Engine               - actualHeightProperty: ReadOnlyDoubleProperty [value: 600.0]
11:58:53.126 [FXGL Background Thread 3 ] DEBUG Engine               - actualWidth: 800.0
11:58:53.126 [FXGL Background Thread 3 ] DEBUG Engine               - actualWidthProperty: ReadOnlyDoubleProperty [value: 800.0]
11:58:53.126 [FXGL Background Thread 3 ] DEBUG Engine               - appIcon: fxgl_icon.png
11:58:53.126 [FXGL Background Thread 3 ] DEBUG Engine               - applicationMode: DEVELOPER
11:58:53.126 [FXGL Background Thread 3 ] DEBUG Engine               - cSSList: [fxgl_dark.css]
11:58:53.126 [FXGL Background Thread 3 ] DEBUG Engine               - collisionDetectionStrategy: BRUTE_FORCE
11:58:53.126 [FXGL Background Thread 3 ] DEBUG Engine               - configClass: Optional.empty
11:58:53.126 [FXGL Background Thread 3 ] DEBUG Engine               - credits: []
11:58:53.126 [FXGL Background Thread 3 ] DEBUG Engine               - defaultCursor: CursorInfo(imageName=fxgl_default_cursor.png, hotspotX=7.0, hotspotY=6.0)
11:58:53.127 [FXGL Background Thread 3 ] DEBUG Engine               - devBBoxColorProperty: ObjectProperty [value: 0xff0000ff]
11:58:53.127 [FXGL Background Thread 3 ] DEBUG Engine               - devEnableDebugCameraProperty: BooleanProperty [value: false]
11:58:53.127 [FXGL Background Thread 3 ] DEBUG Engine               - devSensorColorProperty: ObjectProperty [value: 0xffff00ff]
11:58:53.127 [FXGL Background Thread 3 ] DEBUG Engine               - devShowBBoxProperty: BooleanProperty [value: false]
11:58:53.127 [FXGL Background Thread 3 ] DEBUG Engine               - devShowPositionProperty: BooleanProperty [value: false]
11:58:53.127 [FXGL Background Thread 3 ] DEBUG Engine               - enabledMenuItems: []
11:58:53.127 [FXGL Background Thread 3 ] DEBUG Engine               - engineServices: [class com.almasb.fxgl.app.services.FXGLAssetLoaderService, class com.almasb.fxgl.app.FXGLApplication$GameApplicationService, class com.almasb.fxgl.app.services.FXGLDialogService, class com.almasb.fxgl.app.services.IOTaskExecutorService, class com.almasb.fxgl.io.FileSystemService, class com.almasb.fxgl.localization.LocalizationService, class com.almasb.fxgl.app.services.SystemBundleService, class com.almasb.fxgl.profile.SaveLoadService, class com.almasb.fxgl.ui.FXGLUIFactoryServiceProvider, class com.almasb.fxgl.ui.FXGLDialogFactoryServiceProvider, class com.almasb.fxgl.audio.AudioPlayer, class com.almasb.fxgl.notification.impl.NotificationServiceProvider, class com.almasb.fxgl.achievement.AchievementService, class com.almasb.fxgl.cutscene.CutsceneService, class com.almasb.fxgl.minigames.MiniGameService, class com.almasb.fxgl.net.NetService, class com.almasb.fxgl.app.services.UpdaterService, class com.almasb.fxgl.dev.DevService]
11:58:53.127 [FXGL Background Thread 3 ] DEBUG Engine               - fontGame: Abel-Regular.ttf
11:58:53.127 [FXGL Background Thread 3 ] DEBUG Engine               - fontMono: lucida_console.ttf
11:58:53.127 [FXGL Background Thread 3 ] DEBUG Engine               - fontText: Courier-Prime.ttf
11:58:53.127 [FXGL Background Thread 3 ] DEBUG Engine               - fontUI: VarelaRound-Regular.ttf
11:58:53.127 [FXGL Background Thread 3 ] DEBUG Engine               - fullScreen: BooleanProperty [value: false]
11:58:53.127 [FXGL Background Thread 3 ] DEBUG Engine               - gameDifficulty: MEDIUM
11:58:53.127 [FXGL Background Thread 3 ] DEBUG Engine               - gameDifficultyProperty: ObjectProperty [value: MEDIUM]
11:58:53.127 [FXGL Background Thread 3 ] DEBUG Engine               - globalMusicVolume: 0.5
11:58:53.128 [FXGL Background Thread 3 ] DEBUG Engine               - globalMusicVolumeProperty: DoubleProperty [value: 0.5]
11:58:53.128 [FXGL Background Thread 3 ] DEBUG Engine               - globalSoundVolume: 0.5
11:58:53.128 [FXGL Background Thread 3 ] DEBUG Engine               - globalSoundVolumeProperty: DoubleProperty [value: 0.5]
11:58:53.128 [FXGL Background Thread 3 ] DEBUG Engine               - height: 600
11:58:53.128 [FXGL Background Thread 3 ] DEBUG Engine               - is3D: false
11:58:53.128 [FXGL Background Thread 3 ] DEBUG Engine               - isAndroid: false
11:58:53.128 [FXGL Background Thread 3 ] DEBUG Engine               - isBrowser: false
11:58:53.128 [FXGL Background Thread 3 ] DEBUG Engine               - isClickFeedbackEnabled: false
11:58:53.128 [FXGL Background Thread 3 ] DEBUG Engine               - isCloseConfirmation: false
11:58:53.128 [FXGL Background Thread 3 ] DEBUG Engine               - isDesktop: true
11:58:53.128 [FXGL Background Thread 3 ] DEBUG Engine               - isDeveloperMenuEnabled: false
11:58:53.128 [FXGL Background Thread 3 ] DEBUG Engine               - isEntityPreloadEnabled: true
11:58:53.128 [FXGL Background Thread 3 ] DEBUG Engine               - isExperimentalTiledLargeMap: false
11:58:53.128 [FXGL Background Thread 3 ] DEBUG Engine               - isFileSystemWriteAllowed: true
11:58:53.128 [FXGL Background Thread 3 ] DEBUG Engine               - isFullScreenAllowed: false
11:58:53.128 [FXGL Background Thread 3 ] DEBUG Engine               - isFullScreenFromStart: false
11:58:53.128 [FXGL Background Thread 3 ] DEBUG Engine               - isGameMenuEnabled: true
11:58:53.128 [FXGL Background Thread 3 ] DEBUG Engine               - isIOS: false
11:58:53.128 [FXGL Background Thread 3 ] DEBUG Engine               - isIntroEnabled: false
11:58:53.129 [FXGL Background Thread 3 ] DEBUG Engine               - isLinux: false
11:58:53.129 [FXGL Background Thread 3 ] DEBUG Engine               - isMac: false
11:58:53.129 [FXGL Background Thread 3 ] DEBUG Engine               - isMainMenuEnabled: false
11:58:53.129 [FXGL Background Thread 3 ] DEBUG Engine               - isManualResizeEnabled: false
11:58:53.129 [FXGL Background Thread 3 ] DEBUG Engine               - isMobile: false
11:58:53.129 [FXGL Background Thread 3 ] DEBUG Engine               - isNative: false
11:58:53.129 [FXGL Background Thread 3 ] DEBUG Engine               - isPauseMusicWhenMinimized: true
11:58:53.129 [FXGL Background Thread 3 ] DEBUG Engine               - isPreserveResizeRatio: false
11:58:53.129 [FXGL Background Thread 3 ] DEBUG Engine               - isProfilingEnabled: false
11:58:53.129 [FXGL Background Thread 3 ] DEBUG Engine               - isScaleAffectedOnResize: true
11:58:53.129 [FXGL Background Thread 3 ] DEBUG Engine               - isSingleStep: false
11:58:53.129 [FXGL Background Thread 3 ] DEBUG Engine               - isUserProfileEnabled: false
11:58:53.129 [FXGL Background Thread 3 ] DEBUG Engine               - isWindows: true
11:58:53.129 [FXGL Background Thread 3 ] DEBUG Engine               - language: ObjectProperty [value: ENGLISH]
11:58:53.129 [FXGL Background Thread 3 ] DEBUG Engine               - menuKey: ESCAPE
11:58:53.130 [FXGL Background Thread 3 ] DEBUG Engine               - mouseSensitivity: 0.2
11:58:53.130 [FXGL Background Thread 3 ] DEBUG Engine               - notificationViewClass: class com.almasb.fxgl.notification.view.XboxNotificationView
11:58:53.130 [FXGL Background Thread 3 ] DEBUG Engine               - pixelsPerMeter: 50.0
11:58:53.130 [FXGL Background Thread 3 ] DEBUG Engine               - platform: WINDOWS
11:58:53.130 [FXGL Background Thread 3 ] DEBUG Engine               - prefHeightProperty: ReadOnlyDoubleProperty [value: 600.0]
11:58:53.130 [FXGL Background Thread 3 ] DEBUG Engine               - prefWidthProperty: ReadOnlyDoubleProperty [value: 800.0]
11:58:53.130 [FXGL Background Thread 3 ] DEBUG Engine               - profileDir: profiles/
11:58:53.130 [FXGL Background Thread 3 ] DEBUG Engine               - profileName: StringProperty [value: DEFAULT]
11:58:53.130 [FXGL Background Thread 3 ] DEBUG Engine               - randomSeed: -1
11:58:53.130 [FXGL Background Thread 3 ] DEBUG Engine               - runtimeInfo: RuntimeInfo(platform=WINDOWS, version=11.17, build=16.07.2021 15.46)
11:58:53.130 [FXGL Background Thread 3 ] DEBUG Engine               - saveFileExt: sav
11:58:53.130 [FXGL Background Thread 3 ] DEBUG Engine               - scaledHeightProp$fxgl: DoubleProperty [bound, value: 600.0]
11:58:53.130 [FXGL Background Thread 3 ] DEBUG Engine               - scaledWidthProp$fxgl: DoubleProperty [bound, value: 800.0]
11:58:53.130 [FXGL Background Thread 3 ] DEBUG Engine               - sceneFactory: com.almasb.fxgl.app.scene.SceneFactory@69c30d3b
11:58:53.130 [FXGL Background Thread 3 ] DEBUG Engine               - secondsIn24h: 60
11:58:53.130 [FXGL Background Thread 3 ] DEBUG Engine               - soundMenuBack: menu/back.wav
11:58:53.130 [FXGL Background Thread 3 ] DEBUG Engine               - soundMenuPress: menu/press.wav
11:58:53.130 [FXGL Background Thread 3 ] DEBUG Engine               - soundMenuSelect: menu/select.wav
11:58:53.130 [FXGL Background Thread 3 ] DEBUG Engine               - soundNotification: core/notification.wav
11:58:53.131 [FXGL Background Thread 3 ] DEBUG Engine               - stageStyle: DECORATED
11:58:53.131 [FXGL Background Thread 3 ] DEBUG Engine               - supportedLanguages: [ENGLISH, FRENCH, GERMAN, HUNGARIAN, RUSSIAN]
11:58:53.131 [FXGL Background Thread 3 ] DEBUG Engine               - ticksPerSecond: -1
11:58:53.131 [FXGL Background Thread 3 ] DEBUG Engine               - title: Untitled
11:58:53.131 [FXGL Background Thread 3 ] DEBUG Engine               - urlGithub: https://github.com/AlmasB/FXGL
11:58:53.131 [FXGL Background Thread 3 ] DEBUG Engine               - urlLeaderboard: http://fxgl-top.herokuapp.com/
11:58:53.131 [FXGL Background Thread 3 ] DEBUG Engine               - urlPOM: https://raw.githubusercontent.com/AlmasB/FXGL/release/README.md
11:58:53.131 [FXGL Background Thread 3 ] DEBUG Engine               - userAppClass: class softwaredesign.Main
11:58:53.131 [FXGL Background Thread 3 ] DEBUG Engine               - version: 0.0
11:58:53.131 [FXGL Background Thread 3 ] DEBUG Engine               - versionCheckDays: 7
11:58:53.131 [FXGL Background Thread 3 ] DEBUG Engine               - width: 800
11:58:53.131 [FXGL Background Thread 3 ] DEBUG Engine               - Logging services
11:58:53.131 [FXGL Background Thread 3 ] DEBUG Engine               - class com.almasb.fxgl.app.services.FXGLAssetLoaderService
11:58:53.131 [FXGL Background Thread 3 ] DEBUG Engine               - class com.almasb.fxgl.app.FXGLApplication$GameApplicationService
11:58:53.131 [FXGL Background Thread 3 ] DEBUG Engine               - class com.almasb.fxgl.app.services.FXGLDialogService
11:58:53.131 [FXGL Background Thread 3 ] DEBUG Engine               - class com.almasb.fxgl.app.services.IOTaskExecutorService
11:58:53.131 [FXGL Background Thread 3 ] DEBUG Engine               - class com.almasb.fxgl.io.FileSystemService
11:58:53.131 [FXGL Background Thread 3 ] DEBUG Engine               - class com.almasb.fxgl.localization.LocalizationService
11:58:53.131 [FXGL Background Thread 3 ] DEBUG Engine               - class com.almasb.fxgl.app.services.SystemBundleService
11:58:53.132 [FXGL Background Thread 3 ] DEBUG Engine               - class com.almasb.fxgl.profile.SaveLoadService
11:58:53.132 [FXGL Background Thread 3 ] DEBUG Engine               - class com.almasb.fxgl.ui.FXGLUIFactoryServiceProvider
11:58:53.132 [FXGL Background Thread 3 ] DEBUG Engine               - class com.almasb.fxgl.ui.FXGLDialogFactoryServiceProvider
11:58:53.132 [FXGL Background Thread 3 ] DEBUG Engine               - class com.almasb.fxgl.audio.AudioPlayer
11:58:53.132 [FXGL Background Thread 3 ] DEBUG Engine               - class com.almasb.fxgl.notification.impl.NotificationServiceProvider
11:58:53.132 [FXGL Background Thread 3 ] DEBUG Engine               - class com.almasb.fxgl.achievement.AchievementService
11:58:53.132 [FXGL Background Thread 3 ] DEBUG Engine               - class com.almasb.fxgl.cutscene.CutsceneService
11:58:53.132 [FXGL Background Thread 3 ] DEBUG Engine               - class com.almasb.fxgl.minigames.MiniGameService
11:58:53.132 [FXGL Background Thread 3 ] DEBUG Engine               - class com.almasb.fxgl.net.NetService
11:58:53.132 [FXGL Background Thread 3 ] DEBUG Engine               - class com.almasb.fxgl.app.services.UpdaterService
11:58:53.132 [FXGL Background Thread 3 ] DEBUG Engine               - class com.almasb.fxgl.dev.DevService
11:58:56.270 [JavaFX Application Thread] DEBUG FXGLApplication      - Exiting FXGL
11:58:56.271 [JavaFX Application Thread] DEBUG LoopRunner           - Stopping loop
11:58:56.271 [JavaFX Application Thread] DEBUG SystemBundleService  - Saving FXGL system data
11:58:56.272 [JavaFX Application Thread] DEBUG FileSystemAccess     - Writing to: C:\Users\lotca\Desktop\software-design-vu\system\fxgl.bundle
11:58:56.274 [JavaFX Application Thread] DEBUG Async                - Shutting down background threads
11:58:56.274 [JavaFX Application Thread] DEBUG PrimaryStageWindow   - Closing main window
11:58:56.289 [JavaFX Application Thread] DEBUG Logger               - Closing Logger
