11:58:12.881 [main                     ] DEBUG Logger               - Configured Logger
11:58:12.897 [main                     ] DEBUG GameApplication      - Logging settings
Title: Untitled
Version: 0.0
Width: 800
Height: 600
Fullscreen: false
Intro: false
Profiling: false
Single step:false
App Mode: DEVELOPER
Menu Key: ESCAPE
Stage Style: DECORATED
Scene Factory: class com.almasb.fxgl.app.scene.SceneFactory

11:58:13.544 [JavaFX Application Thread] DEBUG FXGLApplication      - Initializing FXGL
11:58:13.547 [JavaFX Application Thread] INFO  Engine               - FXGL-11.17 (16.07.2021 15.46) on WINDOWS (J:11.0.18 FX:19)
11:58:13.548 [JavaFX Application Thread] DEBUG Engine               - JRE Vendor Name: Eclipse Adoptium
11:58:13.548 [JavaFX Application Thread] DEBUG Engine               - Running on OS: Windows 10 version 10.0
11:58:13.548 [JavaFX Application Thread] DEBUG Engine               - Architecture: amd64
11:58:13.548 [JavaFX Application Thread] INFO  Engine               - Source code and latest versions at: https://github.com/AlmasB/FXGL
11:58:13.548 [JavaFX Application Thread] INFO  Engine               -              Join the FXGL chat at: https://gitter.im/AlmasB/FXGL
11:58:13.687 [JavaFX Application Thread] DEBUG PrimaryStageWindow   - Creating a JavaFX scene
11:58:13.746 [JavaFX Application Thread] DEBUG PrimaryStageWindow   - Target settings size: 800.0 x 600.0
11:58:13.746 [JavaFX Application Thread] DEBUG PrimaryStageWindow   - Scaled scene size:    800.0 x 600.0
11:58:13.746 [JavaFX Application Thread] DEBUG PrimaryStageWindow   - Scaled ratio: (1.0, 1.0)
11:58:13.748 [JavaFX Application Thread] DEBUG PrimaryStageWindow   - Set initial scene to FXGLStartupScene
11:58:13.752 [JavaFX Application Thread] DEBUG PrimaryStageWindow   - Opening main window
11:58:13.853 [JavaFX Application Thread] DEBUG PrimaryStageWindow   - Window border size: (16.0, 39.0)
11:58:13.853 [JavaFX Application Thread] DEBUG PrimaryStageWindow   - Scaled size: 800.0 x 600.0
11:58:13.853 [JavaFX Application Thread] DEBUG PrimaryStageWindow   - Scaled ratio: (1.0, 1.0)
11:58:13.853 [JavaFX Application Thread] DEBUG PrimaryStageWindow   - Scene size: 800.0 x 600.0
11:58:13.853 [JavaFX Application Thread] DEBUG PrimaryStageWindow   - Stage size: 816.0 x 639.0
11:58:13.862 [FXGL Background Thread 1 ] DEBUG Engine               - Initializing environment variables
11:58:13.936 [FXGL Background Thread 1 ] DEBUG FXGLAssetLoaderServi - User app class for loading assets: class softwaredesign.Main
11:58:13.937 [FXGL Background Thread 1 ] DEBUG GameApplicationServi - Applying CSS: fxgl_dark.css
11:58:13.937 [FXGL Background Thread 1 ] DEBUG FXGLAssetLoaderServi - Loading from file system: jar:file:/C:/Users/lotca/.gradle/caches/modules-2/files-2.1/com.github.almasb/fxgl/11.17/206906ee5d1b948952e85fe43e36ee9a9a6dea00/fxgl-11.17.jar!/fxglassets/ui/css/fxgl_dark.css
11:58:13.981 [FXGL Background Thread 1 ] DEBUG GameApplicationServi - Initializing application scenes
11:58:14.029 [FXGL Background Thread 1 ] DEBUG GameWorld            - Game world initialized
11:58:14.111 [FXGL Background Thread 1 ] DEBUG PhysicsWorld         - Physics world initialized: appHeight=600, physics.ppm=50.0
11:58:14.111 [FXGL Background Thread 1 ] DEBUG PhysicsWorld         - Using strategy: BRUTE_FORCE
11:58:14.113 [FXGL Background Thread 1 ] DEBUG GameScene            - Game scene initialized: 800x600
11:58:14.128 [FXGL Background Thread 1 ] DEBUG FXGL.DefaultMenu     - createMenuBodyGameMenu()
11:58:14.154 [FXGL Background Thread 1 ] DEBUG FXGL.DefaultMenu     - createOptionsMenu()
11:58:14.165 [FXGL Background Thread 1 ] DEBUG FXGLAssetLoaderServi - Loading from file system: jar:file:/C:/Users/lotca/.gradle/caches/modules-2/files-2.1/com.github.almasb/fxgl/11.17/206906ee5d1b948952e85fe43e36ee9a9a6dea00/fxgl-11.17.jar!/fxglassets/textures/particles/smoke.png
11:58:14.270 [FXGL Background Thread 1 ] DEBUG FXGLAssetLoaderServi - Loading from file system: jar:file:/C:/Users/lotca/.gradle/caches/modules-2/files-2.1/com.github.almasb/fxgl/11.17/206906ee5d1b948952e85fe43e36ee9a9a6dea00/fxgl-11.17.jar!/fxglassets/textures/particles/trace_horizontal.png
11:58:14.288 [FXGL Background Thread 1 ] DEBUG GameApplicationServi - Application scenes initialized
11:58:14.304 [FXGL Background Thread 1 ] DEBUG SystemBundleService  - Loading FXGL system data
11:58:14.308 [FXGL Background Thread 1 ] DEBUG FileSystemAccess     - Reading from: C:\Users\lotca\Desktop\software-design-vu\system\fxgl.bundle
11:58:14.313 [FXGL Background Thread 1 ] DEBUG SystemBundleService  - Bundle FXGL: {}
11:58:14.313 [FXGL Background Thread 1 ] DEBUG UpdaterService       - Checking for updates
11:58:14.318 [FXGL Background Thread 4 ] DEBUG FXGLApplication      - Loading fonts
11:58:14.318 [FXGL Background Thread 1 ] DEBUG FXGLApplication      - Loading default localization
11:58:14.318 [FXGL Background Thread 4 ] DEBUG FXGLAssetLoaderServi - Loading from file system: jar:file:/C:/Users/lotca/.gradle/caches/modules-2/files-2.1/com.github.almasb/fxgl/11.17/206906ee5d1b948952e85fe43e36ee9a9a6dea00/fxgl-11.17.jar!/fxglassets/ui/fonts/VarelaRound-Regular.ttf
11:58:14.319 [FXGL Background Thread 1 ] DEBUG FXGLAssetLoaderServi - Loading from file system: jar:file:/C:/Users/lotca/.gradle/caches/modules-2/files-2.1/com.github.almasb/fxgl/11.17/206906ee5d1b948952e85fe43e36ee9a9a6dea00/fxgl-11.17.jar!/fxglassets/languages/english.lang
11:58:14.340 [FXGL Background Thread 1 ] INFO  FXGLApplication      - FXGL initialization took: 0.478 sec
11:58:14.342 [JavaFX Application Thread] DEBUG FXGLAssetLoaderServi - Loading from file system: jar:file:/C:/Users/lotca/.gradle/caches/modules-2/files-2.1/com.github.almasb/fxgl/11.17/206906ee5d1b948952e85fe43e36ee9a9a6dea00/fxgl-11.17.jar!/fxglassets/textures/fxgl_icon.png
11:58:14.371 [JavaFX Application Thread] DEBUG FXGLAssetLoaderServi - Loading from file system: jar:file:/C:/Users/lotca/.gradle/caches/modules-2/files-2.1/com.github.almasb/fxgl/11.17/206906ee5d1b948952e85fe43e36ee9a9a6dea00/fxgl-11.17.jar!/fxglassets/textures/fxgl_default_cursor.png
11:58:14.387 [JavaFX Application Thread] DEBUG Input                - Registered new binding: Screenshot - CTRL+8
11:58:14.388 [JavaFX Application Thread] DEBUG Input                - Registered new binding: System info dump - CTRL+9
11:58:14.388 [JavaFX Application Thread] DEBUG Input                - Registered new binding: Restart - CTRL+R
11:58:14.390 [JavaFX Application Thread] DEBUG Input                - Registered new binding: Toggle Debug Camera - CTRL+C
11:58:14.392 [JavaFX Application Thread] DEBUG LoopRunner           - Starting loop
11:58:14.393 [JavaFX Application Thread] DEBUG LoopRunner           - Initializing JavaFX AnimationTimerLoop
11:58:14.395 [JavaFX Application Thread] DEBUG GameApplicationServi - Starting new game
11:58:14.396 [JavaFX Application Thread] DEBUG Input                - Clearing active input actions
11:58:14.410 [JavaFX Application Thread] DEBUG GameApplicationServi - Removing overlay from FXGLStartupScene and adding to FXGLLoadingScene
11:58:14.411 [JavaFX Application Thread] DEBUG PrimaryStageWindow   - FXGLStartupScene -> FXGLLoadingScene
11:58:14.411 [JavaFX Application Thread] DEBUG GameApplicationServi - Clearing previous game
11:58:14.411 [JavaFX Application Thread] DEBUG GameScene            - Clearing game scene
11:58:14.411 [JavaFX Application Thread] DEBUG GameWorld            - Clearing game world
11:58:14.411 [JavaFX Application Thread] DEBUG PhysicsWorld         - Clearing physics world
11:58:14.412 [FXGL Background Thread 1 ] DEBUG FXGLApplication      - Initializing game
11:58:14.422 [FXGL Background Thread 1 ] DEBUG FXGLAssetLoaderServi - Loading from file system: file:/C:/Users/lotca/Desktop/software-design-vu/build/resources/main/assets/textures/kipIdle.png
11:58:14.433 [FXGL Background Thread 1 ] INFO  FXGLApplication      - Game initialization took: 0.021 sec
11:58:14.471 [JavaFX Application Thread] DEBUG Input                - Clearing active input actions
11:58:14.487 [JavaFX Application Thread] DEBUG GameApplicationServi - Removing overlay from FXGLLoadingScene and adding to GameScene
11:58:14.487 [JavaFX Application Thread] DEBUG PrimaryStageWindow   - FXGLLoadingScene -> GameScene
11:58:14.739 [FXGL Background Thread 4 ] DEBUG FXGLAssetLoaderServi - Loading from file system: jar:file:/C:/Users/lotca/.gradle/caches/modules-2/files-2.1/com.github.almasb/fxgl/11.17/206906ee5d1b948952e85fe43e36ee9a9a6dea00/fxgl-11.17.jar!/fxglassets/ui/fonts/Abel-Regular.ttf
11:58:14.742 [FXGL Background Thread 4 ] DEBUG FXGLAssetLoaderServi - Loading from file system: jar:file:/C:/Users/lotca/.gradle/caches/modules-2/files-2.1/com.github.almasb/fxgl/11.17/206906ee5d1b948952e85fe43e36ee9a9a6dea00/fxgl-11.17.jar!/fxglassets/ui/fonts/lucida_console.ttf
11:58:14.747 [FXGL Background Thread 4 ] DEBUG FXGLAssetLoaderServi - Loading from file system: jar:file:/C:/Users/lotca/.gradle/caches/modules-2/files-2.1/com.github.almasb/fxgl/11.17/206906ee5d1b948952e85fe43e36ee9a9a6dea00/fxgl-11.17.jar!/fxglassets/ui/fonts/Courier-Prime.ttf
11:58:14.753 [JavaFX Application Thread] DEBUG FXGLApplication      - Registering font factories with UI factory
11:58:14.934 [FXGL Background Thread 2 ] INFO  UpdaterService       - Your current version:  11.17
11:58:14.934 [FXGL Background Thread 2 ] INFO  UpdaterService       - Latest stable version: 17.2
11:58:17.217 [JavaFX Application Thread] DEBUG FXGLApplication      - Exiting FXGL
11:58:17.217 [JavaFX Application Thread] DEBUG LoopRunner           - Stopping loop
11:58:17.217 [JavaFX Application Thread] DEBUG SystemBundleService  - Saving FXGL system data
11:58:17.219 [JavaFX Application Thread] DEBUG FileSystemAccess     - Writing to: C:\Users\lotca\Desktop\software-design-vu\system\fxgl.bundle
11:58:17.221 [JavaFX Application Thread] DEBUG Async                - Shutting down background threads
11:58:17.221 [JavaFX Application Thread] DEBUG PrimaryStageWindow   - Closing main window
11:58:17.241 [JavaFX Application Thread] DEBUG Logger               - Closing Logger
