15:34:59.893 [main                     ] DEBUG Logger               - Configured Logger
15:34:59.909 [main                     ] DEBUG GameApplication      - Logging settings
Title: Office Pets
Version: 0.0
Width: 512
Height: 592
Fullscreen: false
Intro: false
Profiling: false
Single step:false
App Mode: DEVELOPER
Menu Key: ESCAPE
Stage Style: DECORATED
Scene Factory: class com.almasb.fxgl.app.scene.SceneFactory

15:35:00.532 [JavaFX Application Thread] DEBUG FXGLApplication      - Initializing FXGL
15:35:00.536 [JavaFX Application Thread] INFO  Engine               - FXGL-11.17 (16.07.2021 15.46) on WINDOWS (J:11.0.18 FX:19)
15:35:00.536 [JavaFX Application Thread] DEBUG Engine               - JRE Vendor Name: Eclipse Adoptium
15:35:00.536 [JavaFX Application Thread] DEBUG Engine               - Running on OS: Windows 10 version 10.0
15:35:00.536 [JavaFX Application Thread] DEBUG Engine               - Architecture: amd64
15:35:00.536 [JavaFX Application Thread] INFO  Engine               - Source code and latest versions at: https://github.com/AlmasB/FXGL
15:35:00.537 [JavaFX Application Thread] INFO  Engine               -              Join the FXGL chat at: https://gitter.im/AlmasB/FXGL
15:35:00.672 [JavaFX Application Thread] DEBUG PrimaryStageWindow   - Creating a JavaFX scene
15:35:00.731 [JavaFX Application Thread] DEBUG PrimaryStageWindow   - Target settings size: 512.0 x 592.0
15:35:00.731 [JavaFX Application Thread] DEBUG PrimaryStageWindow   - Scaled scene size:    512.0 x 592.0
15:35:00.731 [JavaFX Application Thread] DEBUG PrimaryStageWindow   - Scaled ratio: (1.0, 1.0)
15:35:00.732 [JavaFX Application Thread] DEBUG PrimaryStageWindow   - Set initial scene to FXGLStartupScene
15:35:00.736 [JavaFX Application Thread] DEBUG PrimaryStageWindow   - Opening main window
15:35:00.831 [JavaFX Application Thread] DEBUG PrimaryStageWindow   - Window border size: (16.0, 39.0)
15:35:00.831 [JavaFX Application Thread] DEBUG PrimaryStageWindow   - Scaled size: 512.0 x 592.0
15:35:00.831 [JavaFX Application Thread] DEBUG PrimaryStageWindow   - Scaled ratio: (1.0, 1.0)
15:35:00.831 [JavaFX Application Thread] DEBUG PrimaryStageWindow   - Scene size: 512.0 x 592.0
15:35:00.831 [JavaFX Application Thread] DEBUG PrimaryStageWindow   - Stage size: 528.0 x 631.0
15:35:00.840 [FXGL Background Thread 1 ] DEBUG Engine               - Initializing environment variables
15:35:00.910 [FXGL Background Thread 1 ] DEBUG FXGLAssetLoaderServi - User app class for loading assets: class softwaredesign.Main
15:35:00.911 [FXGL Background Thread 1 ] DEBUG GameApplicationServi - Applying CSS: fxgl_dark.css
15:35:00.911 [FXGL Background Thread 1 ] DEBUG FXGLAssetLoaderServi - Loading from file system: jar:file:/C:/Users/lotca/.gradle/caches/modules-2/files-2.1/com.github.almasb/fxgl/11.17/206906ee5d1b948952e85fe43e36ee9a9a6dea00/fxgl-11.17.jar!/fxglassets/ui/css/fxgl_dark.css
15:35:00.963 [FXGL Background Thread 1 ] DEBUG GameApplicationServi - Initializing application scenes
15:35:01.014 [FXGL Background Thread 1 ] DEBUG GameWorld            - Game world initialized
15:35:01.096 [FXGL Background Thread 1 ] DEBUG PhysicsWorld         - Physics world initialized: appHeight=592, physics.ppm=50.0
15:35:01.097 [FXGL Background Thread 1 ] DEBUG PhysicsWorld         - Using strategy: BRUTE_FORCE
15:35:01.099 [FXGL Background Thread 1 ] DEBUG GameScene            - Game scene initialized: 512x592
15:35:01.112 [FXGL Background Thread 1 ] WARN  FXGL.DefaultMenu     - FXGLDefaultMenu is not designed for resolutions < 800x600
15:35:01.112 [FXGL Background Thread 1 ] DEBUG FXGL.DefaultMenu     - createMenuBodyGameMenu()
15:35:01.144 [FXGL Background Thread 1 ] DEBUG FXGL.DefaultMenu     - createOptionsMenu()
15:35:01.155 [FXGL Background Thread 1 ] DEBUG FXGLAssetLoaderServi - Loading from file system: jar:file:/C:/Users/lotca/.gradle/caches/modules-2/files-2.1/com.github.almasb/fxgl/11.17/206906ee5d1b948952e85fe43e36ee9a9a6dea00/fxgl-11.17.jar!/fxglassets/textures/particles/smoke.png
15:35:01.275 [FXGL Background Thread 1 ] DEBUG FXGLAssetLoaderServi - Loading from file system: jar:file:/C:/Users/lotca/.gradle/caches/modules-2/files-2.1/com.github.almasb/fxgl/11.17/206906ee5d1b948952e85fe43e36ee9a9a6dea00/fxgl-11.17.jar!/fxglassets/textures/particles/trace_horizontal.png
15:35:01.303 [FXGL Background Thread 1 ] DEBUG GameApplicationServi - Application scenes initialized
15:35:01.317 [FXGL Background Thread 1 ] DEBUG SystemBundleService  - Loading FXGL system data
15:35:01.321 [FXGL Background Thread 1 ] DEBUG FileSystemAccess     - Reading from: C:\Users\lotca\Desktop\software-design-vu\system\fxgl.bundle
15:35:01.326 [FXGL Background Thread 1 ] DEBUG SystemBundleService  - Bundle FXGL: {}
15:35:01.326 [FXGL Background Thread 1 ] DEBUG UpdaterService       - Checking for updates
15:35:01.331 [FXGL Background Thread 4 ] DEBUG FXGLApplication      - Loading fonts
15:35:01.332 [FXGL Background Thread 4 ] DEBUG FXGLAssetLoaderServi - Loading from file system: jar:file:/C:/Users/lotca/.gradle/caches/modules-2/files-2.1/com.github.almasb/fxgl/11.17/206906ee5d1b948952e85fe43e36ee9a9a6dea00/fxgl-11.17.jar!/fxglassets/ui/fonts/VarelaRound-Regular.ttf
15:35:01.332 [FXGL Background Thread 1 ] DEBUG FXGLApplication      - Loading default localization
15:35:01.333 [FXGL Background Thread 1 ] DEBUG FXGLAssetLoaderServi - Loading from file system: jar:file:/C:/Users/lotca/.gradle/caches/modules-2/files-2.1/com.github.almasb/fxgl/11.17/206906ee5d1b948952e85fe43e36ee9a9a6dea00/fxgl-11.17.jar!/fxglassets/languages/english.lang
15:35:01.359 [FXGL Background Thread 1 ] INFO  FXGLApplication      - FXGL initialization took: 0.519 sec
15:35:01.361 [JavaFX Application Thread] DEBUG FXGLAssetLoaderServi - Loading from file system: jar:file:/C:/Users/lotca/.gradle/caches/modules-2/files-2.1/com.github.almasb/fxgl/11.17/206906ee5d1b948952e85fe43e36ee9a9a6dea00/fxgl-11.17.jar!/fxglassets/textures/fxgl_icon.png
15:35:01.396 [JavaFX Application Thread] DEBUG FXGLAssetLoaderServi - Loading from file system: jar:file:/C:/Users/lotca/.gradle/caches/modules-2/files-2.1/com.github.almasb/fxgl/11.17/206906ee5d1b948952e85fe43e36ee9a9a6dea00/fxgl-11.17.jar!/fxglassets/textures/fxgl_default_cursor.png
15:35:01.418 [JavaFX Application Thread] DEBUG Input                - Registered new binding: Screenshot - CTRL+8
15:35:01.419 [JavaFX Application Thread] DEBUG Input                - Registered new binding: System info dump - CTRL+9
15:35:01.419 [JavaFX Application Thread] DEBUG Input                - Registered new binding: Restart - CTRL+R
15:35:01.420 [JavaFX Application Thread] DEBUG Input                - Registered new binding: Toggle Debug Camera - CTRL+C
15:35:01.422 [JavaFX Application Thread] DEBUG LoopRunner           - Starting loop
15:35:01.423 [JavaFX Application Thread] DEBUG LoopRunner           - Initializing JavaFX AnimationTimerLoop
15:35:01.426 [JavaFX Application Thread] DEBUG GameApplicationServi - Starting new game
15:35:01.426 [JavaFX Application Thread] DEBUG Input                - Clearing active input actions
15:35:01.447 [JavaFX Application Thread] DEBUG GameApplicationServi - Removing overlay from FXGLStartupScene and adding to FXGLLoadingScene
15:35:01.448 [JavaFX Application Thread] DEBUG PrimaryStageWindow   - FXGLStartupScene -> FXGLLoadingScene
15:35:01.448 [JavaFX Application Thread] DEBUG GameApplicationServi - Clearing previous game
15:35:01.448 [JavaFX Application Thread] DEBUG GameScene            - Clearing game scene
15:35:01.448 [JavaFX Application Thread] DEBUG GameWorld            - Clearing game world
15:35:01.448 [JavaFX Application Thread] DEBUG PhysicsWorld         - Clearing physics world
15:35:01.449 [FXGL Background Thread 1 ] DEBUG FXGLApplication      - Initializing game
15:35:01.455 [FXGL Background Thread 1 ] DEBUG FXGLAssetLoaderServi - Loading from file system: file:/C:/Users/lotca/Desktop/software-design-vu/build/resources/main/assets/textures/kipIdle.png
15:35:01.492 [FXGL Background Thread 1 ] DEBUG FXGLAssetLoaderServi - Loading from file system: file:/C:/Users/lotca/Desktop/software-design-vu/build/resources/main/assets/textures/fork.png
15:35:01.521 [FXGL Background Thread 1 ] INFO  FXGLApplication      - Game initialization took: 0.071 sec
15:35:01.579 [JavaFX Application Thread] DEBUG Input                - Clearing active input actions
15:35:01.597 [JavaFX Application Thread] DEBUG GameApplicationServi - Removing overlay from FXGLLoadingScene and adding to GameScene
15:35:01.597 [JavaFX Application Thread] DEBUG PrimaryStageWindow   - FXGLLoadingScene -> GameScene
15:35:01.787 [FXGL Background Thread 4 ] DEBUG FXGLAssetLoaderServi - Loading from file system: jar:file:/C:/Users/lotca/.gradle/caches/modules-2/files-2.1/com.github.almasb/fxgl/11.17/206906ee5d1b948952e85fe43e36ee9a9a6dea00/fxgl-11.17.jar!/fxglassets/ui/fonts/Abel-Regular.ttf
15:35:01.791 [FXGL Background Thread 4 ] DEBUG FXGLAssetLoaderServi - Loading from file system: jar:file:/C:/Users/lotca/.gradle/caches/modules-2/files-2.1/com.github.almasb/fxgl/11.17/206906ee5d1b948952e85fe43e36ee9a9a6dea00/fxgl-11.17.jar!/fxglassets/ui/fonts/lucida_console.ttf
15:35:01.796 [FXGL Background Thread 4 ] DEBUG FXGLAssetLoaderServi - Loading from file system: jar:file:/C:/Users/lotca/.gradle/caches/modules-2/files-2.1/com.github.almasb/fxgl/11.17/206906ee5d1b948952e85fe43e36ee9a9a6dea00/fxgl-11.17.jar!/fxglassets/ui/fonts/Courier-Prime.ttf
15:35:01.803 [JavaFX Application Thread] DEBUG FXGLApplication      - Registering font factories with UI factory
15:35:01.994 [FXGL Background Thread 2 ] INFO  UpdaterService       - Your current version:  11.17
15:35:01.995 [FXGL Background Thread 2 ] INFO  UpdaterService       - Latest stable version: 17.2
15:35:04.330 [FXGL Background Thread 3 ] DEBUG Engine               - Logging environment variables
15:35:04.330 [FXGL Background Thread 3 ] DEBUG Engine               - achievements: []
15:35:04.331 [FXGL Background Thread 3 ] DEBUG Engine               - actualHeight: 592.0
15:35:04.331 [FXGL Background Thread 3 ] DEBUG Engine               - actualHeightProperty: ReadOnlyDoubleProperty [value: 592.0]
15:35:04.331 [FXGL Background Thread 3 ] DEBUG Engine               - actualWidth: 512.0
15:35:04.331 [FXGL Background Thread 3 ] DEBUG Engine               - actualWidthProperty: ReadOnlyDoubleProperty [value: 512.0]
15:35:04.331 [FXGL Background Thread 3 ] DEBUG Engine               - appIcon: fxgl_icon.png
15:35:04.331 [FXGL Background Thread 3 ] DEBUG Engine               - applicationMode: DEVELOPER
15:35:04.331 [FXGL Background Thread 3 ] DEBUG Engine               - cSSList: [fxgl_dark.css]
15:35:04.331 [FXGL Background Thread 3 ] DEBUG Engine               - collisionDetectionStrategy: BRUTE_FORCE
15:35:04.331 [FXGL Background Thread 3 ] DEBUG Engine               - configClass: Optional.empty
15:35:04.331 [FXGL Background Thread 3 ] DEBUG Engine               - credits: []
15:35:04.331 [FXGL Background Thread 3 ] DEBUG Engine               - defaultCursor: CursorInfo(imageName=fxgl_default_cursor.png, hotspotX=7.0, hotspotY=6.0)
15:35:04.331 [FXGL Background Thread 3 ] DEBUG Engine               - devBBoxColorProperty: ObjectProperty [value: 0xff0000ff]
15:35:04.331 [FXGL Background Thread 3 ] DEBUG Engine               - devEnableDebugCameraProperty: BooleanProperty [value: false]
15:35:04.331 [FXGL Background Thread 3 ] DEBUG Engine               - devSensorColorProperty: ObjectProperty [value: 0xffff00ff]
15:35:04.332 [FXGL Background Thread 3 ] DEBUG Engine               - devShowBBoxProperty: BooleanProperty [value: false]
15:35:04.332 [FXGL Background Thread 3 ] DEBUG Engine               - devShowPositionProperty: BooleanProperty [value: false]
15:35:04.332 [FXGL Background Thread 3 ] DEBUG Engine               - enabledMenuItems: []
15:35:04.332 [FXGL Background Thread 3 ] DEBUG Engine               - engineServices: [class com.almasb.fxgl.app.services.FXGLAssetLoaderService, class com.almasb.fxgl.app.FXGLApplication$GameApplicationService, class com.almasb.fxgl.app.services.FXGLDialogService, class com.almasb.fxgl.app.services.IOTaskExecutorService, class com.almasb.fxgl.io.FileSystemService, class com.almasb.fxgl.localization.LocalizationService, class com.almasb.fxgl.app.services.SystemBundleService, class com.almasb.fxgl.profile.SaveLoadService, class com.almasb.fxgl.ui.FXGLUIFactoryServiceProvider, class com.almasb.fxgl.ui.FXGLDialogFactoryServiceProvider, class com.almasb.fxgl.audio.AudioPlayer, class com.almasb.fxgl.notification.impl.NotificationServiceProvider, class com.almasb.fxgl.achievement.AchievementService, class com.almasb.fxgl.cutscene.CutsceneService, class com.almasb.fxgl.minigames.MiniGameService, class com.almasb.fxgl.net.NetService, class com.almasb.fxgl.app.services.UpdaterService, class com.almasb.fxgl.dev.DevService]
15:35:04.332 [FXGL Background Thread 3 ] DEBUG Engine               - fontGame: Abel-Regular.ttf
15:35:04.332 [FXGL Background Thread 3 ] DEBUG Engine               - fontMono: lucida_console.ttf
15:35:04.332 [FXGL Background Thread 3 ] DEBUG Engine               - fontText: Courier-Prime.ttf
15:35:04.332 [FXGL Background Thread 3 ] DEBUG Engine               - fontUI: VarelaRound-Regular.ttf
15:35:04.332 [FXGL Background Thread 3 ] DEBUG Engine               - fullScreen: BooleanProperty [value: false]
15:35:04.332 [FXGL Background Thread 3 ] DEBUG Engine               - gameDifficulty: MEDIUM
15:35:04.332 [FXGL Background Thread 3 ] DEBUG Engine               - gameDifficultyProperty: ObjectProperty [value: MEDIUM]
15:35:04.332 [FXGL Background Thread 3 ] DEBUG Engine               - globalMusicVolume: 0.5
15:35:04.332 [FXGL Background Thread 3 ] DEBUG Engine               - globalMusicVolumeProperty: DoubleProperty [value: 0.5]
15:35:04.332 [FXGL Background Thread 3 ] DEBUG Engine               - globalSoundVolume: 0.5
15:35:04.332 [FXGL Background Thread 3 ] DEBUG Engine               - globalSoundVolumeProperty: DoubleProperty [value: 0.5]
15:35:04.332 [FXGL Background Thread 3 ] DEBUG Engine               - height: 592
15:35:04.332 [FXGL Background Thread 3 ] DEBUG Engine               - is3D: false
15:35:04.332 [FXGL Background Thread 3 ] DEBUG Engine               - isAndroid: false
15:35:04.332 [FXGL Background Thread 3 ] DEBUG Engine               - isBrowser: false
15:35:04.332 [FXGL Background Thread 3 ] DEBUG Engine               - isClickFeedbackEnabled: false
15:35:04.332 [FXGL Background Thread 3 ] DEBUG Engine               - isCloseConfirmation: false
15:35:04.332 [FXGL Background Thread 3 ] DEBUG Engine               - isDesktop: true
15:35:04.333 [FXGL Background Thread 3 ] DEBUG Engine               - isDeveloperMenuEnabled: false
15:35:04.333 [FXGL Background Thread 3 ] DEBUG Engine               - isEntityPreloadEnabled: true
15:35:04.333 [FXGL Background Thread 3 ] DEBUG Engine               - isExperimentalTiledLargeMap: false
15:35:04.333 [FXGL Background Thread 3 ] DEBUG Engine               - isFileSystemWriteAllowed: true
15:35:04.333 [FXGL Background Thread 3 ] DEBUG Engine               - isFullScreenAllowed: false
15:35:04.333 [FXGL Background Thread 3 ] DEBUG Engine               - isFullScreenFromStart: false
15:35:04.333 [FXGL Background Thread 3 ] DEBUG Engine               - isGameMenuEnabled: true
15:35:04.333 [FXGL Background Thread 3 ] DEBUG Engine               - isIOS: false
15:35:04.333 [FXGL Background Thread 3 ] DEBUG Engine               - isIntroEnabled: false
15:35:04.333 [FXGL Background Thread 3 ] DEBUG Engine               - isLinux: false
15:35:04.333 [FXGL Background Thread 3 ] DEBUG Engine               - isMac: false
15:35:04.333 [FXGL Background Thread 3 ] DEBUG Engine               - isMainMenuEnabled: false
15:35:04.333 [FXGL Background Thread 3 ] DEBUG Engine               - isManualResizeEnabled: false
15:35:04.333 [FXGL Background Thread 3 ] DEBUG Engine               - isMobile: false
15:35:04.333 [FXGL Background Thread 3 ] DEBUG Engine               - isNative: false
15:35:04.333 [FXGL Background Thread 3 ] DEBUG Engine               - isPauseMusicWhenMinimized: true
15:35:04.333 [FXGL Background Thread 3 ] DEBUG Engine               - isPreserveResizeRatio: false
15:35:04.333 [FXGL Background Thread 3 ] DEBUG Engine               - isProfilingEnabled: false
15:35:04.333 [FXGL Background Thread 3 ] DEBUG Engine               - isScaleAffectedOnResize: true
15:35:04.333 [FXGL Background Thread 3 ] DEBUG Engine               - isSingleStep: false
15:35:04.333 [FXGL Background Thread 3 ] DEBUG Engine               - isUserProfileEnabled: false
15:35:04.333 [FXGL Background Thread 3 ] DEBUG Engine               - isWindows: true
15:35:04.333 [FXGL Background Thread 3 ] DEBUG Engine               - language: ObjectProperty [value: ENGLISH]
15:35:04.334 [FXGL Background Thread 3 ] DEBUG Engine               - menuKey: ESCAPE
15:35:04.334 [FXGL Background Thread 3 ] DEBUG Engine               - mouseSensitivity: 0.2
15:35:04.334 [FXGL Background Thread 3 ] DEBUG Engine               - notificationViewClass: class com.almasb.fxgl.notification.view.XboxNotificationView
15:35:04.334 [FXGL Background Thread 3 ] DEBUG Engine               - pixelsPerMeter: 50.0
15:35:04.334 [FXGL Background Thread 3 ] DEBUG Engine               - platform: WINDOWS
15:35:04.334 [FXGL Background Thread 3 ] DEBUG Engine               - prefHeightProperty: ReadOnlyDoubleProperty [value: 592.0]
15:35:04.334 [FXGL Background Thread 3 ] DEBUG Engine               - prefWidthProperty: ReadOnlyDoubleProperty [value: 512.0]
15:35:04.334 [FXGL Background Thread 3 ] DEBUG Engine               - profileDir: profiles/
15:35:04.334 [FXGL Background Thread 3 ] DEBUG Engine               - profileName: StringProperty [value: DEFAULT]
15:35:04.334 [FXGL Background Thread 3 ] DEBUG Engine               - randomSeed: -1
15:35:04.334 [FXGL Background Thread 3 ] DEBUG Engine               - runtimeInfo: RuntimeInfo(platform=WINDOWS, version=11.17, build=16.07.2021 15.46)
15:35:04.334 [FXGL Background Thread 3 ] DEBUG Engine               - saveFileExt: sav
15:35:04.334 [FXGL Background Thread 3 ] DEBUG Engine               - scaledHeightProp$fxgl: DoubleProperty [bound, value: 592.0]
15:35:04.334 [FXGL Background Thread 3 ] DEBUG Engine               - scaledWidthProp$fxgl: DoubleProperty [bound, value: 512.0]
15:35:04.334 [FXGL Background Thread 3 ] DEBUG Engine               - sceneFactory: com.almasb.fxgl.app.scene.SceneFactory@9d99f66
15:35:04.334 [FXGL Background Thread 3 ] DEBUG Engine               - secondsIn24h: 60
15:35:04.334 [FXGL Background Thread 3 ] DEBUG Engine               - soundMenuBack: menu/back.wav
15:35:04.334 [FXGL Background Thread 3 ] DEBUG Engine               - soundMenuPress: menu/press.wav
15:35:04.334 [FXGL Background Thread 3 ] DEBUG Engine               - soundMenuSelect: menu/select.wav
15:35:04.334 [FXGL Background Thread 3 ] DEBUG Engine               - soundNotification: core/notification.wav
15:35:04.334 [FXGL Background Thread 3 ] DEBUG Engine               - stageStyle: DECORATED
15:35:04.334 [FXGL Background Thread 3 ] DEBUG Engine               - supportedLanguages: [ENGLISH, FRENCH, GERMAN, HUNGARIAN, RUSSIAN]
15:35:04.334 [FXGL Background Thread 3 ] DEBUG Engine               - ticksPerSecond: -1
15:35:04.335 [FXGL Background Thread 3 ] DEBUG Engine               - title: Office Pets
15:35:04.335 [FXGL Background Thread 3 ] DEBUG Engine               - urlGithub: https://github.com/AlmasB/FXGL
15:35:04.335 [FXGL Background Thread 3 ] DEBUG Engine               - urlLeaderboard: http://fxgl-top.herokuapp.com/
15:35:04.335 [FXGL Background Thread 3 ] DEBUG Engine               - urlPOM: https://raw.githubusercontent.com/AlmasB/FXGL/release/README.md
15:35:04.335 [FXGL Background Thread 3 ] DEBUG Engine               - userAppClass: class softwaredesign.Main
15:35:04.335 [FXGL Background Thread 3 ] DEBUG Engine               - version: 0.0
15:35:04.335 [FXGL Background Thread 3 ] DEBUG Engine               - versionCheckDays: 7
15:35:04.335 [FXGL Background Thread 3 ] DEBUG Engine               - width: 512
15:35:04.335 [FXGL Background Thread 3 ] DEBUG Engine               - Logging services
15:35:04.335 [FXGL Background Thread 3 ] DEBUG Engine               - class com.almasb.fxgl.app.services.FXGLAssetLoaderService
15:35:04.335 [FXGL Background Thread 3 ] DEBUG Engine               - class com.almasb.fxgl.app.FXGLApplication$GameApplicationService
15:35:04.335 [FXGL Background Thread 3 ] DEBUG Engine               - class com.almasb.fxgl.app.services.FXGLDialogService
15:35:04.335 [FXGL Background Thread 3 ] DEBUG Engine               - class com.almasb.fxgl.app.services.IOTaskExecutorService
15:35:04.335 [FXGL Background Thread 3 ] DEBUG Engine               - class com.almasb.fxgl.io.FileSystemService
15:35:04.335 [FXGL Background Thread 3 ] DEBUG Engine               - class com.almasb.fxgl.localization.LocalizationService
15:35:04.335 [FXGL Background Thread 3 ] DEBUG Engine               - class com.almasb.fxgl.app.services.SystemBundleService
15:35:04.335 [FXGL Background Thread 3 ] DEBUG Engine               - class com.almasb.fxgl.profile.SaveLoadService
15:35:04.335 [FXGL Background Thread 3 ] DEBUG Engine               - class com.almasb.fxgl.ui.FXGLUIFactoryServiceProvider
15:35:04.335 [FXGL Background Thread 3 ] DEBUG Engine               - class com.almasb.fxgl.ui.FXGLDialogFactoryServiceProvider
15:35:04.335 [FXGL Background Thread 3 ] DEBUG Engine               - class com.almasb.fxgl.audio.AudioPlayer
15:35:04.335 [FXGL Background Thread 3 ] DEBUG Engine               - class com.almasb.fxgl.notification.impl.NotificationServiceProvider
15:35:04.335 [FXGL Background Thread 3 ] DEBUG Engine               - class com.almasb.fxgl.achievement.AchievementService
15:35:04.335 [FXGL Background Thread 3 ] DEBUG Engine               - class com.almasb.fxgl.cutscene.CutsceneService
15:35:04.335 [FXGL Background Thread 3 ] DEBUG Engine               - class com.almasb.fxgl.minigames.MiniGameService
15:35:04.335 [FXGL Background Thread 3 ] DEBUG Engine               - class com.almasb.fxgl.net.NetService
15:35:04.336 [FXGL Background Thread 3 ] DEBUG Engine               - class com.almasb.fxgl.app.services.UpdaterService
15:35:04.336 [FXGL Background Thread 3 ] DEBUG Engine               - class com.almasb.fxgl.dev.DevService
15:35:12.426 [JavaFX Application Thread] DEBUG FXGLApplication      - Exiting FXGL
15:35:12.426 [JavaFX Application Thread] DEBUG LoopRunner           - Stopping loop
15:35:12.426 [JavaFX Application Thread] DEBUG SystemBundleService  - Saving FXGL system data
15:35:12.427 [JavaFX Application Thread] DEBUG FileSystemAccess     - Writing to: C:\Users\lotca\Desktop\software-design-vu\system\fxgl.bundle
15:35:12.429 [JavaFX Application Thread] DEBUG Async                - Shutting down background threads
15:35:12.429 [JavaFX Application Thread] DEBUG PrimaryStageWindow   - Closing main window
15:35:12.440 [JavaFX Application Thread] DEBUG Logger               - Closing Logger
