09:44:04.245 [main                     ] DEBUG Logger               - Configured Logger
09:44:04.262 [main                     ] DEBUG GameApplication      - Logging settings
Title: Office Pets
Version: 0.0
Width: 512
Height: 592
Fullscreen: false
Intro: false
Profiling: false
Single step:false
App Mode: DEVELOPER
Menu Key: ESCAPE
Stage Style: DECORATED
Scene Factory: class com.almasb.fxgl.app.scene.SceneFactory

09:44:04.935 [JavaFX Application Thread] DEBUG FXGLApplication      - Initializing FXGL
09:44:04.939 [JavaFX Application Thread] INFO  Engine               - FXGL-11.17 (16.07.2021 15.46) on WINDOWS (J:11.0.18 FX:19)
09:44:04.939 [JavaFX Application Thread] DEBUG Engine               - JRE Vendor Name: Eclipse Adoptium
09:44:04.939 [JavaFX Application Thread] DEBUG Engine               - Running on OS: Windows 10 version 10.0
09:44:04.940 [JavaFX Application Thread] DEBUG Engine               - Architecture: amd64
09:44:04.940 [JavaFX Application Thread] INFO  Engine               - Source code and latest versions at: https://github.com/AlmasB/FXGL
09:44:04.940 [JavaFX Application Thread] INFO  Engine               -              Join the FXGL chat at: https://gitter.im/AlmasB/FXGL
09:44:05.085 [JavaFX Application Thread] DEBUG PrimaryStageWindow   - Creating a JavaFX scene
09:44:05.147 [JavaFX Application Thread] DEBUG PrimaryStageWindow   - Target settings size: 512.0 x 592.0
09:44:05.148 [JavaFX Application Thread] DEBUG PrimaryStageWindow   - Scaled scene size:    512.0 x 592.0
09:44:05.148 [JavaFX Application Thread] DEBUG PrimaryStageWindow   - Scaled ratio: (1.0, 1.0)
09:44:05.149 [JavaFX Application Thread] DEBUG PrimaryStageWindow   - Set initial scene to FXGLStartupScene
09:44:05.152 [JavaFX Application Thread] DEBUG PrimaryStageWindow   - Opening main window
09:44:05.263 [JavaFX Application Thread] DEBUG PrimaryStageWindow   - Window border size: (16.0, 39.0)
09:44:05.263 [JavaFX Application Thread] DEBUG PrimaryStageWindow   - Scaled size: 512.0 x 592.0
09:44:05.263 [JavaFX Application Thread] DEBUG PrimaryStageWindow   - Scaled ratio: (1.0, 1.0)
09:44:05.263 [JavaFX Application Thread] DEBUG PrimaryStageWindow   - Scene size: 512.0 x 592.0
09:44:05.263 [JavaFX Application Thread] DEBUG PrimaryStageWindow   - Stage size: 528.0 x 631.0
09:44:05.274 [FXGL Background Thread 1 ] DEBUG Engine               - Initializing environment variables
09:44:05.360 [FXGL Background Thread 1 ] DEBUG FXGLAssetLoaderServi - User app class for loading assets: class softwaredesign.Main
09:44:05.360 [FXGL Background Thread 1 ] DEBUG GameApplicationServi - Applying CSS: fxgl_dark.css
09:44:05.362 [FXGL Background Thread 1 ] DEBUG FXGLAssetLoaderServi - Loading from file system: jar:file:/C:/Users/lotca/.gradle/caches/modules-2/files-2.1/com.github.almasb/fxgl/11.17/206906ee5d1b948952e85fe43e36ee9a9a6dea00/fxgl-11.17.jar!/fxglassets/ui/css/fxgl_dark.css
09:44:05.408 [FXGL Background Thread 1 ] DEBUG GameApplicationServi - Initializing application scenes
09:44:05.458 [FXGL Background Thread 1 ] DEBUG GameWorld            - Game world initialized
09:44:05.538 [FXGL Background Thread 1 ] DEBUG PhysicsWorld         - Physics world initialized: appHeight=592, physics.ppm=50.0
09:44:05.538 [FXGL Background Thread 1 ] DEBUG PhysicsWorld         - Using strategy: BRUTE_FORCE
09:44:05.541 [FXGL Background Thread 1 ] DEBUG GameScene            - Game scene initialized: 512x592
09:44:05.563 [FXGL Background Thread 1 ] WARN  FXGL.DefaultMenu     - FXGLDefaultMenu is not designed for resolutions < 800x600
09:44:05.563 [FXGL Background Thread 1 ] DEBUG FXGL.DefaultMenu     - createMenuBodyGameMenu()
09:44:05.589 [FXGL Background Thread 1 ] DEBUG FXGL.DefaultMenu     - createOptionsMenu()
09:44:05.604 [FXGL Background Thread 1 ] DEBUG FXGLAssetLoaderServi - Loading from file system: jar:file:/C:/Users/lotca/.gradle/caches/modules-2/files-2.1/com.github.almasb/fxgl/11.17/206906ee5d1b948952e85fe43e36ee9a9a6dea00/fxgl-11.17.jar!/fxglassets/textures/particles/smoke.png
09:44:05.711 [FXGL Background Thread 1 ] DEBUG FXGLAssetLoaderServi - Loading from file system: jar:file:/C:/Users/lotca/.gradle/caches/modules-2/files-2.1/com.github.almasb/fxgl/11.17/206906ee5d1b948952e85fe43e36ee9a9a6dea00/fxgl-11.17.jar!/fxglassets/textures/particles/trace_horizontal.png
09:44:05.737 [FXGL Background Thread 1 ] DEBUG GameApplicationServi - Application scenes initialized
09:44:05.747 [FXGL Background Thread 1 ] DEBUG SystemBundleService  - Loading FXGL system data
09:44:05.750 [FXGL Background Thread 1 ] DEBUG FileSystemAccess     - Reading from: C:\Users\lotca\Desktop\software-design-vu\system\fxgl.bundle
09:44:05.754 [FXGL Background Thread 1 ] DEBUG SystemBundleService  - Bundle FXGL: {}
09:44:05.754 [FXGL Background Thread 1 ] DEBUG UpdaterService       - Checking for updates
09:44:05.758 [FXGL Background Thread 4 ] DEBUG FXGLApplication      - Loading fonts
09:44:05.759 [FXGL Background Thread 4 ] DEBUG FXGLAssetLoaderServi - Loading from file system: jar:file:/C:/Users/lotca/.gradle/caches/modules-2/files-2.1/com.github.almasb/fxgl/11.17/206906ee5d1b948952e85fe43e36ee9a9a6dea00/fxgl-11.17.jar!/fxglassets/ui/fonts/VarelaRound-Regular.ttf
09:44:05.759 [FXGL Background Thread 1 ] DEBUG FXGLApplication      - Loading default localization
09:44:05.760 [FXGL Background Thread 1 ] DEBUG FXGLAssetLoaderServi - Loading from file system: jar:file:/C:/Users/lotca/.gradle/caches/modules-2/files-2.1/com.github.almasb/fxgl/11.17/206906ee5d1b948952e85fe43e36ee9a9a6dea00/fxgl-11.17.jar!/fxglassets/languages/english.lang
09:44:05.779 [FXGL Background Thread 1 ] INFO  FXGLApplication      - FXGL initialization took: 0.505 sec
09:44:05.780 [JavaFX Application Thread] DEBUG FXGLAssetLoaderServi - Loading from file system: jar:file:/C:/Users/lotca/.gradle/caches/modules-2/files-2.1/com.github.almasb/fxgl/11.17/206906ee5d1b948952e85fe43e36ee9a9a6dea00/fxgl-11.17.jar!/fxglassets/textures/fxgl_icon.png
09:44:05.801 [JavaFX Application Thread] DEBUG FXGLAssetLoaderServi - Loading from file system: jar:file:/C:/Users/lotca/.gradle/caches/modules-2/files-2.1/com.github.almasb/fxgl/11.17/206906ee5d1b948952e85fe43e36ee9a9a6dea00/fxgl-11.17.jar!/fxglassets/textures/fxgl_default_cursor.png
09:44:05.821 [JavaFX Application Thread] DEBUG Input                - Registered new binding: Screenshot - CTRL+8
09:44:05.822 [JavaFX Application Thread] DEBUG Input                - Registered new binding: System info dump - CTRL+9
09:44:05.822 [JavaFX Application Thread] DEBUG Input                - Registered new binding: Restart - CTRL+R
09:44:05.823 [JavaFX Application Thread] DEBUG Input                - Registered new binding: Toggle Debug Camera - CTRL+C
09:44:05.825 [JavaFX Application Thread] DEBUG LoopRunner           - Starting loop
09:44:05.825 [JavaFX Application Thread] DEBUG LoopRunner           - Initializing JavaFX AnimationTimerLoop
09:44:05.829 [JavaFX Application Thread] DEBUG GameApplicationServi - Starting new game
09:44:05.829 [JavaFX Application Thread] DEBUG Input                - Clearing active input actions
09:44:05.845 [JavaFX Application Thread] DEBUG GameApplicationServi - Removing overlay from FXGLStartupScene and adding to FXGLLoadingScene
09:44:05.846 [JavaFX Application Thread] DEBUG PrimaryStageWindow   - FXGLStartupScene -> FXGLLoadingScene
09:44:05.846 [JavaFX Application Thread] DEBUG GameApplicationServi - Clearing previous game
09:44:05.846 [JavaFX Application Thread] DEBUG GameScene            - Clearing game scene
09:44:05.846 [JavaFX Application Thread] DEBUG GameWorld            - Clearing game world
09:44:05.846 [JavaFX Application Thread] DEBUG PhysicsWorld         - Clearing physics world
09:44:05.848 [FXGL Background Thread 1 ] DEBUG FXGLApplication      - Initializing game
09:44:05.855 [FXGL Background Thread 1 ] DEBUG FXGLAssetLoaderServi - Loading from file system: file:/C:/Users/lotca/Desktop/software-design-vu/build/resources/main/assets/textures/kipIdle.png
09:44:05.878 [FXGL Background Thread 1 ] INFO  FXGLApplication      - Game initialization took: 0.031 sec
09:44:05.913 [JavaFX Application Thread] DEBUG Input                - Clearing active input actions
09:44:05.930 [JavaFX Application Thread] DEBUG GameApplicationServi - Removing overlay from FXGLLoadingScene and adding to GameScene
09:44:05.930 [JavaFX Application Thread] DEBUG PrimaryStageWindow   - FXGLLoadingScene -> GameScene
09:44:06.154 [FXGL Background Thread 4 ] DEBUG FXGLAssetLoaderServi - Loading from file system: jar:file:/C:/Users/lotca/.gradle/caches/modules-2/files-2.1/com.github.almasb/fxgl/11.17/206906ee5d1b948952e85fe43e36ee9a9a6dea00/fxgl-11.17.jar!/fxglassets/ui/fonts/Abel-Regular.ttf
09:44:06.158 [FXGL Background Thread 4 ] DEBUG FXGLAssetLoaderServi - Loading from file system: jar:file:/C:/Users/lotca/.gradle/caches/modules-2/files-2.1/com.github.almasb/fxgl/11.17/206906ee5d1b948952e85fe43e36ee9a9a6dea00/fxgl-11.17.jar!/fxglassets/ui/fonts/lucida_console.ttf
09:44:06.171 [FXGL Background Thread 4 ] DEBUG FXGLAssetLoaderServi - Loading from file system: jar:file:/C:/Users/lotca/.gradle/caches/modules-2/files-2.1/com.github.almasb/fxgl/11.17/206906ee5d1b948952e85fe43e36ee9a9a6dea00/fxgl-11.17.jar!/fxglassets/ui/fonts/Courier-Prime.ttf
09:44:06.178 [JavaFX Application Thread] DEBUG FXGLApplication      - Registering font factories with UI factory
09:44:06.375 [FXGL Background Thread 2 ] INFO  UpdaterService       - Your current version:  11.17
09:44:06.376 [FXGL Background Thread 2 ] INFO  UpdaterService       - Latest stable version: 17.2
09:44:08.758 [FXGL Background Thread 3 ] DEBUG Engine               - Logging environment variables
09:44:08.759 [FXGL Background Thread 3 ] DEBUG Engine               - achievements: []
09:44:08.759 [FXGL Background Thread 3 ] DEBUG Engine               - actualHeight: 592.0
09:44:08.759 [FXGL Background Thread 3 ] DEBUG Engine               - actualHeightProperty: ReadOnlyDoubleProperty [value: 592.0]
09:44:08.759 [FXGL Background Thread 3 ] DEBUG Engine               - actualWidth: 512.0
09:44:08.759 [FXGL Background Thread 3 ] DEBUG Engine               - actualWidthProperty: ReadOnlyDoubleProperty [value: 512.0]
09:44:08.760 [FXGL Background Thread 3 ] DEBUG Engine               - appIcon: fxgl_icon.png
09:44:08.760 [FXGL Background Thread 3 ] DEBUG Engine               - applicationMode: DEVELOPER
09:44:08.760 [FXGL Background Thread 3 ] DEBUG Engine               - cSSList: [fxgl_dark.css]
09:44:08.760 [FXGL Background Thread 3 ] DEBUG Engine               - collisionDetectionStrategy: BRUTE_FORCE
09:44:08.760 [FXGL Background Thread 3 ] DEBUG Engine               - configClass: Optional.empty
09:44:08.760 [FXGL Background Thread 3 ] DEBUG Engine               - credits: []
09:44:08.760 [FXGL Background Thread 3 ] DEBUG Engine               - defaultCursor: CursorInfo(imageName=fxgl_default_cursor.png, hotspotX=7.0, hotspotY=6.0)
09:44:08.760 [FXGL Background Thread 3 ] DEBUG Engine               - devBBoxColorProperty: ObjectProperty [value: 0xff0000ff]
09:44:08.760 [FXGL Background Thread 3 ] DEBUG Engine               - devEnableDebugCameraProperty: BooleanProperty [value: false]
09:44:08.760 [FXGL Background Thread 3 ] DEBUG Engine               - devSensorColorProperty: ObjectProperty [value: 0xffff00ff]
09:44:08.760 [FXGL Background Thread 3 ] DEBUG Engine               - devShowBBoxProperty: BooleanProperty [value: false]
09:44:08.760 [FXGL Background Thread 3 ] DEBUG Engine               - devShowPositionProperty: BooleanProperty [value: false]
09:44:08.760 [FXGL Background Thread 3 ] DEBUG Engine               - enabledMenuItems: []
09:44:08.760 [FXGL Background Thread 3 ] DEBUG Engine               - engineServices: [class com.almasb.fxgl.app.services.FXGLAssetLoaderService, class com.almasb.fxgl.app.FXGLApplication$GameApplicationService, class com.almasb.fxgl.app.services.FXGLDialogService, class com.almasb.fxgl.app.services.IOTaskExecutorService, class com.almasb.fxgl.io.FileSystemService, class com.almasb.fxgl.localization.LocalizationService, class com.almasb.fxgl.app.services.SystemBundleService, class com.almasb.fxgl.profile.SaveLoadService, class com.almasb.fxgl.ui.FXGLUIFactoryServiceProvider, class com.almasb.fxgl.ui.FXGLDialogFactoryServiceProvider, class com.almasb.fxgl.audio.AudioPlayer, class com.almasb.fxgl.notification.impl.NotificationServiceProvider, class com.almasb.fxgl.achievement.AchievementService, class com.almasb.fxgl.cutscene.CutsceneService, class com.almasb.fxgl.minigames.MiniGameService, class com.almasb.fxgl.net.NetService, class com.almasb.fxgl.app.services.UpdaterService, class com.almasb.fxgl.dev.DevService]
09:44:08.760 [FXGL Background Thread 3 ] DEBUG Engine               - fontGame: Abel-Regular.ttf
09:44:08.760 [FXGL Background Thread 3 ] DEBUG Engine               - fontMono: lucida_console.ttf
09:44:08.760 [FXGL Background Thread 3 ] DEBUG Engine               - fontText: Courier-Prime.ttf
09:44:08.760 [FXGL Background Thread 3 ] DEBUG Engine               - fontUI: VarelaRound-Regular.ttf
09:44:08.760 [FXGL Background Thread 3 ] DEBUG Engine               - fullScreen: BooleanProperty [value: false]
09:44:08.760 [FXGL Background Thread 3 ] DEBUG Engine               - gameDifficulty: MEDIUM
09:44:08.760 [FXGL Background Thread 3 ] DEBUG Engine               - gameDifficultyProperty: ObjectProperty [value: MEDIUM]
09:44:08.761 [FXGL Background Thread 3 ] DEBUG Engine               - globalMusicVolume: 0.5
09:44:08.761 [FXGL Background Thread 3 ] DEBUG Engine               - globalMusicVolumeProperty: DoubleProperty [value: 0.5]
09:44:08.761 [FXGL Background Thread 3 ] DEBUG Engine               - globalSoundVolume: 0.5
09:44:08.761 [FXGL Background Thread 3 ] DEBUG Engine               - globalSoundVolumeProperty: DoubleProperty [value: 0.5]
09:44:08.761 [FXGL Background Thread 3 ] DEBUG Engine               - height: 592
09:44:08.762 [FXGL Background Thread 3 ] DEBUG Engine               - is3D: false
09:44:08.762 [FXGL Background Thread 3 ] DEBUG Engine               - isAndroid: false
09:44:08.762 [FXGL Background Thread 3 ] DEBUG Engine               - isBrowser: false
09:44:08.762 [FXGL Background Thread 3 ] DEBUG Engine               - isClickFeedbackEnabled: false
09:44:08.762 [FXGL Background Thread 3 ] DEBUG Engine               - isCloseConfirmation: false
09:44:08.762 [FXGL Background Thread 3 ] DEBUG Engine               - isDesktop: true
09:44:08.762 [FXGL Background Thread 3 ] DEBUG Engine               - isDeveloperMenuEnabled: false
09:44:08.762 [FXGL Background Thread 3 ] DEBUG Engine               - isEntityPreloadEnabled: true
09:44:08.762 [FXGL Background Thread 3 ] DEBUG Engine               - isExperimentalTiledLargeMap: false
09:44:08.762 [FXGL Background Thread 3 ] DEBUG Engine               - isFileSystemWriteAllowed: true
09:44:08.762 [FXGL Background Thread 3 ] DEBUG Engine               - isFullScreenAllowed: false
09:44:08.762 [FXGL Background Thread 3 ] DEBUG Engine               - isFullScreenFromStart: false
09:44:08.762 [FXGL Background Thread 3 ] DEBUG Engine               - isGameMenuEnabled: true
09:44:08.762 [FXGL Background Thread 3 ] DEBUG Engine               - isIOS: false
09:44:08.762 [FXGL Background Thread 3 ] DEBUG Engine               - isIntroEnabled: false
09:44:08.762 [FXGL Background Thread 3 ] DEBUG Engine               - isLinux: false
09:44:08.762 [FXGL Background Thread 3 ] DEBUG Engine               - isMac: false
09:44:08.762 [FXGL Background Thread 3 ] DEBUG Engine               - isMainMenuEnabled: false
09:44:08.762 [FXGL Background Thread 3 ] DEBUG Engine               - isManualResizeEnabled: false
09:44:08.762 [FXGL Background Thread 3 ] DEBUG Engine               - isMobile: false
09:44:08.762 [FXGL Background Thread 3 ] DEBUG Engine               - isNative: false
09:44:08.762 [FXGL Background Thread 3 ] DEBUG Engine               - isPauseMusicWhenMinimized: true
09:44:08.762 [FXGL Background Thread 3 ] DEBUG Engine               - isPreserveResizeRatio: false
09:44:08.762 [FXGL Background Thread 3 ] DEBUG Engine               - isProfilingEnabled: false
09:44:08.762 [FXGL Background Thread 3 ] DEBUG Engine               - isScaleAffectedOnResize: true
09:44:08.762 [FXGL Background Thread 3 ] DEBUG Engine               - isSingleStep: false
09:44:08.762 [FXGL Background Thread 3 ] DEBUG Engine               - isUserProfileEnabled: false
09:44:08.762 [FXGL Background Thread 3 ] DEBUG Engine               - isWindows: true
09:44:08.762 [FXGL Background Thread 3 ] DEBUG Engine               - language: ObjectProperty [value: ENGLISH]
09:44:08.762 [FXGL Background Thread 3 ] DEBUG Engine               - menuKey: ESCAPE
09:44:08.762 [FXGL Background Thread 3 ] DEBUG Engine               - mouseSensitivity: 0.2
09:44:08.763 [FXGL Background Thread 3 ] DEBUG Engine               - notificationViewClass: class com.almasb.fxgl.notification.view.XboxNotificationView
09:44:08.763 [FXGL Background Thread 3 ] DEBUG Engine               - pixelsPerMeter: 50.0
09:44:08.763 [FXGL Background Thread 3 ] DEBUG Engine               - platform: WINDOWS
09:44:08.763 [FXGL Background Thread 3 ] DEBUG Engine               - prefHeightProperty: ReadOnlyDoubleProperty [value: 592.0]
09:44:08.763 [FXGL Background Thread 3 ] DEBUG Engine               - prefWidthProperty: ReadOnlyDoubleProperty [value: 512.0]
09:44:08.763 [FXGL Background Thread 3 ] DEBUG Engine               - profileDir: profiles/
09:44:08.763 [FXGL Background Thread 3 ] DEBUG Engine               - profileName: StringProperty [value: DEFAULT]
09:44:08.763 [FXGL Background Thread 3 ] DEBUG Engine               - randomSeed: -1
09:44:08.763 [FXGL Background Thread 3 ] DEBUG Engine               - runtimeInfo: RuntimeInfo(platform=WINDOWS, version=11.17, build=16.07.2021 15.46)
09:44:08.763 [FXGL Background Thread 3 ] DEBUG Engine               - saveFileExt: sav
09:44:08.763 [FXGL Background Thread 3 ] DEBUG Engine               - scaledHeightProp$fxgl: DoubleProperty [bound, value: 592.0]
09:44:08.763 [FXGL Background Thread 3 ] DEBUG Engine               - scaledWidthProp$fxgl: DoubleProperty [bound, value: 512.0]
09:44:08.763 [FXGL Background Thread 3 ] DEBUG Engine               - sceneFactory: com.almasb.fxgl.app.scene.SceneFactory@1ab1eda5
09:44:08.764 [FXGL Background Thread 3 ] DEBUG Engine               - secondsIn24h: 60
09:44:08.764 [FXGL Background Thread 3 ] DEBUG Engine               - soundMenuBack: menu/back.wav
09:44:08.764 [FXGL Background Thread 3 ] DEBUG Engine               - soundMenuPress: menu/press.wav
09:44:08.764 [FXGL Background Thread 3 ] DEBUG Engine               - soundMenuSelect: menu/select.wav
09:44:08.765 [FXGL Background Thread 3 ] DEBUG Engine               - soundNotification: core/notification.wav
09:44:08.765 [FXGL Background Thread 3 ] DEBUG Engine               - stageStyle: DECORATED
09:44:08.765 [FXGL Background Thread 3 ] DEBUG Engine               - supportedLanguages: [ENGLISH, FRENCH, GERMAN, HUNGARIAN, RUSSIAN]
09:44:08.765 [FXGL Background Thread 3 ] DEBUG Engine               - ticksPerSecond: -1
09:44:08.765 [FXGL Background Thread 3 ] DEBUG Engine               - title: Office Pets
09:44:08.765 [FXGL Background Thread 3 ] DEBUG Engine               - urlGithub: https://github.com/AlmasB/FXGL
09:44:08.765 [FXGL Background Thread 3 ] DEBUG Engine               - urlLeaderboard: http://fxgl-top.herokuapp.com/
09:44:08.765 [FXGL Background Thread 3 ] DEBUG Engine               - urlPOM: https://raw.githubusercontent.com/AlmasB/FXGL/release/README.md
09:44:08.765 [FXGL Background Thread 3 ] DEBUG Engine               - userAppClass: class softwaredesign.Main
09:44:08.765 [FXGL Background Thread 3 ] DEBUG Engine               - version: 0.0
09:44:08.765 [FXGL Background Thread 3 ] DEBUG Engine               - versionCheckDays: 7
09:44:08.765 [FXGL Background Thread 3 ] DEBUG Engine               - width: 512
09:44:08.765 [FXGL Background Thread 3 ] DEBUG Engine               - Logging services
09:44:08.765 [FXGL Background Thread 3 ] DEBUG Engine               - class com.almasb.fxgl.app.services.FXGLAssetLoaderService
09:44:08.765 [FXGL Background Thread 3 ] DEBUG Engine               - class com.almasb.fxgl.app.FXGLApplication$GameApplicationService
09:44:08.765 [FXGL Background Thread 3 ] DEBUG Engine               - class com.almasb.fxgl.app.services.FXGLDialogService
09:44:08.765 [FXGL Background Thread 3 ] DEBUG Engine               - class com.almasb.fxgl.app.services.IOTaskExecutorService
09:44:08.765 [FXGL Background Thread 3 ] DEBUG Engine               - class com.almasb.fxgl.io.FileSystemService
09:44:08.765 [FXGL Background Thread 3 ] DEBUG Engine               - class com.almasb.fxgl.localization.LocalizationService
09:44:08.765 [FXGL Background Thread 3 ] DEBUG Engine               - class com.almasb.fxgl.app.services.SystemBundleService
09:44:08.765 [FXGL Background Thread 3 ] DEBUG Engine               - class com.almasb.fxgl.profile.SaveLoadService
09:44:08.765 [FXGL Background Thread 3 ] DEBUG Engine               - class com.almasb.fxgl.ui.FXGLUIFactoryServiceProvider
09:44:08.765 [FXGL Background Thread 3 ] DEBUG Engine               - class com.almasb.fxgl.ui.FXGLDialogFactoryServiceProvider
09:44:08.765 [FXGL Background Thread 3 ] DEBUG Engine               - class com.almasb.fxgl.audio.AudioPlayer
09:44:08.765 [FXGL Background Thread 3 ] DEBUG Engine               - class com.almasb.fxgl.notification.impl.NotificationServiceProvider
09:44:08.765 [FXGL Background Thread 3 ] DEBUG Engine               - class com.almasb.fxgl.achievement.AchievementService
09:44:08.765 [FXGL Background Thread 3 ] DEBUG Engine               - class com.almasb.fxgl.cutscene.CutsceneService
09:44:08.766 [FXGL Background Thread 3 ] DEBUG Engine               - class com.almasb.fxgl.minigames.MiniGameService
09:44:08.766 [FXGL Background Thread 3 ] DEBUG Engine               - class com.almasb.fxgl.net.NetService
09:44:08.766 [FXGL Background Thread 3 ] DEBUG Engine               - class com.almasb.fxgl.app.services.UpdaterService
09:44:08.766 [FXGL Background Thread 3 ] DEBUG Engine               - class com.almasb.fxgl.dev.DevService
09:44:15.812 [JavaFX Application Thread] DEBUG FXGLApplication      - Exiting FXGL
09:44:15.812 [JavaFX Application Thread] DEBUG LoopRunner           - Stopping loop
09:44:15.812 [JavaFX Application Thread] DEBUG SystemBundleService  - Saving FXGL system data
09:44:15.813 [JavaFX Application Thread] DEBUG FileSystemAccess     - Writing to: C:\Users\lotca\Desktop\software-design-vu\system\fxgl.bundle
09:44:15.815 [JavaFX Application Thread] DEBUG Async                - Shutting down background threads
09:44:15.815 [JavaFX Application Thread] DEBUG PrimaryStageWindow   - Closing main window
09:44:15.832 [JavaFX Application Thread] DEBUG Logger               - Closing Logger
