13:13:58.803 [main                     ] DEBUG Logger               - Configured Logger
13:13:58.818 [main                     ] DEBUG GameApplication      - Logging settings
Title: Office Pets
Version: 0.0
Width: 512
Height: 592
Fullscreen: false
Intro: false
Profiling: false
Single step:false
App Mode: DEVELOPER
Menu Key: ESCAPE
Stage Style: DECORATED
Scene Factory: class com.almasb.fxgl.app.scene.SceneFactory

13:13:59.453 [JavaFX Application Thread] DEBUG FXGLApplication      - Initializing FXGL
13:13:59.457 [JavaFX Application Thread] INFO  Engine               - FXGL-11.17 (16.07.2021 15.46) on WINDOWS (J:11.0.18 FX:19)
13:13:59.458 [JavaFX Application Thread] DEBUG Engine               - JRE Vendor Name: Eclipse Adoptium
13:13:59.458 [JavaFX Application Thread] DEBUG Engine               - Running on OS: Windows 10 version 10.0
13:13:59.458 [JavaFX Application Thread] DEBUG Engine               - Architecture: amd64
13:13:59.458 [JavaFX Application Thread] INFO  Engine               - Source code and latest versions at: https://github.com/AlmasB/FXGL
13:13:59.458 [JavaFX Application Thread] INFO  Engine               -              Join the FXGL chat at: https://gitter.im/AlmasB/FXGL
13:13:59.596 [JavaFX Application Thread] DEBUG PrimaryStageWindow   - Creating a JavaFX scene
13:13:59.656 [JavaFX Application Thread] DEBUG PrimaryStageWindow   - Target settings size: 512.0 x 592.0
13:13:59.656 [JavaFX Application Thread] DEBUG PrimaryStageWindow   - Scaled scene size:    512.0 x 592.0
13:13:59.657 [JavaFX Application Thread] DEBUG PrimaryStageWindow   - Scaled ratio: (1.0, 1.0)
13:13:59.658 [JavaFX Application Thread] DEBUG PrimaryStageWindow   - Set initial scene to FXGLStartupScene
13:13:59.661 [JavaFX Application Thread] DEBUG PrimaryStageWindow   - Opening main window
13:13:59.759 [JavaFX Application Thread] DEBUG PrimaryStageWindow   - Window border size: (16.0, 39.0)
13:13:59.759 [JavaFX Application Thread] DEBUG PrimaryStageWindow   - Scaled size: 512.0 x 592.0
13:13:59.759 [JavaFX Application Thread] DEBUG PrimaryStageWindow   - Scaled ratio: (1.0, 1.0)
13:13:59.759 [JavaFX Application Thread] DEBUG PrimaryStageWindow   - Scene size: 512.0 x 592.0
13:13:59.759 [JavaFX Application Thread] DEBUG PrimaryStageWindow   - Stage size: 528.0 x 631.0
13:13:59.767 [FXGL Background Thread 1 ] DEBUG Engine               - Initializing environment variables
13:13:59.838 [FXGL Background Thread 1 ] DEBUG FXGLAssetLoaderServi - User app class for loading assets: class softwaredesign.Main
13:13:59.838 [FXGL Background Thread 1 ] DEBUG GameApplicationServi - Applying CSS: fxgl_dark.css
13:13:59.839 [FXGL Background Thread 1 ] DEBUG FXGLAssetLoaderServi - Loading from file system: jar:file:/C:/Users/lotca/.gradle/caches/modules-2/files-2.1/com.github.almasb/fxgl/11.17/206906ee5d1b948952e85fe43e36ee9a9a6dea00/fxgl-11.17.jar!/fxglassets/ui/css/fxgl_dark.css
13:13:59.888 [FXGL Background Thread 1 ] DEBUG GameApplicationServi - Initializing application scenes
13:13:59.943 [FXGL Background Thread 1 ] DEBUG GameWorld            - Game world initialized
13:14:00.026 [FXGL Background Thread 1 ] DEBUG PhysicsWorld         - Physics world initialized: appHeight=592, physics.ppm=50.0
13:14:00.026 [FXGL Background Thread 1 ] DEBUG PhysicsWorld         - Using strategy: BRUTE_FORCE
13:14:00.029 [FXGL Background Thread 1 ] DEBUG GameScene            - Game scene initialized: 512x592
13:14:00.043 [FXGL Background Thread 1 ] WARN  FXGL.DefaultMenu     - FXGLDefaultMenu is not designed for resolutions < 800x600
13:14:00.043 [FXGL Background Thread 1 ] DEBUG FXGL.DefaultMenu     - createMenuBodyGameMenu()
13:14:00.069 [FXGL Background Thread 1 ] DEBUG FXGL.DefaultMenu     - createOptionsMenu()
13:14:00.081 [FXGL Background Thread 1 ] DEBUG FXGLAssetLoaderServi - Loading from file system: jar:file:/C:/Users/lotca/.gradle/caches/modules-2/files-2.1/com.github.almasb/fxgl/11.17/206906ee5d1b948952e85fe43e36ee9a9a6dea00/fxgl-11.17.jar!/fxglassets/textures/particles/smoke.png
13:14:00.178 [FXGL Background Thread 1 ] DEBUG FXGLAssetLoaderServi - Loading from file system: jar:file:/C:/Users/lotca/.gradle/caches/modules-2/files-2.1/com.github.almasb/fxgl/11.17/206906ee5d1b948952e85fe43e36ee9a9a6dea00/fxgl-11.17.jar!/fxglassets/textures/particles/trace_horizontal.png
13:14:00.203 [FXGL Background Thread 1 ] DEBUG GameApplicationServi - Application scenes initialized
13:14:00.215 [FXGL Background Thread 1 ] DEBUG SystemBundleService  - Loading FXGL system data
13:14:00.219 [FXGL Background Thread 1 ] DEBUG FileSystemAccess     - Reading from: C:\Users\lotca\Desktop\software-design-vu\system\fxgl.bundle
13:14:00.224 [FXGL Background Thread 1 ] DEBUG SystemBundleService  - Bundle FXGL: {}
13:14:00.225 [FXGL Background Thread 1 ] DEBUG UpdaterService       - Checking for updates
13:14:00.232 [FXGL Background Thread 4 ] DEBUG FXGLApplication      - Loading fonts
13:14:00.233 [FXGL Background Thread 4 ] DEBUG FXGLAssetLoaderServi - Loading from file system: jar:file:/C:/Users/lotca/.gradle/caches/modules-2/files-2.1/com.github.almasb/fxgl/11.17/206906ee5d1b948952e85fe43e36ee9a9a6dea00/fxgl-11.17.jar!/fxglassets/ui/fonts/VarelaRound-Regular.ttf
13:14:00.233 [FXGL Background Thread 1 ] DEBUG FXGLApplication      - Loading default localization
13:14:00.234 [FXGL Background Thread 1 ] DEBUG FXGLAssetLoaderServi - Loading from file system: jar:file:/C:/Users/lotca/.gradle/caches/modules-2/files-2.1/com.github.almasb/fxgl/11.17/206906ee5d1b948952e85fe43e36ee9a9a6dea00/fxgl-11.17.jar!/fxglassets/languages/english.lang
13:14:00.258 [FXGL Background Thread 1 ] INFO  FXGLApplication      - FXGL initialization took: 0.491 sec
13:14:00.259 [JavaFX Application Thread] DEBUG FXGLAssetLoaderServi - Loading from file system: jar:file:/C:/Users/lotca/.gradle/caches/modules-2/files-2.1/com.github.almasb/fxgl/11.17/206906ee5d1b948952e85fe43e36ee9a9a6dea00/fxgl-11.17.jar!/fxglassets/textures/fxgl_icon.png
13:14:00.287 [JavaFX Application Thread] DEBUG FXGLAssetLoaderServi - Loading from file system: jar:file:/C:/Users/lotca/.gradle/caches/modules-2/files-2.1/com.github.almasb/fxgl/11.17/206906ee5d1b948952e85fe43e36ee9a9a6dea00/fxgl-11.17.jar!/fxglassets/textures/fxgl_default_cursor.png
13:14:00.308 [JavaFX Application Thread] DEBUG Input                - Registered new binding: Screenshot - CTRL+8
13:14:00.309 [JavaFX Application Thread] DEBUG Input                - Registered new binding: System info dump - CTRL+9
13:14:00.310 [JavaFX Application Thread] DEBUG Input                - Registered new binding: Restart - CTRL+R
13:14:00.312 [JavaFX Application Thread] DEBUG Input                - Registered new binding: Toggle Debug Camera - CTRL+C
13:14:00.315 [JavaFX Application Thread] DEBUG LoopRunner           - Starting loop
13:14:00.315 [JavaFX Application Thread] DEBUG LoopRunner           - Initializing JavaFX AnimationTimerLoop
13:14:00.318 [JavaFX Application Thread] DEBUG GameApplicationServi - Starting new game
13:14:00.318 [JavaFX Application Thread] DEBUG Input                - Clearing active input actions
13:14:00.328 [JavaFX Application Thread] DEBUG GameApplicationServi - Removing overlay from FXGLStartupScene and adding to FXGLLoadingScene
13:14:00.329 [JavaFX Application Thread] DEBUG PrimaryStageWindow   - FXGLStartupScene -> FXGLLoadingScene
13:14:00.329 [JavaFX Application Thread] DEBUG GameApplicationServi - Clearing previous game
13:14:00.329 [JavaFX Application Thread] DEBUG GameScene            - Clearing game scene
13:14:00.329 [JavaFX Application Thread] DEBUG GameWorld            - Clearing game world
13:14:00.329 [JavaFX Application Thread] DEBUG PhysicsWorld         - Clearing physics world
13:14:00.331 [FXGL Background Thread 1 ] DEBUG FXGLApplication      - Initializing game
13:14:00.337 [FXGL Background Thread 1 ] DEBUG FXGLAssetLoaderServi - Loading from file system: file:/C:/Users/lotca/Desktop/software-design-vu/build/resources/main/assets/textures/kipIdle.png
13:14:00.359 [FXGL Background Thread 1 ] INFO  FXGLApplication      - Game initialization took: 0.028 sec
13:14:00.393 [JavaFX Application Thread] DEBUG Input                - Clearing active input actions
13:14:00.400 [JavaFX Application Thread] DEBUG GameApplicationServi - Removing overlay from FXGLLoadingScene and adding to GameScene
13:14:00.400 [JavaFX Application Thread] DEBUG PrimaryStageWindow   - FXGLLoadingScene -> GameScene
13:14:00.608 [FXGL Background Thread 4 ] DEBUG FXGLAssetLoaderServi - Loading from file system: jar:file:/C:/Users/lotca/.gradle/caches/modules-2/files-2.1/com.github.almasb/fxgl/11.17/206906ee5d1b948952e85fe43e36ee9a9a6dea00/fxgl-11.17.jar!/fxglassets/ui/fonts/Abel-Regular.ttf
13:14:00.611 [FXGL Background Thread 4 ] DEBUG FXGLAssetLoaderServi - Loading from file system: jar:file:/C:/Users/lotca/.gradle/caches/modules-2/files-2.1/com.github.almasb/fxgl/11.17/206906ee5d1b948952e85fe43e36ee9a9a6dea00/fxgl-11.17.jar!/fxglassets/ui/fonts/lucida_console.ttf
13:14:00.615 [FXGL Background Thread 4 ] DEBUG FXGLAssetLoaderServi - Loading from file system: jar:file:/C:/Users/lotca/.gradle/caches/modules-2/files-2.1/com.github.almasb/fxgl/11.17/206906ee5d1b948952e85fe43e36ee9a9a6dea00/fxgl-11.17.jar!/fxglassets/ui/fonts/Courier-Prime.ttf
13:14:00.622 [JavaFX Application Thread] DEBUG FXGLApplication      - Registering font factories with UI factory
13:14:00.822 [FXGL Background Thread 2 ] INFO  UpdaterService       - Your current version:  11.17
13:14:00.822 [FXGL Background Thread 2 ] INFO  UpdaterService       - Latest stable version: 17.2
13:14:03.230 [FXGL Background Thread 3 ] DEBUG Engine               - Logging environment variables
13:14:03.231 [FXGL Background Thread 3 ] DEBUG Engine               - achievements: []
13:14:03.231 [FXGL Background Thread 3 ] DEBUG Engine               - actualHeight: 592.0
13:14:03.231 [FXGL Background Thread 3 ] DEBUG Engine               - actualHeightProperty: ReadOnlyDoubleProperty [value: 592.0]
13:14:03.231 [FXGL Background Thread 3 ] DEBUG Engine               - actualWidth: 512.0
13:14:03.231 [FXGL Background Thread 3 ] DEBUG Engine               - actualWidthProperty: ReadOnlyDoubleProperty [value: 512.0]
13:14:03.231 [FXGL Background Thread 3 ] DEBUG Engine               - appIcon: fxgl_icon.png
13:14:03.232 [FXGL Background Thread 3 ] DEBUG Engine               - applicationMode: DEVELOPER
13:14:03.232 [FXGL Background Thread 3 ] DEBUG Engine               - cSSList: [fxgl_dark.css]
13:14:03.232 [FXGL Background Thread 3 ] DEBUG Engine               - collisionDetectionStrategy: BRUTE_FORCE
13:14:03.232 [FXGL Background Thread 3 ] DEBUG Engine               - configClass: Optional.empty
13:14:03.232 [FXGL Background Thread 3 ] DEBUG Engine               - credits: []
13:14:03.232 [FXGL Background Thread 3 ] DEBUG Engine               - defaultCursor: CursorInfo(imageName=fxgl_default_cursor.png, hotspotX=7.0, hotspotY=6.0)
13:14:03.232 [FXGL Background Thread 3 ] DEBUG Engine               - devBBoxColorProperty: ObjectProperty [value: 0xff0000ff]
13:14:03.232 [FXGL Background Thread 3 ] DEBUG Engine               - devEnableDebugCameraProperty: BooleanProperty [value: false]
13:14:03.232 [FXGL Background Thread 3 ] DEBUG Engine               - devSensorColorProperty: ObjectProperty [value: 0xffff00ff]
13:14:03.232 [FXGL Background Thread 3 ] DEBUG Engine               - devShowBBoxProperty: BooleanProperty [value: false]
13:14:03.232 [FXGL Background Thread 3 ] DEBUG Engine               - devShowPositionProperty: BooleanProperty [value: false]
13:14:03.232 [FXGL Background Thread 3 ] DEBUG Engine               - enabledMenuItems: []
13:14:03.232 [FXGL Background Thread 3 ] DEBUG Engine               - engineServices: [class com.almasb.fxgl.app.services.FXGLAssetLoaderService, class com.almasb.fxgl.app.FXGLApplication$GameApplicationService, class com.almasb.fxgl.app.services.FXGLDialogService, class com.almasb.fxgl.app.services.IOTaskExecutorService, class com.almasb.fxgl.io.FileSystemService, class com.almasb.fxgl.localization.LocalizationService, class com.almasb.fxgl.app.services.SystemBundleService, class com.almasb.fxgl.profile.SaveLoadService, class com.almasb.fxgl.ui.FXGLUIFactoryServiceProvider, class com.almasb.fxgl.ui.FXGLDialogFactoryServiceProvider, class com.almasb.fxgl.audio.AudioPlayer, class com.almasb.fxgl.notification.impl.NotificationServiceProvider, class com.almasb.fxgl.achievement.AchievementService, class com.almasb.fxgl.cutscene.CutsceneService, class com.almasb.fxgl.minigames.MiniGameService, class com.almasb.fxgl.net.NetService, class com.almasb.fxgl.app.services.UpdaterService, class com.almasb.fxgl.dev.DevService]
13:14:03.233 [FXGL Background Thread 3 ] DEBUG Engine               - fontGame: Abel-Regular.ttf
13:14:03.233 [FXGL Background Thread 3 ] DEBUG Engine               - fontMono: lucida_console.ttf
13:14:03.233 [FXGL Background Thread 3 ] DEBUG Engine               - fontText: Courier-Prime.ttf
13:14:03.233 [FXGL Background Thread 3 ] DEBUG Engine               - fontUI: VarelaRound-Regular.ttf
13:14:03.233 [FXGL Background Thread 3 ] DEBUG Engine               - fullScreen: BooleanProperty [value: false]
13:14:03.233 [FXGL Background Thread 3 ] DEBUG Engine               - gameDifficulty: MEDIUM
13:14:03.233 [FXGL Background Thread 3 ] DEBUG Engine               - gameDifficultyProperty: ObjectProperty [value: MEDIUM]
13:14:03.233 [FXGL Background Thread 3 ] DEBUG Engine               - globalMusicVolume: 0.5
13:14:03.233 [FXGL Background Thread 3 ] DEBUG Engine               - globalMusicVolumeProperty: DoubleProperty [value: 0.5]
13:14:03.233 [FXGL Background Thread 3 ] DEBUG Engine               - globalSoundVolume: 0.5
13:14:03.234 [FXGL Background Thread 3 ] DEBUG Engine               - globalSoundVolumeProperty: DoubleProperty [value: 0.5]
13:14:03.234 [FXGL Background Thread 3 ] DEBUG Engine               - height: 592
13:14:03.234 [FXGL Background Thread 3 ] DEBUG Engine               - is3D: false
13:14:03.234 [FXGL Background Thread 3 ] DEBUG Engine               - isAndroid: false
13:14:03.234 [FXGL Background Thread 3 ] DEBUG Engine               - isBrowser: false
13:14:03.234 [FXGL Background Thread 3 ] DEBUG Engine               - isClickFeedbackEnabled: false
13:14:03.234 [FXGL Background Thread 3 ] DEBUG Engine               - isCloseConfirmation: false
13:14:03.234 [FXGL Background Thread 3 ] DEBUG Engine               - isDesktop: true
13:14:03.234 [FXGL Background Thread 3 ] DEBUG Engine               - isDeveloperMenuEnabled: false
13:14:03.234 [FXGL Background Thread 3 ] DEBUG Engine               - isEntityPreloadEnabled: true
13:14:03.234 [FXGL Background Thread 3 ] DEBUG Engine               - isExperimentalTiledLargeMap: false
13:14:03.234 [FXGL Background Thread 3 ] DEBUG Engine               - isFileSystemWriteAllowed: true
13:14:03.234 [FXGL Background Thread 3 ] DEBUG Engine               - isFullScreenAllowed: false
13:14:03.235 [FXGL Background Thread 3 ] DEBUG Engine               - isFullScreenFromStart: false
13:14:03.235 [FXGL Background Thread 3 ] DEBUG Engine               - isGameMenuEnabled: true
13:14:03.235 [FXGL Background Thread 3 ] DEBUG Engine               - isIOS: false
13:14:03.235 [FXGL Background Thread 3 ] DEBUG Engine               - isIntroEnabled: false
13:14:03.235 [FXGL Background Thread 3 ] DEBUG Engine               - isLinux: false
13:14:03.235 [FXGL Background Thread 3 ] DEBUG Engine               - isMac: false
13:14:03.235 [FXGL Background Thread 3 ] DEBUG Engine               - isMainMenuEnabled: false
13:14:03.235 [FXGL Background Thread 3 ] DEBUG Engine               - isManualResizeEnabled: false
13:14:03.235 [FXGL Background Thread 3 ] DEBUG Engine               - isMobile: false
13:14:03.235 [FXGL Background Thread 3 ] DEBUG Engine               - isNative: false
13:14:03.235 [FXGL Background Thread 3 ] DEBUG Engine               - isPauseMusicWhenMinimized: true
13:14:03.235 [FXGL Background Thread 3 ] DEBUG Engine               - isPreserveResizeRatio: false
13:14:03.235 [FXGL Background Thread 3 ] DEBUG Engine               - isProfilingEnabled: false
13:14:03.235 [FXGL Background Thread 3 ] DEBUG Engine               - isScaleAffectedOnResize: true
13:14:03.235 [FXGL Background Thread 3 ] DEBUG Engine               - isSingleStep: false
13:14:03.236 [FXGL Background Thread 3 ] DEBUG Engine               - isUserProfileEnabled: false
13:14:03.236 [FXGL Background Thread 3 ] DEBUG Engine               - isWindows: true
13:14:03.236 [FXGL Background Thread 3 ] DEBUG Engine               - language: ObjectProperty [value: ENGLISH]
13:14:03.236 [FXGL Background Thread 3 ] DEBUG Engine               - menuKey: ESCAPE
13:14:03.236 [FXGL Background Thread 3 ] DEBUG Engine               - mouseSensitivity: 0.2
13:14:03.236 [FXGL Background Thread 3 ] DEBUG Engine               - notificationViewClass: class com.almasb.fxgl.notification.view.XboxNotificationView
13:14:03.236 [FXGL Background Thread 3 ] DEBUG Engine               - pixelsPerMeter: 50.0
13:14:03.236 [FXGL Background Thread 3 ] DEBUG Engine               - platform: WINDOWS
13:14:03.236 [FXGL Background Thread 3 ] DEBUG Engine               - prefHeightProperty: ReadOnlyDoubleProperty [value: 592.0]
13:14:03.236 [FXGL Background Thread 3 ] DEBUG Engine               - prefWidthProperty: ReadOnlyDoubleProperty [value: 512.0]
13:14:03.236 [FXGL Background Thread 3 ] DEBUG Engine               - profileDir: profiles/
13:14:03.236 [FXGL Background Thread 3 ] DEBUG Engine               - profileName: StringProperty [value: DEFAULT]
13:14:03.236 [FXGL Background Thread 3 ] DEBUG Engine               - randomSeed: -1
13:14:03.236 [FXGL Background Thread 3 ] DEBUG Engine               - runtimeInfo: RuntimeInfo(platform=WINDOWS, version=11.17, build=16.07.2021 15.46)
13:14:03.236 [FXGL Background Thread 3 ] DEBUG Engine               - saveFileExt: sav
13:14:03.236 [FXGL Background Thread 3 ] DEBUG Engine               - scaledHeightProp$fxgl: DoubleProperty [bound, value: 592.0]
13:14:03.236 [FXGL Background Thread 3 ] DEBUG Engine               - scaledWidthProp$fxgl: DoubleProperty [bound, value: 512.0]
13:14:03.236 [FXGL Background Thread 3 ] DEBUG Engine               - sceneFactory: com.almasb.fxgl.app.scene.SceneFactory@4c9e8357
13:14:03.237 [FXGL Background Thread 3 ] DEBUG Engine               - secondsIn24h: 60
13:14:03.237 [FXGL Background Thread 3 ] DEBUG Engine               - soundMenuBack: menu/back.wav
13:14:03.237 [FXGL Background Thread 3 ] DEBUG Engine               - soundMenuPress: menu/press.wav
13:14:03.237 [FXGL Background Thread 3 ] DEBUG Engine               - soundMenuSelect: menu/select.wav
13:14:03.237 [FXGL Background Thread 3 ] DEBUG Engine               - soundNotification: core/notification.wav
13:14:03.237 [FXGL Background Thread 3 ] DEBUG Engine               - stageStyle: DECORATED
13:14:03.237 [FXGL Background Thread 3 ] DEBUG Engine               - supportedLanguages: [ENGLISH, FRENCH, GERMAN, HUNGARIAN, RUSSIAN]
13:14:03.237 [FXGL Background Thread 3 ] DEBUG Engine               - ticksPerSecond: -1
13:14:03.237 [FXGL Background Thread 3 ] DEBUG Engine               - title: Office Pets
13:14:03.237 [FXGL Background Thread 3 ] DEBUG Engine               - urlGithub: https://github.com/AlmasB/FXGL
13:14:03.237 [FXGL Background Thread 3 ] DEBUG Engine               - urlLeaderboard: http://fxgl-top.herokuapp.com/
13:14:03.237 [FXGL Background Thread 3 ] DEBUG Engine               - urlPOM: https://raw.githubusercontent.com/AlmasB/FXGL/release/README.md
13:14:03.237 [FXGL Background Thread 3 ] DEBUG Engine               - userAppClass: class softwaredesign.Main
13:14:03.237 [FXGL Background Thread 3 ] DEBUG Engine               - version: 0.0
13:14:03.237 [FXGL Background Thread 3 ] DEBUG Engine               - versionCheckDays: 7
13:14:03.237 [FXGL Background Thread 3 ] DEBUG Engine               - width: 512
13:14:03.237 [FXGL Background Thread 3 ] DEBUG Engine               - Logging services
13:14:03.237 [FXGL Background Thread 3 ] DEBUG Engine               - class com.almasb.fxgl.app.services.FXGLAssetLoaderService
13:14:03.238 [FXGL Background Thread 3 ] DEBUG Engine               - class com.almasb.fxgl.app.FXGLApplication$GameApplicationService
13:14:03.238 [FXGL Background Thread 3 ] DEBUG Engine               - class com.almasb.fxgl.app.services.FXGLDialogService
13:14:03.238 [FXGL Background Thread 3 ] DEBUG Engine               - class com.almasb.fxgl.app.services.IOTaskExecutorService
13:14:03.238 [FXGL Background Thread 3 ] DEBUG Engine               - class com.almasb.fxgl.io.FileSystemService
13:14:03.238 [FXGL Background Thread 3 ] DEBUG Engine               - class com.almasb.fxgl.localization.LocalizationService
13:14:03.238 [FXGL Background Thread 3 ] DEBUG Engine               - class com.almasb.fxgl.app.services.SystemBundleService
13:14:03.238 [FXGL Background Thread 3 ] DEBUG Engine               - class com.almasb.fxgl.profile.SaveLoadService
13:14:03.238 [FXGL Background Thread 3 ] DEBUG Engine               - class com.almasb.fxgl.ui.FXGLUIFactoryServiceProvider
13:14:03.238 [FXGL Background Thread 3 ] DEBUG Engine               - class com.almasb.fxgl.ui.FXGLDialogFactoryServiceProvider
13:14:03.239 [FXGL Background Thread 3 ] DEBUG Engine               - class com.almasb.fxgl.audio.AudioPlayer
13:14:03.239 [FXGL Background Thread 3 ] DEBUG Engine               - class com.almasb.fxgl.notification.impl.NotificationServiceProvider
13:14:03.239 [FXGL Background Thread 3 ] DEBUG Engine               - class com.almasb.fxgl.achievement.AchievementService
13:14:03.239 [FXGL Background Thread 3 ] DEBUG Engine               - class com.almasb.fxgl.cutscene.CutsceneService
13:14:03.239 [FXGL Background Thread 3 ] DEBUG Engine               - class com.almasb.fxgl.minigames.MiniGameService
13:14:03.239 [FXGL Background Thread 3 ] DEBUG Engine               - class com.almasb.fxgl.net.NetService
13:14:03.239 [FXGL Background Thread 3 ] DEBUG Engine               - class com.almasb.fxgl.app.services.UpdaterService
13:14:03.239 [FXGL Background Thread 3 ] DEBUG Engine               - class com.almasb.fxgl.dev.DevService
13:14:10.611 [JavaFX Application Thread] DEBUG FXGLApplication      - Exiting FXGL
13:14:10.612 [JavaFX Application Thread] DEBUG LoopRunner           - Stopping loop
13:14:10.612 [JavaFX Application Thread] DEBUG SystemBundleService  - Saving FXGL system data
13:14:10.613 [JavaFX Application Thread] DEBUG FileSystemAccess     - Writing to: C:\Users\lotca\Desktop\software-design-vu\system\fxgl.bundle
13:14:10.616 [JavaFX Application Thread] DEBUG Async                - Shutting down background threads
13:14:10.616 [JavaFX Application Thread] DEBUG PrimaryStageWindow   - Closing main window
13:14:10.633 [JavaFX Application Thread] DEBUG Logger               - Closing Logger
