10:01:46.562 [main                     ] DEBUG Logger               - Configured Logger
10:01:46.578 [main                     ] DEBUG GameApplication      - Logging settings
Title: Untitled
Version: 0.0
Width: 800
Height: 600
Fullscreen: false
Intro: false
Profiling: false
Single step:false
App Mode: DEVELOPER
Menu Key: ESCAPE
Stage Style: DECORATED
Scene Factory: class com.almasb.fxgl.app.scene.SceneFactory

10:01:47.233 [JavaFX Application Thread] DEBUG FXGLApplication      - Initializing FXGL
10:01:47.237 [JavaFX Application Thread] INFO  Engine               - FXGL-11.17 (16.07.2021 15.46) on WINDOWS (J:11.0.18 FX:19)
10:01:47.237 [JavaFX Application Thread] DEBUG Engine               - JRE Vendor Name: Eclipse Adoptium
10:01:47.237 [JavaFX Application Thread] DEBUG Engine               - Running on OS: Windows 10 version 10.0
10:01:47.237 [JavaFX Application Thread] DEBUG Engine               - Architecture: amd64
10:01:47.237 [JavaFX Application Thread] INFO  Engine               - Source code and latest versions at: https://github.com/AlmasB/FXGL
10:01:47.237 [JavaFX Application Thread] INFO  Engine               -              Join the FXGL chat at: https://gitter.im/AlmasB/FXGL
10:01:47.378 [JavaFX Application Thread] DEBUG PrimaryStageWindow   - Creating a JavaFX scene
10:01:47.443 [JavaFX Application Thread] DEBUG PrimaryStageWindow   - Target settings size: 800.0 x 600.0
10:01:47.443 [JavaFX Application Thread] DEBUG PrimaryStageWindow   - Scaled scene size:    800.0 x 600.0
10:01:47.443 [JavaFX Application Thread] DEBUG PrimaryStageWindow   - Scaled ratio: (1.0, 1.0)
10:01:47.446 [JavaFX Application Thread] DEBUG PrimaryStageWindow   - Set initial scene to FXGLStartupScene
10:01:47.450 [JavaFX Application Thread] DEBUG PrimaryStageWindow   - Opening main window
10:01:47.554 [JavaFX Application Thread] DEBUG PrimaryStageWindow   - Window border size: (16.0, 39.0)
10:01:47.554 [JavaFX Application Thread] DEBUG PrimaryStageWindow   - Scaled size: 800.0 x 600.0
10:01:47.554 [JavaFX Application Thread] DEBUG PrimaryStageWindow   - Scaled ratio: (1.0, 1.0)
10:01:47.554 [JavaFX Application Thread] DEBUG PrimaryStageWindow   - Scene size: 800.0 x 600.0
10:01:47.554 [JavaFX Application Thread] DEBUG PrimaryStageWindow   - Stage size: 816.0 x 639.0
10:01:47.564 [FXGL Background Thread 1 ] DEBUG Engine               - Initializing environment variables
10:01:47.643 [FXGL Background Thread 1 ] DEBUG FXGLAssetLoaderServi - User app class for loading assets: class softwaredesign.Main
10:01:47.643 [FXGL Background Thread 1 ] DEBUG GameApplicationServi - Applying CSS: fxgl_dark.css
10:01:47.644 [FXGL Background Thread 1 ] DEBUG FXGLAssetLoaderServi - Loading from file system: jar:file:/C:/Users/lotca/.gradle/caches/modules-2/files-2.1/com.github.almasb/fxgl/11.17/206906ee5d1b948952e85fe43e36ee9a9a6dea00/fxgl-11.17.jar!/fxglassets/ui/css/fxgl_dark.css
10:01:47.689 [FXGL Background Thread 1 ] DEBUG GameApplicationServi - Initializing application scenes
10:01:47.744 [FXGL Background Thread 1 ] DEBUG GameWorld            - Game world initialized
10:01:47.824 [FXGL Background Thread 1 ] DEBUG PhysicsWorld         - Physics world initialized: appHeight=600, physics.ppm=50.0
10:01:47.825 [FXGL Background Thread 1 ] DEBUG PhysicsWorld         - Using strategy: BRUTE_FORCE
10:01:47.827 [FXGL Background Thread 1 ] DEBUG GameScene            - Game scene initialized: 800x600
10:01:47.840 [FXGL Background Thread 1 ] DEBUG FXGL.DefaultMenu     - createMenuBodyGameMenu()
10:01:47.863 [FXGL Background Thread 1 ] DEBUG FXGL.DefaultMenu     - createOptionsMenu()
10:01:47.872 [FXGL Background Thread 1 ] DEBUG FXGLAssetLoaderServi - Loading from file system: jar:file:/C:/Users/lotca/.gradle/caches/modules-2/files-2.1/com.github.almasb/fxgl/11.17/206906ee5d1b948952e85fe43e36ee9a9a6dea00/fxgl-11.17.jar!/fxglassets/textures/particles/smoke.png
10:01:47.977 [FXGL Background Thread 1 ] DEBUG FXGLAssetLoaderServi - Loading from file system: jar:file:/C:/Users/lotca/.gradle/caches/modules-2/files-2.1/com.github.almasb/fxgl/11.17/206906ee5d1b948952e85fe43e36ee9a9a6dea00/fxgl-11.17.jar!/fxglassets/textures/particles/trace_horizontal.png
10:01:48.001 [FXGL Background Thread 1 ] DEBUG GameApplicationServi - Application scenes initialized
10:01:48.011 [FXGL Background Thread 1 ] DEBUG SystemBundleService  - Loading FXGL system data
10:01:48.014 [FXGL Background Thread 1 ] DEBUG FileSystemAccess     - Reading from: C:\Users\lotca\Desktop\software-design-vu\system\fxgl.bundle
10:01:48.018 [FXGL Background Thread 1 ] DEBUG SystemBundleService  - Bundle FXGL: {}
10:01:48.018 [FXGL Background Thread 1 ] DEBUG UpdaterService       - Checking for updates
10:01:48.022 [FXGL Background Thread 4 ] DEBUG FXGLApplication      - Loading fonts
10:01:48.022 [FXGL Background Thread 1 ] DEBUG FXGLApplication      - Loading default localization
10:01:48.022 [FXGL Background Thread 4 ] DEBUG FXGLAssetLoaderServi - Loading from file system: jar:file:/C:/Users/lotca/.gradle/caches/modules-2/files-2.1/com.github.almasb/fxgl/11.17/206906ee5d1b948952e85fe43e36ee9a9a6dea00/fxgl-11.17.jar!/fxglassets/ui/fonts/VarelaRound-Regular.ttf
10:01:48.023 [FXGL Background Thread 1 ] DEBUG FXGLAssetLoaderServi - Loading from file system: jar:file:/C:/Users/lotca/.gradle/caches/modules-2/files-2.1/com.github.almasb/fxgl/11.17/206906ee5d1b948952e85fe43e36ee9a9a6dea00/fxgl-11.17.jar!/fxglassets/languages/english.lang
10:01:48.045 [FXGL Background Thread 1 ] INFO  FXGLApplication      - FXGL initialization took: 0.481 sec
10:01:48.047 [JavaFX Application Thread] DEBUG FXGLAssetLoaderServi - Loading from file system: jar:file:/C:/Users/lotca/.gradle/caches/modules-2/files-2.1/com.github.almasb/fxgl/11.17/206906ee5d1b948952e85fe43e36ee9a9a6dea00/fxgl-11.17.jar!/fxglassets/textures/fxgl_icon.png
10:01:48.070 [JavaFX Application Thread] DEBUG FXGLAssetLoaderServi - Loading from file system: jar:file:/C:/Users/lotca/.gradle/caches/modules-2/files-2.1/com.github.almasb/fxgl/11.17/206906ee5d1b948952e85fe43e36ee9a9a6dea00/fxgl-11.17.jar!/fxglassets/textures/fxgl_default_cursor.png
10:01:48.093 [JavaFX Application Thread] DEBUG Input                - Registered new binding: Screenshot - CTRL+8
10:01:48.094 [JavaFX Application Thread] DEBUG Input                - Registered new binding: System info dump - CTRL+9
10:01:48.094 [JavaFX Application Thread] DEBUG Input                - Registered new binding: Restart - CTRL+R
10:01:48.095 [JavaFX Application Thread] DEBUG Input                - Registered new binding: Toggle Debug Camera - CTRL+C
10:01:48.100 [JavaFX Application Thread] DEBUG LoopRunner           - Starting loop
10:01:48.100 [JavaFX Application Thread] DEBUG LoopRunner           - Initializing JavaFX AnimationTimerLoop
10:01:48.103 [JavaFX Application Thread] DEBUG GameApplicationServi - Starting new game
10:01:48.103 [JavaFX Application Thread] DEBUG Input                - Clearing active input actions
10:01:48.118 [JavaFX Application Thread] DEBUG GameApplicationServi - Removing overlay from FXGLStartupScene and adding to FXGLLoadingScene
10:01:48.119 [JavaFX Application Thread] DEBUG PrimaryStageWindow   - FXGLStartupScene -> FXGLLoadingScene
10:01:48.119 [JavaFX Application Thread] DEBUG GameApplicationServi - Clearing previous game
10:01:48.119 [JavaFX Application Thread] DEBUG GameScene            - Clearing game scene
10:01:48.119 [JavaFX Application Thread] DEBUG GameWorld            - Clearing game world
10:01:48.119 [JavaFX Application Thread] DEBUG PhysicsWorld         - Clearing physics world
10:01:48.121 [FXGL Background Thread 1 ] DEBUG FXGLApplication      - Initializing game
10:01:48.133 [FXGL Background Thread 1 ] DEBUG FXGLAssetLoaderServi - Loading from file system: file:/C:/Users/lotca/Desktop/software-design-vu/build/resources/main/assets/textures/testotchi.png
10:01:48.162 [FXGL Background Thread 1 ] INFO  FXGLApplication      - Game initialization took: 0.042 sec
10:01:48.192 [JavaFX Application Thread] DEBUG Input                - Clearing active input actions
10:01:48.216 [JavaFX Application Thread] DEBUG GameApplicationServi - Removing overlay from FXGLLoadingScene and adding to GameScene
10:01:48.216 [JavaFX Application Thread] DEBUG PrimaryStageWindow   - FXGLLoadingScene -> GameScene
10:01:48.401 [FXGL Background Thread 4 ] DEBUG FXGLAssetLoaderServi - Loading from file system: jar:file:/C:/Users/lotca/.gradle/caches/modules-2/files-2.1/com.github.almasb/fxgl/11.17/206906ee5d1b948952e85fe43e36ee9a9a6dea00/fxgl-11.17.jar!/fxglassets/ui/fonts/Abel-Regular.ttf
10:01:48.405 [FXGL Background Thread 4 ] DEBUG FXGLAssetLoaderServi - Loading from file system: jar:file:/C:/Users/lotca/.gradle/caches/modules-2/files-2.1/com.github.almasb/fxgl/11.17/206906ee5d1b948952e85fe43e36ee9a9a6dea00/fxgl-11.17.jar!/fxglassets/ui/fonts/lucida_console.ttf
10:01:48.410 [FXGL Background Thread 4 ] DEBUG FXGLAssetLoaderServi - Loading from file system: jar:file:/C:/Users/lotca/.gradle/caches/modules-2/files-2.1/com.github.almasb/fxgl/11.17/206906ee5d1b948952e85fe43e36ee9a9a6dea00/fxgl-11.17.jar!/fxglassets/ui/fonts/Courier-Prime.ttf
10:01:48.426 [JavaFX Application Thread] DEBUG FXGLApplication      - Registering font factories with UI factory
10:01:48.777 [FXGL Background Thread 2 ] INFO  UpdaterService       - Your current version:  11.17
10:01:48.777 [FXGL Background Thread 2 ] INFO  UpdaterService       - Latest stable version: 17.2
10:01:51.022 [FXGL Background Thread 3 ] DEBUG Engine               - Logging environment variables
10:01:51.023 [FXGL Background Thread 3 ] DEBUG Engine               - achievements: []
10:01:51.023 [FXGL Background Thread 3 ] DEBUG Engine               - actualHeight: 600.0
10:01:51.023 [FXGL Background Thread 3 ] DEBUG Engine               - actualHeightProperty: ReadOnlyDoubleProperty [value: 600.0]
10:01:51.023 [FXGL Background Thread 3 ] DEBUG Engine               - actualWidth: 800.0
10:01:51.023 [FXGL Background Thread 3 ] DEBUG Engine               - actualWidthProperty: ReadOnlyDoubleProperty [value: 800.0]
10:01:51.023 [FXGL Background Thread 3 ] DEBUG Engine               - appIcon: fxgl_icon.png
10:01:51.023 [FXGL Background Thread 3 ] DEBUG Engine               - applicationMode: DEVELOPER
10:01:51.023 [FXGL Background Thread 3 ] DEBUG Engine               - cSSList: [fxgl_dark.css]
10:01:51.023 [FXGL Background Thread 3 ] DEBUG Engine               - collisionDetectionStrategy: BRUTE_FORCE
10:01:51.023 [FXGL Background Thread 3 ] DEBUG Engine               - configClass: Optional.empty
10:01:51.024 [FXGL Background Thread 3 ] DEBUG Engine               - credits: []
10:01:51.024 [FXGL Background Thread 3 ] DEBUG Engine               - defaultCursor: CursorInfo(imageName=fxgl_default_cursor.png, hotspotX=7.0, hotspotY=6.0)
10:01:51.024 [FXGL Background Thread 3 ] DEBUG Engine               - devBBoxColorProperty: ObjectProperty [value: 0xff0000ff]
10:01:51.024 [FXGL Background Thread 3 ] DEBUG Engine               - devEnableDebugCameraProperty: BooleanProperty [value: false]
10:01:51.024 [FXGL Background Thread 3 ] DEBUG Engine               - devSensorColorProperty: ObjectProperty [value: 0xffff00ff]
10:01:51.024 [FXGL Background Thread 3 ] DEBUG Engine               - devShowBBoxProperty: BooleanProperty [value: false]
10:01:51.024 [FXGL Background Thread 3 ] DEBUG Engine               - devShowPositionProperty: BooleanProperty [value: false]
10:01:51.024 [FXGL Background Thread 3 ] DEBUG Engine               - enabledMenuItems: []
10:01:51.024 [FXGL Background Thread 3 ] DEBUG Engine               - engineServices: [class com.almasb.fxgl.app.services.FXGLAssetLoaderService, class com.almasb.fxgl.app.FXGLApplication$GameApplicationService, class com.almasb.fxgl.app.services.FXGLDialogService, class com.almasb.fxgl.app.services.IOTaskExecutorService, class com.almasb.fxgl.io.FileSystemService, class com.almasb.fxgl.localization.LocalizationService, class com.almasb.fxgl.app.services.SystemBundleService, class com.almasb.fxgl.profile.SaveLoadService, class com.almasb.fxgl.ui.FXGLUIFactoryServiceProvider, class com.almasb.fxgl.ui.FXGLDialogFactoryServiceProvider, class com.almasb.fxgl.audio.AudioPlayer, class com.almasb.fxgl.notification.impl.NotificationServiceProvider, class com.almasb.fxgl.achievement.AchievementService, class com.almasb.fxgl.cutscene.CutsceneService, class com.almasb.fxgl.minigames.MiniGameService, class com.almasb.fxgl.net.NetService, class com.almasb.fxgl.app.services.UpdaterService, class com.almasb.fxgl.dev.DevService]
10:01:51.024 [FXGL Background Thread 3 ] DEBUG Engine               - fontGame: Abel-Regular.ttf
10:01:51.025 [FXGL Background Thread 3 ] DEBUG Engine               - fontMono: lucida_console.ttf
10:01:51.025 [FXGL Background Thread 3 ] DEBUG Engine               - fontText: Courier-Prime.ttf
10:01:51.025 [FXGL Background Thread 3 ] DEBUG Engine               - fontUI: VarelaRound-Regular.ttf
10:01:51.025 [FXGL Background Thread 3 ] DEBUG Engine               - fullScreen: BooleanProperty [value: false]
10:01:51.025 [FXGL Background Thread 3 ] DEBUG Engine               - gameDifficulty: MEDIUM
10:01:51.025 [FXGL Background Thread 3 ] DEBUG Engine               - gameDifficultyProperty: ObjectProperty [value: MEDIUM]
10:01:51.025 [FXGL Background Thread 3 ] DEBUG Engine               - globalMusicVolume: 0.5
10:01:51.025 [FXGL Background Thread 3 ] DEBUG Engine               - globalMusicVolumeProperty: DoubleProperty [value: 0.5]
10:01:51.025 [FXGL Background Thread 3 ] DEBUG Engine               - globalSoundVolume: 0.5
10:01:51.026 [FXGL Background Thread 3 ] DEBUG Engine               - globalSoundVolumeProperty: DoubleProperty [value: 0.5]
10:01:51.026 [FXGL Background Thread 3 ] DEBUG Engine               - height: 600
10:01:51.026 [FXGL Background Thread 3 ] DEBUG Engine               - is3D: false
10:01:51.026 [FXGL Background Thread 3 ] DEBUG Engine               - isAndroid: false
10:01:51.026 [FXGL Background Thread 3 ] DEBUG Engine               - isBrowser: false
10:01:51.026 [FXGL Background Thread 3 ] DEBUG Engine               - isClickFeedbackEnabled: false
10:01:51.026 [FXGL Background Thread 3 ] DEBUG Engine               - isCloseConfirmation: false
10:01:51.026 [FXGL Background Thread 3 ] DEBUG Engine               - isDesktop: true
10:01:51.026 [FXGL Background Thread 3 ] DEBUG Engine               - isDeveloperMenuEnabled: false
10:01:51.026 [FXGL Background Thread 3 ] DEBUG Engine               - isEntityPreloadEnabled: true
10:01:51.026 [FXGL Background Thread 3 ] DEBUG Engine               - isExperimentalTiledLargeMap: false
10:01:51.026 [FXGL Background Thread 3 ] DEBUG Engine               - isFileSystemWriteAllowed: true
10:01:51.026 [FXGL Background Thread 3 ] DEBUG Engine               - isFullScreenAllowed: false
10:01:51.026 [FXGL Background Thread 3 ] DEBUG Engine               - isFullScreenFromStart: false
10:01:51.026 [FXGL Background Thread 3 ] DEBUG Engine               - isGameMenuEnabled: true
10:01:51.026 [FXGL Background Thread 3 ] DEBUG Engine               - isIOS: false
10:01:51.026 [FXGL Background Thread 3 ] DEBUG Engine               - isIntroEnabled: false
10:01:51.027 [FXGL Background Thread 3 ] DEBUG Engine               - isLinux: false
10:01:51.027 [FXGL Background Thread 3 ] DEBUG Engine               - isMac: false
10:01:51.027 [FXGL Background Thread 3 ] DEBUG Engine               - isMainMenuEnabled: false
10:01:51.027 [FXGL Background Thread 3 ] DEBUG Engine               - isManualResizeEnabled: false
10:01:51.027 [FXGL Background Thread 3 ] DEBUG Engine               - isMobile: false
10:01:51.027 [FXGL Background Thread 3 ] DEBUG Engine               - isNative: false
10:01:51.027 [FXGL Background Thread 3 ] DEBUG Engine               - isPauseMusicWhenMinimized: true
10:01:51.027 [FXGL Background Thread 3 ] DEBUG Engine               - isPreserveResizeRatio: false
10:01:51.027 [FXGL Background Thread 3 ] DEBUG Engine               - isProfilingEnabled: false
10:01:51.027 [FXGL Background Thread 3 ] DEBUG Engine               - isScaleAffectedOnResize: true
10:01:51.027 [FXGL Background Thread 3 ] DEBUG Engine               - isSingleStep: false
10:01:51.027 [FXGL Background Thread 3 ] DEBUG Engine               - isUserProfileEnabled: false
10:01:51.027 [FXGL Background Thread 3 ] DEBUG Engine               - isWindows: true
10:01:51.028 [FXGL Background Thread 3 ] DEBUG Engine               - language: ObjectProperty [value: ENGLISH]
10:01:51.028 [FXGL Background Thread 3 ] DEBUG Engine               - menuKey: ESCAPE
10:01:51.028 [FXGL Background Thread 3 ] DEBUG Engine               - mouseSensitivity: 0.2
10:01:51.028 [FXGL Background Thread 3 ] DEBUG Engine               - notificationViewClass: class com.almasb.fxgl.notification.view.XboxNotificationView
10:01:51.028 [FXGL Background Thread 3 ] DEBUG Engine               - pixelsPerMeter: 50.0
10:01:51.028 [FXGL Background Thread 3 ] DEBUG Engine               - platform: WINDOWS
10:01:51.028 [FXGL Background Thread 3 ] DEBUG Engine               - prefHeightProperty: ReadOnlyDoubleProperty [value: 600.0]
10:01:51.028 [FXGL Background Thread 3 ] DEBUG Engine               - prefWidthProperty: ReadOnlyDoubleProperty [value: 800.0]
10:01:51.028 [FXGL Background Thread 3 ] DEBUG Engine               - profileDir: profiles/
10:01:51.028 [FXGL Background Thread 3 ] DEBUG Engine               - profileName: StringProperty [value: DEFAULT]
10:01:51.028 [FXGL Background Thread 3 ] DEBUG Engine               - randomSeed: -1
10:01:51.028 [FXGL Background Thread 3 ] DEBUG Engine               - runtimeInfo: RuntimeInfo(platform=WINDOWS, version=11.17, build=16.07.2021 15.46)
10:01:51.028 [FXGL Background Thread 3 ] DEBUG Engine               - saveFileExt: sav
10:01:51.028 [FXGL Background Thread 3 ] DEBUG Engine               - scaledHeightProp$fxgl: DoubleProperty [bound, value: 600.0]
10:01:51.028 [FXGL Background Thread 3 ] DEBUG Engine               - scaledWidthProp$fxgl: DoubleProperty [bound, value: 800.0]
10:01:51.028 [FXGL Background Thread 3 ] DEBUG Engine               - sceneFactory: com.almasb.fxgl.app.scene.SceneFactory@a8342be
10:01:51.028 [FXGL Background Thread 3 ] DEBUG Engine               - secondsIn24h: 60
10:01:51.029 [FXGL Background Thread 3 ] DEBUG Engine               - soundMenuBack: menu/back.wav
10:01:51.029 [FXGL Background Thread 3 ] DEBUG Engine               - soundMenuPress: menu/press.wav
10:01:51.029 [FXGL Background Thread 3 ] DEBUG Engine               - soundMenuSelect: menu/select.wav
10:01:51.029 [FXGL Background Thread 3 ] DEBUG Engine               - soundNotification: core/notification.wav
10:01:51.029 [FXGL Background Thread 3 ] DEBUG Engine               - stageStyle: DECORATED
10:01:51.029 [FXGL Background Thread 3 ] DEBUG Engine               - supportedLanguages: [ENGLISH, FRENCH, GERMAN, HUNGARIAN, RUSSIAN]
10:01:51.029 [FXGL Background Thread 3 ] DEBUG Engine               - ticksPerSecond: -1
10:01:51.029 [FXGL Background Thread 3 ] DEBUG Engine               - title: Untitled
10:01:51.029 [FXGL Background Thread 3 ] DEBUG Engine               - urlGithub: https://github.com/AlmasB/FXGL
10:01:51.029 [FXGL Background Thread 3 ] DEBUG Engine               - urlLeaderboard: http://fxgl-top.herokuapp.com/
10:01:51.029 [FXGL Background Thread 3 ] DEBUG Engine               - urlPOM: https://raw.githubusercontent.com/AlmasB/FXGL/release/README.md
10:01:51.029 [FXGL Background Thread 3 ] DEBUG Engine               - userAppClass: class softwaredesign.Main
10:01:51.029 [FXGL Background Thread 3 ] DEBUG Engine               - version: 0.0
10:01:51.029 [FXGL Background Thread 3 ] DEBUG Engine               - versionCheckDays: 7
10:01:51.029 [FXGL Background Thread 3 ] DEBUG Engine               - width: 800
10:01:51.029 [FXGL Background Thread 3 ] DEBUG Engine               - Logging services
10:01:51.029 [FXGL Background Thread 3 ] DEBUG Engine               - class com.almasb.fxgl.app.services.FXGLAssetLoaderService
10:01:51.029 [FXGL Background Thread 3 ] DEBUG Engine               - class com.almasb.fxgl.app.FXGLApplication$GameApplicationService
10:01:51.029 [FXGL Background Thread 3 ] DEBUG Engine               - class com.almasb.fxgl.app.services.FXGLDialogService
10:01:51.030 [FXGL Background Thread 3 ] DEBUG Engine               - class com.almasb.fxgl.app.services.IOTaskExecutorService
10:01:51.030 [FXGL Background Thread 3 ] DEBUG Engine               - class com.almasb.fxgl.io.FileSystemService
10:01:51.030 [FXGL Background Thread 3 ] DEBUG Engine               - class com.almasb.fxgl.localization.LocalizationService
10:01:51.030 [FXGL Background Thread 3 ] DEBUG Engine               - class com.almasb.fxgl.app.services.SystemBundleService
10:01:51.030 [FXGL Background Thread 3 ] DEBUG Engine               - class com.almasb.fxgl.profile.SaveLoadService
10:01:51.030 [FXGL Background Thread 3 ] DEBUG Engine               - class com.almasb.fxgl.ui.FXGLUIFactoryServiceProvider
10:01:51.030 [FXGL Background Thread 3 ] DEBUG Engine               - class com.almasb.fxgl.ui.FXGLDialogFactoryServiceProvider
10:01:51.030 [FXGL Background Thread 3 ] DEBUG Engine               - class com.almasb.fxgl.audio.AudioPlayer
10:01:51.030 [FXGL Background Thread 3 ] DEBUG Engine               - class com.almasb.fxgl.notification.impl.NotificationServiceProvider
10:01:51.030 [FXGL Background Thread 3 ] DEBUG Engine               - class com.almasb.fxgl.achievement.AchievementService
10:01:51.030 [FXGL Background Thread 3 ] DEBUG Engine               - class com.almasb.fxgl.cutscene.CutsceneService
10:01:51.030 [FXGL Background Thread 3 ] DEBUG Engine               - class com.almasb.fxgl.minigames.MiniGameService
10:01:51.030 [FXGL Background Thread 3 ] DEBUG Engine               - class com.almasb.fxgl.net.NetService
10:01:51.030 [FXGL Background Thread 3 ] DEBUG Engine               - class com.almasb.fxgl.app.services.UpdaterService
10:01:51.030 [FXGL Background Thread 3 ] DEBUG Engine               - class com.almasb.fxgl.dev.DevService
10:01:54.194 [JavaFX Application Thread] DEBUG FXGLApplication      - Exiting FXGL
10:01:54.194 [JavaFX Application Thread] DEBUG LoopRunner           - Stopping loop
10:01:54.194 [JavaFX Application Thread] DEBUG SystemBundleService  - Saving FXGL system data
10:01:54.196 [JavaFX Application Thread] DEBUG FileSystemAccess     - Writing to: C:\Users\lotca\Desktop\software-design-vu\system\fxgl.bundle
10:01:54.197 [JavaFX Application Thread] DEBUG Async                - Shutting down background threads
10:01:54.198 [JavaFX Application Thread] DEBUG PrimaryStageWindow   - Closing main window
10:01:54.218 [JavaFX Application Thread] DEBUG Logger               - Closing Logger
