12:39:32.832 [main                     ] DEBUG Logger               - Configured Logger
12:39:32.848 [main                     ] DEBUG GameApplication      - Logging settings
Title: Untitled
Version: 0.0
Width: 128
Height: 148
Fullscreen: false
Intro: false
Profiling: false
Single step:false
App Mode: DEVELOPER
Menu Key: ESCAPE
Stage Style: DECORATED
Scene Factory: class com.almasb.fxgl.app.scene.SceneFactory

12:39:33.509 [JavaFX Application Thread] DEBUG FXGLApplication      - Initializing FXGL
12:39:33.513 [JavaFX Application Thread] INFO  Engine               - FXGL-11.17 (16.07.2021 15.46) on WINDOWS (J:11.0.18 FX:19)
12:39:33.513 [JavaFX Application Thread] DEBUG Engine               - JRE Vendor Name: Eclipse Adoptium
12:39:33.513 [JavaFX Application Thread] DEBUG Engine               - Running on OS: Windows 10 version 10.0
12:39:33.513 [JavaFX Application Thread] DEBUG Engine               - Architecture: amd64
12:39:33.513 [JavaFX Application Thread] INFO  Engine               - Source code and latest versions at: https://github.com/AlmasB/FXGL
12:39:33.513 [JavaFX Application Thread] INFO  Engine               -              Join the FXGL chat at: https://gitter.im/AlmasB/FXGL
12:39:33.655 [JavaFX Application Thread] DEBUG PrimaryStageWindow   - Creating a JavaFX scene
12:39:33.712 [JavaFX Application Thread] DEBUG PrimaryStageWindow   - Target settings size: 128.0 x 148.0
12:39:33.712 [JavaFX Application Thread] DEBUG PrimaryStageWindow   - Scaled scene size:    128.0 x 148.0
12:39:33.713 [JavaFX Application Thread] DEBUG PrimaryStageWindow   - Scaled ratio: (1.0, 1.0)
12:39:33.713 [JavaFX Application Thread] DEBUG PrimaryStageWindow   - Set initial scene to FXGLStartupScene
12:39:33.717 [JavaFX Application Thread] DEBUG PrimaryStageWindow   - Opening main window
12:39:33.815 [JavaFX Application Thread] DEBUG PrimaryStageWindow   - Window border size: (16.0, 39.0)
12:39:33.815 [JavaFX Application Thread] DEBUG PrimaryStageWindow   - Scaled size: 128.0 x 148.0
12:39:33.815 [JavaFX Application Thread] DEBUG PrimaryStageWindow   - Scaled ratio: (1.0, 1.0)
12:39:33.815 [JavaFX Application Thread] DEBUG PrimaryStageWindow   - Scene size: 128.0 x 148.0
12:39:33.815 [JavaFX Application Thread] DEBUG PrimaryStageWindow   - Stage size: 144.0 x 187.0
12:39:33.824 [FXGL Background Thread 1 ] DEBUG Engine               - Initializing environment variables
12:39:33.904 [FXGL Background Thread 1 ] DEBUG FXGLAssetLoaderServi - User app class for loading assets: class softwaredesign.Main
12:39:33.904 [FXGL Background Thread 1 ] DEBUG GameApplicationServi - Applying CSS: fxgl_dark.css
12:39:33.906 [FXGL Background Thread 1 ] DEBUG FXGLAssetLoaderServi - Loading from file system: jar:file:/C:/Users/lotca/.gradle/caches/modules-2/files-2.1/com.github.almasb/fxgl/11.17/206906ee5d1b948952e85fe43e36ee9a9a6dea00/fxgl-11.17.jar!/fxglassets/ui/css/fxgl_dark.css
12:39:33.951 [FXGL Background Thread 1 ] DEBUG GameApplicationServi - Initializing application scenes
12:39:34.004 [FXGL Background Thread 1 ] DEBUG GameWorld            - Game world initialized
12:39:34.089 [FXGL Background Thread 1 ] DEBUG PhysicsWorld         - Physics world initialized: appHeight=148, physics.ppm=50.0
12:39:34.090 [FXGL Background Thread 1 ] DEBUG PhysicsWorld         - Using strategy: BRUTE_FORCE
12:39:34.095 [FXGL Background Thread 1 ] DEBUG GameScene            - Game scene initialized: 128x148
12:39:34.118 [FXGL Background Thread 1 ] WARN  FXGL.DefaultMenu     - FXGLDefaultMenu is not designed for resolutions < 800x600
12:39:34.119 [FXGL Background Thread 1 ] DEBUG FXGL.DefaultMenu     - createMenuBodyGameMenu()
12:39:34.143 [FXGL Background Thread 1 ] DEBUG FXGL.DefaultMenu     - createOptionsMenu()
12:39:34.156 [FXGL Background Thread 1 ] DEBUG FXGLAssetLoaderServi - Loading from file system: jar:file:/C:/Users/lotca/.gradle/caches/modules-2/files-2.1/com.github.almasb/fxgl/11.17/206906ee5d1b948952e85fe43e36ee9a9a6dea00/fxgl-11.17.jar!/fxglassets/textures/particles/smoke.png
12:39:34.257 [FXGL Background Thread 1 ] DEBUG FXGLAssetLoaderServi - Loading from file system: jar:file:/C:/Users/lotca/.gradle/caches/modules-2/files-2.1/com.github.almasb/fxgl/11.17/206906ee5d1b948952e85fe43e36ee9a9a6dea00/fxgl-11.17.jar!/fxglassets/textures/particles/trace_horizontal.png
12:39:34.277 [FXGL Background Thread 1 ] DEBUG GameApplicationServi - Application scenes initialized
12:39:34.289 [FXGL Background Thread 1 ] DEBUG SystemBundleService  - Loading FXGL system data
12:39:34.292 [FXGL Background Thread 1 ] DEBUG FileSystemAccess     - Reading from: C:\Users\lotca\Desktop\software-design-vu\system\fxgl.bundle
12:39:34.297 [FXGL Background Thread 1 ] DEBUG SystemBundleService  - Bundle FXGL: {}
12:39:34.297 [FXGL Background Thread 1 ] DEBUG UpdaterService       - Checking for updates
12:39:34.301 [FXGL Background Thread 4 ] DEBUG FXGLApplication      - Loading fonts
12:39:34.301 [FXGL Background Thread 4 ] DEBUG FXGLAssetLoaderServi - Loading from file system: jar:file:/C:/Users/lotca/.gradle/caches/modules-2/files-2.1/com.github.almasb/fxgl/11.17/206906ee5d1b948952e85fe43e36ee9a9a6dea00/fxgl-11.17.jar!/fxglassets/ui/fonts/VarelaRound-Regular.ttf
12:39:34.302 [FXGL Background Thread 1 ] DEBUG FXGLApplication      - Loading default localization
12:39:34.302 [FXGL Background Thread 1 ] DEBUG FXGLAssetLoaderServi - Loading from file system: jar:file:/C:/Users/lotca/.gradle/caches/modules-2/files-2.1/com.github.almasb/fxgl/11.17/206906ee5d1b948952e85fe43e36ee9a9a6dea00/fxgl-11.17.jar!/fxglassets/languages/english.lang
12:39:34.328 [FXGL Background Thread 1 ] INFO  FXGLApplication      - FXGL initialization took: 0.505 sec
12:39:34.330 [JavaFX Application Thread] DEBUG FXGLAssetLoaderServi - Loading from file system: jar:file:/C:/Users/lotca/.gradle/caches/modules-2/files-2.1/com.github.almasb/fxgl/11.17/206906ee5d1b948952e85fe43e36ee9a9a6dea00/fxgl-11.17.jar!/fxglassets/textures/fxgl_icon.png
12:39:34.356 [JavaFX Application Thread] DEBUG FXGLAssetLoaderServi - Loading from file system: jar:file:/C:/Users/lotca/.gradle/caches/modules-2/files-2.1/com.github.almasb/fxgl/11.17/206906ee5d1b948952e85fe43e36ee9a9a6dea00/fxgl-11.17.jar!/fxglassets/textures/fxgl_default_cursor.png
12:39:34.377 [JavaFX Application Thread] DEBUG Input                - Registered new binding: Screenshot - CTRL+8
12:39:34.378 [JavaFX Application Thread] DEBUG Input                - Registered new binding: System info dump - CTRL+9
12:39:34.378 [JavaFX Application Thread] DEBUG Input                - Registered new binding: Restart - CTRL+R
12:39:34.380 [JavaFX Application Thread] DEBUG Input                - Registered new binding: Toggle Debug Camera - CTRL+C
12:39:34.383 [JavaFX Application Thread] DEBUG LoopRunner           - Starting loop
12:39:34.383 [JavaFX Application Thread] DEBUG LoopRunner           - Initializing JavaFX AnimationTimerLoop
12:39:34.386 [JavaFX Application Thread] DEBUG GameApplicationServi - Starting new game
12:39:34.387 [JavaFX Application Thread] DEBUG Input                - Clearing active input actions
12:39:34.401 [JavaFX Application Thread] DEBUG GameApplicationServi - Removing overlay from FXGLStartupScene and adding to FXGLLoadingScene
12:39:34.401 [JavaFX Application Thread] DEBUG PrimaryStageWindow   - FXGLStartupScene -> FXGLLoadingScene
12:39:34.401 [JavaFX Application Thread] DEBUG GameApplicationServi - Clearing previous game
12:39:34.401 [JavaFX Application Thread] DEBUG GameScene            - Clearing game scene
12:39:34.401 [JavaFX Application Thread] DEBUG GameWorld            - Clearing game world
12:39:34.401 [JavaFX Application Thread] DEBUG PhysicsWorld         - Clearing physics world
12:39:34.403 [FXGL Background Thread 1 ] DEBUG FXGLApplication      - Initializing game
12:39:34.410 [FXGL Background Thread 1 ] DEBUG FXGLAssetLoaderServi - Loading from file system: file:/C:/Users/lotca/Desktop/software-design-vu/build/resources/main/assets/textures/kipIdle.png
12:39:34.425 [FXGL Background Thread 1 ] INFO  FXGLApplication      - Game initialization took: 0.022 sec
12:39:34.461 [JavaFX Application Thread] DEBUG Input                - Clearing active input actions
12:39:34.468 [JavaFX Application Thread] DEBUG GameApplicationServi - Removing overlay from FXGLLoadingScene and adding to GameScene
12:39:34.469 [JavaFX Application Thread] DEBUG PrimaryStageWindow   - FXGLLoadingScene -> GameScene
12:39:34.686 [FXGL Background Thread 4 ] DEBUG FXGLAssetLoaderServi - Loading from file system: jar:file:/C:/Users/lotca/.gradle/caches/modules-2/files-2.1/com.github.almasb/fxgl/11.17/206906ee5d1b948952e85fe43e36ee9a9a6dea00/fxgl-11.17.jar!/fxglassets/ui/fonts/Abel-Regular.ttf
12:39:34.690 [FXGL Background Thread 4 ] DEBUG FXGLAssetLoaderServi - Loading from file system: jar:file:/C:/Users/lotca/.gradle/caches/modules-2/files-2.1/com.github.almasb/fxgl/11.17/206906ee5d1b948952e85fe43e36ee9a9a6dea00/fxgl-11.17.jar!/fxglassets/ui/fonts/lucida_console.ttf
12:39:34.695 [FXGL Background Thread 4 ] DEBUG FXGLAssetLoaderServi - Loading from file system: jar:file:/C:/Users/lotca/.gradle/caches/modules-2/files-2.1/com.github.almasb/fxgl/11.17/206906ee5d1b948952e85fe43e36ee9a9a6dea00/fxgl-11.17.jar!/fxglassets/ui/fonts/Courier-Prime.ttf
12:39:34.700 [JavaFX Application Thread] DEBUG FXGLApplication      - Registering font factories with UI factory
12:39:34.911 [FXGL Background Thread 2 ] INFO  UpdaterService       - Your current version:  11.17
12:39:34.911 [FXGL Background Thread 2 ] INFO  UpdaterService       - Latest stable version: 17.2
12:39:37.299 [FXGL Background Thread 3 ] DEBUG Engine               - Logging environment variables
12:39:37.299 [FXGL Background Thread 3 ] DEBUG Engine               - achievements: []
12:39:37.300 [FXGL Background Thread 3 ] DEBUG Engine               - actualHeight: 148.0
12:39:37.300 [FXGL Background Thread 3 ] DEBUG Engine               - actualHeightProperty: ReadOnlyDoubleProperty [value: 148.0]
12:39:37.300 [FXGL Background Thread 3 ] DEBUG Engine               - actualWidth: 128.0
12:39:37.300 [FXGL Background Thread 3 ] DEBUG Engine               - actualWidthProperty: ReadOnlyDoubleProperty [value: 128.0]
12:39:37.300 [FXGL Background Thread 3 ] DEBUG Engine               - appIcon: fxgl_icon.png
12:39:37.300 [FXGL Background Thread 3 ] DEBUG Engine               - applicationMode: DEVELOPER
12:39:37.300 [FXGL Background Thread 3 ] DEBUG Engine               - cSSList: [fxgl_dark.css]
12:39:37.300 [FXGL Background Thread 3 ] DEBUG Engine               - collisionDetectionStrategy: BRUTE_FORCE
12:39:37.300 [FXGL Background Thread 3 ] DEBUG Engine               - configClass: Optional.empty
12:39:37.300 [FXGL Background Thread 3 ] DEBUG Engine               - credits: []
12:39:37.300 [FXGL Background Thread 3 ] DEBUG Engine               - defaultCursor: CursorInfo(imageName=fxgl_default_cursor.png, hotspotX=7.0, hotspotY=6.0)
12:39:37.301 [FXGL Background Thread 3 ] DEBUG Engine               - devBBoxColorProperty: ObjectProperty [value: 0xff0000ff]
12:39:37.301 [FXGL Background Thread 3 ] DEBUG Engine               - devEnableDebugCameraProperty: BooleanProperty [value: false]
12:39:37.301 [FXGL Background Thread 3 ] DEBUG Engine               - devSensorColorProperty: ObjectProperty [value: 0xffff00ff]
12:39:37.301 [FXGL Background Thread 3 ] DEBUG Engine               - devShowBBoxProperty: BooleanProperty [value: false]
12:39:37.301 [FXGL Background Thread 3 ] DEBUG Engine               - devShowPositionProperty: BooleanProperty [value: false]
12:39:37.301 [FXGL Background Thread 3 ] DEBUG Engine               - enabledMenuItems: []
12:39:37.301 [FXGL Background Thread 3 ] DEBUG Engine               - engineServices: [class com.almasb.fxgl.app.services.FXGLAssetLoaderService, class com.almasb.fxgl.app.FXGLApplication$GameApplicationService, class com.almasb.fxgl.app.services.FXGLDialogService, class com.almasb.fxgl.app.services.IOTaskExecutorService, class com.almasb.fxgl.io.FileSystemService, class com.almasb.fxgl.localization.LocalizationService, class com.almasb.fxgl.app.services.SystemBundleService, class com.almasb.fxgl.profile.SaveLoadService, class com.almasb.fxgl.ui.FXGLUIFactoryServiceProvider, class com.almasb.fxgl.ui.FXGLDialogFactoryServiceProvider, class com.almasb.fxgl.audio.AudioPlayer, class com.almasb.fxgl.notification.impl.NotificationServiceProvider, class com.almasb.fxgl.achievement.AchievementService, class com.almasb.fxgl.cutscene.CutsceneService, class com.almasb.fxgl.minigames.MiniGameService, class com.almasb.fxgl.net.NetService, class com.almasb.fxgl.app.services.UpdaterService, class com.almasb.fxgl.dev.DevService]
12:39:37.301 [FXGL Background Thread 3 ] DEBUG Engine               - fontGame: Abel-Regular.ttf
12:39:37.301 [FXGL Background Thread 3 ] DEBUG Engine               - fontMono: lucida_console.ttf
12:39:37.301 [FXGL Background Thread 3 ] DEBUG Engine               - fontText: Courier-Prime.ttf
12:39:37.301 [FXGL Background Thread 3 ] DEBUG Engine               - fontUI: VarelaRound-Regular.ttf
12:39:37.301 [FXGL Background Thread 3 ] DEBUG Engine               - fullScreen: BooleanProperty [value: false]
12:39:37.301 [FXGL Background Thread 3 ] DEBUG Engine               - gameDifficulty: MEDIUM
12:39:37.301 [FXGL Background Thread 3 ] DEBUG Engine               - gameDifficultyProperty: ObjectProperty [value: MEDIUM]
12:39:37.302 [FXGL Background Thread 3 ] DEBUG Engine               - globalMusicVolume: 0.5
12:39:37.302 [FXGL Background Thread 3 ] DEBUG Engine               - globalMusicVolumeProperty: DoubleProperty [value: 0.5]
12:39:37.302 [FXGL Background Thread 3 ] DEBUG Engine               - globalSoundVolume: 0.5
12:39:37.302 [FXGL Background Thread 3 ] DEBUG Engine               - globalSoundVolumeProperty: DoubleProperty [value: 0.5]
12:39:37.302 [FXGL Background Thread 3 ] DEBUG Engine               - height: 148
12:39:37.302 [FXGL Background Thread 3 ] DEBUG Engine               - is3D: false
12:39:37.302 [FXGL Background Thread 3 ] DEBUG Engine               - isAndroid: false
12:39:37.302 [FXGL Background Thread 3 ] DEBUG Engine               - isBrowser: false
12:39:37.302 [FXGL Background Thread 3 ] DEBUG Engine               - isClickFeedbackEnabled: false
12:39:37.302 [FXGL Background Thread 3 ] DEBUG Engine               - isCloseConfirmation: false
12:39:37.302 [FXGL Background Thread 3 ] DEBUG Engine               - isDesktop: true
12:39:37.302 [FXGL Background Thread 3 ] DEBUG Engine               - isDeveloperMenuEnabled: false
12:39:37.302 [FXGL Background Thread 3 ] DEBUG Engine               - isEntityPreloadEnabled: true
12:39:37.302 [FXGL Background Thread 3 ] DEBUG Engine               - isExperimentalTiledLargeMap: false
12:39:37.302 [FXGL Background Thread 3 ] DEBUG Engine               - isFileSystemWriteAllowed: true
12:39:37.302 [FXGL Background Thread 3 ] DEBUG Engine               - isFullScreenAllowed: false
12:39:37.302 [FXGL Background Thread 3 ] DEBUG Engine               - isFullScreenFromStart: false
12:39:37.303 [FXGL Background Thread 3 ] DEBUG Engine               - isGameMenuEnabled: true
12:39:37.303 [FXGL Background Thread 3 ] DEBUG Engine               - isIOS: false
12:39:37.303 [FXGL Background Thread 3 ] DEBUG Engine               - isIntroEnabled: false
12:39:37.303 [FXGL Background Thread 3 ] DEBUG Engine               - isLinux: false
12:39:37.303 [FXGL Background Thread 3 ] DEBUG Engine               - isMac: false
12:39:37.303 [FXGL Background Thread 3 ] DEBUG Engine               - isMainMenuEnabled: false
12:39:37.303 [FXGL Background Thread 3 ] DEBUG Engine               - isManualResizeEnabled: false
12:39:37.303 [FXGL Background Thread 3 ] DEBUG Engine               - isMobile: false
12:39:37.303 [FXGL Background Thread 3 ] DEBUG Engine               - isNative: false
12:39:37.303 [FXGL Background Thread 3 ] DEBUG Engine               - isPauseMusicWhenMinimized: true
12:39:37.303 [FXGL Background Thread 3 ] DEBUG Engine               - isPreserveResizeRatio: false
12:39:37.303 [FXGL Background Thread 3 ] DEBUG Engine               - isProfilingEnabled: false
12:39:37.303 [FXGL Background Thread 3 ] DEBUG Engine               - isScaleAffectedOnResize: true
12:39:37.303 [FXGL Background Thread 3 ] DEBUG Engine               - isSingleStep: false
12:39:37.303 [FXGL Background Thread 3 ] DEBUG Engine               - isUserProfileEnabled: false
12:39:37.303 [FXGL Background Thread 3 ] DEBUG Engine               - isWindows: true
12:39:37.303 [FXGL Background Thread 3 ] DEBUG Engine               - language: ObjectProperty [value: ENGLISH]
12:39:37.303 [FXGL Background Thread 3 ] DEBUG Engine               - menuKey: ESCAPE
12:39:37.303 [FXGL Background Thread 3 ] DEBUG Engine               - mouseSensitivity: 0.2
12:39:37.303 [FXGL Background Thread 3 ] DEBUG Engine               - notificationViewClass: class com.almasb.fxgl.notification.view.XboxNotificationView
12:39:37.304 [FXGL Background Thread 3 ] DEBUG Engine               - pixelsPerMeter: 50.0
12:39:37.304 [FXGL Background Thread 3 ] DEBUG Engine               - platform: WINDOWS
12:39:37.304 [FXGL Background Thread 3 ] DEBUG Engine               - prefHeightProperty: ReadOnlyDoubleProperty [value: 148.0]
12:39:37.304 [FXGL Background Thread 3 ] DEBUG Engine               - prefWidthProperty: ReadOnlyDoubleProperty [value: 128.0]
12:39:37.304 [FXGL Background Thread 3 ] DEBUG Engine               - profileDir: profiles/
12:39:37.304 [FXGL Background Thread 3 ] DEBUG Engine               - profileName: StringProperty [value: DEFAULT]
12:39:37.304 [FXGL Background Thread 3 ] DEBUG Engine               - randomSeed: -1
12:39:37.304 [FXGL Background Thread 3 ] DEBUG Engine               - runtimeInfo: RuntimeInfo(platform=WINDOWS, version=11.17, build=16.07.2021 15.46)
12:39:37.304 [FXGL Background Thread 3 ] DEBUG Engine               - saveFileExt: sav
12:39:37.304 [FXGL Background Thread 3 ] DEBUG Engine               - scaledHeightProp$fxgl: DoubleProperty [bound, value: 148.0]
12:39:37.304 [FXGL Background Thread 3 ] DEBUG Engine               - scaledWidthProp$fxgl: DoubleProperty [bound, value: 128.0]
12:39:37.304 [FXGL Background Thread 3 ] DEBUG Engine               - sceneFactory: com.almasb.fxgl.app.scene.SceneFactory@6a2faff8
12:39:37.304 [FXGL Background Thread 3 ] DEBUG Engine               - secondsIn24h: 60
12:39:37.304 [FXGL Background Thread 3 ] DEBUG Engine               - soundMenuBack: menu/back.wav
12:39:37.304 [FXGL Background Thread 3 ] DEBUG Engine               - soundMenuPress: menu/press.wav
12:39:37.304 [FXGL Background Thread 3 ] DEBUG Engine               - soundMenuSelect: menu/select.wav
12:39:37.304 [FXGL Background Thread 3 ] DEBUG Engine               - soundNotification: core/notification.wav
12:39:37.304 [FXGL Background Thread 3 ] DEBUG Engine               - stageStyle: DECORATED
12:39:37.304 [FXGL Background Thread 3 ] DEBUG Engine               - supportedLanguages: [ENGLISH, FRENCH, GERMAN, HUNGARIAN, RUSSIAN]
12:39:37.304 [FXGL Background Thread 3 ] DEBUG Engine               - ticksPerSecond: -1
12:39:37.305 [FXGL Background Thread 3 ] DEBUG Engine               - title: Untitled
12:39:37.305 [FXGL Background Thread 3 ] DEBUG Engine               - urlGithub: https://github.com/AlmasB/FXGL
12:39:37.305 [FXGL Background Thread 3 ] DEBUG Engine               - urlLeaderboard: http://fxgl-top.herokuapp.com/
12:39:37.305 [FXGL Background Thread 3 ] DEBUG Engine               - urlPOM: https://raw.githubusercontent.com/AlmasB/FXGL/release/README.md
12:39:37.305 [FXGL Background Thread 3 ] DEBUG Engine               - userAppClass: class softwaredesign.Main
12:39:37.305 [FXGL Background Thread 3 ] DEBUG Engine               - version: 0.0
12:39:37.305 [FXGL Background Thread 3 ] DEBUG Engine               - versionCheckDays: 7
12:39:37.305 [FXGL Background Thread 3 ] DEBUG Engine               - width: 128
12:39:37.305 [FXGL Background Thread 3 ] DEBUG Engine               - Logging services
12:39:37.305 [FXGL Background Thread 3 ] DEBUG Engine               - class com.almasb.fxgl.app.services.FXGLAssetLoaderService
12:39:37.305 [FXGL Background Thread 3 ] DEBUG Engine               - class com.almasb.fxgl.app.FXGLApplication$GameApplicationService
12:39:37.305 [FXGL Background Thread 3 ] DEBUG Engine               - class com.almasb.fxgl.app.services.FXGLDialogService
12:39:37.305 [FXGL Background Thread 3 ] DEBUG Engine               - class com.almasb.fxgl.app.services.IOTaskExecutorService
12:39:37.305 [FXGL Background Thread 3 ] DEBUG Engine               - class com.almasb.fxgl.io.FileSystemService
12:39:37.305 [FXGL Background Thread 3 ] DEBUG Engine               - class com.almasb.fxgl.localization.LocalizationService
12:39:37.305 [FXGL Background Thread 3 ] DEBUG Engine               - class com.almasb.fxgl.app.services.SystemBundleService
12:39:37.305 [FXGL Background Thread 3 ] DEBUG Engine               - class com.almasb.fxgl.profile.SaveLoadService
12:39:37.305 [FXGL Background Thread 3 ] DEBUG Engine               - class com.almasb.fxgl.ui.FXGLUIFactoryServiceProvider
12:39:37.306 [FXGL Background Thread 3 ] DEBUG Engine               - class com.almasb.fxgl.ui.FXGLDialogFactoryServiceProvider
12:39:37.306 [FXGL Background Thread 3 ] DEBUG Engine               - class com.almasb.fxgl.audio.AudioPlayer
12:39:37.306 [FXGL Background Thread 3 ] DEBUG Engine               - class com.almasb.fxgl.notification.impl.NotificationServiceProvider
12:39:37.306 [FXGL Background Thread 3 ] DEBUG Engine               - class com.almasb.fxgl.achievement.AchievementService
12:39:37.306 [FXGL Background Thread 3 ] DEBUG Engine               - class com.almasb.fxgl.cutscene.CutsceneService
12:39:37.306 [FXGL Background Thread 3 ] DEBUG Engine               - class com.almasb.fxgl.minigames.MiniGameService
12:39:37.306 [FXGL Background Thread 3 ] DEBUG Engine               - class com.almasb.fxgl.net.NetService
12:39:37.306 [FXGL Background Thread 3 ] DEBUG Engine               - class com.almasb.fxgl.app.services.UpdaterService
12:39:37.306 [FXGL Background Thread 3 ] DEBUG Engine               - class com.almasb.fxgl.dev.DevService
12:39:42.924 [JavaFX Application Thread] DEBUG FXGLApplication      - Exiting FXGL
12:39:42.924 [JavaFX Application Thread] DEBUG LoopRunner           - Stopping loop
12:39:42.924 [JavaFX Application Thread] DEBUG SystemBundleService  - Saving FXGL system data
12:39:42.926 [JavaFX Application Thread] DEBUG FileSystemAccess     - Writing to: C:\Users\lotca\Desktop\software-design-vu\system\fxgl.bundle
12:39:42.928 [JavaFX Application Thread] DEBUG Async                - Shutting down background threads
12:39:42.928 [JavaFX Application Thread] DEBUG PrimaryStageWindow   - Closing main window
12:39:42.942 [JavaFX Application Thread] DEBUG Logger               - Closing Logger
