18:44:16.140 [main                     ] DEBUG Logger               - Configured Logger
18:44:16.154 [main                     ] DEBUG GameApplication      - Logging settings
Title: Office Pets
Version: 0.0
Width: 512
Height: 592
Fullscreen: false
Intro: false
Profiling: false
Single step:false
App Mode: DEVELOPER
Menu Key: ESCAPE
Stage Style: DECORATED
Scene Factory: class com.almasb.fxgl.app.scene.SceneFactory

18:44:16.811 [JavaFX Application Thread] DEBUG FXGLApplication      - Initializing FXGL
18:44:16.814 [JavaFX Application Thread] INFO  Engine               - FXGL-11.17 (16.07.2021 15.46) on WINDOWS (J:11.0.18 FX:19)
18:44:16.814 [JavaFX Application Thread] DEBUG Engine               - JRE Vendor Name: Eclipse Adoptium
18:44:16.814 [JavaFX Application Thread] DEBUG Engine               - Running on OS: Windows 10 version 10.0
18:44:16.815 [JavaFX Application Thread] DEBUG Engine               - Architecture: amd64
18:44:16.815 [JavaFX Application Thread] INFO  Engine               - Source code and latest versions at: https://github.com/AlmasB/FXGL
18:44:16.815 [JavaFX Application Thread] INFO  Engine               -              Join the FXGL chat at: https://gitter.im/AlmasB/FXGL
18:44:16.954 [JavaFX Application Thread] DEBUG PrimaryStageWindow   - Creating a JavaFX scene
18:44:17.010 [JavaFX Application Thread] DEBUG PrimaryStageWindow   - Target settings size: 512.0 x 592.0
18:44:17.010 [JavaFX Application Thread] DEBUG PrimaryStageWindow   - Scaled scene size:    512.0 x 592.0
18:44:17.010 [JavaFX Application Thread] DEBUG PrimaryStageWindow   - Scaled ratio: (1.0, 1.0)
18:44:17.011 [JavaFX Application Thread] DEBUG PrimaryStageWindow   - Set initial scene to FXGLStartupScene
18:44:17.014 [JavaFX Application Thread] DEBUG PrimaryStageWindow   - Opening main window
18:44:17.108 [JavaFX Application Thread] DEBUG PrimaryStageWindow   - Window border size: (16.0, 39.0)
18:44:17.108 [JavaFX Application Thread] DEBUG PrimaryStageWindow   - Scaled size: 512.0 x 592.0
18:44:17.108 [JavaFX Application Thread] DEBUG PrimaryStageWindow   - Scaled ratio: (1.0, 1.0)
18:44:17.108 [JavaFX Application Thread] DEBUG PrimaryStageWindow   - Scene size: 512.0 x 592.0
18:44:17.109 [JavaFX Application Thread] DEBUG PrimaryStageWindow   - Stage size: 528.0 x 631.0
18:44:17.118 [FXGL Background Thread 1 ] DEBUG Engine               - Initializing environment variables
18:44:17.193 [FXGL Background Thread 1 ] DEBUG FXGLAssetLoaderServi - User app class for loading assets: class softwaredesign.Main
18:44:17.193 [FXGL Background Thread 1 ] DEBUG GameApplicationServi - Applying CSS: fxgl_dark.css
18:44:17.194 [FXGL Background Thread 1 ] DEBUG FXGLAssetLoaderServi - Loading from file system: jar:file:/C:/Users/lotca/.gradle/caches/modules-2/files-2.1/com.github.almasb/fxgl/11.17/206906ee5d1b948952e85fe43e36ee9a9a6dea00/fxgl-11.17.jar!/fxglassets/ui/css/fxgl_dark.css
18:44:17.244 [FXGL Background Thread 1 ] DEBUG GameApplicationServi - Initializing application scenes
18:44:17.295 [FXGL Background Thread 1 ] DEBUG GameWorld            - Game world initialized
18:44:17.383 [FXGL Background Thread 1 ] DEBUG PhysicsWorld         - Physics world initialized: appHeight=592, physics.ppm=50.0
18:44:17.384 [FXGL Background Thread 1 ] DEBUG PhysicsWorld         - Using strategy: BRUTE_FORCE
18:44:17.386 [FXGL Background Thread 1 ] DEBUG GameScene            - Game scene initialized: 512x592
18:44:17.400 [FXGL Background Thread 1 ] WARN  FXGL.DefaultMenu     - FXGLDefaultMenu is not designed for resolutions < 800x600
18:44:17.400 [FXGL Background Thread 1 ] DEBUG FXGL.DefaultMenu     - createMenuBodyGameMenu()
18:44:17.426 [FXGL Background Thread 1 ] DEBUG FXGL.DefaultMenu     - createOptionsMenu()
18:44:17.438 [FXGL Background Thread 1 ] DEBUG FXGLAssetLoaderServi - Loading from file system: jar:file:/C:/Users/lotca/.gradle/caches/modules-2/files-2.1/com.github.almasb/fxgl/11.17/206906ee5d1b948952e85fe43e36ee9a9a6dea00/fxgl-11.17.jar!/fxglassets/textures/particles/smoke.png
18:44:17.536 [FXGL Background Thread 1 ] DEBUG FXGLAssetLoaderServi - Loading from file system: jar:file:/C:/Users/lotca/.gradle/caches/modules-2/files-2.1/com.github.almasb/fxgl/11.17/206906ee5d1b948952e85fe43e36ee9a9a6dea00/fxgl-11.17.jar!/fxglassets/textures/particles/trace_horizontal.png
18:44:17.561 [FXGL Background Thread 1 ] DEBUG GameApplicationServi - Application scenes initialized
18:44:17.574 [FXGL Background Thread 1 ] DEBUG SystemBundleService  - Loading FXGL system data
18:44:17.578 [FXGL Background Thread 1 ] DEBUG FileSystemAccess     - Reading from: C:\Users\lotca\Desktop\software-design-vu\system\fxgl.bundle
18:44:17.582 [FXGL Background Thread 1 ] DEBUG SystemBundleService  - Bundle FXGL: {}
18:44:17.582 [FXGL Background Thread 1 ] DEBUG UpdaterService       - Checking for updates
18:44:17.587 [FXGL Background Thread 4 ] DEBUG FXGLApplication      - Loading fonts
18:44:17.588 [FXGL Background Thread 4 ] DEBUG FXGLAssetLoaderServi - Loading from file system: jar:file:/C:/Users/lotca/.gradle/caches/modules-2/files-2.1/com.github.almasb/fxgl/11.17/206906ee5d1b948952e85fe43e36ee9a9a6dea00/fxgl-11.17.jar!/fxglassets/ui/fonts/VarelaRound-Regular.ttf
18:44:17.590 [FXGL Background Thread 1 ] DEBUG FXGLApplication      - Loading default localization
18:44:17.590 [FXGL Background Thread 1 ] DEBUG FXGLAssetLoaderServi - Loading from file system: jar:file:/C:/Users/lotca/.gradle/caches/modules-2/files-2.1/com.github.almasb/fxgl/11.17/206906ee5d1b948952e85fe43e36ee9a9a6dea00/fxgl-11.17.jar!/fxglassets/languages/english.lang
18:44:17.618 [FXGL Background Thread 1 ] INFO  FXGLApplication      - FXGL initialization took: 0.500 sec
18:44:17.619 [JavaFX Application Thread] DEBUG FXGLAssetLoaderServi - Loading from file system: jar:file:/C:/Users/lotca/.gradle/caches/modules-2/files-2.1/com.github.almasb/fxgl/11.17/206906ee5d1b948952e85fe43e36ee9a9a6dea00/fxgl-11.17.jar!/fxglassets/textures/fxgl_icon.png
18:44:17.649 [JavaFX Application Thread] DEBUG FXGLAssetLoaderServi - Loading from file system: jar:file:/C:/Users/lotca/.gradle/caches/modules-2/files-2.1/com.github.almasb/fxgl/11.17/206906ee5d1b948952e85fe43e36ee9a9a6dea00/fxgl-11.17.jar!/fxglassets/textures/fxgl_default_cursor.png
18:44:17.672 [JavaFX Application Thread] DEBUG Input                - Registered new binding: Screenshot - CTRL+8
18:44:17.673 [JavaFX Application Thread] DEBUG Input                - Registered new binding: System info dump - CTRL+9
18:44:17.673 [JavaFX Application Thread] DEBUG Input                - Registered new binding: Restart - CTRL+R
18:44:17.674 [JavaFX Application Thread] DEBUG Input                - Registered new binding: Toggle Debug Camera - CTRL+C
18:44:17.678 [JavaFX Application Thread] DEBUG LoopRunner           - Starting loop
18:44:17.678 [JavaFX Application Thread] DEBUG LoopRunner           - Initializing JavaFX AnimationTimerLoop
18:44:17.682 [JavaFX Application Thread] DEBUG GameApplicationServi - Starting new game
18:44:17.683 [JavaFX Application Thread] DEBUG Input                - Clearing active input actions
18:44:17.697 [JavaFX Application Thread] DEBUG GameApplicationServi - Removing overlay from FXGLStartupScene and adding to FXGLLoadingScene
18:44:17.698 [JavaFX Application Thread] DEBUG PrimaryStageWindow   - FXGLStartupScene -> FXGLLoadingScene
18:44:17.698 [JavaFX Application Thread] DEBUG GameApplicationServi - Clearing previous game
18:44:17.698 [JavaFX Application Thread] DEBUG GameScene            - Clearing game scene
18:44:17.698 [JavaFX Application Thread] DEBUG GameWorld            - Clearing game world
18:44:17.698 [JavaFX Application Thread] DEBUG PhysicsWorld         - Clearing physics world
18:44:17.699 [FXGL Background Thread 1 ] DEBUG FXGLApplication      - Initializing game
18:44:17.711 [FXGL Background Thread 1 ] DEBUG FXGLAssetLoaderServi - Loading from file system: file:/C:/Users/lotca/Desktop/software-design-vu/build/resources/main/assets/textures/kipIdle.png
18:44:17.731 [FXGL Background Thread 1 ] INFO  FXGLApplication      - Game initialization took: 0.032 sec
18:44:17.768 [JavaFX Application Thread] DEBUG Input                - Clearing active input actions
18:44:17.778 [JavaFX Application Thread] DEBUG GameApplicationServi - Removing overlay from FXGLLoadingScene and adding to GameScene
18:44:17.778 [JavaFX Application Thread] DEBUG PrimaryStageWindow   - FXGLLoadingScene -> GameScene
18:44:17.964 [FXGL Background Thread 4 ] DEBUG FXGLAssetLoaderServi - Loading from file system: jar:file:/C:/Users/lotca/.gradle/caches/modules-2/files-2.1/com.github.almasb/fxgl/11.17/206906ee5d1b948952e85fe43e36ee9a9a6dea00/fxgl-11.17.jar!/fxglassets/ui/fonts/Abel-Regular.ttf
18:44:17.967 [FXGL Background Thread 4 ] DEBUG FXGLAssetLoaderServi - Loading from file system: jar:file:/C:/Users/lotca/.gradle/caches/modules-2/files-2.1/com.github.almasb/fxgl/11.17/206906ee5d1b948952e85fe43e36ee9a9a6dea00/fxgl-11.17.jar!/fxglassets/ui/fonts/lucida_console.ttf
18:44:17.972 [FXGL Background Thread 4 ] DEBUG FXGLAssetLoaderServi - Loading from file system: jar:file:/C:/Users/lotca/.gradle/caches/modules-2/files-2.1/com.github.almasb/fxgl/11.17/206906ee5d1b948952e85fe43e36ee9a9a6dea00/fxgl-11.17.jar!/fxglassets/ui/fonts/Courier-Prime.ttf
18:44:17.981 [JavaFX Application Thread] DEBUG FXGLApplication      - Registering font factories with UI factory
18:44:18.386 [FXGL Background Thread 2 ] INFO  UpdaterService       - Your current version:  11.17
18:44:18.386 [FXGL Background Thread 2 ] INFO  UpdaterService       - Latest stable version: 17.2
18:44:20.586 [FXGL Background Thread 3 ] DEBUG Engine               - Logging environment variables
18:44:20.587 [FXGL Background Thread 3 ] DEBUG Engine               - achievements: []
18:44:20.587 [FXGL Background Thread 3 ] DEBUG Engine               - actualHeight: 592.0
18:44:20.587 [FXGL Background Thread 3 ] DEBUG Engine               - actualHeightProperty: ReadOnlyDoubleProperty [value: 592.0]
18:44:20.588 [FXGL Background Thread 3 ] DEBUG Engine               - actualWidth: 512.0
18:44:20.588 [FXGL Background Thread 3 ] DEBUG Engine               - actualWidthProperty: ReadOnlyDoubleProperty [value: 512.0]
18:44:20.588 [FXGL Background Thread 3 ] DEBUG Engine               - appIcon: fxgl_icon.png
18:44:20.588 [FXGL Background Thread 3 ] DEBUG Engine               - applicationMode: DEVELOPER
18:44:20.588 [FXGL Background Thread 3 ] DEBUG Engine               - cSSList: [fxgl_dark.css]
18:44:20.588 [FXGL Background Thread 3 ] DEBUG Engine               - collisionDetectionStrategy: BRUTE_FORCE
18:44:20.588 [FXGL Background Thread 3 ] DEBUG Engine               - configClass: Optional.empty
18:44:20.588 [FXGL Background Thread 3 ] DEBUG Engine               - credits: []
18:44:20.588 [FXGL Background Thread 3 ] DEBUG Engine               - defaultCursor: CursorInfo(imageName=fxgl_default_cursor.png, hotspotX=7.0, hotspotY=6.0)
18:44:20.588 [FXGL Background Thread 3 ] DEBUG Engine               - devBBoxColorProperty: ObjectProperty [value: 0xff0000ff]
18:44:20.588 [FXGL Background Thread 3 ] DEBUG Engine               - devEnableDebugCameraProperty: BooleanProperty [value: false]
18:44:20.588 [FXGL Background Thread 3 ] DEBUG Engine               - devSensorColorProperty: ObjectProperty [value: 0xffff00ff]
18:44:20.588 [FXGL Background Thread 3 ] DEBUG Engine               - devShowBBoxProperty: BooleanProperty [value: false]
18:44:20.588 [FXGL Background Thread 3 ] DEBUG Engine               - devShowPositionProperty: BooleanProperty [value: false]
18:44:20.589 [FXGL Background Thread 3 ] DEBUG Engine               - enabledMenuItems: []
18:44:20.589 [FXGL Background Thread 3 ] DEBUG Engine               - engineServices: [class com.almasb.fxgl.app.services.FXGLAssetLoaderService, class com.almasb.fxgl.app.FXGLApplication$GameApplicationService, class com.almasb.fxgl.app.services.FXGLDialogService, class com.almasb.fxgl.app.services.IOTaskExecutorService, class com.almasb.fxgl.io.FileSystemService, class com.almasb.fxgl.localization.LocalizationService, class com.almasb.fxgl.app.services.SystemBundleService, class com.almasb.fxgl.profile.SaveLoadService, class com.almasb.fxgl.ui.FXGLUIFactoryServiceProvider, class com.almasb.fxgl.ui.FXGLDialogFactoryServiceProvider, class com.almasb.fxgl.audio.AudioPlayer, class com.almasb.fxgl.notification.impl.NotificationServiceProvider, class com.almasb.fxgl.achievement.AchievementService, class com.almasb.fxgl.cutscene.CutsceneService, class com.almasb.fxgl.minigames.MiniGameService, class com.almasb.fxgl.net.NetService, class com.almasb.fxgl.app.services.UpdaterService, class com.almasb.fxgl.dev.DevService]
18:44:20.589 [FXGL Background Thread 3 ] DEBUG Engine               - fontGame: Abel-Regular.ttf
18:44:20.589 [FXGL Background Thread 3 ] DEBUG Engine               - fontMono: lucida_console.ttf
18:44:20.589 [FXGL Background Thread 3 ] DEBUG Engine               - fontText: Courier-Prime.ttf
18:44:20.589 [FXGL Background Thread 3 ] DEBUG Engine               - fontUI: VarelaRound-Regular.ttf
18:44:20.589 [FXGL Background Thread 3 ] DEBUG Engine               - fullScreen: BooleanProperty [value: false]
18:44:20.589 [FXGL Background Thread 3 ] DEBUG Engine               - gameDifficulty: MEDIUM
18:44:20.589 [FXGL Background Thread 3 ] DEBUG Engine               - gameDifficultyProperty: ObjectProperty [value: MEDIUM]
18:44:20.589 [FXGL Background Thread 3 ] DEBUG Engine               - globalMusicVolume: 0.5
18:44:20.589 [FXGL Background Thread 3 ] DEBUG Engine               - globalMusicVolumeProperty: DoubleProperty [value: 0.5]
18:44:20.589 [FXGL Background Thread 3 ] DEBUG Engine               - globalSoundVolume: 0.5
18:44:20.589 [FXGL Background Thread 3 ] DEBUG Engine               - globalSoundVolumeProperty: DoubleProperty [value: 0.5]
18:44:20.589 [FXGL Background Thread 3 ] DEBUG Engine               - height: 592
18:44:20.590 [FXGL Background Thread 3 ] DEBUG Engine               - is3D: false
18:44:20.590 [FXGL Background Thread 3 ] DEBUG Engine               - isAndroid: false
18:44:20.590 [FXGL Background Thread 3 ] DEBUG Engine               - isBrowser: false
18:44:20.590 [FXGL Background Thread 3 ] DEBUG Engine               - isClickFeedbackEnabled: false
18:44:20.590 [FXGL Background Thread 3 ] DEBUG Engine               - isCloseConfirmation: false
18:44:20.590 [FXGL Background Thread 3 ] DEBUG Engine               - isDesktop: true
18:44:20.590 [FXGL Background Thread 3 ] DEBUG Engine               - isDeveloperMenuEnabled: false
18:44:20.590 [FXGL Background Thread 3 ] DEBUG Engine               - isEntityPreloadEnabled: true
18:44:20.590 [FXGL Background Thread 3 ] DEBUG Engine               - isExperimentalTiledLargeMap: false
18:44:20.590 [FXGL Background Thread 3 ] DEBUG Engine               - isFileSystemWriteAllowed: true
18:44:20.590 [FXGL Background Thread 3 ] DEBUG Engine               - isFullScreenAllowed: false
18:44:20.590 [FXGL Background Thread 3 ] DEBUG Engine               - isFullScreenFromStart: false
18:44:20.590 [FXGL Background Thread 3 ] DEBUG Engine               - isGameMenuEnabled: true
18:44:20.590 [FXGL Background Thread 3 ] DEBUG Engine               - isIOS: false
18:44:20.590 [FXGL Background Thread 3 ] DEBUG Engine               - isIntroEnabled: false
18:44:20.590 [FXGL Background Thread 3 ] DEBUG Engine               - isLinux: false
18:44:20.591 [FXGL Background Thread 3 ] DEBUG Engine               - isMac: false
18:44:20.591 [FXGL Background Thread 3 ] DEBUG Engine               - isMainMenuEnabled: false
18:44:20.591 [FXGL Background Thread 3 ] DEBUG Engine               - isManualResizeEnabled: false
18:44:20.591 [FXGL Background Thread 3 ] DEBUG Engine               - isMobile: false
18:44:20.591 [FXGL Background Thread 3 ] DEBUG Engine               - isNative: false
18:44:20.591 [FXGL Background Thread 3 ] DEBUG Engine               - isPauseMusicWhenMinimized: true
18:44:20.591 [FXGL Background Thread 3 ] DEBUG Engine               - isPreserveResizeRatio: false
18:44:20.591 [FXGL Background Thread 3 ] DEBUG Engine               - isProfilingEnabled: false
18:44:20.591 [FXGL Background Thread 3 ] DEBUG Engine               - isScaleAffectedOnResize: true
18:44:20.591 [FXGL Background Thread 3 ] DEBUG Engine               - isSingleStep: false
18:44:20.591 [FXGL Background Thread 3 ] DEBUG Engine               - isUserProfileEnabled: false
18:44:20.591 [FXGL Background Thread 3 ] DEBUG Engine               - isWindows: true
18:44:20.591 [FXGL Background Thread 3 ] DEBUG Engine               - language: ObjectProperty [value: ENGLISH]
18:44:20.591 [FXGL Background Thread 3 ] DEBUG Engine               - menuKey: ESCAPE
18:44:20.592 [FXGL Background Thread 3 ] DEBUG Engine               - mouseSensitivity: 0.2
18:44:20.592 [FXGL Background Thread 3 ] DEBUG Engine               - notificationViewClass: class com.almasb.fxgl.notification.view.XboxNotificationView
18:44:20.592 [FXGL Background Thread 3 ] DEBUG Engine               - pixelsPerMeter: 50.0
18:44:20.592 [FXGL Background Thread 3 ] DEBUG Engine               - platform: WINDOWS
18:44:20.592 [FXGL Background Thread 3 ] DEBUG Engine               - prefHeightProperty: ReadOnlyDoubleProperty [value: 592.0]
18:44:20.592 [FXGL Background Thread 3 ] DEBUG Engine               - prefWidthProperty: ReadOnlyDoubleProperty [value: 512.0]
18:44:20.592 [FXGL Background Thread 3 ] DEBUG Engine               - profileDir: profiles/
18:44:20.592 [FXGL Background Thread 3 ] DEBUG Engine               - profileName: StringProperty [value: DEFAULT]
18:44:20.592 [FXGL Background Thread 3 ] DEBUG Engine               - randomSeed: -1
18:44:20.592 [FXGL Background Thread 3 ] DEBUG Engine               - runtimeInfo: RuntimeInfo(platform=WINDOWS, version=11.17, build=16.07.2021 15.46)
18:44:20.592 [FXGL Background Thread 3 ] DEBUG Engine               - saveFileExt: sav
18:44:20.592 [FXGL Background Thread 3 ] DEBUG Engine               - scaledHeightProp$fxgl: DoubleProperty [bound, value: 592.0]
18:44:20.592 [FXGL Background Thread 3 ] DEBUG Engine               - scaledWidthProp$fxgl: DoubleProperty [bound, value: 512.0]
18:44:20.592 [FXGL Background Thread 3 ] DEBUG Engine               - sceneFactory: com.almasb.fxgl.app.scene.SceneFactory@1a01e957
18:44:20.592 [FXGL Background Thread 3 ] DEBUG Engine               - secondsIn24h: 60
18:44:20.592 [FXGL Background Thread 3 ] DEBUG Engine               - soundMenuBack: menu/back.wav
18:44:20.593 [FXGL Background Thread 3 ] DEBUG Engine               - soundMenuPress: menu/press.wav
18:44:20.593 [FXGL Background Thread 3 ] DEBUG Engine               - soundMenuSelect: menu/select.wav
18:44:20.593 [FXGL Background Thread 3 ] DEBUG Engine               - soundNotification: core/notification.wav
18:44:20.593 [FXGL Background Thread 3 ] DEBUG Engine               - stageStyle: DECORATED
18:44:20.593 [FXGL Background Thread 3 ] DEBUG Engine               - supportedLanguages: [ENGLISH, FRENCH, GERMAN, HUNGARIAN, RUSSIAN]
18:44:20.593 [FXGL Background Thread 3 ] DEBUG Engine               - ticksPerSecond: -1
18:44:20.594 [FXGL Background Thread 3 ] DEBUG Engine               - title: Office Pets
18:44:20.594 [FXGL Background Thread 3 ] DEBUG Engine               - urlGithub: https://github.com/AlmasB/FXGL
18:44:20.594 [FXGL Background Thread 3 ] DEBUG Engine               - urlLeaderboard: http://fxgl-top.herokuapp.com/
18:44:20.594 [FXGL Background Thread 3 ] DEBUG Engine               - urlPOM: https://raw.githubusercontent.com/AlmasB/FXGL/release/README.md
18:44:20.594 [FXGL Background Thread 3 ] DEBUG Engine               - userAppClass: class softwaredesign.Main
18:44:20.594 [FXGL Background Thread 3 ] DEBUG Engine               - version: 0.0
18:44:20.594 [FXGL Background Thread 3 ] DEBUG Engine               - versionCheckDays: 7
18:44:20.594 [FXGL Background Thread 3 ] DEBUG Engine               - width: 512
18:44:20.594 [FXGL Background Thread 3 ] DEBUG Engine               - Logging services
18:44:20.594 [FXGL Background Thread 3 ] DEBUG Engine               - class com.almasb.fxgl.app.services.FXGLAssetLoaderService
18:44:20.594 [FXGL Background Thread 3 ] DEBUG Engine               - class com.almasb.fxgl.app.FXGLApplication$GameApplicationService
18:44:20.594 [FXGL Background Thread 3 ] DEBUG Engine               - class com.almasb.fxgl.app.services.FXGLDialogService
18:44:20.594 [FXGL Background Thread 3 ] DEBUG Engine               - class com.almasb.fxgl.app.services.IOTaskExecutorService
18:44:20.594 [FXGL Background Thread 3 ] DEBUG Engine               - class com.almasb.fxgl.io.FileSystemService
18:44:20.595 [FXGL Background Thread 3 ] DEBUG Engine               - class com.almasb.fxgl.localization.LocalizationService
18:44:20.595 [FXGL Background Thread 3 ] DEBUG Engine               - class com.almasb.fxgl.app.services.SystemBundleService
18:44:20.595 [FXGL Background Thread 3 ] DEBUG Engine               - class com.almasb.fxgl.profile.SaveLoadService
18:44:20.595 [FXGL Background Thread 3 ] DEBUG Engine               - class com.almasb.fxgl.ui.FXGLUIFactoryServiceProvider
18:44:20.595 [FXGL Background Thread 3 ] DEBUG Engine               - class com.almasb.fxgl.ui.FXGLDialogFactoryServiceProvider
18:44:20.595 [FXGL Background Thread 3 ] DEBUG Engine               - class com.almasb.fxgl.audio.AudioPlayer
18:44:20.595 [FXGL Background Thread 3 ] DEBUG Engine               - class com.almasb.fxgl.notification.impl.NotificationServiceProvider
18:44:20.595 [FXGL Background Thread 3 ] DEBUG Engine               - class com.almasb.fxgl.achievement.AchievementService
18:44:20.595 [FXGL Background Thread 3 ] DEBUG Engine               - class com.almasb.fxgl.cutscene.CutsceneService
18:44:20.595 [FXGL Background Thread 3 ] DEBUG Engine               - class com.almasb.fxgl.minigames.MiniGameService
18:44:20.596 [FXGL Background Thread 3 ] DEBUG Engine               - class com.almasb.fxgl.net.NetService
18:44:20.596 [FXGL Background Thread 3 ] DEBUG Engine               - class com.almasb.fxgl.app.services.UpdaterService
18:44:20.596 [FXGL Background Thread 3 ] DEBUG Engine               - class com.almasb.fxgl.dev.DevService
18:45:08.490 [JavaFX Application Thread] DEBUG FXGLApplication      - Exiting FXGL
18:45:08.490 [JavaFX Application Thread] DEBUG LoopRunner           - Stopping loop
18:45:08.490 [JavaFX Application Thread] DEBUG SystemBundleService  - Saving FXGL system data
18:45:08.491 [JavaFX Application Thread] DEBUG FileSystemAccess     - Writing to: C:\Users\lotca\Desktop\software-design-vu\system\fxgl.bundle
18:45:08.493 [JavaFX Application Thread] DEBUG Async                - Shutting down background threads
18:45:08.493 [JavaFX Application Thread] DEBUG PrimaryStageWindow   - Closing main window
18:45:08.507 [JavaFX Application Thread] DEBUG Logger               - Closing Logger
