11:58:24.155 [main                     ] DEBUG Logger               - Configured Logger
11:58:24.170 [main                     ] DEBUG GameApplication      - Logging settings
Title: Untitled
Version: 0.0
Width: 800
Height: 600
Fullscreen: false
Intro: false
Profiling: false
Single step:false
App Mode: DEVELOPER
Menu Key: ESCAPE
Stage Style: DECORATED
Scene Factory: class com.almasb.fxgl.app.scene.SceneFactory

11:58:24.829 [JavaFX Application Thread] DEBUG FXGLApplication      - Initializing FXGL
11:58:24.833 [JavaFX Application Thread] INFO  Engine               - FXGL-11.17 (16.07.2021 15.46) on WINDOWS (J:11.0.18 FX:19)
11:58:24.833 [JavaFX Application Thread] DEBUG Engine               - JRE Vendor Name: Eclipse Adoptium
11:58:24.833 [JavaFX Application Thread] DEBUG Engine               - Running on OS: Windows 10 version 10.0
11:58:24.833 [JavaFX Application Thread] DEBUG Engine               - Architecture: amd64
11:58:24.834 [JavaFX Application Thread] INFO  Engine               - Source code and latest versions at: https://github.com/AlmasB/FXGL
11:58:24.834 [JavaFX Application Thread] INFO  Engine               -              Join the FXGL chat at: https://gitter.im/AlmasB/FXGL
11:58:24.972 [JavaFX Application Thread] DEBUG PrimaryStageWindow   - Creating a JavaFX scene
11:58:25.035 [JavaFX Application Thread] DEBUG PrimaryStageWindow   - Target settings size: 800.0 x 600.0
11:58:25.035 [JavaFX Application Thread] DEBUG PrimaryStageWindow   - Scaled scene size:    800.0 x 600.0
11:58:25.035 [JavaFX Application Thread] DEBUG PrimaryStageWindow   - Scaled ratio: (1.0, 1.0)
11:58:25.037 [JavaFX Application Thread] DEBUG PrimaryStageWindow   - Set initial scene to FXGLStartupScene
11:58:25.043 [JavaFX Application Thread] DEBUG PrimaryStageWindow   - Opening main window
11:58:25.143 [JavaFX Application Thread] DEBUG PrimaryStageWindow   - Window border size: (16.0, 39.0)
11:58:25.143 [JavaFX Application Thread] DEBUG PrimaryStageWindow   - Scaled size: 800.0 x 600.0
11:58:25.143 [JavaFX Application Thread] DEBUG PrimaryStageWindow   - Scaled ratio: (1.0, 1.0)
11:58:25.143 [JavaFX Application Thread] DEBUG PrimaryStageWindow   - Scene size: 800.0 x 600.0
11:58:25.144 [JavaFX Application Thread] DEBUG PrimaryStageWindow   - Stage size: 816.0 x 639.0
11:58:25.153 [FXGL Background Thread 1 ] DEBUG Engine               - Initializing environment variables
11:58:25.231 [FXGL Background Thread 1 ] DEBUG FXGLAssetLoaderServi - User app class for loading assets: class softwaredesign.Main
11:58:25.231 [FXGL Background Thread 1 ] DEBUG GameApplicationServi - Applying CSS: fxgl_dark.css
11:58:25.233 [FXGL Background Thread 1 ] DEBUG FXGLAssetLoaderServi - Loading from file system: jar:file:/C:/Users/lotca/.gradle/caches/modules-2/files-2.1/com.github.almasb/fxgl/11.17/206906ee5d1b948952e85fe43e36ee9a9a6dea00/fxgl-11.17.jar!/fxglassets/ui/css/fxgl_dark.css
11:58:25.275 [FXGL Background Thread 1 ] DEBUG GameApplicationServi - Initializing application scenes
11:58:25.323 [FXGL Background Thread 1 ] DEBUG GameWorld            - Game world initialized
11:58:25.388 [FXGL Background Thread 1 ] DEBUG PhysicsWorld         - Physics world initialized: appHeight=600, physics.ppm=50.0
11:58:25.388 [FXGL Background Thread 1 ] DEBUG PhysicsWorld         - Using strategy: BRUTE_FORCE
11:58:25.391 [FXGL Background Thread 1 ] DEBUG GameScene            - Game scene initialized: 800x600
11:58:25.408 [FXGL Background Thread 1 ] DEBUG FXGL.DefaultMenu     - createMenuBodyGameMenu()
11:58:25.435 [FXGL Background Thread 1 ] DEBUG FXGL.DefaultMenu     - createOptionsMenu()
11:58:25.451 [FXGL Background Thread 1 ] DEBUG FXGLAssetLoaderServi - Loading from file system: jar:file:/C:/Users/lotca/.gradle/caches/modules-2/files-2.1/com.github.almasb/fxgl/11.17/206906ee5d1b948952e85fe43e36ee9a9a6dea00/fxgl-11.17.jar!/fxglassets/textures/particles/smoke.png
11:58:25.547 [FXGL Background Thread 1 ] DEBUG FXGLAssetLoaderServi - Loading from file system: jar:file:/C:/Users/lotca/.gradle/caches/modules-2/files-2.1/com.github.almasb/fxgl/11.17/206906ee5d1b948952e85fe43e36ee9a9a6dea00/fxgl-11.17.jar!/fxglassets/textures/particles/trace_horizontal.png
11:58:25.566 [FXGL Background Thread 1 ] DEBUG GameApplicationServi - Application scenes initialized
11:58:25.576 [FXGL Background Thread 1 ] DEBUG SystemBundleService  - Loading FXGL system data
11:58:25.579 [FXGL Background Thread 1 ] DEBUG FileSystemAccess     - Reading from: C:\Users\lotca\Desktop\software-design-vu\system\fxgl.bundle
11:58:25.583 [FXGL Background Thread 1 ] DEBUG SystemBundleService  - Bundle FXGL: {}
11:58:25.584 [FXGL Background Thread 1 ] DEBUG UpdaterService       - Checking for updates
11:58:25.588 [FXGL Background Thread 4 ] DEBUG FXGLApplication      - Loading fonts
11:58:25.589 [FXGL Background Thread 4 ] DEBUG FXGLAssetLoaderServi - Loading from file system: jar:file:/C:/Users/lotca/.gradle/caches/modules-2/files-2.1/com.github.almasb/fxgl/11.17/206906ee5d1b948952e85fe43e36ee9a9a6dea00/fxgl-11.17.jar!/fxglassets/ui/fonts/VarelaRound-Regular.ttf
11:58:25.589 [FXGL Background Thread 1 ] DEBUG FXGLApplication      - Loading default localization
11:58:25.590 [FXGL Background Thread 1 ] DEBUG FXGLAssetLoaderServi - Loading from file system: jar:file:/C:/Users/lotca/.gradle/caches/modules-2/files-2.1/com.github.almasb/fxgl/11.17/206906ee5d1b948952e85fe43e36ee9a9a6dea00/fxgl-11.17.jar!/fxglassets/languages/english.lang
11:58:25.619 [FXGL Background Thread 1 ] INFO  FXGLApplication      - FXGL initialization took: 0.466 sec
11:58:25.620 [JavaFX Application Thread] DEBUG FXGLAssetLoaderServi - Loading from file system: jar:file:/C:/Users/lotca/.gradle/caches/modules-2/files-2.1/com.github.almasb/fxgl/11.17/206906ee5d1b948952e85fe43e36ee9a9a6dea00/fxgl-11.17.jar!/fxglassets/textures/fxgl_icon.png
11:58:25.645 [JavaFX Application Thread] DEBUG FXGLAssetLoaderServi - Loading from file system: jar:file:/C:/Users/lotca/.gradle/caches/modules-2/files-2.1/com.github.almasb/fxgl/11.17/206906ee5d1b948952e85fe43e36ee9a9a6dea00/fxgl-11.17.jar!/fxglassets/textures/fxgl_default_cursor.png
11:58:25.670 [JavaFX Application Thread] DEBUG Input                - Registered new binding: Screenshot - CTRL+8
11:58:25.671 [JavaFX Application Thread] DEBUG Input                - Registered new binding: System info dump - CTRL+9
11:58:25.671 [JavaFX Application Thread] DEBUG Input                - Registered new binding: Restart - CTRL+R
11:58:25.673 [JavaFX Application Thread] DEBUG Input                - Registered new binding: Toggle Debug Camera - CTRL+C
11:58:25.676 [JavaFX Application Thread] DEBUG LoopRunner           - Starting loop
11:58:25.676 [JavaFX Application Thread] DEBUG LoopRunner           - Initializing JavaFX AnimationTimerLoop
11:58:25.678 [JavaFX Application Thread] DEBUG GameApplicationServi - Starting new game
11:58:25.678 [JavaFX Application Thread] DEBUG Input                - Clearing active input actions
11:58:25.691 [JavaFX Application Thread] DEBUG GameApplicationServi - Removing overlay from FXGLStartupScene and adding to FXGLLoadingScene
11:58:25.691 [JavaFX Application Thread] DEBUG PrimaryStageWindow   - FXGLStartupScene -> FXGLLoadingScene
11:58:25.691 [JavaFX Application Thread] DEBUG GameApplicationServi - Clearing previous game
11:58:25.691 [JavaFX Application Thread] DEBUG GameScene            - Clearing game scene
11:58:25.691 [JavaFX Application Thread] DEBUG GameWorld            - Clearing game world
11:58:25.691 [JavaFX Application Thread] DEBUG PhysicsWorld         - Clearing physics world
11:58:25.693 [FXGL Background Thread 1 ] DEBUG FXGLApplication      - Initializing game
11:58:25.708 [FXGL Background Thread 1 ] DEBUG FXGLAssetLoaderServi - Loading from file system: file:/C:/Users/lotca/Desktop/software-design-vu/build/resources/main/assets/textures/kipIdle.png
11:58:25.729 [FXGL Background Thread 1 ] INFO  FXGLApplication      - Game initialization took: 0.037 sec
11:58:25.766 [JavaFX Application Thread] DEBUG Input                - Clearing active input actions
11:58:25.772 [JavaFX Application Thread] DEBUG GameApplicationServi - Removing overlay from FXGLLoadingScene and adding to GameScene
11:58:25.772 [JavaFX Application Thread] DEBUG PrimaryStageWindow   - FXGLLoadingScene -> GameScene
11:58:25.967 [FXGL Background Thread 4 ] DEBUG FXGLAssetLoaderServi - Loading from file system: jar:file:/C:/Users/lotca/.gradle/caches/modules-2/files-2.1/com.github.almasb/fxgl/11.17/206906ee5d1b948952e85fe43e36ee9a9a6dea00/fxgl-11.17.jar!/fxglassets/ui/fonts/Abel-Regular.ttf
11:58:25.970 [FXGL Background Thread 4 ] DEBUG FXGLAssetLoaderServi - Loading from file system: jar:file:/C:/Users/lotca/.gradle/caches/modules-2/files-2.1/com.github.almasb/fxgl/11.17/206906ee5d1b948952e85fe43e36ee9a9a6dea00/fxgl-11.17.jar!/fxglassets/ui/fonts/lucida_console.ttf
11:58:25.975 [FXGL Background Thread 4 ] DEBUG FXGLAssetLoaderServi - Loading from file system: jar:file:/C:/Users/lotca/.gradle/caches/modules-2/files-2.1/com.github.almasb/fxgl/11.17/206906ee5d1b948952e85fe43e36ee9a9a6dea00/fxgl-11.17.jar!/fxglassets/ui/fonts/Courier-Prime.ttf
11:58:25.981 [JavaFX Application Thread] DEBUG FXGLApplication      - Registering font factories with UI factory
11:58:26.170 [FXGL Background Thread 2 ] INFO  UpdaterService       - Your current version:  11.17
11:58:26.170 [FXGL Background Thread 2 ] INFO  UpdaterService       - Latest stable version: 17.2
11:58:28.537 [JavaFX Application Thread] DEBUG FXGLApplication      - Exiting FXGL
11:58:28.537 [JavaFX Application Thread] DEBUG LoopRunner           - Stopping loop
11:58:28.537 [JavaFX Application Thread] DEBUG SystemBundleService  - Saving FXGL system data
11:58:28.539 [JavaFX Application Thread] DEBUG FileSystemAccess     - Writing to: C:\Users\lotca\Desktop\software-design-vu\system\fxgl.bundle
11:58:28.541 [JavaFX Application Thread] DEBUG Async                - Shutting down background threads
11:58:28.541 [JavaFX Application Thread] DEBUG PrimaryStageWindow   - Closing main window
11:58:28.560 [JavaFX Application Thread] DEBUG Logger               - Closing Logger
