13:09:50.335 [main                     ] DEBUG Logger               - Configured Logger
13:09:50.351 [main                     ] DEBUG GameApplication      - Logging settings
Title: Office Pets
Version: 0.0
Width: 512
Height: 592
Fullscreen: false
Intro: false
Profiling: false
Single step:false
App Mode: DEVELOPER
Menu Key: ESCAPE
Stage Style: DECORATED
Scene Factory: class com.almasb.fxgl.app.scene.SceneFactory

13:09:50.983 [JavaFX Application Thread] DEBUG FXGLApplication      - Initializing FXGL
13:09:50.987 [JavaFX Application Thread] INFO  Engine               - FXGL-11.17 (16.07.2021 15.46) on WINDOWS (J:11.0.18 FX:19)
13:09:50.987 [JavaFX Application Thread] DEBUG Engine               - JRE Vendor Name: Eclipse Adoptium
13:09:50.987 [JavaFX Application Thread] DEBUG Engine               - Running on OS: Windows 10 version 10.0
13:09:50.987 [JavaFX Application Thread] DEBUG Engine               - Architecture: amd64
13:09:50.987 [JavaFX Application Thread] INFO  Engine               - Source code and latest versions at: https://github.com/AlmasB/FXGL
13:09:50.987 [JavaFX Application Thread] INFO  Engine               -              Join the FXGL chat at: https://gitter.im/AlmasB/FXGL
13:09:51.119 [JavaFX Application Thread] DEBUG PrimaryStageWindow   - Creating a JavaFX scene
13:09:51.180 [JavaFX Application Thread] DEBUG PrimaryStageWindow   - Target settings size: 512.0 x 592.0
13:09:51.181 [JavaFX Application Thread] DEBUG PrimaryStageWindow   - Scaled scene size:    512.0 x 592.0
13:09:51.181 [JavaFX Application Thread] DEBUG PrimaryStageWindow   - Scaled ratio: (1.0, 1.0)
13:09:51.182 [JavaFX Application Thread] DEBUG PrimaryStageWindow   - Set initial scene to FXGLStartupScene
13:09:51.188 [JavaFX Application Thread] DEBUG PrimaryStageWindow   - Opening main window
13:09:51.287 [JavaFX Application Thread] DEBUG PrimaryStageWindow   - Window border size: (16.0, 39.0)
13:09:51.287 [JavaFX Application Thread] DEBUG PrimaryStageWindow   - Scaled size: 512.0 x 592.0
13:09:51.287 [JavaFX Application Thread] DEBUG PrimaryStageWindow   - Scaled ratio: (1.0, 1.0)
13:09:51.288 [JavaFX Application Thread] DEBUG PrimaryStageWindow   - Scene size: 512.0 x 592.0
13:09:51.288 [JavaFX Application Thread] DEBUG PrimaryStageWindow   - Stage size: 528.0 x 631.0
13:09:51.296 [FXGL Background Thread 1 ] DEBUG Engine               - Initializing environment variables
13:09:51.370 [FXGL Background Thread 1 ] DEBUG FXGLAssetLoaderServi - User app class for loading assets: class softwaredesign.Main
13:09:51.370 [FXGL Background Thread 1 ] DEBUG GameApplicationServi - Applying CSS: fxgl_dark.css
13:09:51.371 [FXGL Background Thread 1 ] DEBUG FXGLAssetLoaderServi - Loading from file system: jar:file:/C:/Users/lotca/.gradle/caches/modules-2/files-2.1/com.github.almasb/fxgl/11.17/206906ee5d1b948952e85fe43e36ee9a9a6dea00/fxgl-11.17.jar!/fxglassets/ui/css/fxgl_dark.css
13:09:51.427 [FXGL Background Thread 1 ] DEBUG GameApplicationServi - Initializing application scenes
13:09:51.473 [FXGL Background Thread 1 ] DEBUG GameWorld            - Game world initialized
13:09:51.538 [FXGL Background Thread 1 ] DEBUG PhysicsWorld         - Physics world initialized: appHeight=592, physics.ppm=50.0
13:09:51.539 [FXGL Background Thread 1 ] DEBUG PhysicsWorld         - Using strategy: BRUTE_FORCE
13:09:51.541 [FXGL Background Thread 1 ] DEBUG GameScene            - Game scene initialized: 512x592
13:09:51.554 [FXGL Background Thread 1 ] WARN  FXGL.DefaultMenu     - FXGLDefaultMenu is not designed for resolutions < 800x600
13:09:51.554 [FXGL Background Thread 1 ] DEBUG FXGL.DefaultMenu     - createMenuBodyGameMenu()
13:09:51.578 [FXGL Background Thread 1 ] DEBUG FXGL.DefaultMenu     - createOptionsMenu()
13:09:51.602 [FXGL Background Thread 1 ] DEBUG FXGLAssetLoaderServi - Loading from file system: jar:file:/C:/Users/lotca/.gradle/caches/modules-2/files-2.1/com.github.almasb/fxgl/11.17/206906ee5d1b948952e85fe43e36ee9a9a6dea00/fxgl-11.17.jar!/fxglassets/textures/particles/smoke.png
13:09:51.695 [FXGL Background Thread 1 ] DEBUG FXGLAssetLoaderServi - Loading from file system: jar:file:/C:/Users/lotca/.gradle/caches/modules-2/files-2.1/com.github.almasb/fxgl/11.17/206906ee5d1b948952e85fe43e36ee9a9a6dea00/fxgl-11.17.jar!/fxglassets/textures/particles/trace_horizontal.png
13:09:51.714 [FXGL Background Thread 1 ] DEBUG GameApplicationServi - Application scenes initialized
13:09:51.724 [FXGL Background Thread 1 ] DEBUG SystemBundleService  - Loading FXGL system data
13:09:51.727 [FXGL Background Thread 1 ] DEBUG FileSystemAccess     - Reading from: C:\Users\lotca\Desktop\software-design-vu\system\fxgl.bundle
13:09:51.731 [FXGL Background Thread 1 ] DEBUG SystemBundleService  - Bundle FXGL: {}
13:09:51.731 [FXGL Background Thread 1 ] DEBUG UpdaterService       - Checking for updates
13:09:51.735 [FXGL Background Thread 4 ] DEBUG FXGLApplication      - Loading fonts
13:09:51.735 [FXGL Background Thread 4 ] DEBUG FXGLAssetLoaderServi - Loading from file system: jar:file:/C:/Users/lotca/.gradle/caches/modules-2/files-2.1/com.github.almasb/fxgl/11.17/206906ee5d1b948952e85fe43e36ee9a9a6dea00/fxgl-11.17.jar!/fxglassets/ui/fonts/VarelaRound-Regular.ttf
13:09:51.736 [FXGL Background Thread 1 ] DEBUG FXGLApplication      - Loading default localization
13:09:51.737 [FXGL Background Thread 1 ] DEBUG FXGLAssetLoaderServi - Loading from file system: jar:file:/C:/Users/lotca/.gradle/caches/modules-2/files-2.1/com.github.almasb/fxgl/11.17/206906ee5d1b948952e85fe43e36ee9a9a6dea00/fxgl-11.17.jar!/fxglassets/languages/english.lang
13:09:51.763 [FXGL Background Thread 1 ] INFO  FXGLApplication      - FXGL initialization took: 0.466 sec
13:09:51.764 [JavaFX Application Thread] DEBUG FXGLAssetLoaderServi - Loading from file system: jar:file:/C:/Users/lotca/.gradle/caches/modules-2/files-2.1/com.github.almasb/fxgl/11.17/206906ee5d1b948952e85fe43e36ee9a9a6dea00/fxgl-11.17.jar!/fxglassets/textures/fxgl_icon.png
13:09:51.794 [JavaFX Application Thread] DEBUG FXGLAssetLoaderServi - Loading from file system: jar:file:/C:/Users/lotca/.gradle/caches/modules-2/files-2.1/com.github.almasb/fxgl/11.17/206906ee5d1b948952e85fe43e36ee9a9a6dea00/fxgl-11.17.jar!/fxglassets/textures/fxgl_default_cursor.png
13:09:51.815 [JavaFX Application Thread] DEBUG Input                - Registered new binding: Screenshot - CTRL+8
13:09:51.816 [JavaFX Application Thread] DEBUG Input                - Registered new binding: System info dump - CTRL+9
13:09:51.816 [JavaFX Application Thread] DEBUG Input                - Registered new binding: Restart - CTRL+R
13:09:51.817 [JavaFX Application Thread] DEBUG Input                - Registered new binding: Toggle Debug Camera - CTRL+C
13:09:51.820 [JavaFX Application Thread] DEBUG LoopRunner           - Starting loop
13:09:51.820 [JavaFX Application Thread] DEBUG LoopRunner           - Initializing JavaFX AnimationTimerLoop
13:09:51.822 [JavaFX Application Thread] DEBUG GameApplicationServi - Starting new game
13:09:51.823 [JavaFX Application Thread] DEBUG Input                - Clearing active input actions
13:09:51.835 [JavaFX Application Thread] DEBUG GameApplicationServi - Removing overlay from FXGLStartupScene and adding to FXGLLoadingScene
13:09:51.835 [JavaFX Application Thread] DEBUG PrimaryStageWindow   - FXGLStartupScene -> FXGLLoadingScene
13:09:51.835 [JavaFX Application Thread] DEBUG GameApplicationServi - Clearing previous game
13:09:51.835 [JavaFX Application Thread] DEBUG GameScene            - Clearing game scene
13:09:51.835 [JavaFX Application Thread] DEBUG GameWorld            - Clearing game world
13:09:51.836 [JavaFX Application Thread] DEBUG PhysicsWorld         - Clearing physics world
13:09:51.837 [FXGL Background Thread 1 ] DEBUG FXGLApplication      - Initializing game
13:09:51.844 [FXGL Background Thread 1 ] DEBUG FXGLAssetLoaderServi - Loading from file system: file:/C:/Users/lotca/Desktop/software-design-vu/build/resources/main/assets/textures/kipIdle.png
13:09:51.863 [FXGL Background Thread 1 ] INFO  FXGLApplication      - Game initialization took: 0.026 sec
13:09:51.898 [JavaFX Application Thread] DEBUG Input                - Clearing active input actions
13:09:51.909 [JavaFX Application Thread] DEBUG GameApplicationServi - Removing overlay from FXGLLoadingScene and adding to GameScene
13:09:51.910 [JavaFX Application Thread] DEBUG PrimaryStageWindow   - FXGLLoadingScene -> GameScene
13:09:52.095 [FXGL Background Thread 4 ] DEBUG FXGLAssetLoaderServi - Loading from file system: jar:file:/C:/Users/lotca/.gradle/caches/modules-2/files-2.1/com.github.almasb/fxgl/11.17/206906ee5d1b948952e85fe43e36ee9a9a6dea00/fxgl-11.17.jar!/fxglassets/ui/fonts/Abel-Regular.ttf
13:09:52.098 [FXGL Background Thread 4 ] DEBUG FXGLAssetLoaderServi - Loading from file system: jar:file:/C:/Users/lotca/.gradle/caches/modules-2/files-2.1/com.github.almasb/fxgl/11.17/206906ee5d1b948952e85fe43e36ee9a9a6dea00/fxgl-11.17.jar!/fxglassets/ui/fonts/lucida_console.ttf
13:09:52.103 [FXGL Background Thread 4 ] DEBUG FXGLAssetLoaderServi - Loading from file system: jar:file:/C:/Users/lotca/.gradle/caches/modules-2/files-2.1/com.github.almasb/fxgl/11.17/206906ee5d1b948952e85fe43e36ee9a9a6dea00/fxgl-11.17.jar!/fxglassets/ui/fonts/Courier-Prime.ttf
13:09:52.108 [JavaFX Application Thread] DEBUG FXGLApplication      - Registering font factories with UI factory
13:09:52.289 [FXGL Background Thread 2 ] INFO  UpdaterService       - Your current version:  11.17
13:09:52.290 [FXGL Background Thread 2 ] INFO  UpdaterService       - Latest stable version: 17.2
13:09:54.560 [JavaFX Application Thread] DEBUG FXGLApplication      - Exiting FXGL
13:09:54.561 [JavaFX Application Thread] DEBUG LoopRunner           - Stopping loop
13:09:54.561 [JavaFX Application Thread] DEBUG SystemBundleService  - Saving FXGL system data
13:09:54.564 [JavaFX Application Thread] DEBUG FileSystemAccess     - Writing to: C:\Users\lotca\Desktop\software-design-vu\system\fxgl.bundle
13:09:54.565 [JavaFX Application Thread] DEBUG Async                - Shutting down background threads
13:09:54.566 [JavaFX Application Thread] DEBUG PrimaryStageWindow   - Closing main window
13:09:54.580 [JavaFX Application Thread] DEBUG Logger               - Closing Logger
