11:05:02.416 [main                     ] DEBUG Logger               - Configured Logger
11:05:02.440 [main                     ] DEBUG GameApplication      - Logging settings
Title: Office Pets
Version: 0.0
Width: 512
Height: 592
Fullscreen: false
Intro: false
Profiling: false
Single step:false
App Mode: DEVELOPER
Menu Key: ESCAPE
Stage Style: DECORATED
Scene Factory: class com.almasb.fxgl.app.scene.SceneFactory

11:05:03.377 [JavaFX Application Thread] DEBUG FXGLApplication      - Initializing FXGL
11:05:03.382 [JavaFX Application Thread] INFO  Engine               - FXGL-11.17 (16.07.2021 15.46) on WINDOWS (J:11.0.18 FX:19)
11:05:03.383 [JavaFX Application Thread] DEBUG Engine               - JRE Vendor Name: Eclipse Adoptium
11:05:03.383 [JavaFX Application Thread] DEBUG Engine               - Running on OS: Windows 10 version 10.0
11:05:03.383 [JavaFX Application Thread] DEBUG Engine               - Architecture: amd64
11:05:03.383 [JavaFX Application Thread] INFO  Engine               - Source code and latest versions at: https://github.com/AlmasB/FXGL
11:05:03.384 [JavaFX Application Thread] INFO  Engine               -              Join the FXGL chat at: https://gitter.im/AlmasB/FXGL
11:05:03.647 [JavaFX Application Thread] DEBUG PrimaryStageWindow   - Creating a JavaFX scene
11:05:03.735 [JavaFX Application Thread] DEBUG PrimaryStageWindow   - Target settings size: 512.0 x 592.0
11:05:03.735 [JavaFX Application Thread] DEBUG PrimaryStageWindow   - Scaled scene size:    512.0 x 592.0
11:05:03.735 [JavaFX Application Thread] DEBUG PrimaryStageWindow   - Scaled ratio: (1.0, 1.0)
11:05:03.736 [JavaFX Application Thread] DEBUG PrimaryStageWindow   - Set initial scene to FXGLStartupScene
11:05:03.741 [JavaFX Application Thread] DEBUG PrimaryStageWindow   - Opening main window
11:05:03.882 [JavaFX Application Thread] DEBUG PrimaryStageWindow   - Window border size: (16.0, 39.0)
11:05:03.882 [JavaFX Application Thread] DEBUG PrimaryStageWindow   - Scaled size: 512.0 x 592.0
11:05:03.882 [JavaFX Application Thread] DEBUG PrimaryStageWindow   - Scaled ratio: (1.0, 1.0)
11:05:03.882 [JavaFX Application Thread] DEBUG PrimaryStageWindow   - Scene size: 512.0 x 592.0
11:05:03.883 [JavaFX Application Thread] DEBUG PrimaryStageWindow   - Stage size: 528.0 x 631.0
11:05:03.894 [FXGL Background Thread 1 ] DEBUG Engine               - Initializing environment variables
11:05:04.005 [FXGL Background Thread 1 ] DEBUG FXGLAssetLoaderServi - User app class for loading assets: class softwaredesign.Main
11:05:04.005 [FXGL Background Thread 1 ] DEBUG GameApplicationServi - Applying CSS: fxgl_dark.css
11:05:04.006 [FXGL Background Thread 1 ] DEBUG FXGLAssetLoaderServi - Loading from file system: jar:file:/C:/Users/lotca/.gradle/caches/modules-2/files-2.1/com.github.almasb/fxgl/11.17/206906ee5d1b948952e85fe43e36ee9a9a6dea00/fxgl-11.17.jar!/fxglassets/ui/css/fxgl_dark.css
11:05:04.068 [FXGL Background Thread 1 ] DEBUG GameApplicationServi - Initializing application scenes
11:05:04.139 [FXGL Background Thread 1 ] DEBUG GameWorld            - Game world initialized
11:05:04.256 [FXGL Background Thread 1 ] DEBUG PhysicsWorld         - Physics world initialized: appHeight=592, physics.ppm=50.0
11:05:04.256 [FXGL Background Thread 1 ] DEBUG PhysicsWorld         - Using strategy: BRUTE_FORCE
11:05:04.260 [FXGL Background Thread 1 ] DEBUG GameScene            - Game scene initialized: 512x592
11:05:04.284 [FXGL Background Thread 1 ] WARN  FXGL.DefaultMenu     - FXGLDefaultMenu is not designed for resolutions < 800x600
11:05:04.285 [FXGL Background Thread 1 ] DEBUG FXGL.DefaultMenu     - createMenuBodyGameMenu()
11:05:04.316 [FXGL Background Thread 1 ] DEBUG FXGL.DefaultMenu     - createOptionsMenu()
11:05:04.332 [FXGL Background Thread 1 ] DEBUG FXGLAssetLoaderServi - Loading from file system: jar:file:/C:/Users/lotca/.gradle/caches/modules-2/files-2.1/com.github.almasb/fxgl/11.17/206906ee5d1b948952e85fe43e36ee9a9a6dea00/fxgl-11.17.jar!/fxglassets/textures/particles/smoke.png
11:05:04.493 [FXGL Background Thread 1 ] DEBUG FXGLAssetLoaderServi - Loading from file system: jar:file:/C:/Users/lotca/.gradle/caches/modules-2/files-2.1/com.github.almasb/fxgl/11.17/206906ee5d1b948952e85fe43e36ee9a9a6dea00/fxgl-11.17.jar!/fxglassets/textures/particles/trace_horizontal.png
11:05:04.555 [FXGL Background Thread 1 ] DEBUG GameApplicationServi - Application scenes initialized
11:05:04.576 [FXGL Background Thread 1 ] DEBUG SystemBundleService  - Loading FXGL system data
11:05:04.584 [FXGL Background Thread 1 ] DEBUG FileSystemAccess     - Reading from: C:\Users\lotca\Desktop\software-design-vu\system\fxgl.bundle
11:05:04.596 [FXGL Background Thread 1 ] DEBUG SystemBundleService  - Bundle FXGL: {}
11:05:04.596 [FXGL Background Thread 1 ] DEBUG UpdaterService       - Checking for updates
11:05:04.606 [FXGL Background Thread 4 ] DEBUG FXGLApplication      - Loading fonts
11:05:04.608 [FXGL Background Thread 4 ] DEBUG FXGLAssetLoaderServi - Loading from file system: jar:file:/C:/Users/lotca/.gradle/caches/modules-2/files-2.1/com.github.almasb/fxgl/11.17/206906ee5d1b948952e85fe43e36ee9a9a6dea00/fxgl-11.17.jar!/fxglassets/ui/fonts/VarelaRound-Regular.ttf
11:05:04.608 [FXGL Background Thread 1 ] DEBUG FXGLApplication      - Loading default localization
11:05:04.611 [FXGL Background Thread 1 ] DEBUG FXGLAssetLoaderServi - Loading from file system: jar:file:/C:/Users/lotca/.gradle/caches/modules-2/files-2.1/com.github.almasb/fxgl/11.17/206906ee5d1b948952e85fe43e36ee9a9a6dea00/fxgl-11.17.jar!/fxglassets/languages/english.lang
11:05:04.654 [FXGL Background Thread 1 ] INFO  FXGLApplication      - FXGL initialization took: 0.760 sec
11:05:04.656 [JavaFX Application Thread] DEBUG FXGLAssetLoaderServi - Loading from file system: jar:file:/C:/Users/lotca/.gradle/caches/modules-2/files-2.1/com.github.almasb/fxgl/11.17/206906ee5d1b948952e85fe43e36ee9a9a6dea00/fxgl-11.17.jar!/fxglassets/textures/fxgl_icon.png
11:05:04.709 [JavaFX Application Thread] DEBUG FXGLAssetLoaderServi - Loading from file system: jar:file:/C:/Users/lotca/.gradle/caches/modules-2/files-2.1/com.github.almasb/fxgl/11.17/206906ee5d1b948952e85fe43e36ee9a9a6dea00/fxgl-11.17.jar!/fxglassets/textures/fxgl_default_cursor.png
11:05:04.736 [JavaFX Application Thread] DEBUG Input                - Registered new binding: Screenshot - CTRL+8
11:05:04.737 [JavaFX Application Thread] DEBUG Input                - Registered new binding: System info dump - CTRL+9
11:05:04.738 [JavaFX Application Thread] DEBUG Input                - Registered new binding: Restart - CTRL+R
11:05:04.740 [JavaFX Application Thread] DEBUG Input                - Registered new binding: Toggle Debug Camera - CTRL+C
11:05:04.745 [JavaFX Application Thread] DEBUG LoopRunner           - Starting loop
11:05:04.746 [JavaFX Application Thread] DEBUG LoopRunner           - Initializing JavaFX AnimationTimerLoop
11:05:04.751 [JavaFX Application Thread] DEBUG GameApplicationServi - Starting new game
11:05:04.752 [JavaFX Application Thread] DEBUG Input                - Clearing active input actions
11:05:04.771 [JavaFX Application Thread] DEBUG GameApplicationServi - Removing overlay from FXGLStartupScene and adding to FXGLLoadingScene
11:05:04.771 [JavaFX Application Thread] DEBUG PrimaryStageWindow   - FXGLStartupScene -> FXGLLoadingScene
11:05:04.771 [JavaFX Application Thread] DEBUG GameApplicationServi - Clearing previous game
11:05:04.771 [JavaFX Application Thread] DEBUG GameScene            - Clearing game scene
11:05:04.771 [JavaFX Application Thread] DEBUG GameWorld            - Clearing game world
11:05:04.771 [JavaFX Application Thread] DEBUG PhysicsWorld         - Clearing physics world
11:05:04.772 [FXGL Background Thread 1 ] DEBUG FXGLApplication      - Initializing game
11:05:04.785 [FXGL Background Thread 1 ] DEBUG FXGLAssetLoaderServi - Loading from file system: file:/C:/Users/lotca/Desktop/software-design-vu/build/resources/main/assets/textures/kipIdle.png
11:05:04.813 [FXGL Background Thread 1 ] INFO  FXGLApplication      - Game initialization took: 0.040 sec
11:05:04.853 [JavaFX Application Thread] DEBUG Input                - Clearing active input actions
11:05:04.883 [JavaFX Application Thread] DEBUG GameApplicationServi - Removing overlay from FXGLLoadingScene and adding to GameScene
11:05:04.884 [JavaFX Application Thread] DEBUG PrimaryStageWindow   - FXGLLoadingScene -> GameScene
11:05:05.283 [FXGL Background Thread 4 ] DEBUG FXGLAssetLoaderServi - Loading from file system: jar:file:/C:/Users/lotca/.gradle/caches/modules-2/files-2.1/com.github.almasb/fxgl/11.17/206906ee5d1b948952e85fe43e36ee9a9a6dea00/fxgl-11.17.jar!/fxglassets/ui/fonts/Abel-Regular.ttf
11:05:05.295 [FXGL Background Thread 4 ] DEBUG FXGLAssetLoaderServi - Loading from file system: jar:file:/C:/Users/lotca/.gradle/caches/modules-2/files-2.1/com.github.almasb/fxgl/11.17/206906ee5d1b948952e85fe43e36ee9a9a6dea00/fxgl-11.17.jar!/fxglassets/ui/fonts/lucida_console.ttf
11:05:05.312 [FXGL Background Thread 4 ] DEBUG FXGLAssetLoaderServi - Loading from file system: jar:file:/C:/Users/lotca/.gradle/caches/modules-2/files-2.1/com.github.almasb/fxgl/11.17/206906ee5d1b948952e85fe43e36ee9a9a6dea00/fxgl-11.17.jar!/fxglassets/ui/fonts/Courier-Prime.ttf
11:05:05.341 [JavaFX Application Thread] DEBUG FXGLApplication      - Registering font factories with UI factory
11:05:07.603 [FXGL Background Thread 3 ] DEBUG Engine               - Logging environment variables
11:05:07.606 [FXGL Background Thread 3 ] DEBUG Engine               - achievements: []
11:05:07.607 [FXGL Background Thread 3 ] DEBUG Engine               - actualHeight: 592.0
11:05:07.607 [FXGL Background Thread 3 ] DEBUG Engine               - actualHeightProperty: ReadOnlyDoubleProperty [value: 592.0]
11:05:07.607 [FXGL Background Thread 3 ] DEBUG Engine               - actualWidth: 512.0
11:05:07.608 [FXGL Background Thread 3 ] DEBUG Engine               - actualWidthProperty: ReadOnlyDoubleProperty [value: 512.0]
11:05:07.608 [FXGL Background Thread 3 ] DEBUG Engine               - appIcon: fxgl_icon.png
11:05:07.608 [FXGL Background Thread 3 ] DEBUG Engine               - applicationMode: DEVELOPER
11:05:07.608 [FXGL Background Thread 3 ] DEBUG Engine               - cSSList: [fxgl_dark.css]
11:05:07.609 [FXGL Background Thread 3 ] DEBUG Engine               - collisionDetectionStrategy: BRUTE_FORCE
11:05:07.609 [FXGL Background Thread 3 ] DEBUG Engine               - configClass: Optional.empty
11:05:07.609 [FXGL Background Thread 3 ] DEBUG Engine               - credits: []
11:05:07.610 [FXGL Background Thread 3 ] DEBUG Engine               - defaultCursor: CursorInfo(imageName=fxgl_default_cursor.png, hotspotX=7.0, hotspotY=6.0)
11:05:07.610 [FXGL Background Thread 3 ] DEBUG Engine               - devBBoxColorProperty: ObjectProperty [value: 0xff0000ff]
11:05:07.610 [FXGL Background Thread 3 ] DEBUG Engine               - devEnableDebugCameraProperty: BooleanProperty [value: false]
11:05:07.611 [FXGL Background Thread 3 ] DEBUG Engine               - devSensorColorProperty: ObjectProperty [value: 0xffff00ff]
11:05:07.611 [FXGL Background Thread 3 ] DEBUG Engine               - devShowBBoxProperty: BooleanProperty [value: false]
11:05:07.611 [FXGL Background Thread 3 ] DEBUG Engine               - devShowPositionProperty: BooleanProperty [value: false]
11:05:07.612 [FXGL Background Thread 3 ] DEBUG Engine               - enabledMenuItems: []
11:05:07.612 [FXGL Background Thread 3 ] DEBUG Engine               - engineServices: [class com.almasb.fxgl.app.services.FXGLAssetLoaderService, class com.almasb.fxgl.app.FXGLApplication$GameApplicationService, class com.almasb.fxgl.app.services.FXGLDialogService, class com.almasb.fxgl.app.services.IOTaskExecutorService, class com.almasb.fxgl.io.FileSystemService, class com.almasb.fxgl.localization.LocalizationService, class com.almasb.fxgl.app.services.SystemBundleService, class com.almasb.fxgl.profile.SaveLoadService, class com.almasb.fxgl.ui.FXGLUIFactoryServiceProvider, class com.almasb.fxgl.ui.FXGLDialogFactoryServiceProvider, class com.almasb.fxgl.audio.AudioPlayer, class com.almasb.fxgl.notification.impl.NotificationServiceProvider, class com.almasb.fxgl.achievement.AchievementService, class com.almasb.fxgl.cutscene.CutsceneService, class com.almasb.fxgl.minigames.MiniGameService, class com.almasb.fxgl.net.NetService, class com.almasb.fxgl.app.services.UpdaterService, class com.almasb.fxgl.dev.DevService]
11:05:07.612 [FXGL Background Thread 3 ] DEBUG Engine               - fontGame: Abel-Regular.ttf
11:05:07.612 [FXGL Background Thread 3 ] DEBUG Engine               - fontMono: lucida_console.ttf
11:05:07.613 [FXGL Background Thread 3 ] DEBUG Engine               - fontText: Courier-Prime.ttf
11:05:07.613 [FXGL Background Thread 3 ] DEBUG Engine               - fontUI: VarelaRound-Regular.ttf
11:05:07.613 [FXGL Background Thread 3 ] DEBUG Engine               - fullScreen: BooleanProperty [value: false]
11:05:07.613 [FXGL Background Thread 3 ] DEBUG Engine               - gameDifficulty: MEDIUM
11:05:07.614 [FXGL Background Thread 3 ] DEBUG Engine               - gameDifficultyProperty: ObjectProperty [value: MEDIUM]
11:05:07.614 [FXGL Background Thread 3 ] DEBUG Engine               - globalMusicVolume: 0.5
11:05:07.615 [FXGL Background Thread 3 ] DEBUG Engine               - globalMusicVolumeProperty: DoubleProperty [value: 0.5]
11:05:07.615 [FXGL Background Thread 3 ] DEBUG Engine               - globalSoundVolume: 0.5
11:05:07.615 [FXGL Background Thread 3 ] DEBUG Engine               - globalSoundVolumeProperty: DoubleProperty [value: 0.5]
11:05:07.616 [FXGL Background Thread 3 ] DEBUG Engine               - height: 592
11:05:07.616 [FXGL Background Thread 3 ] DEBUG Engine               - is3D: false
11:05:07.616 [FXGL Background Thread 3 ] DEBUG Engine               - isAndroid: false
11:05:07.617 [FXGL Background Thread 3 ] DEBUG Engine               - isBrowser: false
11:05:07.617 [FXGL Background Thread 3 ] DEBUG Engine               - isClickFeedbackEnabled: false
11:05:07.617 [FXGL Background Thread 3 ] DEBUG Engine               - isCloseConfirmation: false
11:05:07.617 [FXGL Background Thread 3 ] DEBUG Engine               - isDesktop: true
11:05:07.617 [FXGL Background Thread 3 ] DEBUG Engine               - isDeveloperMenuEnabled: false
11:05:07.618 [FXGL Background Thread 3 ] DEBUG Engine               - isEntityPreloadEnabled: true
11:05:07.618 [FXGL Background Thread 3 ] DEBUG Engine               - isExperimentalTiledLargeMap: false
11:05:07.618 [FXGL Background Thread 3 ] DEBUG Engine               - isFileSystemWriteAllowed: true
11:05:07.618 [FXGL Background Thread 3 ] DEBUG Engine               - isFullScreenAllowed: false
11:05:07.619 [FXGL Background Thread 3 ] DEBUG Engine               - isFullScreenFromStart: false
11:05:07.619 [FXGL Background Thread 3 ] DEBUG Engine               - isGameMenuEnabled: true
11:05:07.619 [FXGL Background Thread 3 ] DEBUG Engine               - isIOS: false
11:05:07.619 [FXGL Background Thread 3 ] DEBUG Engine               - isIntroEnabled: false
11:05:07.620 [FXGL Background Thread 3 ] DEBUG Engine               - isLinux: false
11:05:07.620 [FXGL Background Thread 3 ] DEBUG Engine               - isMac: false
11:05:07.620 [FXGL Background Thread 3 ] DEBUG Engine               - isMainMenuEnabled: false
11:05:07.620 [FXGL Background Thread 3 ] DEBUG Engine               - isManualResizeEnabled: false
11:05:07.621 [FXGL Background Thread 3 ] DEBUG Engine               - isMobile: false
11:05:07.621 [FXGL Background Thread 3 ] DEBUG Engine               - isNative: false
11:05:07.621 [FXGL Background Thread 3 ] DEBUG Engine               - isPauseMusicWhenMinimized: true
11:05:07.622 [FXGL Background Thread 3 ] DEBUG Engine               - isPreserveResizeRatio: false
11:05:07.622 [FXGL Background Thread 3 ] DEBUG Engine               - isProfilingEnabled: false
11:05:07.622 [FXGL Background Thread 3 ] DEBUG Engine               - isScaleAffectedOnResize: true
11:05:07.623 [FXGL Background Thread 3 ] DEBUG Engine               - isSingleStep: false
11:05:07.623 [FXGL Background Thread 3 ] DEBUG Engine               - isUserProfileEnabled: false
11:05:07.623 [FXGL Background Thread 3 ] DEBUG Engine               - isWindows: true
11:05:07.623 [FXGL Background Thread 3 ] DEBUG Engine               - language: ObjectProperty [value: ENGLISH]
11:05:07.624 [FXGL Background Thread 3 ] DEBUG Engine               - menuKey: ESCAPE
11:05:07.624 [FXGL Background Thread 3 ] DEBUG Engine               - mouseSensitivity: 0.2
11:05:07.624 [FXGL Background Thread 3 ] DEBUG Engine               - notificationViewClass: class com.almasb.fxgl.notification.view.XboxNotificationView
11:05:07.624 [FXGL Background Thread 3 ] DEBUG Engine               - pixelsPerMeter: 50.0
11:05:07.625 [FXGL Background Thread 3 ] DEBUG Engine               - platform: WINDOWS
11:05:07.625 [FXGL Background Thread 3 ] DEBUG Engine               - prefHeightProperty: ReadOnlyDoubleProperty [value: 592.0]
11:05:07.625 [FXGL Background Thread 3 ] DEBUG Engine               - prefWidthProperty: ReadOnlyDoubleProperty [value: 512.0]
11:05:07.625 [FXGL Background Thread 3 ] DEBUG Engine               - profileDir: profiles/
11:05:07.626 [FXGL Background Thread 3 ] DEBUG Engine               - profileName: StringProperty [value: DEFAULT]
11:05:07.626 [FXGL Background Thread 3 ] DEBUG Engine               - randomSeed: -1
11:05:07.626 [FXGL Background Thread 3 ] DEBUG Engine               - runtimeInfo: RuntimeInfo(platform=WINDOWS, version=11.17, build=16.07.2021 15.46)
11:05:07.627 [FXGL Background Thread 3 ] DEBUG Engine               - saveFileExt: sav
11:05:07.627 [FXGL Background Thread 3 ] DEBUG Engine               - scaledHeightProp$fxgl: DoubleProperty [bound, value: 592.0]
11:05:07.627 [FXGL Background Thread 3 ] DEBUG Engine               - scaledWidthProp$fxgl: DoubleProperty [bound, value: 512.0]
11:05:07.627 [FXGL Background Thread 3 ] DEBUG Engine               - sceneFactory: com.almasb.fxgl.app.scene.SceneFactory@79c89ecc
11:05:07.628 [FXGL Background Thread 3 ] DEBUG Engine               - secondsIn24h: 60
11:05:07.628 [FXGL Background Thread 3 ] DEBUG Engine               - soundMenuBack: menu/back.wav
11:05:07.628 [FXGL Background Thread 3 ] DEBUG Engine               - soundMenuPress: menu/press.wav
11:05:07.628 [FXGL Background Thread 3 ] DEBUG Engine               - soundMenuSelect: menu/select.wav
11:05:07.628 [FXGL Background Thread 3 ] DEBUG Engine               - soundNotification: core/notification.wav
11:05:07.629 [FXGL Background Thread 3 ] DEBUG Engine               - stageStyle: DECORATED
11:05:07.629 [FXGL Background Thread 3 ] DEBUG Engine               - supportedLanguages: [ENGLISH, FRENCH, GERMAN, HUNGARIAN, RUSSIAN]
11:05:07.629 [FXGL Background Thread 3 ] DEBUG Engine               - ticksPerSecond: -1
11:05:07.629 [FXGL Background Thread 3 ] DEBUG Engine               - title: Office Pets
11:05:07.630 [FXGL Background Thread 3 ] DEBUG Engine               - urlGithub: https://github.com/AlmasB/FXGL
11:05:07.630 [FXGL Background Thread 3 ] DEBUG Engine               - urlLeaderboard: http://fxgl-top.herokuapp.com/
11:05:07.630 [FXGL Background Thread 3 ] DEBUG Engine               - urlPOM: https://raw.githubusercontent.com/AlmasB/FXGL/release/README.md
11:05:07.630 [FXGL Background Thread 3 ] DEBUG Engine               - userAppClass: class softwaredesign.Main
11:05:07.630 [FXGL Background Thread 3 ] DEBUG Engine               - version: 0.0
11:05:07.631 [FXGL Background Thread 3 ] DEBUG Engine               - versionCheckDays: 7
11:05:07.631 [FXGL Background Thread 3 ] DEBUG Engine               - width: 512
11:05:07.631 [FXGL Background Thread 3 ] DEBUG Engine               - Logging services
11:05:07.631 [FXGL Background Thread 3 ] DEBUG Engine               - class com.almasb.fxgl.app.services.FXGLAssetLoaderService
11:05:07.632 [FXGL Background Thread 3 ] DEBUG Engine               - class com.almasb.fxgl.app.FXGLApplication$GameApplicationService
11:05:07.632 [FXGL Background Thread 3 ] DEBUG Engine               - class com.almasb.fxgl.app.services.FXGLDialogService
11:05:07.632 [FXGL Background Thread 3 ] DEBUG Engine               - class com.almasb.fxgl.app.services.IOTaskExecutorService
11:05:07.632 [FXGL Background Thread 3 ] DEBUG Engine               - class com.almasb.fxgl.io.FileSystemService
11:05:07.633 [FXGL Background Thread 3 ] DEBUG Engine               - class com.almasb.fxgl.localization.LocalizationService
11:05:07.633 [FXGL Background Thread 3 ] DEBUG Engine               - class com.almasb.fxgl.app.services.SystemBundleService
11:05:07.633 [FXGL Background Thread 3 ] DEBUG Engine               - class com.almasb.fxgl.profile.SaveLoadService
11:05:07.634 [FXGL Background Thread 3 ] DEBUG Engine               - class com.almasb.fxgl.ui.FXGLUIFactoryServiceProvider
11:05:07.634 [FXGL Background Thread 3 ] DEBUG Engine               - class com.almasb.fxgl.ui.FXGLDialogFactoryServiceProvider
11:05:07.635 [FXGL Background Thread 3 ] DEBUG Engine               - class com.almasb.fxgl.audio.AudioPlayer
11:05:07.635 [FXGL Background Thread 3 ] DEBUG Engine               - class com.almasb.fxgl.notification.impl.NotificationServiceProvider
11:05:07.635 [FXGL Background Thread 3 ] DEBUG Engine               - class com.almasb.fxgl.achievement.AchievementService
11:05:07.635 [FXGL Background Thread 3 ] DEBUG Engine               - class com.almasb.fxgl.cutscene.CutsceneService
11:05:07.636 [FXGL Background Thread 3 ] DEBUG Engine               - class com.almasb.fxgl.minigames.MiniGameService
11:05:07.636 [FXGL Background Thread 3 ] DEBUG Engine               - class com.almasb.fxgl.net.NetService
11:05:07.636 [FXGL Background Thread 3 ] DEBUG Engine               - class com.almasb.fxgl.app.services.UpdaterService
11:05:07.636 [FXGL Background Thread 3 ] DEBUG Engine               - class com.almasb.fxgl.dev.DevService
11:05:07.961 [FXGL Background Thread 2 ] INFO  UpdaterService       - Your current version:  11.17
11:05:07.965 [FXGL Background Thread 2 ] INFO  UpdaterService       - Latest stable version: 17.2
11:05:16.492 [JavaFX Application Thread] DEBUG FXGLApplication      - Exiting FXGL
11:05:16.492 [JavaFX Application Thread] DEBUG LoopRunner           - Stopping loop
11:05:16.493 [JavaFX Application Thread] DEBUG SystemBundleService  - Saving FXGL system data
11:05:16.498 [JavaFX Application Thread] DEBUG FileSystemAccess     - Writing to: C:\Users\lotca\Desktop\software-design-vu\system\fxgl.bundle
11:05:16.503 [JavaFX Application Thread] DEBUG Async                - Shutting down background threads
11:05:16.504 [JavaFX Application Thread] DEBUG PrimaryStageWindow   - Closing main window
11:05:16.577 [JavaFX Application Thread] DEBUG Logger               - Closing Logger
