12:47:47.924 [main                     ] DEBUG Logger               - Configured Logger
12:47:47.940 [main                     ] DEBUG GameApplication      - Logging settings
Title: Untitled
Version: 0.0
Width: 128
Height: 148
Fullscreen: false
Intro: false
Profiling: false
Single step:false
App Mode: DEVELOPER
Menu Key: ESCAPE
Stage Style: DECORATED
Scene Factory: class com.almasb.fxgl.app.scene.SceneFactory

12:47:48.589 [JavaFX Application Thread] DEBUG FXGLApplication      - Initializing FXGL
12:47:48.593 [JavaFX Application Thread] INFO  Engine               - FXGL-11.17 (16.07.2021 15.46) on WINDOWS (J:11.0.18 FX:19)
12:47:48.593 [JavaFX Application Thread] DEBUG Engine               - JRE Vendor Name: Eclipse Adoptium
12:47:48.593 [JavaFX Application Thread] DEBUG Engine               - Running on OS: Windows 10 version 10.0
12:47:48.593 [JavaFX Application Thread] DEBUG Engine               - Architecture: amd64
12:47:48.594 [JavaFX Application Thread] INFO  Engine               - Source code and latest versions at: https://github.com/AlmasB/FXGL
12:47:48.594 [JavaFX Application Thread] INFO  Engine               -              Join the FXGL chat at: https://gitter.im/AlmasB/FXGL
12:47:48.733 [JavaFX Application Thread] DEBUG PrimaryStageWindow   - Creating a JavaFX scene
12:47:48.793 [JavaFX Application Thread] DEBUG PrimaryStageWindow   - Target settings size: 128.0 x 148.0
12:47:48.793 [JavaFX Application Thread] DEBUG PrimaryStageWindow   - Scaled scene size:    128.0 x 148.0
12:47:48.793 [JavaFX Application Thread] DEBUG PrimaryStageWindow   - Scaled ratio: (1.0, 1.0)
12:47:48.794 [JavaFX Application Thread] DEBUG PrimaryStageWindow   - Set initial scene to FXGLStartupScene
12:47:48.799 [JavaFX Application Thread] DEBUG PrimaryStageWindow   - Opening main window
12:47:48.899 [JavaFX Application Thread] DEBUG PrimaryStageWindow   - Window border size: (16.0, 39.0)
12:47:48.899 [JavaFX Application Thread] DEBUG PrimaryStageWindow   - Scaled size: 128.0 x 148.0
12:47:48.900 [JavaFX Application Thread] DEBUG PrimaryStageWindow   - Scaled ratio: (1.0, 1.0)
12:47:48.900 [JavaFX Application Thread] DEBUG PrimaryStageWindow   - Scene size: 128.0 x 148.0
12:47:48.900 [JavaFX Application Thread] DEBUG PrimaryStageWindow   - Stage size: 144.0 x 187.0
12:47:48.910 [FXGL Background Thread 1 ] DEBUG Engine               - Initializing environment variables
12:47:48.995 [FXGL Background Thread 1 ] DEBUG FXGLAssetLoaderServi - User app class for loading assets: class softwaredesign.Main
12:47:48.995 [FXGL Background Thread 1 ] DEBUG GameApplicationServi - Applying CSS: fxgl_dark.css
12:47:48.996 [FXGL Background Thread 1 ] DEBUG FXGLAssetLoaderServi - Loading from file system: jar:file:/C:/Users/lotca/.gradle/caches/modules-2/files-2.1/com.github.almasb/fxgl/11.17/206906ee5d1b948952e85fe43e36ee9a9a6dea00/fxgl-11.17.jar!/fxglassets/ui/css/fxgl_dark.css
12:47:49.041 [FXGL Background Thread 1 ] DEBUG GameApplicationServi - Initializing application scenes
12:47:49.092 [FXGL Background Thread 1 ] DEBUG GameWorld            - Game world initialized
12:47:49.167 [FXGL Background Thread 1 ] DEBUG PhysicsWorld         - Physics world initialized: appHeight=148, physics.ppm=50.0
12:47:49.168 [FXGL Background Thread 1 ] DEBUG PhysicsWorld         - Using strategy: BRUTE_FORCE
12:47:49.170 [FXGL Background Thread 1 ] DEBUG GameScene            - Game scene initialized: 128x148
12:47:49.184 [FXGL Background Thread 1 ] WARN  FXGL.DefaultMenu     - FXGLDefaultMenu is not designed for resolutions < 800x600
12:47:49.184 [FXGL Background Thread 1 ] DEBUG FXGL.DefaultMenu     - createMenuBodyGameMenu()
12:47:49.215 [FXGL Background Thread 1 ] DEBUG FXGL.DefaultMenu     - createOptionsMenu()
12:47:49.229 [FXGL Background Thread 1 ] DEBUG FXGLAssetLoaderServi - Loading from file system: jar:file:/C:/Users/lotca/.gradle/caches/modules-2/files-2.1/com.github.almasb/fxgl/11.17/206906ee5d1b948952e85fe43e36ee9a9a6dea00/fxgl-11.17.jar!/fxglassets/textures/particles/smoke.png
12:47:49.318 [FXGL Background Thread 1 ] DEBUG FXGLAssetLoaderServi - Loading from file system: jar:file:/C:/Users/lotca/.gradle/caches/modules-2/files-2.1/com.github.almasb/fxgl/11.17/206906ee5d1b948952e85fe43e36ee9a9a6dea00/fxgl-11.17.jar!/fxglassets/textures/particles/trace_horizontal.png
12:47:49.342 [FXGL Background Thread 1 ] DEBUG GameApplicationServi - Application scenes initialized
12:47:49.352 [FXGL Background Thread 1 ] DEBUG SystemBundleService  - Loading FXGL system data
12:47:49.355 [FXGL Background Thread 1 ] DEBUG FileSystemAccess     - Reading from: C:\Users\lotca\Desktop\software-design-vu\system\fxgl.bundle
12:47:49.359 [FXGL Background Thread 1 ] DEBUG SystemBundleService  - Bundle FXGL: {}
12:47:49.359 [FXGL Background Thread 1 ] DEBUG UpdaterService       - Checking for updates
12:47:49.363 [FXGL Background Thread 4 ] DEBUG FXGLApplication      - Loading fonts
12:47:49.363 [FXGL Background Thread 4 ] DEBUG FXGLAssetLoaderServi - Loading from file system: jar:file:/C:/Users/lotca/.gradle/caches/modules-2/files-2.1/com.github.almasb/fxgl/11.17/206906ee5d1b948952e85fe43e36ee9a9a6dea00/fxgl-11.17.jar!/fxglassets/ui/fonts/VarelaRound-Regular.ttf
12:47:49.364 [FXGL Background Thread 1 ] DEBUG FXGLApplication      - Loading default localization
12:47:49.365 [FXGL Background Thread 1 ] DEBUG FXGLAssetLoaderServi - Loading from file system: jar:file:/C:/Users/lotca/.gradle/caches/modules-2/files-2.1/com.github.almasb/fxgl/11.17/206906ee5d1b948952e85fe43e36ee9a9a6dea00/fxgl-11.17.jar!/fxglassets/languages/english.lang
12:47:49.385 [FXGL Background Thread 1 ] INFO  FXGLApplication      - FXGL initialization took: 0.474 sec
12:47:49.387 [JavaFX Application Thread] DEBUG FXGLAssetLoaderServi - Loading from file system: jar:file:/C:/Users/lotca/.gradle/caches/modules-2/files-2.1/com.github.almasb/fxgl/11.17/206906ee5d1b948952e85fe43e36ee9a9a6dea00/fxgl-11.17.jar!/fxglassets/textures/fxgl_icon.png
12:47:49.407 [JavaFX Application Thread] DEBUG FXGLAssetLoaderServi - Loading from file system: jar:file:/C:/Users/lotca/.gradle/caches/modules-2/files-2.1/com.github.almasb/fxgl/11.17/206906ee5d1b948952e85fe43e36ee9a9a6dea00/fxgl-11.17.jar!/fxglassets/textures/fxgl_default_cursor.png
12:47:49.424 [JavaFX Application Thread] DEBUG Input                - Registered new binding: Screenshot - CTRL+8
12:47:49.424 [JavaFX Application Thread] DEBUG Input                - Registered new binding: System info dump - CTRL+9
12:47:49.425 [JavaFX Application Thread] DEBUG Input                - Registered new binding: Restart - CTRL+R
12:47:49.426 [JavaFX Application Thread] DEBUG Input                - Registered new binding: Toggle Debug Camera - CTRL+C
12:47:49.431 [JavaFX Application Thread] DEBUG LoopRunner           - Starting loop
12:47:49.431 [JavaFX Application Thread] DEBUG LoopRunner           - Initializing JavaFX AnimationTimerLoop
12:47:49.434 [JavaFX Application Thread] DEBUG GameApplicationServi - Starting new game
12:47:49.435 [JavaFX Application Thread] DEBUG Input                - Clearing active input actions
12:47:49.447 [JavaFX Application Thread] DEBUG GameApplicationServi - Removing overlay from FXGLStartupScene and adding to FXGLLoadingScene
12:47:49.447 [JavaFX Application Thread] DEBUG PrimaryStageWindow   - FXGLStartupScene -> FXGLLoadingScene
12:47:49.447 [JavaFX Application Thread] DEBUG GameApplicationServi - Clearing previous game
12:47:49.447 [JavaFX Application Thread] DEBUG GameScene            - Clearing game scene
12:47:49.448 [JavaFX Application Thread] DEBUG GameWorld            - Clearing game world
12:47:49.448 [JavaFX Application Thread] DEBUG PhysicsWorld         - Clearing physics world
12:47:49.449 [FXGL Background Thread 1 ] DEBUG FXGLApplication      - Initializing game
12:47:49.456 [FXGL Background Thread 1 ] DEBUG FXGLAssetLoaderServi - Loading from file system: file:/C:/Users/lotca/Desktop/software-design-vu/build/resources/main/assets/textures/kipIdle.png
12:47:49.476 [FXGL Background Thread 1 ] INFO  FXGLApplication      - Game initialization took: 0.027 sec
12:47:49.525 [JavaFX Application Thread] DEBUG Input                - Clearing active input actions
12:47:49.531 [JavaFX Application Thread] DEBUG GameApplicationServi - Removing overlay from FXGLLoadingScene and adding to GameScene
12:47:49.531 [JavaFX Application Thread] DEBUG PrimaryStageWindow   - FXGLLoadingScene -> GameScene
12:47:49.743 [FXGL Background Thread 4 ] DEBUG FXGLAssetLoaderServi - Loading from file system: jar:file:/C:/Users/lotca/.gradle/caches/modules-2/files-2.1/com.github.almasb/fxgl/11.17/206906ee5d1b948952e85fe43e36ee9a9a6dea00/fxgl-11.17.jar!/fxglassets/ui/fonts/Abel-Regular.ttf
12:47:49.746 [FXGL Background Thread 4 ] DEBUG FXGLAssetLoaderServi - Loading from file system: jar:file:/C:/Users/lotca/.gradle/caches/modules-2/files-2.1/com.github.almasb/fxgl/11.17/206906ee5d1b948952e85fe43e36ee9a9a6dea00/fxgl-11.17.jar!/fxglassets/ui/fonts/lucida_console.ttf
12:47:49.750 [FXGL Background Thread 4 ] DEBUG FXGLAssetLoaderServi - Loading from file system: jar:file:/C:/Users/lotca/.gradle/caches/modules-2/files-2.1/com.github.almasb/fxgl/11.17/206906ee5d1b948952e85fe43e36ee9a9a6dea00/fxgl-11.17.jar!/fxglassets/ui/fonts/Courier-Prime.ttf
12:47:49.756 [JavaFX Application Thread] DEBUG FXGLApplication      - Registering font factories with UI factory
12:47:49.955 [FXGL Background Thread 2 ] INFO  UpdaterService       - Your current version:  11.17
12:47:49.955 [FXGL Background Thread 2 ] INFO  UpdaterService       - Latest stable version: 17.2
12:47:52.363 [FXGL Background Thread 3 ] DEBUG Engine               - Logging environment variables
12:47:52.364 [FXGL Background Thread 3 ] DEBUG Engine               - achievements: []
12:47:52.364 [FXGL Background Thread 3 ] DEBUG Engine               - actualHeight: 148.0
12:47:52.364 [FXGL Background Thread 3 ] DEBUG Engine               - actualHeightProperty: ReadOnlyDoubleProperty [value: 148.0]
12:47:52.364 [FXGL Background Thread 3 ] DEBUG Engine               - actualWidth: 128.0
12:47:52.364 [FXGL Background Thread 3 ] DEBUG Engine               - actualWidthProperty: ReadOnlyDoubleProperty [value: 128.0]
12:47:52.364 [FXGL Background Thread 3 ] DEBUG Engine               - appIcon: fxgl_icon.png
12:47:52.364 [FXGL Background Thread 3 ] DEBUG Engine               - applicationMode: DEVELOPER
12:47:52.364 [FXGL Background Thread 3 ] DEBUG Engine               - cSSList: [fxgl_dark.css]
12:47:52.364 [FXGL Background Thread 3 ] DEBUG Engine               - collisionDetectionStrategy: BRUTE_FORCE
12:47:52.364 [FXGL Background Thread 3 ] DEBUG Engine               - configClass: Optional.empty
12:47:52.365 [FXGL Background Thread 3 ] DEBUG Engine               - credits: []
12:47:52.365 [FXGL Background Thread 3 ] DEBUG Engine               - defaultCursor: CursorInfo(imageName=fxgl_default_cursor.png, hotspotX=7.0, hotspotY=6.0)
12:47:52.365 [FXGL Background Thread 3 ] DEBUG Engine               - devBBoxColorProperty: ObjectProperty [value: 0xff0000ff]
12:47:52.365 [FXGL Background Thread 3 ] DEBUG Engine               - devEnableDebugCameraProperty: BooleanProperty [value: false]
12:47:52.365 [FXGL Background Thread 3 ] DEBUG Engine               - devSensorColorProperty: ObjectProperty [value: 0xffff00ff]
12:47:52.365 [FXGL Background Thread 3 ] DEBUG Engine               - devShowBBoxProperty: BooleanProperty [value: false]
12:47:52.365 [FXGL Background Thread 3 ] DEBUG Engine               - devShowPositionProperty: BooleanProperty [value: false]
12:47:52.365 [FXGL Background Thread 3 ] DEBUG Engine               - enabledMenuItems: []
12:47:52.365 [FXGL Background Thread 3 ] DEBUG Engine               - engineServices: [class com.almasb.fxgl.app.services.FXGLAssetLoaderService, class com.almasb.fxgl.app.FXGLApplication$GameApplicationService, class com.almasb.fxgl.app.services.FXGLDialogService, class com.almasb.fxgl.app.services.IOTaskExecutorService, class com.almasb.fxgl.io.FileSystemService, class com.almasb.fxgl.localization.LocalizationService, class com.almasb.fxgl.app.services.SystemBundleService, class com.almasb.fxgl.profile.SaveLoadService, class com.almasb.fxgl.ui.FXGLUIFactoryServiceProvider, class com.almasb.fxgl.ui.FXGLDialogFactoryServiceProvider, class com.almasb.fxgl.audio.AudioPlayer, class com.almasb.fxgl.notification.impl.NotificationServiceProvider, class com.almasb.fxgl.achievement.AchievementService, class com.almasb.fxgl.cutscene.CutsceneService, class com.almasb.fxgl.minigames.MiniGameService, class com.almasb.fxgl.net.NetService, class com.almasb.fxgl.app.services.UpdaterService, class com.almasb.fxgl.dev.DevService]
12:47:52.365 [FXGL Background Thread 3 ] DEBUG Engine               - fontGame: Abel-Regular.ttf
12:47:52.365 [FXGL Background Thread 3 ] DEBUG Engine               - fontMono: lucida_console.ttf
12:47:52.365 [FXGL Background Thread 3 ] DEBUG Engine               - fontText: Courier-Prime.ttf
12:47:52.365 [FXGL Background Thread 3 ] DEBUG Engine               - fontUI: VarelaRound-Regular.ttf
12:47:52.365 [FXGL Background Thread 3 ] DEBUG Engine               - fullScreen: BooleanProperty [value: false]
12:47:52.365 [FXGL Background Thread 3 ] DEBUG Engine               - gameDifficulty: MEDIUM
12:47:52.366 [FXGL Background Thread 3 ] DEBUG Engine               - gameDifficultyProperty: ObjectProperty [value: MEDIUM]
12:47:52.366 [FXGL Background Thread 3 ] DEBUG Engine               - globalMusicVolume: 0.5
12:47:52.366 [FXGL Background Thread 3 ] DEBUG Engine               - globalMusicVolumeProperty: DoubleProperty [value: 0.5]
12:47:52.366 [FXGL Background Thread 3 ] DEBUG Engine               - globalSoundVolume: 0.5
12:47:52.366 [FXGL Background Thread 3 ] DEBUG Engine               - globalSoundVolumeProperty: DoubleProperty [value: 0.5]
12:47:52.366 [FXGL Background Thread 3 ] DEBUG Engine               - height: 148
12:47:52.366 [FXGL Background Thread 3 ] DEBUG Engine               - is3D: false
12:47:52.366 [FXGL Background Thread 3 ] DEBUG Engine               - isAndroid: false
12:47:52.366 [FXGL Background Thread 3 ] DEBUG Engine               - isBrowser: false
12:47:52.366 [FXGL Background Thread 3 ] DEBUG Engine               - isClickFeedbackEnabled: false
12:47:52.366 [FXGL Background Thread 3 ] DEBUG Engine               - isCloseConfirmation: false
12:47:52.366 [FXGL Background Thread 3 ] DEBUG Engine               - isDesktop: true
12:47:52.366 [FXGL Background Thread 3 ] DEBUG Engine               - isDeveloperMenuEnabled: false
12:47:52.366 [FXGL Background Thread 3 ] DEBUG Engine               - isEntityPreloadEnabled: true
12:47:52.366 [FXGL Background Thread 3 ] DEBUG Engine               - isExperimentalTiledLargeMap: false
12:47:52.367 [FXGL Background Thread 3 ] DEBUG Engine               - isFileSystemWriteAllowed: true
12:47:52.367 [FXGL Background Thread 3 ] DEBUG Engine               - isFullScreenAllowed: false
12:47:52.367 [FXGL Background Thread 3 ] DEBUG Engine               - isFullScreenFromStart: false
12:47:52.367 [FXGL Background Thread 3 ] DEBUG Engine               - isGameMenuEnabled: true
12:47:52.367 [FXGL Background Thread 3 ] DEBUG Engine               - isIOS: false
12:47:52.367 [FXGL Background Thread 3 ] DEBUG Engine               - isIntroEnabled: false
12:47:52.367 [FXGL Background Thread 3 ] DEBUG Engine               - isLinux: false
12:47:52.367 [FXGL Background Thread 3 ] DEBUG Engine               - isMac: false
12:47:52.367 [FXGL Background Thread 3 ] DEBUG Engine               - isMainMenuEnabled: false
12:47:52.367 [FXGL Background Thread 3 ] DEBUG Engine               - isManualResizeEnabled: false
12:47:52.367 [FXGL Background Thread 3 ] DEBUG Engine               - isMobile: false
12:47:52.367 [FXGL Background Thread 3 ] DEBUG Engine               - isNative: false
12:47:52.368 [FXGL Background Thread 3 ] DEBUG Engine               - isPauseMusicWhenMinimized: true
12:47:52.368 [FXGL Background Thread 3 ] DEBUG Engine               - isPreserveResizeRatio: false
12:47:52.368 [FXGL Background Thread 3 ] DEBUG Engine               - isProfilingEnabled: false
12:47:52.368 [FXGL Background Thread 3 ] DEBUG Engine               - isScaleAffectedOnResize: true
12:47:52.368 [FXGL Background Thread 3 ] DEBUG Engine               - isSingleStep: false
12:47:52.368 [FXGL Background Thread 3 ] DEBUG Engine               - isUserProfileEnabled: false
12:47:52.368 [FXGL Background Thread 3 ] DEBUG Engine               - isWindows: true
12:47:52.368 [FXGL Background Thread 3 ] DEBUG Engine               - language: ObjectProperty [value: ENGLISH]
12:47:52.368 [FXGL Background Thread 3 ] DEBUG Engine               - menuKey: ESCAPE
12:47:52.368 [FXGL Background Thread 3 ] DEBUG Engine               - mouseSensitivity: 0.2
12:47:52.368 [FXGL Background Thread 3 ] DEBUG Engine               - notificationViewClass: class com.almasb.fxgl.notification.view.XboxNotificationView
12:47:52.368 [FXGL Background Thread 3 ] DEBUG Engine               - pixelsPerMeter: 50.0
12:47:52.368 [FXGL Background Thread 3 ] DEBUG Engine               - platform: WINDOWS
12:47:52.369 [FXGL Background Thread 3 ] DEBUG Engine               - prefHeightProperty: ReadOnlyDoubleProperty [value: 148.0]
12:47:52.369 [FXGL Background Thread 3 ] DEBUG Engine               - prefWidthProperty: ReadOnlyDoubleProperty [value: 128.0]
12:47:52.369 [FXGL Background Thread 3 ] DEBUG Engine               - profileDir: profiles/
12:47:52.369 [FXGL Background Thread 3 ] DEBUG Engine               - profileName: StringProperty [value: DEFAULT]
12:47:52.369 [FXGL Background Thread 3 ] DEBUG Engine               - randomSeed: -1
12:47:52.369 [FXGL Background Thread 3 ] DEBUG Engine               - runtimeInfo: RuntimeInfo(platform=WINDOWS, version=11.17, build=16.07.2021 15.46)
12:47:52.369 [FXGL Background Thread 3 ] DEBUG Engine               - saveFileExt: sav
12:47:52.369 [FXGL Background Thread 3 ] DEBUG Engine               - scaledHeightProp$fxgl: DoubleProperty [bound, value: 148.0]
12:47:52.369 [FXGL Background Thread 3 ] DEBUG Engine               - scaledWidthProp$fxgl: DoubleProperty [bound, value: 128.0]
12:47:52.369 [FXGL Background Thread 3 ] DEBUG Engine               - sceneFactory: com.almasb.fxgl.app.scene.SceneFactory@529cfbff
12:47:52.369 [FXGL Background Thread 3 ] DEBUG Engine               - secondsIn24h: 60
12:47:52.369 [FXGL Background Thread 3 ] DEBUG Engine               - soundMenuBack: menu/back.wav
12:47:52.369 [FXGL Background Thread 3 ] DEBUG Engine               - soundMenuPress: menu/press.wav
12:47:52.369 [FXGL Background Thread 3 ] DEBUG Engine               - soundMenuSelect: menu/select.wav
12:47:52.369 [FXGL Background Thread 3 ] DEBUG Engine               - soundNotification: core/notification.wav
12:47:52.369 [FXGL Background Thread 3 ] DEBUG Engine               - stageStyle: DECORATED
12:47:52.369 [FXGL Background Thread 3 ] DEBUG Engine               - supportedLanguages: [ENGLISH, FRENCH, GERMAN, HUNGARIAN, RUSSIAN]
12:47:52.369 [FXGL Background Thread 3 ] DEBUG Engine               - ticksPerSecond: -1
12:47:52.370 [FXGL Background Thread 3 ] DEBUG Engine               - title: Untitled
12:47:52.370 [FXGL Background Thread 3 ] DEBUG Engine               - urlGithub: https://github.com/AlmasB/FXGL
12:47:52.370 [FXGL Background Thread 3 ] DEBUG Engine               - urlLeaderboard: http://fxgl-top.herokuapp.com/
12:47:52.370 [FXGL Background Thread 3 ] DEBUG Engine               - urlPOM: https://raw.githubusercontent.com/AlmasB/FXGL/release/README.md
12:47:52.370 [FXGL Background Thread 3 ] DEBUG Engine               - userAppClass: class softwaredesign.Main
12:47:52.370 [FXGL Background Thread 3 ] DEBUG Engine               - version: 0.0
12:47:52.370 [FXGL Background Thread 3 ] DEBUG Engine               - versionCheckDays: 7
12:47:52.370 [FXGL Background Thread 3 ] DEBUG Engine               - width: 128
12:47:52.370 [FXGL Background Thread 3 ] DEBUG Engine               - Logging services
12:47:52.370 [FXGL Background Thread 3 ] DEBUG Engine               - class com.almasb.fxgl.app.services.FXGLAssetLoaderService
12:47:52.370 [FXGL Background Thread 3 ] DEBUG Engine               - class com.almasb.fxgl.app.FXGLApplication$GameApplicationService
12:47:52.370 [FXGL Background Thread 3 ] DEBUG Engine               - class com.almasb.fxgl.app.services.FXGLDialogService
12:47:52.370 [FXGL Background Thread 3 ] DEBUG Engine               - class com.almasb.fxgl.app.services.IOTaskExecutorService
12:47:52.370 [FXGL Background Thread 3 ] DEBUG Engine               - class com.almasb.fxgl.io.FileSystemService
12:47:52.370 [FXGL Background Thread 3 ] DEBUG Engine               - class com.almasb.fxgl.localization.LocalizationService
12:47:52.371 [FXGL Background Thread 3 ] DEBUG Engine               - class com.almasb.fxgl.app.services.SystemBundleService
12:47:52.371 [FXGL Background Thread 3 ] DEBUG Engine               - class com.almasb.fxgl.profile.SaveLoadService
12:47:52.371 [FXGL Background Thread 3 ] DEBUG Engine               - class com.almasb.fxgl.ui.FXGLUIFactoryServiceProvider
12:47:52.371 [FXGL Background Thread 3 ] DEBUG Engine               - class com.almasb.fxgl.ui.FXGLDialogFactoryServiceProvider
12:47:52.371 [FXGL Background Thread 3 ] DEBUG Engine               - class com.almasb.fxgl.audio.AudioPlayer
12:47:52.371 [FXGL Background Thread 3 ] DEBUG Engine               - class com.almasb.fxgl.notification.impl.NotificationServiceProvider
12:47:52.371 [FXGL Background Thread 3 ] DEBUG Engine               - class com.almasb.fxgl.achievement.AchievementService
12:47:52.371 [FXGL Background Thread 3 ] DEBUG Engine               - class com.almasb.fxgl.cutscene.CutsceneService
12:47:52.371 [FXGL Background Thread 3 ] DEBUG Engine               - class com.almasb.fxgl.minigames.MiniGameService
12:47:52.372 [FXGL Background Thread 3 ] DEBUG Engine               - class com.almasb.fxgl.net.NetService
12:47:52.372 [FXGL Background Thread 3 ] DEBUG Engine               - class com.almasb.fxgl.app.services.UpdaterService
12:47:52.372 [FXGL Background Thread 3 ] DEBUG Engine               - class com.almasb.fxgl.dev.DevService
12:48:05.846 [JavaFX Application Thread] DEBUG FXGLApplication      - Exiting FXGL
12:48:05.846 [JavaFX Application Thread] DEBUG LoopRunner           - Stopping loop
12:48:05.846 [JavaFX Application Thread] DEBUG SystemBundleService  - Saving FXGL system data
12:48:05.848 [JavaFX Application Thread] DEBUG FileSystemAccess     - Writing to: C:\Users\lotca\Desktop\software-design-vu\system\fxgl.bundle
12:48:05.849 [JavaFX Application Thread] DEBUG Async                - Shutting down background threads
12:48:05.849 [JavaFX Application Thread] DEBUG PrimaryStageWindow   - Closing main window
12:48:05.861 [JavaFX Application Thread] DEBUG Logger               - Closing Logger
