13:07:40.405 [main                     ] DEBUG Logger               - Configured Logger
13:07:40.423 [main                     ] DEBUG GameApplication      - Logging settings
Title: Office Pets
Version: 0.0
Width: 128
Height: 148
Fullscreen: false
Intro: false
Profiling: false
Single step:false
App Mode: DEVELOPER
Menu Key: ESCAPE
Stage Style: DECORATED
Scene Factory: class com.almasb.fxgl.app.scene.SceneFactory

13:07:41.074 [JavaFX Application Thread] DEBUG FXGLApplication      - Initializing FXGL
13:07:41.077 [JavaFX Application Thread] INFO  Engine               - FXGL-11.17 (16.07.2021 15.46) on WINDOWS (J:11.0.18 FX:19)
13:07:41.077 [JavaFX Application Thread] DEBUG Engine               - JRE Vendor Name: Eclipse Adoptium
13:07:41.078 [JavaFX Application Thread] DEBUG Engine               - Running on OS: Windows 10 version 10.0
13:07:41.078 [JavaFX Application Thread] DEBUG Engine               - Architecture: amd64
13:07:41.078 [JavaFX Application Thread] INFO  Engine               - Source code and latest versions at: https://github.com/AlmasB/FXGL
13:07:41.078 [JavaFX Application Thread] INFO  Engine               -              Join the FXGL chat at: https://gitter.im/AlmasB/FXGL
13:07:41.218 [JavaFX Application Thread] DEBUG PrimaryStageWindow   - Creating a JavaFX scene
13:07:41.279 [JavaFX Application Thread] DEBUG PrimaryStageWindow   - Target settings size: 128.0 x 148.0
13:07:41.279 [JavaFX Application Thread] DEBUG PrimaryStageWindow   - Scaled scene size:    128.0 x 148.0
13:07:41.279 [JavaFX Application Thread] DEBUG PrimaryStageWindow   - Scaled ratio: (1.0, 1.0)
13:07:41.280 [JavaFX Application Thread] DEBUG PrimaryStageWindow   - Set initial scene to FXGLStartupScene
13:07:41.286 [JavaFX Application Thread] DEBUG PrimaryStageWindow   - Opening main window
13:07:41.390 [JavaFX Application Thread] DEBUG PrimaryStageWindow   - Window border size: (16.0, 39.0)
13:07:41.390 [JavaFX Application Thread] DEBUG PrimaryStageWindow   - Scaled size: 128.0 x 148.0
13:07:41.390 [JavaFX Application Thread] DEBUG PrimaryStageWindow   - Scaled ratio: (1.0, 1.0)
13:07:41.390 [JavaFX Application Thread] DEBUG PrimaryStageWindow   - Scene size: 128.0 x 148.0
13:07:41.390 [JavaFX Application Thread] DEBUG PrimaryStageWindow   - Stage size: 144.0 x 187.0
13:07:41.400 [FXGL Background Thread 1 ] DEBUG Engine               - Initializing environment variables
13:07:41.481 [FXGL Background Thread 1 ] DEBUG FXGLAssetLoaderServi - User app class for loading assets: class softwaredesign.Main
13:07:41.481 [FXGL Background Thread 1 ] DEBUG GameApplicationServi - Applying CSS: fxgl_dark.css
13:07:41.482 [FXGL Background Thread 1 ] DEBUG FXGLAssetLoaderServi - Loading from file system: jar:file:/C:/Users/lotca/.gradle/caches/modules-2/files-2.1/com.github.almasb/fxgl/11.17/206906ee5d1b948952e85fe43e36ee9a9a6dea00/fxgl-11.17.jar!/fxglassets/ui/css/fxgl_dark.css
13:07:41.536 [FXGL Background Thread 1 ] DEBUG GameApplicationServi - Initializing application scenes
13:07:41.584 [FXGL Background Thread 1 ] DEBUG GameWorld            - Game world initialized
13:07:41.660 [FXGL Background Thread 1 ] DEBUG PhysicsWorld         - Physics world initialized: appHeight=148, physics.ppm=50.0
13:07:41.661 [FXGL Background Thread 1 ] DEBUG PhysicsWorld         - Using strategy: BRUTE_FORCE
13:07:41.663 [FXGL Background Thread 1 ] DEBUG GameScene            - Game scene initialized: 128x148
13:07:41.677 [FXGL Background Thread 1 ] WARN  FXGL.DefaultMenu     - FXGLDefaultMenu is not designed for resolutions < 800x600
13:07:41.678 [FXGL Background Thread 1 ] DEBUG FXGL.DefaultMenu     - createMenuBodyGameMenu()
13:07:41.699 [FXGL Background Thread 1 ] DEBUG FXGL.DefaultMenu     - createOptionsMenu()
13:07:41.710 [FXGL Background Thread 1 ] DEBUG FXGLAssetLoaderServi - Loading from file system: jar:file:/C:/Users/lotca/.gradle/caches/modules-2/files-2.1/com.github.almasb/fxgl/11.17/206906ee5d1b948952e85fe43e36ee9a9a6dea00/fxgl-11.17.jar!/fxglassets/textures/particles/smoke.png
13:07:41.804 [FXGL Background Thread 1 ] DEBUG FXGLAssetLoaderServi - Loading from file system: jar:file:/C:/Users/lotca/.gradle/caches/modules-2/files-2.1/com.github.almasb/fxgl/11.17/206906ee5d1b948952e85fe43e36ee9a9a6dea00/fxgl-11.17.jar!/fxglassets/textures/particles/trace_horizontal.png
13:07:41.828 [FXGL Background Thread 1 ] DEBUG GameApplicationServi - Application scenes initialized
13:07:41.839 [FXGL Background Thread 1 ] DEBUG SystemBundleService  - Loading FXGL system data
13:07:41.842 [FXGL Background Thread 1 ] DEBUG FileSystemAccess     - Reading from: C:\Users\lotca\Desktop\software-design-vu\system\fxgl.bundle
13:07:41.846 [FXGL Background Thread 1 ] DEBUG SystemBundleService  - Bundle FXGL: {}
13:07:41.846 [FXGL Background Thread 1 ] DEBUG UpdaterService       - Checking for updates
13:07:41.851 [FXGL Background Thread 4 ] DEBUG FXGLApplication      - Loading fonts
13:07:41.852 [FXGL Background Thread 4 ] DEBUG FXGLAssetLoaderServi - Loading from file system: jar:file:/C:/Users/lotca/.gradle/caches/modules-2/files-2.1/com.github.almasb/fxgl/11.17/206906ee5d1b948952e85fe43e36ee9a9a6dea00/fxgl-11.17.jar!/fxglassets/ui/fonts/VarelaRound-Regular.ttf
13:07:41.853 [FXGL Background Thread 1 ] DEBUG FXGLApplication      - Loading default localization
13:07:41.854 [FXGL Background Thread 1 ] DEBUG FXGLAssetLoaderServi - Loading from file system: jar:file:/C:/Users/lotca/.gradle/caches/modules-2/files-2.1/com.github.almasb/fxgl/11.17/206906ee5d1b948952e85fe43e36ee9a9a6dea00/fxgl-11.17.jar!/fxglassets/languages/english.lang
13:07:41.881 [FXGL Background Thread 1 ] INFO  FXGLApplication      - FXGL initialization took: 0.481 sec
13:07:41.882 [JavaFX Application Thread] DEBUG FXGLAssetLoaderServi - Loading from file system: jar:file:/C:/Users/lotca/.gradle/caches/modules-2/files-2.1/com.github.almasb/fxgl/11.17/206906ee5d1b948952e85fe43e36ee9a9a6dea00/fxgl-11.17.jar!/fxglassets/textures/fxgl_icon.png
13:07:41.905 [JavaFX Application Thread] DEBUG FXGLAssetLoaderServi - Loading from file system: jar:file:/C:/Users/lotca/.gradle/caches/modules-2/files-2.1/com.github.almasb/fxgl/11.17/206906ee5d1b948952e85fe43e36ee9a9a6dea00/fxgl-11.17.jar!/fxglassets/textures/fxgl_default_cursor.png
13:07:41.922 [JavaFX Application Thread] DEBUG Input                - Registered new binding: Screenshot - CTRL+8
13:07:41.922 [JavaFX Application Thread] DEBUG Input                - Registered new binding: System info dump - CTRL+9
13:07:41.923 [JavaFX Application Thread] DEBUG Input                - Registered new binding: Restart - CTRL+R
13:07:41.924 [JavaFX Application Thread] DEBUG Input                - Registered new binding: Toggle Debug Camera - CTRL+C
13:07:41.926 [JavaFX Application Thread] DEBUG LoopRunner           - Starting loop
13:07:41.926 [JavaFX Application Thread] DEBUG LoopRunner           - Initializing JavaFX AnimationTimerLoop
13:07:41.929 [JavaFX Application Thread] DEBUG GameApplicationServi - Starting new game
13:07:41.930 [JavaFX Application Thread] DEBUG Input                - Clearing active input actions
13:07:41.941 [JavaFX Application Thread] DEBUG GameApplicationServi - Removing overlay from FXGLStartupScene and adding to FXGLLoadingScene
13:07:41.941 [JavaFX Application Thread] DEBUG PrimaryStageWindow   - FXGLStartupScene -> FXGLLoadingScene
13:07:41.941 [JavaFX Application Thread] DEBUG GameApplicationServi - Clearing previous game
13:07:41.941 [JavaFX Application Thread] DEBUG GameScene            - Clearing game scene
13:07:41.941 [JavaFX Application Thread] DEBUG GameWorld            - Clearing game world
13:07:41.941 [JavaFX Application Thread] DEBUG PhysicsWorld         - Clearing physics world
13:07:41.942 [FXGL Background Thread 1 ] DEBUG FXGLApplication      - Initializing game
13:07:41.949 [FXGL Background Thread 1 ] DEBUG FXGLAssetLoaderServi - Loading from file system: file:/C:/Users/lotca/Desktop/software-design-vu/build/resources/main/assets/textures/kipIdle.png
13:07:41.972 [FXGL Background Thread 1 ] INFO  FXGLApplication      - Game initialization took: 0.030 sec
13:07:42.000 [JavaFX Application Thread] DEBUG Input                - Clearing active input actions
13:07:42.012 [JavaFX Application Thread] DEBUG GameApplicationServi - Removing overlay from FXGLLoadingScene and adding to GameScene
13:07:42.012 [JavaFX Application Thread] DEBUG PrimaryStageWindow   - FXGLLoadingScene -> GameScene
13:07:42.206 [FXGL Background Thread 4 ] DEBUG FXGLAssetLoaderServi - Loading from file system: jar:file:/C:/Users/lotca/.gradle/caches/modules-2/files-2.1/com.github.almasb/fxgl/11.17/206906ee5d1b948952e85fe43e36ee9a9a6dea00/fxgl-11.17.jar!/fxglassets/ui/fonts/Abel-Regular.ttf
13:07:42.210 [FXGL Background Thread 4 ] DEBUG FXGLAssetLoaderServi - Loading from file system: jar:file:/C:/Users/lotca/.gradle/caches/modules-2/files-2.1/com.github.almasb/fxgl/11.17/206906ee5d1b948952e85fe43e36ee9a9a6dea00/fxgl-11.17.jar!/fxglassets/ui/fonts/lucida_console.ttf
13:07:42.214 [FXGL Background Thread 4 ] DEBUG FXGLAssetLoaderServi - Loading from file system: jar:file:/C:/Users/lotca/.gradle/caches/modules-2/files-2.1/com.github.almasb/fxgl/11.17/206906ee5d1b948952e85fe43e36ee9a9a6dea00/fxgl-11.17.jar!/fxglassets/ui/fonts/Courier-Prime.ttf
13:07:42.219 [JavaFX Application Thread] DEBUG FXGLApplication      - Registering font factories with UI factory
13:07:42.612 [FXGL Background Thread 2 ] INFO  UpdaterService       - Your current version:  11.17
13:07:42.612 [FXGL Background Thread 2 ] INFO  UpdaterService       - Latest stable version: 17.2
13:07:44.851 [FXGL Background Thread 3 ] DEBUG Engine               - Logging environment variables
13:07:44.851 [FXGL Background Thread 3 ] DEBUG Engine               - achievements: []
13:07:44.851 [FXGL Background Thread 3 ] DEBUG Engine               - actualHeight: 148.0
13:07:44.851 [FXGL Background Thread 3 ] DEBUG Engine               - actualHeightProperty: ReadOnlyDoubleProperty [value: 148.0]
13:07:44.851 [FXGL Background Thread 3 ] DEBUG Engine               - actualWidth: 128.0
13:07:44.851 [FXGL Background Thread 3 ] DEBUG Engine               - actualWidthProperty: ReadOnlyDoubleProperty [value: 128.0]
13:07:44.851 [FXGL Background Thread 3 ] DEBUG Engine               - appIcon: fxgl_icon.png
13:07:44.851 [FXGL Background Thread 3 ] DEBUG Engine               - applicationMode: DEVELOPER
13:07:44.851 [FXGL Background Thread 3 ] DEBUG Engine               - cSSList: [fxgl_dark.css]
13:07:44.851 [FXGL Background Thread 3 ] DEBUG Engine               - collisionDetectionStrategy: BRUTE_FORCE
13:07:44.851 [FXGL Background Thread 3 ] DEBUG Engine               - configClass: Optional.empty
13:07:44.851 [FXGL Background Thread 3 ] DEBUG Engine               - credits: []
13:07:44.851 [FXGL Background Thread 3 ] DEBUG Engine               - defaultCursor: CursorInfo(imageName=fxgl_default_cursor.png, hotspotX=7.0, hotspotY=6.0)
13:07:44.851 [FXGL Background Thread 3 ] DEBUG Engine               - devBBoxColorProperty: ObjectProperty [value: 0xff0000ff]
13:07:44.851 [FXGL Background Thread 3 ] DEBUG Engine               - devEnableDebugCameraProperty: BooleanProperty [value: false]
13:07:44.852 [FXGL Background Thread 3 ] DEBUG Engine               - devSensorColorProperty: ObjectProperty [value: 0xffff00ff]
13:07:44.852 [FXGL Background Thread 3 ] DEBUG Engine               - devShowBBoxProperty: BooleanProperty [value: false]
13:07:44.852 [FXGL Background Thread 3 ] DEBUG Engine               - devShowPositionProperty: BooleanProperty [value: false]
13:07:44.852 [FXGL Background Thread 3 ] DEBUG Engine               - enabledMenuItems: []
13:07:44.852 [FXGL Background Thread 3 ] DEBUG Engine               - engineServices: [class com.almasb.fxgl.app.services.FXGLAssetLoaderService, class com.almasb.fxgl.app.FXGLApplication$GameApplicationService, class com.almasb.fxgl.app.services.FXGLDialogService, class com.almasb.fxgl.app.services.IOTaskExecutorService, class com.almasb.fxgl.io.FileSystemService, class com.almasb.fxgl.localization.LocalizationService, class com.almasb.fxgl.app.services.SystemBundleService, class com.almasb.fxgl.profile.SaveLoadService, class com.almasb.fxgl.ui.FXGLUIFactoryServiceProvider, class com.almasb.fxgl.ui.FXGLDialogFactoryServiceProvider, class com.almasb.fxgl.audio.AudioPlayer, class com.almasb.fxgl.notification.impl.NotificationServiceProvider, class com.almasb.fxgl.achievement.AchievementService, class com.almasb.fxgl.cutscene.CutsceneService, class com.almasb.fxgl.minigames.MiniGameService, class com.almasb.fxgl.net.NetService, class com.almasb.fxgl.app.services.UpdaterService, class com.almasb.fxgl.dev.DevService]
13:07:44.852 [FXGL Background Thread 3 ] DEBUG Engine               - fontGame: Abel-Regular.ttf
13:07:44.852 [FXGL Background Thread 3 ] DEBUG Engine               - fontMono: lucida_console.ttf
13:07:44.852 [FXGL Background Thread 3 ] DEBUG Engine               - fontText: Courier-Prime.ttf
13:07:44.852 [FXGL Background Thread 3 ] DEBUG Engine               - fontUI: VarelaRound-Regular.ttf
13:07:44.852 [FXGL Background Thread 3 ] DEBUG Engine               - fullScreen: BooleanProperty [value: false]
13:07:44.852 [FXGL Background Thread 3 ] DEBUG Engine               - gameDifficulty: MEDIUM
13:07:44.852 [FXGL Background Thread 3 ] DEBUG Engine               - gameDifficultyProperty: ObjectProperty [value: MEDIUM]
13:07:44.852 [FXGL Background Thread 3 ] DEBUG Engine               - globalMusicVolume: 0.5
13:07:44.852 [FXGL Background Thread 3 ] DEBUG Engine               - globalMusicVolumeProperty: DoubleProperty [value: 0.5]
13:07:44.852 [FXGL Background Thread 3 ] DEBUG Engine               - globalSoundVolume: 0.5
13:07:44.852 [FXGL Background Thread 3 ] DEBUG Engine               - globalSoundVolumeProperty: DoubleProperty [value: 0.5]
13:07:44.852 [FXGL Background Thread 3 ] DEBUG Engine               - height: 148
13:07:44.852 [FXGL Background Thread 3 ] DEBUG Engine               - is3D: false
13:07:44.853 [FXGL Background Thread 3 ] DEBUG Engine               - isAndroid: false
13:07:44.853 [FXGL Background Thread 3 ] DEBUG Engine               - isBrowser: false
13:07:44.853 [FXGL Background Thread 3 ] DEBUG Engine               - isClickFeedbackEnabled: false
13:07:44.853 [FXGL Background Thread 3 ] DEBUG Engine               - isCloseConfirmation: false
13:07:44.853 [FXGL Background Thread 3 ] DEBUG Engine               - isDesktop: true
13:07:44.853 [FXGL Background Thread 3 ] DEBUG Engine               - isDeveloperMenuEnabled: false
13:07:44.853 [FXGL Background Thread 3 ] DEBUG Engine               - isEntityPreloadEnabled: true
13:07:44.853 [FXGL Background Thread 3 ] DEBUG Engine               - isExperimentalTiledLargeMap: false
13:07:44.853 [FXGL Background Thread 3 ] DEBUG Engine               - isFileSystemWriteAllowed: true
13:07:44.853 [FXGL Background Thread 3 ] DEBUG Engine               - isFullScreenAllowed: false
13:07:44.853 [FXGL Background Thread 3 ] DEBUG Engine               - isFullScreenFromStart: false
13:07:44.853 [FXGL Background Thread 3 ] DEBUG Engine               - isGameMenuEnabled: true
13:07:44.853 [FXGL Background Thread 3 ] DEBUG Engine               - isIOS: false
13:07:44.853 [FXGL Background Thread 3 ] DEBUG Engine               - isIntroEnabled: false
13:07:44.853 [FXGL Background Thread 3 ] DEBUG Engine               - isLinux: false
13:07:44.853 [FXGL Background Thread 3 ] DEBUG Engine               - isMac: false
13:07:44.853 [FXGL Background Thread 3 ] DEBUG Engine               - isMainMenuEnabled: false
13:07:44.853 [FXGL Background Thread 3 ] DEBUG Engine               - isManualResizeEnabled: false
13:07:44.853 [FXGL Background Thread 3 ] DEBUG Engine               - isMobile: false
13:07:44.853 [FXGL Background Thread 3 ] DEBUG Engine               - isNative: false
13:07:44.854 [FXGL Background Thread 3 ] DEBUG Engine               - isPauseMusicWhenMinimized: true
13:07:44.854 [FXGL Background Thread 3 ] DEBUG Engine               - isPreserveResizeRatio: false
13:07:44.854 [FXGL Background Thread 3 ] DEBUG Engine               - isProfilingEnabled: false
13:07:44.854 [FXGL Background Thread 3 ] DEBUG Engine               - isScaleAffectedOnResize: true
13:07:44.854 [FXGL Background Thread 3 ] DEBUG Engine               - isSingleStep: false
13:07:44.854 [FXGL Background Thread 3 ] DEBUG Engine               - isUserProfileEnabled: false
13:07:44.854 [FXGL Background Thread 3 ] DEBUG Engine               - isWindows: true
13:07:44.854 [FXGL Background Thread 3 ] DEBUG Engine               - language: ObjectProperty [value: ENGLISH]
13:07:44.854 [FXGL Background Thread 3 ] DEBUG Engine               - menuKey: ESCAPE
13:07:44.854 [FXGL Background Thread 3 ] DEBUG Engine               - mouseSensitivity: 0.2
13:07:44.854 [FXGL Background Thread 3 ] DEBUG Engine               - notificationViewClass: class com.almasb.fxgl.notification.view.XboxNotificationView
13:07:44.854 [FXGL Background Thread 3 ] DEBUG Engine               - pixelsPerMeter: 50.0
13:07:44.854 [FXGL Background Thread 3 ] DEBUG Engine               - platform: WINDOWS
13:07:44.854 [FXGL Background Thread 3 ] DEBUG Engine               - prefHeightProperty: ReadOnlyDoubleProperty [value: 148.0]
13:07:44.854 [FXGL Background Thread 3 ] DEBUG Engine               - prefWidthProperty: ReadOnlyDoubleProperty [value: 128.0]
13:07:44.854 [FXGL Background Thread 3 ] DEBUG Engine               - profileDir: profiles/
13:07:44.854 [FXGL Background Thread 3 ] DEBUG Engine               - profileName: StringProperty [value: DEFAULT]
13:07:44.855 [FXGL Background Thread 3 ] DEBUG Engine               - randomSeed: -1
13:07:44.855 [FXGL Background Thread 3 ] DEBUG Engine               - runtimeInfo: RuntimeInfo(platform=WINDOWS, version=11.17, build=16.07.2021 15.46)
13:07:44.855 [FXGL Background Thread 3 ] DEBUG Engine               - saveFileExt: sav
13:07:44.855 [FXGL Background Thread 3 ] DEBUG Engine               - scaledHeightProp$fxgl: DoubleProperty [bound, value: 148.0]
13:07:44.855 [FXGL Background Thread 3 ] DEBUG Engine               - scaledWidthProp$fxgl: DoubleProperty [bound, value: 128.0]
13:07:44.855 [FXGL Background Thread 3 ] DEBUG Engine               - sceneFactory: com.almasb.fxgl.app.scene.SceneFactory@1af3a9b4
13:07:44.855 [FXGL Background Thread 3 ] DEBUG Engine               - secondsIn24h: 60
13:07:44.855 [FXGL Background Thread 3 ] DEBUG Engine               - soundMenuBack: menu/back.wav
13:07:44.855 [FXGL Background Thread 3 ] DEBUG Engine               - soundMenuPress: menu/press.wav
13:07:44.855 [FXGL Background Thread 3 ] DEBUG Engine               - soundMenuSelect: menu/select.wav
13:07:44.855 [FXGL Background Thread 3 ] DEBUG Engine               - soundNotification: core/notification.wav
13:07:44.855 [FXGL Background Thread 3 ] DEBUG Engine               - stageStyle: DECORATED
13:07:44.855 [FXGL Background Thread 3 ] DEBUG Engine               - supportedLanguages: [ENGLISH, FRENCH, GERMAN, HUNGARIAN, RUSSIAN]
13:07:44.855 [FXGL Background Thread 3 ] DEBUG Engine               - ticksPerSecond: -1
13:07:44.855 [FXGL Background Thread 3 ] DEBUG Engine               - title: Office Pets
13:07:44.856 [FXGL Background Thread 3 ] DEBUG Engine               - urlGithub: https://github.com/AlmasB/FXGL
13:07:44.856 [FXGL Background Thread 3 ] DEBUG Engine               - urlLeaderboard: http://fxgl-top.herokuapp.com/
13:07:44.856 [FXGL Background Thread 3 ] DEBUG Engine               - urlPOM: https://raw.githubusercontent.com/AlmasB/FXGL/release/README.md
13:07:44.856 [FXGL Background Thread 3 ] DEBUG Engine               - userAppClass: class softwaredesign.Main
13:07:44.856 [FXGL Background Thread 3 ] DEBUG Engine               - version: 0.0
13:07:44.856 [FXGL Background Thread 3 ] DEBUG Engine               - versionCheckDays: 7
13:07:44.856 [FXGL Background Thread 3 ] DEBUG Engine               - width: 128
13:07:44.856 [FXGL Background Thread 3 ] DEBUG Engine               - Logging services
13:07:44.856 [FXGL Background Thread 3 ] DEBUG Engine               - class com.almasb.fxgl.app.services.FXGLAssetLoaderService
13:07:44.856 [FXGL Background Thread 3 ] DEBUG Engine               - class com.almasb.fxgl.app.FXGLApplication$GameApplicationService
13:07:44.856 [FXGL Background Thread 3 ] DEBUG Engine               - class com.almasb.fxgl.app.services.FXGLDialogService
13:07:44.856 [FXGL Background Thread 3 ] DEBUG Engine               - class com.almasb.fxgl.app.services.IOTaskExecutorService
13:07:44.856 [FXGL Background Thread 3 ] DEBUG Engine               - class com.almasb.fxgl.io.FileSystemService
13:07:44.856 [FXGL Background Thread 3 ] DEBUG Engine               - class com.almasb.fxgl.localization.LocalizationService
13:07:44.856 [FXGL Background Thread 3 ] DEBUG Engine               - class com.almasb.fxgl.app.services.SystemBundleService
13:07:44.856 [FXGL Background Thread 3 ] DEBUG Engine               - class com.almasb.fxgl.profile.SaveLoadService
13:07:44.856 [FXGL Background Thread 3 ] DEBUG Engine               - class com.almasb.fxgl.ui.FXGLUIFactoryServiceProvider
13:07:44.856 [FXGL Background Thread 3 ] DEBUG Engine               - class com.almasb.fxgl.ui.FXGLDialogFactoryServiceProvider
13:07:44.857 [FXGL Background Thread 3 ] DEBUG Engine               - class com.almasb.fxgl.audio.AudioPlayer
13:07:44.857 [FXGL Background Thread 3 ] DEBUG Engine               - class com.almasb.fxgl.notification.impl.NotificationServiceProvider
13:07:44.857 [FXGL Background Thread 3 ] DEBUG Engine               - class com.almasb.fxgl.achievement.AchievementService
13:07:44.857 [FXGL Background Thread 3 ] DEBUG Engine               - class com.almasb.fxgl.cutscene.CutsceneService
13:07:44.857 [FXGL Background Thread 3 ] DEBUG Engine               - class com.almasb.fxgl.minigames.MiniGameService
13:07:44.857 [FXGL Background Thread 3 ] DEBUG Engine               - class com.almasb.fxgl.net.NetService
13:07:44.857 [FXGL Background Thread 3 ] DEBUG Engine               - class com.almasb.fxgl.app.services.UpdaterService
13:07:44.857 [FXGL Background Thread 3 ] DEBUG Engine               - class com.almasb.fxgl.dev.DevService
13:07:45.001 [JavaFX Application Thread] DEBUG FXGLApplication      - Exiting FXGL
13:07:45.001 [JavaFX Application Thread] DEBUG LoopRunner           - Stopping loop
13:07:45.001 [JavaFX Application Thread] DEBUG SystemBundleService  - Saving FXGL system data
13:07:45.003 [JavaFX Application Thread] DEBUG FileSystemAccess     - Writing to: C:\Users\lotca\Desktop\software-design-vu\system\fxgl.bundle
13:07:45.004 [JavaFX Application Thread] DEBUG Async                - Shutting down background threads
13:07:45.004 [JavaFX Application Thread] DEBUG PrimaryStageWindow   - Closing main window
13:07:45.017 [JavaFX Application Thread] DEBUG Logger               - Closing Logger
