14:20:47.096 [main                     ] DEBUG Logger               - Configured Logger
14:20:47.131 [main                     ] DEBUG GameApplication      - Logging settings
Title: Untitled
Version: 0.0
Width: 800
Height: 600
Fullscreen: false
Intro: false
Profiling: false
Single step:false
App Mode: DEVELOPER
Menu Key: ESCAPE
Stage Style: DECORATED
Scene Factory: class com.almasb.fxgl.app.scene.SceneFactory

14:20:47.879 [JavaFX Application Thread] DEBUG FXGLApplication      - Initializing FXGL
14:20:47.884 [JavaFX Application Thread] INFO  Engine               - FXGL-11.17 (16.07.2021 15.46) on WINDOWS (J:11.0.18 FX:19)
14:20:47.884 [JavaFX Application Thread] DEBUG Engine               - JRE Vendor Name: Eclipse Adoptium
14:20:47.884 [JavaFX Application Thread] DEBUG Engine               - Running on OS: Windows 10 version 10.0
14:20:47.884 [JavaFX Application Thread] DEBUG Engine               - Architecture: amd64
14:20:47.884 [JavaFX Application Thread] INFO  Engine               - Source code and latest versions at: https://github.com/AlmasB/FXGL
14:20:47.884 [JavaFX Application Thread] INFO  Engine               -              Join the FXGL chat at: https://gitter.im/AlmasB/FXGL
14:20:48.092 [JavaFX Application Thread] DEBUG PrimaryStageWindow   - Creating a JavaFX scene
14:20:48.205 [JavaFX Application Thread] DEBUG PrimaryStageWindow   - Target settings size: 800.0 x 600.0
14:20:48.205 [JavaFX Application Thread] DEBUG PrimaryStageWindow   - Scaled scene size:    800.0 x 600.0
14:20:48.206 [JavaFX Application Thread] DEBUG PrimaryStageWindow   - Scaled ratio: (1.0, 1.0)
14:20:48.208 [JavaFX Application Thread] DEBUG PrimaryStageWindow   - Set initial scene to FXGLStartupScene
14:20:48.226 [JavaFX Application Thread] DEBUG PrimaryStageWindow   - Opening main window
14:20:48.418 [JavaFX Application Thread] DEBUG PrimaryStageWindow   - Window border size: (16.0, 39.0)
14:20:48.418 [JavaFX Application Thread] DEBUG PrimaryStageWindow   - Scaled size: 800.0 x 600.0
14:20:48.418 [JavaFX Application Thread] DEBUG PrimaryStageWindow   - Scaled ratio: (1.0, 1.0)
14:20:48.419 [JavaFX Application Thread] DEBUG PrimaryStageWindow   - Scene size: 800.0 x 600.0
14:20:48.419 [JavaFX Application Thread] DEBUG PrimaryStageWindow   - Stage size: 816.0 x 639.0
14:20:48.431 [FXGL Background Thread 1 ] DEBUG Engine               - Initializing environment variables
14:20:48.554 [FXGL Background Thread 1 ] DEBUG FXGLAssetLoaderServi - User app class for loading assets: class softwaredesign.Main
14:20:48.554 [FXGL Background Thread 1 ] DEBUG GameApplicationServi - Applying CSS: fxgl_dark.css
14:20:48.555 [FXGL Background Thread 1 ] DEBUG FXGLAssetLoaderServi - Loading from file system: jar:file:/C:/Users/lotca/.gradle/caches/modules-2/files-2.1/com.github.almasb/fxgl/11.17/206906ee5d1b948952e85fe43e36ee9a9a6dea00/fxgl-11.17.jar!/fxglassets/ui/css/fxgl_dark.css
14:20:48.614 [FXGL Background Thread 1 ] DEBUG GameApplicationServi - Initializing application scenes
14:20:48.679 [FXGL Background Thread 1 ] DEBUG GameWorld            - Game world initialized
14:20:48.787 [FXGL Background Thread 1 ] DEBUG PhysicsWorld         - Physics world initialized: appHeight=600, physics.ppm=50.0
14:20:48.788 [FXGL Background Thread 1 ] DEBUG PhysicsWorld         - Using strategy: BRUTE_FORCE
14:20:48.792 [FXGL Background Thread 1 ] DEBUG GameScene            - Game scene initialized: 800x600
14:20:48.813 [FXGL Background Thread 1 ] DEBUG FXGL.DefaultMenu     - createMenuBodyGameMenu()
14:20:48.843 [FXGL Background Thread 1 ] DEBUG FXGL.DefaultMenu     - createOptionsMenu()
14:20:48.863 [FXGL Background Thread 1 ] DEBUG FXGLAssetLoaderServi - Loading from file system: jar:file:/C:/Users/lotca/.gradle/caches/modules-2/files-2.1/com.github.almasb/fxgl/11.17/206906ee5d1b948952e85fe43e36ee9a9a6dea00/fxgl-11.17.jar!/fxglassets/textures/particles/smoke.png
14:20:49.006 [FXGL Background Thread 1 ] DEBUG FXGLAssetLoaderServi - Loading from file system: jar:file:/C:/Users/lotca/.gradle/caches/modules-2/files-2.1/com.github.almasb/fxgl/11.17/206906ee5d1b948952e85fe43e36ee9a9a6dea00/fxgl-11.17.jar!/fxglassets/textures/particles/trace_horizontal.png
14:20:49.033 [FXGL Background Thread 1 ] DEBUG GameApplicationServi - Application scenes initialized
14:20:49.048 [FXGL Background Thread 1 ] DEBUG SystemBundleService  - Loading FXGL system data
14:20:49.052 [FXGL Background Thread 1 ] DEBUG FileSystemAccess     - Reading from: C:\Users\lotca\Desktop\software-design-vu\system\fxgl.bundle
14:20:49.058 [FXGL Background Thread 1 ] DEBUG SystemBundleService  - Bundle FXGL: {}
14:20:49.058 [FXGL Background Thread 1 ] DEBUG UpdaterService       - Checking for updates
14:20:49.064 [FXGL Background Thread 4 ] DEBUG FXGLApplication      - Loading fonts
14:20:49.065 [FXGL Background Thread 1 ] DEBUG FXGLApplication      - Loading default localization
14:20:49.065 [FXGL Background Thread 4 ] DEBUG FXGLAssetLoaderServi - Loading from file system: jar:file:/C:/Users/lotca/.gradle/caches/modules-2/files-2.1/com.github.almasb/fxgl/11.17/206906ee5d1b948952e85fe43e36ee9a9a6dea00/fxgl-11.17.jar!/fxglassets/ui/fonts/VarelaRound-Regular.ttf
14:20:49.066 [FXGL Background Thread 1 ] DEBUG FXGLAssetLoaderServi - Loading from file system: jar:file:/C:/Users/lotca/.gradle/caches/modules-2/files-2.1/com.github.almasb/fxgl/11.17/206906ee5d1b948952e85fe43e36ee9a9a6dea00/fxgl-11.17.jar!/fxglassets/languages/english.lang
14:20:49.101 [FXGL Background Thread 1 ] INFO  FXGLApplication      - FXGL initialization took: 0.669 sec
14:20:49.103 [JavaFX Application Thread] DEBUG FXGLAssetLoaderServi - Loading from file system: jar:file:/C:/Users/lotca/.gradle/caches/modules-2/files-2.1/com.github.almasb/fxgl/11.17/206906ee5d1b948952e85fe43e36ee9a9a6dea00/fxgl-11.17.jar!/fxglassets/textures/fxgl_icon.png
14:20:49.142 [JavaFX Application Thread] DEBUG FXGLAssetLoaderServi - Loading from file system: jar:file:/C:/Users/lotca/.gradle/caches/modules-2/files-2.1/com.github.almasb/fxgl/11.17/206906ee5d1b948952e85fe43e36ee9a9a6dea00/fxgl-11.17.jar!/fxglassets/textures/fxgl_default_cursor.png
14:20:49.168 [JavaFX Application Thread] DEBUG Input                - Registered new binding: Screenshot - CTRL+8
14:20:49.169 [JavaFX Application Thread] DEBUG Input                - Registered new binding: System info dump - CTRL+9
14:20:49.170 [JavaFX Application Thread] DEBUG Input                - Registered new binding: Restart - CTRL+R
14:20:49.171 [JavaFX Application Thread] DEBUG Input                - Registered new binding: Toggle Debug Camera - CTRL+C
14:20:49.177 [JavaFX Application Thread] DEBUG LoopRunner           - Starting loop
14:20:49.178 [JavaFX Application Thread] DEBUG LoopRunner           - Initializing JavaFX AnimationTimerLoop
14:20:49.183 [JavaFX Application Thread] DEBUG GameApplicationServi - Starting new game
14:20:49.184 [JavaFX Application Thread] DEBUG Input                - Clearing active input actions
14:20:49.203 [JavaFX Application Thread] DEBUG GameApplicationServi - Removing overlay from FXGLStartupScene and adding to FXGLLoadingScene
14:20:49.203 [JavaFX Application Thread] DEBUG PrimaryStageWindow   - FXGLStartupScene -> FXGLLoadingScene
14:20:49.203 [JavaFX Application Thread] DEBUG GameApplicationServi - Clearing previous game
14:20:49.203 [JavaFX Application Thread] DEBUG GameScene            - Clearing game scene
14:20:49.203 [JavaFX Application Thread] DEBUG GameWorld            - Clearing game world
14:20:49.203 [JavaFX Application Thread] DEBUG PhysicsWorld         - Clearing physics world
14:20:49.205 [FXGL Background Thread 1 ] DEBUG FXGLApplication      - Initializing game
14:20:49.225 [FXGL Background Thread 1 ] DEBUG FXGLAssetLoaderServi - Loading from file system: file:/C:/Users/lotca/Desktop/software-design-vu/build/resources/main/assets/textures/testotchi.png
14:20:49.267 [FXGL Background Thread 1 ] INFO  FXGLApplication      - Game initialization took: 0.063 sec
14:20:49.287 [JavaFX Application Thread] DEBUG Input                - Clearing active input actions
14:20:49.299 [JavaFX Application Thread] DEBUG GameApplicationServi - Removing overlay from FXGLLoadingScene and adding to GameScene
14:20:49.299 [JavaFX Application Thread] DEBUG PrimaryStageWindow   - FXGLLoadingScene -> GameScene
14:20:49.524 [FXGL Background Thread 4 ] DEBUG FXGLAssetLoaderServi - Loading from file system: jar:file:/C:/Users/lotca/.gradle/caches/modules-2/files-2.1/com.github.almasb/fxgl/11.17/206906ee5d1b948952e85fe43e36ee9a9a6dea00/fxgl-11.17.jar!/fxglassets/ui/fonts/Abel-Regular.ttf
14:20:49.529 [FXGL Background Thread 4 ] DEBUG FXGLAssetLoaderServi - Loading from file system: jar:file:/C:/Users/lotca/.gradle/caches/modules-2/files-2.1/com.github.almasb/fxgl/11.17/206906ee5d1b948952e85fe43e36ee9a9a6dea00/fxgl-11.17.jar!/fxglassets/ui/fonts/lucida_console.ttf
14:20:49.536 [FXGL Background Thread 4 ] DEBUG FXGLAssetLoaderServi - Loading from file system: jar:file:/C:/Users/lotca/.gradle/caches/modules-2/files-2.1/com.github.almasb/fxgl/11.17/206906ee5d1b948952e85fe43e36ee9a9a6dea00/fxgl-11.17.jar!/fxglassets/ui/fonts/Courier-Prime.ttf
14:20:49.549 [JavaFX Application Thread] DEBUG FXGLApplication      - Registering font factories with UI factory
14:20:50.086 [FXGL Background Thread 2 ] INFO  UpdaterService       - Your current version:  11.17
14:20:50.089 [FXGL Background Thread 2 ] INFO  UpdaterService       - Latest stable version: 17.2
14:20:51.470 [JavaFX Application Thread] DEBUG FXGLApplication      - Exiting FXGL
14:20:51.471 [JavaFX Application Thread] DEBUG LoopRunner           - Stopping loop
14:20:51.471 [JavaFX Application Thread] DEBUG SystemBundleService  - Saving FXGL system data
14:20:51.479 [JavaFX Application Thread] DEBUG FileSystemAccess     - Writing to: C:\Users\lotca\Desktop\software-design-vu\system\fxgl.bundle
14:20:51.487 [JavaFX Application Thread] DEBUG Async                - Shutting down background threads
14:20:51.488 [JavaFX Application Thread] DEBUG PrimaryStageWindow   - Closing main window
14:20:51.557 [JavaFX Application Thread] DEBUG Logger               - Closing Logger
