10:09:13.723 [main                     ] DEBUG Logger               - Configured Logger
10:09:13.738 [main                     ] DEBUG GameApplication      - Logging settings
Title: Office Pets
Version: 0.0
Width: 512
Height: 592
Fullscreen: false
Intro: false
Profiling: false
Single step:false
App Mode: DEVELOPER
Menu Key: ESCAPE
Stage Style: DECORATED
Scene Factory: class com.almasb.fxgl.app.scene.SceneFactory

10:09:14.384 [JavaFX Application Thread] DEBUG FXGLApplication      - Initializing FXGL
10:09:14.387 [JavaFX Application Thread] INFO  Engine               - FXGL-11.17 (16.07.2021 15.46) on WINDOWS (J:11.0.18 FX:19)
10:09:14.387 [JavaFX Application Thread] DEBUG Engine               - JRE Vendor Name: Eclipse Adoptium
10:09:14.387 [JavaFX Application Thread] DEBUG Engine               - Running on OS: Windows 10 version 10.0
10:09:14.387 [JavaFX Application Thread] DEBUG Engine               - Architecture: amd64
10:09:14.387 [JavaFX Application Thread] INFO  Engine               - Source code and latest versions at: https://github.com/AlmasB/FXGL
10:09:14.388 [JavaFX Application Thread] INFO  Engine               -              Join the FXGL chat at: https://gitter.im/AlmasB/FXGL
10:09:14.525 [JavaFX Application Thread] DEBUG PrimaryStageWindow   - Creating a JavaFX scene
10:09:14.584 [JavaFX Application Thread] DEBUG PrimaryStageWindow   - Target settings size: 512.0 x 592.0
10:09:14.585 [JavaFX Application Thread] DEBUG PrimaryStageWindow   - Scaled scene size:    512.0 x 592.0
10:09:14.585 [JavaFX Application Thread] DEBUG PrimaryStageWindow   - Scaled ratio: (1.0, 1.0)
10:09:14.586 [JavaFX Application Thread] DEBUG PrimaryStageWindow   - Set initial scene to FXGLStartupScene
10:09:14.591 [JavaFX Application Thread] DEBUG PrimaryStageWindow   - Opening main window
10:09:14.691 [JavaFX Application Thread] DEBUG PrimaryStageWindow   - Window border size: (16.0, 39.0)
10:09:14.691 [JavaFX Application Thread] DEBUG PrimaryStageWindow   - Scaled size: 512.0 x 592.0
10:09:14.691 [JavaFX Application Thread] DEBUG PrimaryStageWindow   - Scaled ratio: (1.0, 1.0)
10:09:14.691 [JavaFX Application Thread] DEBUG PrimaryStageWindow   - Scene size: 512.0 x 592.0
10:09:14.692 [JavaFX Application Thread] DEBUG PrimaryStageWindow   - Stage size: 528.0 x 631.0
10:09:14.699 [FXGL Background Thread 1 ] DEBUG Engine               - Initializing environment variables
10:09:14.762 [FXGL Background Thread 1 ] DEBUG FXGLAssetLoaderServi - User app class for loading assets: class softwaredesign.Main
10:09:14.763 [FXGL Background Thread 1 ] DEBUG GameApplicationServi - Applying CSS: fxgl_dark.css
10:09:14.763 [FXGL Background Thread 1 ] DEBUG FXGLAssetLoaderServi - Loading from file system: jar:file:/C:/Users/lotca/.gradle/caches/modules-2/files-2.1/com.github.almasb/fxgl/11.17/206906ee5d1b948952e85fe43e36ee9a9a6dea00/fxgl-11.17.jar!/fxglassets/ui/css/fxgl_dark.css
10:09:14.806 [FXGL Background Thread 1 ] DEBUG GameApplicationServi - Initializing application scenes
10:09:14.855 [FXGL Background Thread 1 ] DEBUG GameWorld            - Game world initialized
10:09:14.928 [FXGL Background Thread 1 ] DEBUG PhysicsWorld         - Physics world initialized: appHeight=592, physics.ppm=50.0
10:09:14.928 [FXGL Background Thread 1 ] DEBUG PhysicsWorld         - Using strategy: BRUTE_FORCE
10:09:14.931 [FXGL Background Thread 1 ] DEBUG GameScene            - Game scene initialized: 512x592
10:09:14.945 [FXGL Background Thread 1 ] WARN  FXGL.DefaultMenu     - FXGLDefaultMenu is not designed for resolutions < 800x600
10:09:14.945 [FXGL Background Thread 1 ] DEBUG FXGL.DefaultMenu     - createMenuBodyGameMenu()
10:09:14.970 [FXGL Background Thread 1 ] DEBUG FXGL.DefaultMenu     - createOptionsMenu()
10:09:14.990 [FXGL Background Thread 1 ] DEBUG FXGLAssetLoaderServi - Loading from file system: jar:file:/C:/Users/lotca/.gradle/caches/modules-2/files-2.1/com.github.almasb/fxgl/11.17/206906ee5d1b948952e85fe43e36ee9a9a6dea00/fxgl-11.17.jar!/fxglassets/textures/particles/smoke.png
10:09:15.102 [FXGL Background Thread 1 ] DEBUG FXGLAssetLoaderServi - Loading from file system: jar:file:/C:/Users/lotca/.gradle/caches/modules-2/files-2.1/com.github.almasb/fxgl/11.17/206906ee5d1b948952e85fe43e36ee9a9a6dea00/fxgl-11.17.jar!/fxglassets/textures/particles/trace_horizontal.png
10:09:15.153 [FXGL Background Thread 1 ] DEBUG GameApplicationServi - Application scenes initialized
10:09:15.167 [FXGL Background Thread 1 ] DEBUG SystemBundleService  - Loading FXGL system data
10:09:15.171 [FXGL Background Thread 1 ] DEBUG FileSystemAccess     - Reading from: C:\Users\lotca\Desktop\software-design-vu\system\fxgl.bundle
10:09:15.175 [FXGL Background Thread 1 ] DEBUG SystemBundleService  - Bundle FXGL: {}
10:09:15.175 [FXGL Background Thread 1 ] DEBUG UpdaterService       - Checking for updates
10:09:15.180 [FXGL Background Thread 4 ] DEBUG FXGLApplication      - Loading fonts
10:09:15.181 [FXGL Background Thread 4 ] DEBUG FXGLAssetLoaderServi - Loading from file system: jar:file:/C:/Users/lotca/.gradle/caches/modules-2/files-2.1/com.github.almasb/fxgl/11.17/206906ee5d1b948952e85fe43e36ee9a9a6dea00/fxgl-11.17.jar!/fxglassets/ui/fonts/VarelaRound-Regular.ttf
10:09:15.181 [FXGL Background Thread 1 ] DEBUG FXGLApplication      - Loading default localization
10:09:15.182 [FXGL Background Thread 1 ] DEBUG FXGLAssetLoaderServi - Loading from file system: jar:file:/C:/Users/lotca/.gradle/caches/modules-2/files-2.1/com.github.almasb/fxgl/11.17/206906ee5d1b948952e85fe43e36ee9a9a6dea00/fxgl-11.17.jar!/fxglassets/languages/english.lang
10:09:15.204 [FXGL Background Thread 1 ] INFO  FXGLApplication      - FXGL initialization took: 0.505 sec
10:09:15.206 [JavaFX Application Thread] DEBUG FXGLAssetLoaderServi - Loading from file system: jar:file:/C:/Users/lotca/.gradle/caches/modules-2/files-2.1/com.github.almasb/fxgl/11.17/206906ee5d1b948952e85fe43e36ee9a9a6dea00/fxgl-11.17.jar!/fxglassets/textures/fxgl_icon.png
10:09:15.233 [JavaFX Application Thread] DEBUG FXGLAssetLoaderServi - Loading from file system: jar:file:/C:/Users/lotca/.gradle/caches/modules-2/files-2.1/com.github.almasb/fxgl/11.17/206906ee5d1b948952e85fe43e36ee9a9a6dea00/fxgl-11.17.jar!/fxglassets/textures/fxgl_default_cursor.png
10:09:15.253 [JavaFX Application Thread] DEBUG Input                - Registered new binding: Screenshot - CTRL+8
10:09:15.254 [JavaFX Application Thread] DEBUG Input                - Registered new binding: System info dump - CTRL+9
10:09:15.255 [JavaFX Application Thread] DEBUG Input                - Registered new binding: Restart - CTRL+R
10:09:15.256 [JavaFX Application Thread] DEBUG Input                - Registered new binding: Toggle Debug Camera - CTRL+C
10:09:15.259 [JavaFX Application Thread] DEBUG LoopRunner           - Starting loop
10:09:15.259 [JavaFX Application Thread] DEBUG LoopRunner           - Initializing JavaFX AnimationTimerLoop
10:09:15.263 [JavaFX Application Thread] DEBUG GameApplicationServi - Starting new game
10:09:15.263 [JavaFX Application Thread] DEBUG Input                - Clearing active input actions
10:09:15.277 [JavaFX Application Thread] DEBUG GameApplicationServi - Removing overlay from FXGLStartupScene and adding to FXGLLoadingScene
10:09:15.277 [JavaFX Application Thread] DEBUG PrimaryStageWindow   - FXGLStartupScene -> FXGLLoadingScene
10:09:15.277 [JavaFX Application Thread] DEBUG GameApplicationServi - Clearing previous game
10:09:15.277 [JavaFX Application Thread] DEBUG GameScene            - Clearing game scene
10:09:15.278 [JavaFX Application Thread] DEBUG GameWorld            - Clearing game world
10:09:15.278 [JavaFX Application Thread] DEBUG PhysicsWorld         - Clearing physics world
10:09:15.280 [FXGL Background Thread 1 ] DEBUG FXGLApplication      - Initializing game
10:09:15.286 [FXGL Background Thread 1 ] DEBUG FXGLAssetLoaderServi - Loading from file system: file:/C:/Users/lotca/Desktop/software-design-vu/build/resources/main/assets/textures/kipIdle.png
10:09:15.318 [FXGL Background Thread 1 ] INFO  FXGLApplication      - Game initialization took: 0.039 sec
10:09:15.352 [JavaFX Application Thread] DEBUG Input                - Clearing active input actions
10:09:15.372 [JavaFX Application Thread] DEBUG GameApplicationServi - Removing overlay from FXGLLoadingScene and adding to GameScene
10:09:15.372 [JavaFX Application Thread] DEBUG PrimaryStageWindow   - FXGLLoadingScene -> GameScene
10:09:15.624 [FXGL Background Thread 4 ] DEBUG FXGLAssetLoaderServi - Loading from file system: jar:file:/C:/Users/lotca/.gradle/caches/modules-2/files-2.1/com.github.almasb/fxgl/11.17/206906ee5d1b948952e85fe43e36ee9a9a6dea00/fxgl-11.17.jar!/fxglassets/ui/fonts/Abel-Regular.ttf
10:09:15.629 [FXGL Background Thread 4 ] DEBUG FXGLAssetLoaderServi - Loading from file system: jar:file:/C:/Users/lotca/.gradle/caches/modules-2/files-2.1/com.github.almasb/fxgl/11.17/206906ee5d1b948952e85fe43e36ee9a9a6dea00/fxgl-11.17.jar!/fxglassets/ui/fonts/lucida_console.ttf
10:09:15.634 [FXGL Background Thread 4 ] DEBUG FXGLAssetLoaderServi - Loading from file system: jar:file:/C:/Users/lotca/.gradle/caches/modules-2/files-2.1/com.github.almasb/fxgl/11.17/206906ee5d1b948952e85fe43e36ee9a9a6dea00/fxgl-11.17.jar!/fxglassets/ui/fonts/Courier-Prime.ttf
10:09:15.640 [JavaFX Application Thread] DEBUG FXGLApplication      - Registering font factories with UI factory
10:09:15.839 [FXGL Background Thread 2 ] INFO  UpdaterService       - Your current version:  11.17
10:09:15.839 [FXGL Background Thread 2 ] INFO  UpdaterService       - Latest stable version: 17.2
10:09:16.433 [JavaFX Application Thread] DEBUG FXGLApplication      - Exiting FXGL
10:09:16.433 [JavaFX Application Thread] DEBUG LoopRunner           - Stopping loop
10:09:16.433 [JavaFX Application Thread] DEBUG SystemBundleService  - Saving FXGL system data
10:09:16.435 [JavaFX Application Thread] DEBUG FileSystemAccess     - Writing to: C:\Users\lotca\Desktop\software-design-vu\system\fxgl.bundle
10:09:16.438 [JavaFX Application Thread] DEBUG Async                - Shutting down background threads
10:09:16.438 [JavaFX Application Thread] DEBUG PrimaryStageWindow   - Closing main window
10:09:16.460 [JavaFX Application Thread] DEBUG Logger               - Closing Logger
