13:16:22.012 [main                     ] DEBUG Logger               - Configured Logger
13:16:22.027 [main                     ] DEBUG GameApplication      - Logging settings
Title: Office Pets
Version: 0.0
Width: 512
Height: 592
Fullscreen: false
Intro: false
Profiling: false
Single step:false
App Mode: DEVELOPER
Menu Key: ESCAPE
Stage Style: DECORATED
Scene Factory: class com.almasb.fxgl.app.scene.SceneFactory

13:16:22.700 [JavaFX Application Thread] DEBUG FXGLApplication      - Initializing FXGL
13:16:22.704 [JavaFX Application Thread] INFO  Engine               - FXGL-11.17 (16.07.2021 15.46) on WINDOWS (J:11.0.18 FX:19)
13:16:22.704 [JavaFX Application Thread] DEBUG Engine               - JRE Vendor Name: Eclipse Adoptium
13:16:22.704 [JavaFX Application Thread] DEBUG Engine               - Running on OS: Windows 10 version 10.0
13:16:22.704 [JavaFX Application Thread] DEBUG Engine               - Architecture: amd64
13:16:22.705 [JavaFX Application Thread] INFO  Engine               - Source code and latest versions at: https://github.com/AlmasB/FXGL
13:16:22.705 [JavaFX Application Thread] INFO  Engine               -              Join the FXGL chat at: https://gitter.im/AlmasB/FXGL
13:16:22.843 [JavaFX Application Thread] DEBUG PrimaryStageWindow   - Creating a JavaFX scene
13:16:22.913 [JavaFX Application Thread] DEBUG PrimaryStageWindow   - Target settings size: 512.0 x 592.0
13:16:22.913 [JavaFX Application Thread] DEBUG PrimaryStageWindow   - Scaled scene size:    512.0 x 592.0
13:16:22.914 [JavaFX Application Thread] DEBUG PrimaryStageWindow   - Scaled ratio: (1.0, 1.0)
13:16:22.915 [JavaFX Application Thread] DEBUG PrimaryStageWindow   - Set initial scene to FXGLStartupScene
13:16:22.919 [JavaFX Application Thread] DEBUG PrimaryStageWindow   - Opening main window
13:16:23.025 [JavaFX Application Thread] DEBUG PrimaryStageWindow   - Window border size: (16.0, 39.0)
13:16:23.025 [JavaFX Application Thread] DEBUG PrimaryStageWindow   - Scaled size: 512.0 x 592.0
13:16:23.026 [JavaFX Application Thread] DEBUG PrimaryStageWindow   - Scaled ratio: (1.0, 1.0)
13:16:23.026 [JavaFX Application Thread] DEBUG PrimaryStageWindow   - Scene size: 512.0 x 592.0
13:16:23.026 [JavaFX Application Thread] DEBUG PrimaryStageWindow   - Stage size: 528.0 x 631.0
13:16:23.034 [FXGL Background Thread 1 ] DEBUG Engine               - Initializing environment variables
13:16:23.106 [FXGL Background Thread 1 ] DEBUG FXGLAssetLoaderServi - User app class for loading assets: class softwaredesign.Main
13:16:23.106 [FXGL Background Thread 1 ] DEBUG GameApplicationServi - Applying CSS: fxgl_dark.css
13:16:23.108 [FXGL Background Thread 1 ] DEBUG FXGLAssetLoaderServi - Loading from file system: jar:file:/C:/Users/lotca/.gradle/caches/modules-2/files-2.1/com.github.almasb/fxgl/11.17/206906ee5d1b948952e85fe43e36ee9a9a6dea00/fxgl-11.17.jar!/fxglassets/ui/css/fxgl_dark.css
13:16:23.151 [FXGL Background Thread 1 ] DEBUG GameApplicationServi - Initializing application scenes
13:16:23.200 [FXGL Background Thread 1 ] DEBUG GameWorld            - Game world initialized
13:16:23.278 [FXGL Background Thread 1 ] DEBUG PhysicsWorld         - Physics world initialized: appHeight=592, physics.ppm=50.0
13:16:23.278 [FXGL Background Thread 1 ] DEBUG PhysicsWorld         - Using strategy: BRUTE_FORCE
13:16:23.280 [FXGL Background Thread 1 ] DEBUG GameScene            - Game scene initialized: 512x592
13:16:23.298 [FXGL Background Thread 1 ] WARN  FXGL.DefaultMenu     - FXGLDefaultMenu is not designed for resolutions < 800x600
13:16:23.298 [FXGL Background Thread 1 ] DEBUG FXGL.DefaultMenu     - createMenuBodyGameMenu()
13:16:23.322 [FXGL Background Thread 1 ] DEBUG FXGL.DefaultMenu     - createOptionsMenu()
13:16:23.338 [FXGL Background Thread 1 ] DEBUG FXGLAssetLoaderServi - Loading from file system: jar:file:/C:/Users/lotca/.gradle/caches/modules-2/files-2.1/com.github.almasb/fxgl/11.17/206906ee5d1b948952e85fe43e36ee9a9a6dea00/fxgl-11.17.jar!/fxglassets/textures/particles/smoke.png
13:16:23.439 [FXGL Background Thread 1 ] DEBUG FXGLAssetLoaderServi - Loading from file system: jar:file:/C:/Users/lotca/.gradle/caches/modules-2/files-2.1/com.github.almasb/fxgl/11.17/206906ee5d1b948952e85fe43e36ee9a9a6dea00/fxgl-11.17.jar!/fxglassets/textures/particles/trace_horizontal.png
13:16:23.477 [FXGL Background Thread 1 ] DEBUG GameApplicationServi - Application scenes initialized
13:16:23.488 [FXGL Background Thread 1 ] DEBUG SystemBundleService  - Loading FXGL system data
13:16:23.491 [FXGL Background Thread 1 ] DEBUG FileSystemAccess     - Reading from: C:\Users\lotca\Desktop\software-design-vu\system\fxgl.bundle
13:16:23.495 [FXGL Background Thread 1 ] DEBUG SystemBundleService  - Bundle FXGL: {}
13:16:23.495 [FXGL Background Thread 1 ] DEBUG UpdaterService       - Checking for updates
13:16:23.499 [FXGL Background Thread 4 ] DEBUG FXGLApplication      - Loading fonts
13:16:23.500 [FXGL Background Thread 4 ] DEBUG FXGLAssetLoaderServi - Loading from file system: jar:file:/C:/Users/lotca/.gradle/caches/modules-2/files-2.1/com.github.almasb/fxgl/11.17/206906ee5d1b948952e85fe43e36ee9a9a6dea00/fxgl-11.17.jar!/fxglassets/ui/fonts/VarelaRound-Regular.ttf
13:16:23.501 [FXGL Background Thread 1 ] DEBUG FXGLApplication      - Loading default localization
13:16:23.502 [FXGL Background Thread 1 ] DEBUG FXGLAssetLoaderServi - Loading from file system: jar:file:/C:/Users/lotca/.gradle/caches/modules-2/files-2.1/com.github.almasb/fxgl/11.17/206906ee5d1b948952e85fe43e36ee9a9a6dea00/fxgl-11.17.jar!/fxglassets/languages/english.lang
13:16:23.531 [FXGL Background Thread 1 ] INFO  FXGLApplication      - FXGL initialization took: 0.497 sec
13:16:23.533 [JavaFX Application Thread] DEBUG FXGLAssetLoaderServi - Loading from file system: jar:file:/C:/Users/lotca/.gradle/caches/modules-2/files-2.1/com.github.almasb/fxgl/11.17/206906ee5d1b948952e85fe43e36ee9a9a6dea00/fxgl-11.17.jar!/fxglassets/textures/fxgl_icon.png
13:16:23.562 [JavaFX Application Thread] DEBUG FXGLAssetLoaderServi - Loading from file system: jar:file:/C:/Users/lotca/.gradle/caches/modules-2/files-2.1/com.github.almasb/fxgl/11.17/206906ee5d1b948952e85fe43e36ee9a9a6dea00/fxgl-11.17.jar!/fxglassets/textures/fxgl_default_cursor.png
13:16:23.585 [JavaFX Application Thread] DEBUG Input                - Registered new binding: Screenshot - CTRL+8
13:16:23.586 [JavaFX Application Thread] DEBUG Input                - Registered new binding: System info dump - CTRL+9
13:16:23.587 [JavaFX Application Thread] DEBUG Input                - Registered new binding: Restart - CTRL+R
13:16:23.588 [JavaFX Application Thread] DEBUG Input                - Registered new binding: Toggle Debug Camera - CTRL+C
13:16:23.591 [JavaFX Application Thread] DEBUG LoopRunner           - Starting loop
13:16:23.592 [JavaFX Application Thread] DEBUG LoopRunner           - Initializing JavaFX AnimationTimerLoop
13:16:23.594 [JavaFX Application Thread] DEBUG GameApplicationServi - Starting new game
13:16:23.595 [JavaFX Application Thread] DEBUG Input                - Clearing active input actions
13:16:23.608 [JavaFX Application Thread] DEBUG GameApplicationServi - Removing overlay from FXGLStartupScene and adding to FXGLLoadingScene
13:16:23.608 [JavaFX Application Thread] DEBUG PrimaryStageWindow   - FXGLStartupScene -> FXGLLoadingScene
13:16:23.608 [JavaFX Application Thread] DEBUG GameApplicationServi - Clearing previous game
13:16:23.609 [JavaFX Application Thread] DEBUG GameScene            - Clearing game scene
13:16:23.609 [JavaFX Application Thread] DEBUG GameWorld            - Clearing game world
13:16:23.609 [JavaFX Application Thread] DEBUG PhysicsWorld         - Clearing physics world
13:16:23.610 [FXGL Background Thread 1 ] DEBUG FXGLApplication      - Initializing game
13:16:23.618 [FXGL Background Thread 1 ] DEBUG FXGLAssetLoaderServi - Loading from file system: file:/C:/Users/lotca/Desktop/software-design-vu/build/resources/main/assets/textures/kipIdle.png
13:16:23.638 [FXGL Background Thread 1 ] INFO  FXGLApplication      - Game initialization took: 0.027 sec
13:16:23.676 [JavaFX Application Thread] DEBUG Input                - Clearing active input actions
13:16:23.683 [JavaFX Application Thread] DEBUG GameApplicationServi - Removing overlay from FXGLLoadingScene and adding to GameScene
13:16:23.684 [JavaFX Application Thread] DEBUG PrimaryStageWindow   - FXGLLoadingScene -> GameScene
13:16:23.889 [FXGL Background Thread 4 ] DEBUG FXGLAssetLoaderServi - Loading from file system: jar:file:/C:/Users/lotca/.gradle/caches/modules-2/files-2.1/com.github.almasb/fxgl/11.17/206906ee5d1b948952e85fe43e36ee9a9a6dea00/fxgl-11.17.jar!/fxglassets/ui/fonts/Abel-Regular.ttf
13:16:23.893 [FXGL Background Thread 4 ] DEBUG FXGLAssetLoaderServi - Loading from file system: jar:file:/C:/Users/lotca/.gradle/caches/modules-2/files-2.1/com.github.almasb/fxgl/11.17/206906ee5d1b948952e85fe43e36ee9a9a6dea00/fxgl-11.17.jar!/fxglassets/ui/fonts/lucida_console.ttf
13:16:23.897 [FXGL Background Thread 4 ] DEBUG FXGLAssetLoaderServi - Loading from file system: jar:file:/C:/Users/lotca/.gradle/caches/modules-2/files-2.1/com.github.almasb/fxgl/11.17/206906ee5d1b948952e85fe43e36ee9a9a6dea00/fxgl-11.17.jar!/fxglassets/ui/fonts/Courier-Prime.ttf
13:16:23.903 [JavaFX Application Thread] DEBUG FXGLApplication      - Registering font factories with UI factory
13:16:24.130 [FXGL Background Thread 2 ] INFO  UpdaterService       - Your current version:  11.17
13:16:24.131 [FXGL Background Thread 2 ] INFO  UpdaterService       - Latest stable version: 17.2
13:16:26.499 [FXGL Background Thread 3 ] DEBUG Engine               - Logging environment variables
13:16:26.499 [FXGL Background Thread 3 ] DEBUG Engine               - achievements: []
13:16:26.499 [FXGL Background Thread 3 ] DEBUG Engine               - actualHeight: 592.0
13:16:26.500 [FXGL Background Thread 3 ] DEBUG Engine               - actualHeightProperty: ReadOnlyDoubleProperty [value: 592.0]
13:16:26.500 [FXGL Background Thread 3 ] DEBUG Engine               - actualWidth: 512.0
13:16:26.500 [FXGL Background Thread 3 ] DEBUG Engine               - actualWidthProperty: ReadOnlyDoubleProperty [value: 512.0]
13:16:26.500 [FXGL Background Thread 3 ] DEBUG Engine               - appIcon: fxgl_icon.png
13:16:26.500 [FXGL Background Thread 3 ] DEBUG Engine               - applicationMode: DEVELOPER
13:16:26.500 [FXGL Background Thread 3 ] DEBUG Engine               - cSSList: [fxgl_dark.css]
13:16:26.500 [FXGL Background Thread 3 ] DEBUG Engine               - collisionDetectionStrategy: BRUTE_FORCE
13:16:26.500 [FXGL Background Thread 3 ] DEBUG Engine               - configClass: Optional.empty
13:16:26.500 [FXGL Background Thread 3 ] DEBUG Engine               - credits: []
13:16:26.500 [FXGL Background Thread 3 ] DEBUG Engine               - defaultCursor: CursorInfo(imageName=fxgl_default_cursor.png, hotspotX=7.0, hotspotY=6.0)
13:16:26.501 [FXGL Background Thread 3 ] DEBUG Engine               - devBBoxColorProperty: ObjectProperty [value: 0xff0000ff]
13:16:26.501 [FXGL Background Thread 3 ] DEBUG Engine               - devEnableDebugCameraProperty: BooleanProperty [value: false]
13:16:26.501 [FXGL Background Thread 3 ] DEBUG Engine               - devSensorColorProperty: ObjectProperty [value: 0xffff00ff]
13:16:26.501 [FXGL Background Thread 3 ] DEBUG Engine               - devShowBBoxProperty: BooleanProperty [value: false]
13:16:26.501 [FXGL Background Thread 3 ] DEBUG Engine               - devShowPositionProperty: BooleanProperty [value: false]
13:16:26.501 [FXGL Background Thread 3 ] DEBUG Engine               - enabledMenuItems: []
13:16:26.501 [FXGL Background Thread 3 ] DEBUG Engine               - engineServices: [class com.almasb.fxgl.app.services.FXGLAssetLoaderService, class com.almasb.fxgl.app.FXGLApplication$GameApplicationService, class com.almasb.fxgl.app.services.FXGLDialogService, class com.almasb.fxgl.app.services.IOTaskExecutorService, class com.almasb.fxgl.io.FileSystemService, class com.almasb.fxgl.localization.LocalizationService, class com.almasb.fxgl.app.services.SystemBundleService, class com.almasb.fxgl.profile.SaveLoadService, class com.almasb.fxgl.ui.FXGLUIFactoryServiceProvider, class com.almasb.fxgl.ui.FXGLDialogFactoryServiceProvider, class com.almasb.fxgl.audio.AudioPlayer, class com.almasb.fxgl.notification.impl.NotificationServiceProvider, class com.almasb.fxgl.achievement.AchievementService, class com.almasb.fxgl.cutscene.CutsceneService, class com.almasb.fxgl.minigames.MiniGameService, class com.almasb.fxgl.net.NetService, class com.almasb.fxgl.app.services.UpdaterService, class com.almasb.fxgl.dev.DevService]
13:16:26.501 [FXGL Background Thread 3 ] DEBUG Engine               - fontGame: Abel-Regular.ttf
13:16:26.501 [FXGL Background Thread 3 ] DEBUG Engine               - fontMono: lucida_console.ttf
13:16:26.501 [FXGL Background Thread 3 ] DEBUG Engine               - fontText: Courier-Prime.ttf
13:16:26.501 [FXGL Background Thread 3 ] DEBUG Engine               - fontUI: VarelaRound-Regular.ttf
13:16:26.501 [FXGL Background Thread 3 ] DEBUG Engine               - fullScreen: BooleanProperty [value: false]
13:16:26.501 [FXGL Background Thread 3 ] DEBUG Engine               - gameDifficulty: MEDIUM
13:16:26.501 [FXGL Background Thread 3 ] DEBUG Engine               - gameDifficultyProperty: ObjectProperty [value: MEDIUM]
13:16:26.501 [FXGL Background Thread 3 ] DEBUG Engine               - globalMusicVolume: 0.5
13:16:26.501 [FXGL Background Thread 3 ] DEBUG Engine               - globalMusicVolumeProperty: DoubleProperty [value: 0.5]
13:16:26.501 [FXGL Background Thread 3 ] DEBUG Engine               - globalSoundVolume: 0.5
13:16:26.502 [FXGL Background Thread 3 ] DEBUG Engine               - globalSoundVolumeProperty: DoubleProperty [value: 0.5]
13:16:26.502 [FXGL Background Thread 3 ] DEBUG Engine               - height: 592
13:16:26.502 [FXGL Background Thread 3 ] DEBUG Engine               - is3D: false
13:16:26.502 [FXGL Background Thread 3 ] DEBUG Engine               - isAndroid: false
13:16:26.502 [FXGL Background Thread 3 ] DEBUG Engine               - isBrowser: false
13:16:26.502 [FXGL Background Thread 3 ] DEBUG Engine               - isClickFeedbackEnabled: false
13:16:26.502 [FXGL Background Thread 3 ] DEBUG Engine               - isCloseConfirmation: false
13:16:26.502 [FXGL Background Thread 3 ] DEBUG Engine               - isDesktop: true
13:16:26.502 [FXGL Background Thread 3 ] DEBUG Engine               - isDeveloperMenuEnabled: false
13:16:26.502 [FXGL Background Thread 3 ] DEBUG Engine               - isEntityPreloadEnabled: true
13:16:26.502 [FXGL Background Thread 3 ] DEBUG Engine               - isExperimentalTiledLargeMap: false
13:16:26.502 [FXGL Background Thread 3 ] DEBUG Engine               - isFileSystemWriteAllowed: true
13:16:26.502 [FXGL Background Thread 3 ] DEBUG Engine               - isFullScreenAllowed: false
13:16:26.502 [FXGL Background Thread 3 ] DEBUG Engine               - isFullScreenFromStart: false
13:16:26.502 [FXGL Background Thread 3 ] DEBUG Engine               - isGameMenuEnabled: true
13:16:26.502 [FXGL Background Thread 3 ] DEBUG Engine               - isIOS: false
13:16:26.502 [FXGL Background Thread 3 ] DEBUG Engine               - isIntroEnabled: false
13:16:26.502 [FXGL Background Thread 3 ] DEBUG Engine               - isLinux: false
13:16:26.503 [FXGL Background Thread 3 ] DEBUG Engine               - isMac: false
13:16:26.503 [FXGL Background Thread 3 ] DEBUG Engine               - isMainMenuEnabled: false
13:16:26.503 [FXGL Background Thread 3 ] DEBUG Engine               - isManualResizeEnabled: false
13:16:26.503 [FXGL Background Thread 3 ] DEBUG Engine               - isMobile: false
13:16:26.503 [FXGL Background Thread 3 ] DEBUG Engine               - isNative: false
13:16:26.503 [FXGL Background Thread 3 ] DEBUG Engine               - isPauseMusicWhenMinimized: true
13:16:26.503 [FXGL Background Thread 3 ] DEBUG Engine               - isPreserveResizeRatio: false
13:16:26.503 [FXGL Background Thread 3 ] DEBUG Engine               - isProfilingEnabled: false
13:16:26.503 [FXGL Background Thread 3 ] DEBUG Engine               - isScaleAffectedOnResize: true
13:16:26.503 [FXGL Background Thread 3 ] DEBUG Engine               - isSingleStep: false
13:16:26.503 [FXGL Background Thread 3 ] DEBUG Engine               - isUserProfileEnabled: false
13:16:26.503 [FXGL Background Thread 3 ] DEBUG Engine               - isWindows: true
13:16:26.503 [FXGL Background Thread 3 ] DEBUG Engine               - language: ObjectProperty [value: ENGLISH]
13:16:26.503 [FXGL Background Thread 3 ] DEBUG Engine               - menuKey: ESCAPE
13:16:26.503 [FXGL Background Thread 3 ] DEBUG Engine               - mouseSensitivity: 0.2
13:16:26.503 [FXGL Background Thread 3 ] DEBUG Engine               - notificationViewClass: class com.almasb.fxgl.notification.view.XboxNotificationView
13:16:26.503 [FXGL Background Thread 3 ] DEBUG Engine               - pixelsPerMeter: 50.0
13:16:26.503 [FXGL Background Thread 3 ] DEBUG Engine               - platform: WINDOWS
13:16:26.503 [FXGL Background Thread 3 ] DEBUG Engine               - prefHeightProperty: ReadOnlyDoubleProperty [value: 592.0]
13:16:26.504 [FXGL Background Thread 3 ] DEBUG Engine               - prefWidthProperty: ReadOnlyDoubleProperty [value: 512.0]
13:16:26.504 [FXGL Background Thread 3 ] DEBUG Engine               - profileDir: profiles/
13:16:26.504 [FXGL Background Thread 3 ] DEBUG Engine               - profileName: StringProperty [value: DEFAULT]
13:16:26.504 [FXGL Background Thread 3 ] DEBUG Engine               - randomSeed: -1
13:16:26.504 [FXGL Background Thread 3 ] DEBUG Engine               - runtimeInfo: RuntimeInfo(platform=WINDOWS, version=11.17, build=16.07.2021 15.46)
13:16:26.504 [FXGL Background Thread 3 ] DEBUG Engine               - saveFileExt: sav
13:16:26.504 [FXGL Background Thread 3 ] DEBUG Engine               - scaledHeightProp$fxgl: DoubleProperty [bound, value: 592.0]
13:16:26.504 [FXGL Background Thread 3 ] DEBUG Engine               - scaledWidthProp$fxgl: DoubleProperty [bound, value: 512.0]
13:16:26.504 [FXGL Background Thread 3 ] DEBUG Engine               - sceneFactory: com.almasb.fxgl.app.scene.SceneFactory@396b99b1
13:16:26.504 [FXGL Background Thread 3 ] DEBUG Engine               - secondsIn24h: 60
13:16:26.504 [FXGL Background Thread 3 ] DEBUG Engine               - soundMenuBack: menu/back.wav
13:16:26.504 [FXGL Background Thread 3 ] DEBUG Engine               - soundMenuPress: menu/press.wav
13:16:26.504 [FXGL Background Thread 3 ] DEBUG Engine               - soundMenuSelect: menu/select.wav
13:16:26.504 [FXGL Background Thread 3 ] DEBUG Engine               - soundNotification: core/notification.wav
13:16:26.504 [FXGL Background Thread 3 ] DEBUG Engine               - stageStyle: DECORATED
13:16:26.504 [FXGL Background Thread 3 ] DEBUG Engine               - supportedLanguages: [ENGLISH, FRENCH, GERMAN, HUNGARIAN, RUSSIAN]
13:16:26.504 [FXGL Background Thread 3 ] DEBUG Engine               - ticksPerSecond: -1
13:16:26.504 [FXGL Background Thread 3 ] DEBUG Engine               - title: Office Pets
13:16:26.504 [FXGL Background Thread 3 ] DEBUG Engine               - urlGithub: https://github.com/AlmasB/FXGL
13:16:26.504 [FXGL Background Thread 3 ] DEBUG Engine               - urlLeaderboard: http://fxgl-top.herokuapp.com/
13:16:26.504 [FXGL Background Thread 3 ] DEBUG Engine               - urlPOM: https://raw.githubusercontent.com/AlmasB/FXGL/release/README.md
13:16:26.505 [FXGL Background Thread 3 ] DEBUG Engine               - userAppClass: class softwaredesign.Main
13:16:26.505 [FXGL Background Thread 3 ] DEBUG Engine               - version: 0.0
13:16:26.505 [FXGL Background Thread 3 ] DEBUG Engine               - versionCheckDays: 7
13:16:26.505 [FXGL Background Thread 3 ] DEBUG Engine               - width: 512
13:16:26.505 [FXGL Background Thread 3 ] DEBUG Engine               - Logging services
13:16:26.505 [FXGL Background Thread 3 ] DEBUG Engine               - class com.almasb.fxgl.app.services.FXGLAssetLoaderService
13:16:26.505 [FXGL Background Thread 3 ] DEBUG Engine               - class com.almasb.fxgl.app.FXGLApplication$GameApplicationService
13:16:26.505 [FXGL Background Thread 3 ] DEBUG Engine               - class com.almasb.fxgl.app.services.FXGLDialogService
13:16:26.505 [FXGL Background Thread 3 ] DEBUG Engine               - class com.almasb.fxgl.app.services.IOTaskExecutorService
13:16:26.505 [FXGL Background Thread 3 ] DEBUG Engine               - class com.almasb.fxgl.io.FileSystemService
13:16:26.505 [FXGL Background Thread 3 ] DEBUG Engine               - class com.almasb.fxgl.localization.LocalizationService
13:16:26.505 [FXGL Background Thread 3 ] DEBUG Engine               - class com.almasb.fxgl.app.services.SystemBundleService
13:16:26.505 [FXGL Background Thread 3 ] DEBUG Engine               - class com.almasb.fxgl.profile.SaveLoadService
13:16:26.505 [FXGL Background Thread 3 ] DEBUG Engine               - class com.almasb.fxgl.ui.FXGLUIFactoryServiceProvider
13:16:26.505 [FXGL Background Thread 3 ] DEBUG Engine               - class com.almasb.fxgl.ui.FXGLDialogFactoryServiceProvider
13:16:26.505 [FXGL Background Thread 3 ] DEBUG Engine               - class com.almasb.fxgl.audio.AudioPlayer
13:16:26.505 [FXGL Background Thread 3 ] DEBUG Engine               - class com.almasb.fxgl.notification.impl.NotificationServiceProvider
13:16:26.505 [FXGL Background Thread 3 ] DEBUG Engine               - class com.almasb.fxgl.achievement.AchievementService
13:16:26.506 [FXGL Background Thread 3 ] DEBUG Engine               - class com.almasb.fxgl.cutscene.CutsceneService
13:16:26.506 [FXGL Background Thread 3 ] DEBUG Engine               - class com.almasb.fxgl.minigames.MiniGameService
13:16:26.506 [FXGL Background Thread 3 ] DEBUG Engine               - class com.almasb.fxgl.net.NetService
13:16:26.506 [FXGL Background Thread 3 ] DEBUG Engine               - class com.almasb.fxgl.app.services.UpdaterService
13:16:26.506 [FXGL Background Thread 3 ] DEBUG Engine               - class com.almasb.fxgl.dev.DevService
13:16:36.311 [JavaFX Application Thread] DEBUG FXGLApplication      - Exiting FXGL
13:16:36.311 [JavaFX Application Thread] DEBUG LoopRunner           - Stopping loop
13:16:36.311 [JavaFX Application Thread] DEBUG SystemBundleService  - Saving FXGL system data
13:16:36.313 [JavaFX Application Thread] DEBUG FileSystemAccess     - Writing to: C:\Users\lotca\Desktop\software-design-vu\system\fxgl.bundle
13:16:36.315 [JavaFX Application Thread] DEBUG Async                - Shutting down background threads
13:16:36.315 [JavaFX Application Thread] DEBUG PrimaryStageWindow   - Closing main window
13:16:36.337 [JavaFX Application Thread] DEBUG Logger               - Closing Logger
