15:29:33.994 [main                     ] DEBUG Logger               - Configured Logger
15:29:34.010 [main                     ] DEBUG GameApplication      - Logging settings
Title: Office Pets
Version: 0.0
Width: 512
Height: 592
Fullscreen: false
Intro: false
Profiling: false
Single step:false
App Mode: DEVELOPER
Menu Key: ESCAPE
Stage Style: DECORATED
Scene Factory: class com.almasb.fxgl.app.scene.SceneFactory

15:29:34.652 [JavaFX Application Thread] DEBUG FXGLApplication      - Initializing FXGL
15:29:34.656 [JavaFX Application Thread] INFO  Engine               - FXGL-11.17 (16.07.2021 15.46) on WINDOWS (J:11.0.18 FX:19)
15:29:34.656 [JavaFX Application Thread] DEBUG Engine               - JRE Vendor Name: Eclipse Adoptium
15:29:34.656 [JavaFX Application Thread] DEBUG Engine               - Running on OS: Windows 10 version 10.0
15:29:34.656 [JavaFX Application Thread] DEBUG Engine               - Architecture: amd64
15:29:34.656 [JavaFX Application Thread] INFO  Engine               - Source code and latest versions at: https://github.com/AlmasB/FXGL
15:29:34.656 [JavaFX Application Thread] INFO  Engine               -              Join the FXGL chat at: https://gitter.im/AlmasB/FXGL
15:29:34.797 [JavaFX Application Thread] DEBUG PrimaryStageWindow   - Creating a JavaFX scene
15:29:34.858 [JavaFX Application Thread] DEBUG PrimaryStageWindow   - Target settings size: 512.0 x 592.0
15:29:34.858 [JavaFX Application Thread] DEBUG PrimaryStageWindow   - Scaled scene size:    512.0 x 592.0
15:29:34.858 [JavaFX Application Thread] DEBUG PrimaryStageWindow   - Scaled ratio: (1.0, 1.0)
15:29:34.859 [JavaFX Application Thread] DEBUG PrimaryStageWindow   - Set initial scene to FXGLStartupScene
15:29:34.862 [JavaFX Application Thread] DEBUG PrimaryStageWindow   - Opening main window
15:29:34.965 [JavaFX Application Thread] DEBUG PrimaryStageWindow   - Window border size: (16.0, 39.0)
15:29:34.966 [JavaFX Application Thread] DEBUG PrimaryStageWindow   - Scaled size: 512.0 x 592.0
15:29:34.966 [JavaFX Application Thread] DEBUG PrimaryStageWindow   - Scaled ratio: (1.0, 1.0)
15:29:34.966 [JavaFX Application Thread] DEBUG PrimaryStageWindow   - Scene size: 512.0 x 592.0
15:29:34.966 [JavaFX Application Thread] DEBUG PrimaryStageWindow   - Stage size: 528.0 x 631.0
15:29:34.975 [FXGL Background Thread 1 ] DEBUG Engine               - Initializing environment variables
15:29:35.049 [FXGL Background Thread 1 ] DEBUG FXGLAssetLoaderServi - User app class for loading assets: class softwaredesign.Main
15:29:35.049 [FXGL Background Thread 1 ] DEBUG GameApplicationServi - Applying CSS: fxgl_dark.css
15:29:35.050 [FXGL Background Thread 1 ] DEBUG FXGLAssetLoaderServi - Loading from file system: jar:file:/C:/Users/lotca/.gradle/caches/modules-2/files-2.1/com.github.almasb/fxgl/11.17/206906ee5d1b948952e85fe43e36ee9a9a6dea00/fxgl-11.17.jar!/fxglassets/ui/css/fxgl_dark.css
15:29:35.093 [FXGL Background Thread 1 ] DEBUG GameApplicationServi - Initializing application scenes
15:29:35.141 [FXGL Background Thread 1 ] DEBUG GameWorld            - Game world initialized
15:29:35.204 [FXGL Background Thread 1 ] DEBUG PhysicsWorld         - Physics world initialized: appHeight=592, physics.ppm=50.0
15:29:35.205 [FXGL Background Thread 1 ] DEBUG PhysicsWorld         - Using strategy: BRUTE_FORCE
15:29:35.207 [FXGL Background Thread 1 ] DEBUG GameScene            - Game scene initialized: 512x592
15:29:35.222 [FXGL Background Thread 1 ] WARN  FXGL.DefaultMenu     - FXGLDefaultMenu is not designed for resolutions < 800x600
15:29:35.222 [FXGL Background Thread 1 ] DEBUG FXGL.DefaultMenu     - createMenuBodyGameMenu()
15:29:35.242 [FXGL Background Thread 1 ] DEBUG FXGL.DefaultMenu     - createOptionsMenu()
15:29:35.256 [FXGL Background Thread 1 ] DEBUG FXGLAssetLoaderServi - Loading from file system: jar:file:/C:/Users/lotca/.gradle/caches/modules-2/files-2.1/com.github.almasb/fxgl/11.17/206906ee5d1b948952e85fe43e36ee9a9a6dea00/fxgl-11.17.jar!/fxglassets/textures/particles/smoke.png
15:29:35.357 [FXGL Background Thread 1 ] DEBUG FXGLAssetLoaderServi - Loading from file system: jar:file:/C:/Users/lotca/.gradle/caches/modules-2/files-2.1/com.github.almasb/fxgl/11.17/206906ee5d1b948952e85fe43e36ee9a9a6dea00/fxgl-11.17.jar!/fxglassets/textures/particles/trace_horizontal.png
15:29:35.377 [FXGL Background Thread 1 ] DEBUG GameApplicationServi - Application scenes initialized
15:29:35.387 [FXGL Background Thread 1 ] DEBUG SystemBundleService  - Loading FXGL system data
15:29:35.391 [FXGL Background Thread 1 ] DEBUG FileSystemAccess     - Reading from: C:\Users\lotca\Desktop\software-design-vu\system\fxgl.bundle
15:29:35.395 [FXGL Background Thread 1 ] DEBUG SystemBundleService  - Bundle FXGL: {}
15:29:35.395 [FXGL Background Thread 1 ] DEBUG UpdaterService       - Checking for updates
15:29:35.399 [FXGL Background Thread 4 ] DEBUG FXGLApplication      - Loading fonts
15:29:35.400 [FXGL Background Thread 4 ] DEBUG FXGLAssetLoaderServi - Loading from file system: jar:file:/C:/Users/lotca/.gradle/caches/modules-2/files-2.1/com.github.almasb/fxgl/11.17/206906ee5d1b948952e85fe43e36ee9a9a6dea00/fxgl-11.17.jar!/fxglassets/ui/fonts/VarelaRound-Regular.ttf
15:29:35.401 [FXGL Background Thread 1 ] DEBUG FXGLApplication      - Loading default localization
15:29:35.401 [FXGL Background Thread 1 ] DEBUG FXGLAssetLoaderServi - Loading from file system: jar:file:/C:/Users/lotca/.gradle/caches/modules-2/files-2.1/com.github.almasb/fxgl/11.17/206906ee5d1b948952e85fe43e36ee9a9a6dea00/fxgl-11.17.jar!/fxglassets/languages/english.lang
15:29:35.425 [FXGL Background Thread 1 ] INFO  FXGLApplication      - FXGL initialization took: 0.450 sec
15:29:35.426 [JavaFX Application Thread] DEBUG FXGLAssetLoaderServi - Loading from file system: jar:file:/C:/Users/lotca/.gradle/caches/modules-2/files-2.1/com.github.almasb/fxgl/11.17/206906ee5d1b948952e85fe43e36ee9a9a6dea00/fxgl-11.17.jar!/fxglassets/textures/fxgl_icon.png
15:29:35.454 [JavaFX Application Thread] DEBUG FXGLAssetLoaderServi - Loading from file system: jar:file:/C:/Users/lotca/.gradle/caches/modules-2/files-2.1/com.github.almasb/fxgl/11.17/206906ee5d1b948952e85fe43e36ee9a9a6dea00/fxgl-11.17.jar!/fxglassets/textures/fxgl_default_cursor.png
15:29:35.474 [JavaFX Application Thread] DEBUG Input                - Registered new binding: Screenshot - CTRL+8
15:29:35.475 [JavaFX Application Thread] DEBUG Input                - Registered new binding: System info dump - CTRL+9
15:29:35.476 [JavaFX Application Thread] DEBUG Input                - Registered new binding: Restart - CTRL+R
15:29:35.477 [JavaFX Application Thread] DEBUG Input                - Registered new binding: Toggle Debug Camera - CTRL+C
15:29:35.481 [JavaFX Application Thread] DEBUG LoopRunner           - Starting loop
15:29:35.481 [JavaFX Application Thread] DEBUG LoopRunner           - Initializing JavaFX AnimationTimerLoop
15:29:35.485 [JavaFX Application Thread] DEBUG GameApplicationServi - Starting new game
15:29:35.485 [JavaFX Application Thread] DEBUG Input                - Clearing active input actions
15:29:35.496 [JavaFX Application Thread] DEBUG GameApplicationServi - Removing overlay from FXGLStartupScene and adding to FXGLLoadingScene
15:29:35.496 [JavaFX Application Thread] DEBUG PrimaryStageWindow   - FXGLStartupScene -> FXGLLoadingScene
15:29:35.496 [JavaFX Application Thread] DEBUG GameApplicationServi - Clearing previous game
15:29:35.496 [JavaFX Application Thread] DEBUG GameScene            - Clearing game scene
15:29:35.496 [JavaFX Application Thread] DEBUG GameWorld            - Clearing game world
15:29:35.496 [JavaFX Application Thread] DEBUG PhysicsWorld         - Clearing physics world
15:29:35.497 [FXGL Background Thread 1 ] DEBUG FXGLApplication      - Initializing game
15:29:35.506 [FXGL Background Thread 1 ] DEBUG FXGLAssetLoaderServi - Loading from file system: file:/C:/Users/lotca/Desktop/software-design-vu/build/resources/main/assets/textures/kipIdle.png
15:29:35.548 [FXGL Background Thread 1 ] DEBUG FXGLAssetLoaderServi - Loading from file system: file:/C:/Users/lotca/Desktop/software-design-vu/build/resources/main/assets/textures/fork.png
15:29:35.569 [FXGL Background Thread 1 ] INFO  FXGLApplication      - Game initialization took: 0.071 sec
15:29:35.643 [JavaFX Application Thread] DEBUG Input                - Clearing active input actions
15:29:35.661 [JavaFX Application Thread] DEBUG GameApplicationServi - Removing overlay from FXGLLoadingScene and adding to GameScene
15:29:35.662 [JavaFX Application Thread] DEBUG PrimaryStageWindow   - FXGLLoadingScene -> GameScene
15:29:35.810 [FXGL Background Thread 4 ] DEBUG FXGLAssetLoaderServi - Loading from file system: jar:file:/C:/Users/lotca/.gradle/caches/modules-2/files-2.1/com.github.almasb/fxgl/11.17/206906ee5d1b948952e85fe43e36ee9a9a6dea00/fxgl-11.17.jar!/fxglassets/ui/fonts/Abel-Regular.ttf
15:29:35.813 [FXGL Background Thread 4 ] DEBUG FXGLAssetLoaderServi - Loading from file system: jar:file:/C:/Users/lotca/.gradle/caches/modules-2/files-2.1/com.github.almasb/fxgl/11.17/206906ee5d1b948952e85fe43e36ee9a9a6dea00/fxgl-11.17.jar!/fxglassets/ui/fonts/lucida_console.ttf
15:29:35.818 [FXGL Background Thread 4 ] DEBUG FXGLAssetLoaderServi - Loading from file system: jar:file:/C:/Users/lotca/.gradle/caches/modules-2/files-2.1/com.github.almasb/fxgl/11.17/206906ee5d1b948952e85fe43e36ee9a9a6dea00/fxgl-11.17.jar!/fxglassets/ui/fonts/Courier-Prime.ttf
15:29:35.825 [JavaFX Application Thread] DEBUG FXGLApplication      - Registering font factories with UI factory
15:29:36.011 [FXGL Background Thread 2 ] INFO  UpdaterService       - Your current version:  11.17
15:29:36.012 [FXGL Background Thread 2 ] INFO  UpdaterService       - Latest stable version: 17.2
15:29:38.332 [JavaFX Application Thread] DEBUG FXGLApplication      - Exiting FXGL
15:29:38.334 [JavaFX Application Thread] DEBUG LoopRunner           - Stopping loop
15:29:38.334 [JavaFX Application Thread] DEBUG SystemBundleService  - Saving FXGL system data
15:29:38.336 [JavaFX Application Thread] DEBUG FileSystemAccess     - Writing to: C:\Users\lotca\Desktop\software-design-vu\system\fxgl.bundle
15:29:38.338 [JavaFX Application Thread] DEBUG Async                - Shutting down background threads
15:29:38.338 [JavaFX Application Thread] DEBUG PrimaryStageWindow   - Closing main window
15:29:38.353 [JavaFX Application Thread] DEBUG Logger               - Closing Logger
