14:19:54.590 [main                     ] DEBUG Logger               - Configured Logger
14:19:54.613 [main                     ] DEBUG GameApplication      - Logging settings
Title: Untitled
Version: 0.0
Width: 800
Height: 600
Fullscreen: false
Intro: false
Profiling: false
Single step:false
App Mode: DEVELOPER
Menu Key: ESCAPE
Stage Style: DECORATED
Scene Factory: class com.almasb.fxgl.app.scene.SceneFactory

14:19:55.390 [JavaFX Application Thread] DEBUG FXGLApplication      - Initializing FXGL
14:19:55.395 [JavaFX Application Thread] INFO  Engine               - FXGL-11.17 (16.07.2021 15.46) on WINDOWS (J:11.0.18 FX:19)
14:19:55.395 [JavaFX Application Thread] DEBUG Engine               - JRE Vendor Name: Eclipse Adoptium
14:19:55.395 [JavaFX Application Thread] DEBUG Engine               - Running on OS: Windows 10 version 10.0
14:19:55.395 [JavaFX Application Thread] DEBUG Engine               - Architecture: amd64
14:19:55.396 [JavaFX Application Thread] INFO  Engine               - Source code and latest versions at: https://github.com/AlmasB/FXGL
14:19:55.396 [JavaFX Application Thread] INFO  Engine               -              Join the FXGL chat at: https://gitter.im/AlmasB/FXGL
14:19:55.581 [JavaFX Application Thread] DEBUG PrimaryStageWindow   - Creating a JavaFX scene
14:19:55.669 [JavaFX Application Thread] DEBUG PrimaryStageWindow   - Target settings size: 800.0 x 600.0
14:19:55.669 [JavaFX Application Thread] DEBUG PrimaryStageWindow   - Scaled scene size:    800.0 x 600.0
14:19:55.669 [JavaFX Application Thread] DEBUG PrimaryStageWindow   - Scaled ratio: (1.0, 1.0)
14:19:55.671 [JavaFX Application Thread] DEBUG PrimaryStageWindow   - Set initial scene to FXGLStartupScene
14:19:55.676 [JavaFX Application Thread] DEBUG PrimaryStageWindow   - Opening main window
14:19:55.820 [JavaFX Application Thread] DEBUG PrimaryStageWindow   - Window border size: (16.0, 39.0)
14:19:55.821 [JavaFX Application Thread] DEBUG PrimaryStageWindow   - Scaled size: 800.0 x 600.0
14:19:55.821 [JavaFX Application Thread] DEBUG PrimaryStageWindow   - Scaled ratio: (1.0, 1.0)
14:19:55.821 [JavaFX Application Thread] DEBUG PrimaryStageWindow   - Scene size: 800.0 x 600.0
14:19:55.821 [JavaFX Application Thread] DEBUG PrimaryStageWindow   - Stage size: 816.0 x 639.0
14:19:55.837 [FXGL Background Thread 1 ] DEBUG Engine               - Initializing environment variables
14:19:55.961 [FXGL Background Thread 1 ] DEBUG FXGLAssetLoaderServi - User app class for loading assets: class softwaredesign.Main
14:19:55.962 [FXGL Background Thread 1 ] DEBUG GameApplicationServi - Applying CSS: fxgl_dark.css
14:19:55.964 [FXGL Background Thread 1 ] DEBUG FXGLAssetLoaderServi - Loading from file system: jar:file:/C:/Users/lotca/.gradle/caches/modules-2/files-2.1/com.github.almasb/fxgl/11.17/206906ee5d1b948952e85fe43e36ee9a9a6dea00/fxgl-11.17.jar!/fxglassets/ui/css/fxgl_dark.css
14:19:56.028 [FXGL Background Thread 1 ] DEBUG GameApplicationServi - Initializing application scenes
14:19:56.156 [FXGL Background Thread 1 ] DEBUG GameWorld            - Game world initialized
14:19:56.291 [FXGL Background Thread 1 ] DEBUG PhysicsWorld         - Physics world initialized: appHeight=600, physics.ppm=50.0
14:19:56.292 [FXGL Background Thread 1 ] DEBUG PhysicsWorld         - Using strategy: BRUTE_FORCE
14:19:56.295 [FXGL Background Thread 1 ] DEBUG GameScene            - Game scene initialized: 800x600
14:19:56.312 [FXGL Background Thread 1 ] DEBUG FXGL.DefaultMenu     - createMenuBodyGameMenu()
14:19:56.339 [FXGL Background Thread 1 ] DEBUG FXGL.DefaultMenu     - createOptionsMenu()
14:19:56.354 [FXGL Background Thread 1 ] DEBUG FXGLAssetLoaderServi - Loading from file system: jar:file:/C:/Users/lotca/.gradle/caches/modules-2/files-2.1/com.github.almasb/fxgl/11.17/206906ee5d1b948952e85fe43e36ee9a9a6dea00/fxgl-11.17.jar!/fxglassets/textures/particles/smoke.png
14:19:56.503 [FXGL Background Thread 1 ] DEBUG FXGLAssetLoaderServi - Loading from file system: jar:file:/C:/Users/lotca/.gradle/caches/modules-2/files-2.1/com.github.almasb/fxgl/11.17/206906ee5d1b948952e85fe43e36ee9a9a6dea00/fxgl-11.17.jar!/fxglassets/textures/particles/trace_horizontal.png
14:19:56.543 [FXGL Background Thread 1 ] DEBUG GameApplicationServi - Application scenes initialized
14:19:56.557 [FXGL Background Thread 1 ] DEBUG SystemBundleService  - Loading FXGL system data
14:19:56.561 [FXGL Background Thread 1 ] DEBUG FileSystemAccess     - Reading from: C:\Users\lotca\Desktop\software-design-vu\system\fxgl.bundle
14:19:56.567 [FXGL Background Thread 1 ] DEBUG SystemBundleService  - Bundle FXGL: {}
14:19:56.568 [FXGL Background Thread 1 ] DEBUG UpdaterService       - Checking for updates
14:19:56.573 [FXGL Background Thread 4 ] DEBUG FXGLApplication      - Loading fonts
14:19:56.574 [FXGL Background Thread 4 ] DEBUG FXGLAssetLoaderServi - Loading from file system: jar:file:/C:/Users/lotca/.gradle/caches/modules-2/files-2.1/com.github.almasb/fxgl/11.17/206906ee5d1b948952e85fe43e36ee9a9a6dea00/fxgl-11.17.jar!/fxglassets/ui/fonts/VarelaRound-Regular.ttf
14:19:56.575 [FXGL Background Thread 1 ] DEBUG FXGLApplication      - Loading default localization
14:19:56.575 [FXGL Background Thread 1 ] DEBUG FXGLAssetLoaderServi - Loading from file system: jar:file:/C:/Users/lotca/.gradle/caches/modules-2/files-2.1/com.github.almasb/fxgl/11.17/206906ee5d1b948952e85fe43e36ee9a9a6dea00/fxgl-11.17.jar!/fxglassets/languages/english.lang
14:19:56.611 [FXGL Background Thread 1 ] INFO  FXGLApplication      - FXGL initialization took: 0.774 sec
14:19:56.613 [JavaFX Application Thread] DEBUG FXGLAssetLoaderServi - Loading from file system: jar:file:/C:/Users/lotca/.gradle/caches/modules-2/files-2.1/com.github.almasb/fxgl/11.17/206906ee5d1b948952e85fe43e36ee9a9a6dea00/fxgl-11.17.jar!/fxglassets/textures/fxgl_icon.png
14:19:56.648 [JavaFX Application Thread] DEBUG FXGLAssetLoaderServi - Loading from file system: jar:file:/C:/Users/lotca/.gradle/caches/modules-2/files-2.1/com.github.almasb/fxgl/11.17/206906ee5d1b948952e85fe43e36ee9a9a6dea00/fxgl-11.17.jar!/fxglassets/textures/fxgl_default_cursor.png
14:19:56.674 [JavaFX Application Thread] DEBUG Input                - Registered new binding: Screenshot - CTRL+8
14:19:56.675 [JavaFX Application Thread] DEBUG Input                - Registered new binding: System info dump - CTRL+9
14:19:56.675 [JavaFX Application Thread] DEBUG Input                - Registered new binding: Restart - CTRL+R
14:19:56.676 [JavaFX Application Thread] DEBUG Input                - Registered new binding: Toggle Debug Camera - CTRL+C
14:19:56.680 [JavaFX Application Thread] DEBUG LoopRunner           - Starting loop
14:19:56.680 [JavaFX Application Thread] DEBUG LoopRunner           - Initializing JavaFX AnimationTimerLoop
14:19:56.684 [JavaFX Application Thread] DEBUG GameApplicationServi - Starting new game
14:19:56.685 [JavaFX Application Thread] DEBUG Input                - Clearing active input actions
14:19:56.701 [JavaFX Application Thread] DEBUG GameApplicationServi - Removing overlay from FXGLStartupScene and adding to FXGLLoadingScene
14:19:56.701 [JavaFX Application Thread] DEBUG PrimaryStageWindow   - FXGLStartupScene -> FXGLLoadingScene
14:19:56.701 [JavaFX Application Thread] DEBUG GameApplicationServi - Clearing previous game
14:19:56.702 [JavaFX Application Thread] DEBUG GameScene            - Clearing game scene
14:19:56.702 [JavaFX Application Thread] DEBUG GameWorld            - Clearing game world
14:19:56.702 [JavaFX Application Thread] DEBUG PhysicsWorld         - Clearing physics world
14:19:56.703 [FXGL Background Thread 1 ] DEBUG FXGLApplication      - Initializing game
14:19:56.721 [FXGL Background Thread 1 ] DEBUG FXGLAssetLoaderServi - Loading from file system: file:/C:/Users/lotca/Desktop/software-design-vu/build/resources/main/assets/textures/testotchi.png
14:19:56.754 [FXGL Background Thread 1 ] INFO  FXGLApplication      - Game initialization took: 0.051 sec
14:19:56.780 [JavaFX Application Thread] DEBUG Input                - Clearing active input actions
14:19:56.797 [JavaFX Application Thread] DEBUG GameApplicationServi - Removing overlay from FXGLLoadingScene and adding to GameScene
14:19:56.797 [JavaFX Application Thread] DEBUG PrimaryStageWindow   - FXGLLoadingScene -> GameScene
14:19:57.149 [FXGL Background Thread 4 ] DEBUG FXGLAssetLoaderServi - Loading from file system: jar:file:/C:/Users/lotca/.gradle/caches/modules-2/files-2.1/com.github.almasb/fxgl/11.17/206906ee5d1b948952e85fe43e36ee9a9a6dea00/fxgl-11.17.jar!/fxglassets/ui/fonts/Abel-Regular.ttf
14:19:57.159 [FXGL Background Thread 4 ] DEBUG FXGLAssetLoaderServi - Loading from file system: jar:file:/C:/Users/lotca/.gradle/caches/modules-2/files-2.1/com.github.almasb/fxgl/11.17/206906ee5d1b948952e85fe43e36ee9a9a6dea00/fxgl-11.17.jar!/fxglassets/ui/fonts/lucida_console.ttf
14:19:57.174 [FXGL Background Thread 4 ] DEBUG FXGLAssetLoaderServi - Loading from file system: jar:file:/C:/Users/lotca/.gradle/caches/modules-2/files-2.1/com.github.almasb/fxgl/11.17/206906ee5d1b948952e85fe43e36ee9a9a6dea00/fxgl-11.17.jar!/fxglassets/ui/fonts/Courier-Prime.ttf
14:19:57.193 [JavaFX Application Thread] DEBUG FXGLApplication      - Registering font factories with UI factory
14:19:57.444 [FXGL Background Thread 2 ] INFO  UpdaterService       - Your current version:  11.17
14:19:57.444 [FXGL Background Thread 2 ] INFO  UpdaterService       - Latest stable version: 17.2
14:19:59.573 [FXGL Background Thread 3 ] DEBUG Engine               - Logging environment variables
14:19:59.575 [FXGL Background Thread 3 ] DEBUG Engine               - achievements: []
14:19:59.576 [FXGL Background Thread 3 ] DEBUG Engine               - actualHeight: 600.0
14:19:59.576 [FXGL Background Thread 3 ] DEBUG Engine               - actualHeightProperty: ReadOnlyDoubleProperty [value: 600.0]
14:19:59.577 [FXGL Background Thread 3 ] DEBUG Engine               - actualWidth: 800.0
14:19:59.577 [FXGL Background Thread 3 ] DEBUG Engine               - actualWidthProperty: ReadOnlyDoubleProperty [value: 800.0]
14:19:59.577 [FXGL Background Thread 3 ] DEBUG Engine               - appIcon: fxgl_icon.png
14:19:59.578 [FXGL Background Thread 3 ] DEBUG Engine               - applicationMode: DEVELOPER
14:19:59.578 [FXGL Background Thread 3 ] DEBUG Engine               - cSSList: [fxgl_dark.css]
14:19:59.578 [FXGL Background Thread 3 ] DEBUG Engine               - collisionDetectionStrategy: BRUTE_FORCE
14:19:59.578 [FXGL Background Thread 3 ] DEBUG Engine               - configClass: Optional.empty
14:19:59.579 [FXGL Background Thread 3 ] DEBUG Engine               - credits: []
14:19:59.579 [FXGL Background Thread 3 ] DEBUG Engine               - defaultCursor: CursorInfo(imageName=fxgl_default_cursor.png, hotspotX=7.0, hotspotY=6.0)
14:19:59.580 [FXGL Background Thread 3 ] DEBUG Engine               - devBBoxColorProperty: ObjectProperty [value: 0xff0000ff]
14:19:59.580 [FXGL Background Thread 3 ] DEBUG Engine               - devEnableDebugCameraProperty: BooleanProperty [value: false]
14:19:59.580 [FXGL Background Thread 3 ] DEBUG Engine               - devSensorColorProperty: ObjectProperty [value: 0xffff00ff]
14:19:59.581 [FXGL Background Thread 3 ] DEBUG Engine               - devShowBBoxProperty: BooleanProperty [value: false]
14:19:59.581 [FXGL Background Thread 3 ] DEBUG Engine               - devShowPositionProperty: BooleanProperty [value: false]
14:19:59.581 [FXGL Background Thread 3 ] DEBUG Engine               - enabledMenuItems: []
14:19:59.581 [FXGL Background Thread 3 ] DEBUG Engine               - engineServices: [class com.almasb.fxgl.app.services.FXGLAssetLoaderService, class com.almasb.fxgl.app.FXGLApplication$GameApplicationService, class com.almasb.fxgl.app.services.FXGLDialogService, class com.almasb.fxgl.app.services.IOTaskExecutorService, class com.almasb.fxgl.io.FileSystemService, class com.almasb.fxgl.localization.LocalizationService, class com.almasb.fxgl.app.services.SystemBundleService, class com.almasb.fxgl.profile.SaveLoadService, class com.almasb.fxgl.ui.FXGLUIFactoryServiceProvider, class com.almasb.fxgl.ui.FXGLDialogFactoryServiceProvider, class com.almasb.fxgl.audio.AudioPlayer, class com.almasb.fxgl.notification.impl.NotificationServiceProvider, class com.almasb.fxgl.achievement.AchievementService, class com.almasb.fxgl.cutscene.CutsceneService, class com.almasb.fxgl.minigames.MiniGameService, class com.almasb.fxgl.net.NetService, class com.almasb.fxgl.app.services.UpdaterService, class com.almasb.fxgl.dev.DevService]
14:19:59.582 [FXGL Background Thread 3 ] DEBUG Engine               - fontGame: Abel-Regular.ttf
14:19:59.582 [FXGL Background Thread 3 ] DEBUG Engine               - fontMono: lucida_console.ttf
14:19:59.582 [FXGL Background Thread 3 ] DEBUG Engine               - fontText: Courier-Prime.ttf
14:19:59.582 [FXGL Background Thread 3 ] DEBUG Engine               - fontUI: VarelaRound-Regular.ttf
14:19:59.583 [FXGL Background Thread 3 ] DEBUG Engine               - fullScreen: BooleanProperty [value: false]
14:19:59.583 [FXGL Background Thread 3 ] DEBUG Engine               - gameDifficulty: MEDIUM
14:19:59.583 [FXGL Background Thread 3 ] DEBUG Engine               - gameDifficultyProperty: ObjectProperty [value: MEDIUM]
14:19:59.584 [FXGL Background Thread 3 ] DEBUG Engine               - globalMusicVolume: 0.5
14:19:59.584 [FXGL Background Thread 3 ] DEBUG Engine               - globalMusicVolumeProperty: DoubleProperty [value: 0.5]
14:19:59.584 [FXGL Background Thread 3 ] DEBUG Engine               - globalSoundVolume: 0.5
14:19:59.585 [FXGL Background Thread 3 ] DEBUG Engine               - globalSoundVolumeProperty: DoubleProperty [value: 0.5]
14:19:59.585 [FXGL Background Thread 3 ] DEBUG Engine               - height: 600
14:19:59.585 [FXGL Background Thread 3 ] DEBUG Engine               - is3D: false
14:19:59.586 [FXGL Background Thread 3 ] DEBUG Engine               - isAndroid: false
14:19:59.586 [FXGL Background Thread 3 ] DEBUG Engine               - isBrowser: false
14:19:59.586 [FXGL Background Thread 3 ] DEBUG Engine               - isClickFeedbackEnabled: false
14:19:59.586 [FXGL Background Thread 3 ] DEBUG Engine               - isCloseConfirmation: false
14:19:59.586 [FXGL Background Thread 3 ] DEBUG Engine               - isDesktop: true
14:19:59.587 [FXGL Background Thread 3 ] DEBUG Engine               - isDeveloperMenuEnabled: false
14:19:59.587 [FXGL Background Thread 3 ] DEBUG Engine               - isEntityPreloadEnabled: true
14:19:59.587 [FXGL Background Thread 3 ] DEBUG Engine               - isExperimentalTiledLargeMap: false
14:19:59.587 [FXGL Background Thread 3 ] DEBUG Engine               - isFileSystemWriteAllowed: true
14:19:59.588 [FXGL Background Thread 3 ] DEBUG Engine               - isFullScreenAllowed: false
14:19:59.588 [FXGL Background Thread 3 ] DEBUG Engine               - isFullScreenFromStart: false
14:19:59.588 [FXGL Background Thread 3 ] DEBUG Engine               - isGameMenuEnabled: true
14:19:59.589 [FXGL Background Thread 3 ] DEBUG Engine               - isIOS: false
14:19:59.589 [FXGL Background Thread 3 ] DEBUG Engine               - isIntroEnabled: false
14:19:59.589 [FXGL Background Thread 3 ] DEBUG Engine               - isLinux: false
14:19:59.589 [FXGL Background Thread 3 ] DEBUG Engine               - isMac: false
14:19:59.590 [FXGL Background Thread 3 ] DEBUG Engine               - isMainMenuEnabled: false
14:19:59.590 [FXGL Background Thread 3 ] DEBUG Engine               - isManualResizeEnabled: false
14:19:59.590 [FXGL Background Thread 3 ] DEBUG Engine               - isMobile: false
14:19:59.591 [FXGL Background Thread 3 ] DEBUG Engine               - isNative: false
14:19:59.591 [FXGL Background Thread 3 ] DEBUG Engine               - isPauseMusicWhenMinimized: true
14:19:59.591 [FXGL Background Thread 3 ] DEBUG Engine               - isPreserveResizeRatio: false
14:19:59.592 [FXGL Background Thread 3 ] DEBUG Engine               - isProfilingEnabled: false
14:19:59.592 [FXGL Background Thread 3 ] DEBUG Engine               - isScaleAffectedOnResize: true
14:19:59.592 [FXGL Background Thread 3 ] DEBUG Engine               - isSingleStep: false
14:19:59.593 [FXGL Background Thread 3 ] DEBUG Engine               - isUserProfileEnabled: false
14:19:59.593 [FXGL Background Thread 3 ] DEBUG Engine               - isWindows: true
14:19:59.593 [FXGL Background Thread 3 ] DEBUG Engine               - language: ObjectProperty [value: ENGLISH]
14:19:59.593 [FXGL Background Thread 3 ] DEBUG Engine               - menuKey: ESCAPE
14:19:59.594 [FXGL Background Thread 3 ] DEBUG Engine               - mouseSensitivity: 0.2
14:19:59.594 [FXGL Background Thread 3 ] DEBUG Engine               - notificationViewClass: class com.almasb.fxgl.notification.view.XboxNotificationView
14:19:59.594 [FXGL Background Thread 3 ] DEBUG Engine               - pixelsPerMeter: 50.0
14:19:59.595 [FXGL Background Thread 3 ] DEBUG Engine               - platform: WINDOWS
14:19:59.595 [FXGL Background Thread 3 ] DEBUG Engine               - prefHeightProperty: ReadOnlyDoubleProperty [value: 600.0]
14:19:59.595 [FXGL Background Thread 3 ] DEBUG Engine               - prefWidthProperty: ReadOnlyDoubleProperty [value: 800.0]
14:19:59.595 [FXGL Background Thread 3 ] DEBUG Engine               - profileDir: profiles/
14:19:59.595 [FXGL Background Thread 3 ] DEBUG Engine               - profileName: StringProperty [value: DEFAULT]
14:19:59.596 [FXGL Background Thread 3 ] DEBUG Engine               - randomSeed: -1
14:19:59.596 [FXGL Background Thread 3 ] DEBUG Engine               - runtimeInfo: RuntimeInfo(platform=WINDOWS, version=11.17, build=16.07.2021 15.46)
14:19:59.596 [FXGL Background Thread 3 ] DEBUG Engine               - saveFileExt: sav
14:19:59.597 [FXGL Background Thread 3 ] DEBUG Engine               - scaledHeightProp$fxgl: DoubleProperty [bound, value: 600.0]
14:19:59.597 [FXGL Background Thread 3 ] DEBUG Engine               - scaledWidthProp$fxgl: DoubleProperty [bound, value: 800.0]
14:19:59.597 [FXGL Background Thread 3 ] DEBUG Engine               - sceneFactory: com.almasb.fxgl.app.scene.SceneFactory@d6a9410
14:19:59.597 [FXGL Background Thread 3 ] DEBUG Engine               - secondsIn24h: 60
14:19:59.598 [FXGL Background Thread 3 ] DEBUG Engine               - soundMenuBack: menu/back.wav
14:19:59.598 [FXGL Background Thread 3 ] DEBUG Engine               - soundMenuPress: menu/press.wav
14:19:59.598 [FXGL Background Thread 3 ] DEBUG Engine               - soundMenuSelect: menu/select.wav
14:19:59.598 [FXGL Background Thread 3 ] DEBUG Engine               - soundNotification: core/notification.wav
14:19:59.598 [FXGL Background Thread 3 ] DEBUG Engine               - stageStyle: DECORATED
14:19:59.599 [FXGL Background Thread 3 ] DEBUG Engine               - supportedLanguages: [ENGLISH, FRENCH, GERMAN, HUNGARIAN, RUSSIAN]
14:19:59.599 [FXGL Background Thread 3 ] DEBUG Engine               - ticksPerSecond: -1
14:19:59.600 [FXGL Background Thread 3 ] DEBUG Engine               - title: Untitled
14:19:59.600 [FXGL Background Thread 3 ] DEBUG Engine               - urlGithub: https://github.com/AlmasB/FXGL
14:19:59.600 [FXGL Background Thread 3 ] DEBUG Engine               - urlLeaderboard: http://fxgl-top.herokuapp.com/
14:19:59.600 [FXGL Background Thread 3 ] DEBUG Engine               - urlPOM: https://raw.githubusercontent.com/AlmasB/FXGL/release/README.md
14:19:59.600 [FXGL Background Thread 3 ] DEBUG Engine               - userAppClass: class softwaredesign.Main
14:19:59.600 [FXGL Background Thread 3 ] DEBUG Engine               - version: 0.0
14:19:59.601 [FXGL Background Thread 3 ] DEBUG Engine               - versionCheckDays: 7
14:19:59.601 [FXGL Background Thread 3 ] DEBUG Engine               - width: 800
14:19:59.601 [FXGL Background Thread 3 ] DEBUG Engine               - Logging services
14:19:59.601 [FXGL Background Thread 3 ] DEBUG Engine               - class com.almasb.fxgl.app.services.FXGLAssetLoaderService
14:19:59.602 [FXGL Background Thread 3 ] DEBUG Engine               - class com.almasb.fxgl.app.FXGLApplication$GameApplicationService
14:19:59.602 [FXGL Background Thread 3 ] DEBUG Engine               - class com.almasb.fxgl.app.services.FXGLDialogService
14:19:59.602 [FXGL Background Thread 3 ] DEBUG Engine               - class com.almasb.fxgl.app.services.IOTaskExecutorService
14:19:59.602 [FXGL Background Thread 3 ] DEBUG Engine               - class com.almasb.fxgl.io.FileSystemService
14:19:59.602 [FXGL Background Thread 3 ] DEBUG Engine               - class com.almasb.fxgl.localization.LocalizationService
14:19:59.603 [FXGL Background Thread 3 ] DEBUG Engine               - class com.almasb.fxgl.app.services.SystemBundleService
14:19:59.604 [FXGL Background Thread 3 ] DEBUG Engine               - class com.almasb.fxgl.profile.SaveLoadService
14:19:59.604 [FXGL Background Thread 3 ] DEBUG Engine               - class com.almasb.fxgl.ui.FXGLUIFactoryServiceProvider
14:19:59.604 [FXGL Background Thread 3 ] DEBUG Engine               - class com.almasb.fxgl.ui.FXGLDialogFactoryServiceProvider
14:19:59.605 [FXGL Background Thread 3 ] DEBUG Engine               - class com.almasb.fxgl.audio.AudioPlayer
14:19:59.605 [FXGL Background Thread 3 ] DEBUG Engine               - class com.almasb.fxgl.notification.impl.NotificationServiceProvider
14:19:59.605 [FXGL Background Thread 3 ] DEBUG Engine               - class com.almasb.fxgl.achievement.AchievementService
14:19:59.605 [FXGL Background Thread 3 ] DEBUG Engine               - class com.almasb.fxgl.cutscene.CutsceneService
14:19:59.605 [FXGL Background Thread 3 ] DEBUG Engine               - class com.almasb.fxgl.minigames.MiniGameService
14:19:59.606 [FXGL Background Thread 3 ] DEBUG Engine               - class com.almasb.fxgl.net.NetService
14:19:59.606 [FXGL Background Thread 3 ] DEBUG Engine               - class com.almasb.fxgl.app.services.UpdaterService
14:19:59.606 [FXGL Background Thread 3 ] DEBUG Engine               - class com.almasb.fxgl.dev.DevService
14:20:03.389 [JavaFX Application Thread] DEBUG FXGLApplication      - Exiting FXGL
14:20:03.389 [JavaFX Application Thread] DEBUG LoopRunner           - Stopping loop
14:20:03.390 [JavaFX Application Thread] DEBUG SystemBundleService  - Saving FXGL system data
14:20:03.396 [JavaFX Application Thread] DEBUG FileSystemAccess     - Writing to: C:\Users\lotca\Desktop\software-design-vu\system\fxgl.bundle
14:20:03.402 [JavaFX Application Thread] DEBUG Async                - Shutting down background threads
14:20:03.403 [JavaFX Application Thread] DEBUG PrimaryStageWindow   - Closing main window
14:20:03.487 [JavaFX Application Thread] DEBUG Logger               - Closing Logger
